1.79873 0
1.79505 0.00362119
1.79309 0.00288871
1.78801 0.00547369
1.78871 0.00430547
1.78986 0.00371222
1.78923 0.00319566
1.78471 0.00529445
1.78316 0.00492233
1.77786 0.00689574
1.77722 0.00627209
1.77683 0.00573601
1.7753 0.00549542
1.77352 0.00539154
1.77155 0.00539324
1.76931 0.00551851
1.7683 0.00528157
1.76692 0.00516748
1.76559 0.00506522
1.76505 0.00483504
1.76313 0.0049831
1.7632 0.00475201
1.76395 0.00460408
1.76466 0.00446357
1.76478 0.00428233
1.76507 0.00412244
1.7655 0.00398987
1.76537 0.00384817
1.76497 0.00373463
1.76591 0.00372527
1.76676 0.00370365
1.76741 0.00364553
1.76775 0.0035495
1.76837 0.0034984
1.76915 0.00348703
1.76957 0.00341498
1.76926 0.0033346
1.76989 0.00330584
1.77078 0.00334092
1.77133 0.00330337
1.77188 0.0032682
1.77246 0.00324427
1.77233 0.0031707
1.77229 0.00309713
1.77216 0.00302971
1.77228 0.00296742
1.77242 0.0029066
1.77294 0.00289134
1.77352 0.00289043
1.77431 0.00293881
1.77507 0.00297972
1.77559 0.00296931
1.7758 0.00292028
1.77629 0.00290734
1.77688 0.00291534
1.77727 0.00288796
1.77804 0.00294201
1.7783 0.00290171
1.77883 0.00290078
1.77999 0.00307964
1.78121 0.00326577
1.78196 0.00329868
1.78303 0.00341853
1.78431 0.00360128
1.78492 0.00359693
1.78559 0.00360495
1.78651 0.00366975
1.78763 0.00378315
1.78869 0.00387697
1.78971 0.00395329
1.79066 0.00401249
1.79142 0.0040273
1.79222 0.00405229
1.7928 0.00403821
1.79344 0.00403526
1.79413 0.00403987
1.79454 0.0040089
1.79424 0.00396799
1.79444 0.00392304
1.79411 0.00388805
1.79415 0.00384008
1.79419 0.00379348
1.79423 0.00374746
1.79435 0.00370393
1.79441 0.00365978
1.79417 0.00362545
1.79404 0.00358619
1.79419 0.00354818
1.79441 0.00351566
1.7946 0.00348126
1.7952 0.00349499
1.79579 0.00350613
1.79597 0.00347325
1.79616 0.00344114
1.79707 0.00352429
1.79763 0.00353243
1.79823 0.00354705
1.7988 0.00355785
1.79931 0.00355782
1.7999 0.00357096
