-7.47175 0
-7.4944 0.0226933
-7.51575 0.0251643
-7.53279 0.024628
-7.513 0.0274655
-7.51123 0.0225245
-7.52471 0.0233424
-7.52309 0.0202706
-7.51652 0.0190867
-7.51042 0.0181242
-7.5124 0.0165152
-7.51689 0.0157025
-7.52079 0.0149492
-7.52236 0.013927
-7.52142 0.013008
-7.52116 0.0121764
-7.52524 0.0121483
-7.52096 0.0122156
-7.52018 0.0116097
-7.52091 0.0110304
-7.52355 0.0108218
-7.52289 0.010335
-7.52407 0.00993287
-7.5257 0.00966319
-7.52258 0.00976562
-7.52431 0.00952036
-7.52249 0.00934333
-7.52509 0.00936686
-7.52361 0.00916097
-7.52198 0.00900164
-7.52176 0.00870548
-7.52235 0.00844818
-7.52097 0.00830078
-7.52249 0.00818111
-7.52522 0.00840071
-7.5234 0.00837797
-7.52241 0.00821577
-7.52089 0.00815472
-7.52213 0.00804047
-7.52113 0.00789346
-7.52371 0.00812955
-7.52423 0.00794242
-7.52299 0.00786464
-7.52194 0.00774407
-7.52267 0.00761013
-7.52224 0.00746856
-7.52268 0.00732493
-7.52341 0.0072129
-7.52307 0.00707025
-7.52382 0.00696986
-7.52279 0.00691638
-7.52331 0.00679891
-7.52351 0.00667852
-7.52506 0.00673918
-7.52496 0.00661269
-7.52364 0.00663645
-7.524 0.00652493
-7.52256 0.00657011
-7.52274 0.00645744
-7.52303 0.00635688
-7.52309 0.00625305
-7.52231 0.00620662
-7.52365 0.00624567
-7.52466 0.00623001
-7.52471 0.00613274
-7.52393 0.0060902
-7.52355 0.00601994
-7.52415 0.00595097
-7.52425 0.00586416
-7.52402 0.00578818
-7.52488 0.00577506
-7.5246 0.00569665
-7.5238 0.00568032
-7.52334 0.00561807
-7.5238 0.00556611
-7.52366 0.00549195
-7.52367 0.00542341
-7.52344 0.00536042
-7.52335 0.00529833
-7.52432 0.00531035
-7.52432 0.00523623
-7.5237 0.00520833
-7.52327 0.00515847
-7.52268 0.00513178
-7.52296 0.00509224
-7.52297 0.0050266
-7.52414 0.0051027
-7.52425 0.00504729
-7.52395 0.00498821
-7.52317 0.00500313
-7.52382 0.00498802
-7.52374 0.00493512
-7.52385 0.00488706
-7.5237 0.00483533
-7.52427 0.00481797
-7.52449 0.00477155
-7.52437 0.00472566
-7.52408 0.00468867
-7.52413 0.00464378
-7.52374 0.0046161
