0.0496187 0
0.0480832 0.00153546
0.0485451 0.000999713
0.0488354 0.00076421
0.0483873 0.000742407
0.0488382 0.000755426
0.0485863 0.000686391
0.0490173 0.000734214
0.0489292 0.000653506
0.0494152 0.000760154
0.0495599 0.00070265
0.0500977 0.000837087
0.0499397 0.00078605
0.0498849 0.000729801
0.0498856 0.000679402
0.0500679 0.000661136
0.049917 0.000639107
0.0499098 0.000602594
0.0502176 0.000647805
0.0502339 0.000614773
0.050447 0.000622373
0.0507297 0.000657335
0.0506418 0.000634238
0.0506241 0.000607492
0.0509331 0.000659579
0.0512756 0.000720331
0.0511213 0.000710098
0.0512737 0.000701038
0.0514625 0.000702277
0.0515569 0.000685001
0.0517267 0.000683927
0.0518954 0.000683378
0.0518861 0.000662413
0.0519544 0.000646263
0.052139 0.000654105
0.0522766 0.00065039
0.0524343 0.000651945
0.052624 0.000662285
0.052777 0.000662988
0.0529247 0.000662863
0.0530166 0.000652993
0.0530687 0.000639392
0.0531432 0.000628766
0.0532886 0.000631275
0.0533818 0.000624086
0.0534744 0.000617356
0.0535913 0.000615299
0.053698 0.000611714
0.0537635 0.000602662
0.0538862 0.000603107
0.0540315 0.000608755
0.0542444 0.000633781
0.0543197 0.000626251
0.0544383 0.000625884
0.054478 0.000615676
0.0545161 0.000605778
0.0545393 0.000595508
0.0546806 0.000601962
0.0547979 0.000603187
0.0549093 0.00060344
0.0550508 0.000610091
0.0552137 0.000621884
0.0553103 0.000619524
0.0554298 0.000621357
0.055508 0.000616699
0.0555812 0.000611685
0.0556579 0.000607339
0.0557793 0.000610548
0.0558325 0.000603976
0.0559644 0.000609721
0.0560092 0.00060274
0.056078 0.000598272
0.0561374 0.000593013
0.0561662 0.000585649
0.0562416 0.000582687
0.0564373 0.000607371
0.0565124 0.000604113
0.0566299 0.000607802
0.0566937 0.000603431
0.0567614 0.000599678
0.0568332 0.000596568
0.0569789 0.000606999
0.0570421 0.000602957
0.0571827 0.000612098
0.0572743 0.000611751
0.0573913 0.000615811
0.0575546 0.000630226
0.0576199 0.000626431
0.0576959 0.000623999
0.0578269 0.000630772
0.0579041 0.000628556
0.0580289 0.000634096
0.0581381 0.000636667
0.058173 0.000630825
0.0582854 0.000634177
0.0583524 0.000631104
0.0584506 0.000632235
0.0585351 0.000631432
0.0585601 0.000625519
0.0586283 0.000622981
