-0.400947 0
-0.387877 0.0130695
-0.385207 0.00800375
-0.387836 0.00624112
-0.389538 0.00512514
-0.393 0.00543096
-0.399255 0.00775875
-0.398996 0.00672432
-0.394925 0.00719296
-0.396222 0.00656297
-0.397331 0.00603921
-0.403003 0.00790978
-0.404322 0.00739433
-0.405939 0.00703444
-0.409759 0.00758143
-0.412345 0.00754878
-0.414282 0.00735062
-0.416171 0.00718302
-0.418065 0.00705337
-0.420176 0.00701637
-0.424757 0.00809493
-0.42785 0.00831522
-0.428711 0.0079919
-0.42832 0.00766161
-0.428421 0.00734952
-0.429009 0.00708563
-0.427868 0.00691301
-0.42737 0.00668012
-0.426998 0.00645643
-0.426723 0.00624355
-0.425449 0.00617158
-0.424595 0.00603632
-0.423887 0.00589321
-0.421385 0.0062408
-0.420681 0.00610064
-0.419846 0.00598728
-0.417983 0.00611402
-0.417495 0.0059709
-0.417169 0.00582494
-0.415499 0.0059179
-0.413089 0.00625481
-0.41035 0.0066905
-0.40855 0.00677636
-0.406954 0.00681021
-0.40568 0.00677793
-0.404163 0.00680039
-0.404128 0.00665423
-0.40301 0.00660938
-0.40079 0.0068432
-0.398851 0.00697954
-0.39778 0.00692471
-0.397285 0.00680823
-0.396097 0.0067834
-0.394847 0.00677301
-0.393846 0.00672356
-0.392764 0.00669056
-0.392179 0.00659811
-0.392475 0.00649006
-0.39199 0.00639753
-0.391925 0.00629034
-0.39206 0.00618785
-0.3922 0.00608883
-0.39167 0.00601472
-0.3908 0.00598364
-0.389795 0.00597603
-0.388531 0.00601893
-0.387815 0.00597151
-0.387139 0.00592173
-0.386497 0.00587055
-0.385872 0.00581967
-0.3854 0.00575657
-0.384577 0.0057354
-0.383205 0.00582014
-0.382222 0.00582456
-0.381316 0.00581738
-0.381335 0.00574033
-0.381212 0.00566664
-0.380608 0.00562599
-0.37986 0.00560456
-0.37888 0.0056202
-0.378509 0.00556274
-0.378328 0.00549747
-0.377572 0.00548315
-0.377161 0.00543309
-0.37669 0.00538938
-0.376121 0.00535668
-0.375945 0.00529767
-0.375624 0.00524693
-0.375112 0.00521285
-0.375019 0.00515545
-0.37507 0.00509873
-0.374771 0.00505186
-0.374564 0.00500152
-0.374563 0.00494802
-0.375154 0.00493111
-0.375863 0.00493079
-0.376738 0.0049576
-0.377149 0.00492387
-0.377387 0.00487971
-0.377824 0.00485037
