0.837881 0
0.784408 0.0534727
0.794191 0.0323853
0.806273 0.0258919
0.803128 0.020301
0.798335 0.0172547
0.80202 0.0150412
0.802235 0.0130278
0.799818 0.0117408
0.801684 0.0106657
0.79976 0.00983725
0.806334 0.0111288
0.805974 0.0102434
0.801715 0.0103958
0.799561 0.00991487
0.801268 0.00943035
0.801668 0.00886729
0.800348 0.00846372
0.802955 0.00841986
0.803831 0.00803565
0.802092 0.0078389
0.799724 0.00784015
0.802874 0.00812694
0.804066 0.00787161
0.802711 0.00767064
0.801225 0.00751818
0.802687 0.00738068
0.802425 0.00711702
0.802084 0.0068757
0.801415 0.00667617
0.801909 0.00647613
0.801935 0.00627053
0.800203 0.00631936
0.801508 0.00626802
0.802617 0.00618638
0.802492 0.00601337
0.80259 0.0058494
0.800875 0.00594604
0.800482 0.00580486
0.801818 0.00581338
0.802933 0.00577851
0.802208 0.00568566
0.801393 0.00561146
0.801176 0.00548672
0.800693 0.00538513
0.800902 0.0052709
0.801128 0.00516251
0.802263 0.00517975
0.801278 0.00516765
0.799584 0.00533918
0.799565 0.00523347
0.800821 0.00528313
0.800762 0.00518283
0.800651 0.00508715
0.800338 0.00500363
0.800027 0.00492326
0.799625 0.00485282
0.800476 0.00484382
0.800362 0.00476237
0.800219 0.00468451
0.800373 0.00460964
0.800988 0.00457618
0.800882 0.00450421
0.801206 0.00444508
0.800086 0.00451727
0.799878 0.00445313
0.800137 0.00439377
0.801996 0.00471122
0.801258 0.00470084
0.800532 0.00468969
0.800532 0.00462316
0.800311 0.00456385
0.800602 0.00451031
0.800813 0.00445394
0.801341 0.00442569
0.801714 0.00438303
0.800661 0.00445212
0.800927 0.00440269
0.801325 0.00436477
0.801211 0.00431137
0.800961 0.00426511
0.801564 0.00425563
0.801471 0.00420507
0.801267 0.00415971
0.800938 0.00412359
0.80166 0.00413873
0.801439 0.00409682
0.800976 0.00407641
0.800967 0.00403036
0.801669 0.00404685
0.801281 0.00402094
0.80118 0.00397826
0.801146 0.0039354
0.801351 0.00389871
0.801294 0.00385788
0.801346 0.00381783
0.801362 0.0037783
0.800657 0.00380531
0.800919 0.00377574
0.80099 0.00373848
