7.47493 0
7.87532 0.400392
7.78698 0.24747
7.68923 0.200441
7.71062 0.156728
7.73925 0.131131
7.71079 0.114422
7.71111 0.0990927
7.72894 0.0891907
7.71168 0.0816204
7.72756 0.0755168
7.68105 0.0831557
7.6843 0.076561
7.71666 0.0779205
7.73319 0.0743984
7.72174 0.0705289
7.72216 0.0662517
7.7323 0.0632808
7.71376 0.0626648
7.70755 0.0597727
7.7193 0.0580584
7.7361 0.0578495
7.71192 0.0603359
7.70385 0.0583283
7.71515 0.0570768
7.72633 0.055965
7.71519 0.0549909
7.71724 0.0530299
7.71893 0.0511965
7.72375 0.0496949
7.721 0.0481435
7.72013 0.0466229
7.73286 0.0469461
7.72445 0.046314
7.71677 0.0456231
7.71621 0.0443412
7.71595 0.0431269
7.72782 0.0436216
7.72982 0.0425359
7.71958 0.042706
7.71165 0.0423997
7.71631 0.0416393
7.72151 0.0409914
7.72206 0.0400526
7.72514 0.0392735
7.72362 0.0384402
7.72105 0.0377014
7.71309 0.037755
7.72094 0.0378004
7.73354 0.0391207
7.73359 0.038346
7.72484 0.0386059
7.7248 0.0378705
7.72553 0.0371698
7.72814 0.0365806
7.72997 0.0359684
7.73306 0.035466
7.72712 0.0353517
7.72704 0.0347475
7.72817 0.0341822
7.72725 0.03363
7.72298 0.033357
7.724 0.0328392
7.72142 0.0324254
7.72931 0.0328837
7.73075 0.0324135
7.72866 0.0319944
7.71535 0.0342141
7.72095 0.0341768
7.72653 0.0341434
7.72693 0.0336616
7.7286 0.0332324
7.7263 0.0328542
7.72583 0.0324105
7.72249 0.0321494
7.71987 0.0318317
7.72739 0.0323012
7.72538 0.0319476
7.72302 0.0316285
7.72451 0.0312664
7.7262 0.0309241
7.7217 0.0308751
7.72251 0.0305117
7.72365 0.0301678
7.72563 0.0298766
7.71999 0.0300606
7.72209 0.0297868
7.72539 0.0296312
7.72535 0.0292964
7.71996 0.0294649
7.72276 0.029273
7.72304 0.0289544
7.72298 0.0286414
7.72122 0.0283898
7.72124 0.0280894
7.7208 0.0277986
7.72045 0.0275128
7.72533 0.0276647
7.72349 0.0274456
7.72265 0.0271829
