0.0115332	0	0
0.0345996	0	0
0.0576661	0	0
0.0807325	0	0
0.103799	0	0
0.126865	0	0
0.149932	0	0
0.172998	0	0
0.196065	0	0
0.219131	0	0
0.242198	0	0
0.265264	0	0
0.28833	0	0
0.311397	0	0
0.334463	0	0
0.35753	0	0
0.380596	0	0
0.403663	0	0
0.426729	0	0
0.449795	0	0
0.472862	0	0
0.495928	0	0
0.518995	0	0
0.542061	0	0
0.565128	0	0
0.588194	0	0
0.61126	0	0
0.634327	0	0
0.657393	0	0
0.68046	0	0
0.703526	0	0
0.726593	0	0
0.749659	0	0
0.772725	0	0
0.795792	0	0
0.818858	0	0
0.841925	0	0
0.864991	0	0
0.888058	0.000220922	0.000220922
0.911124	0.00363788	0.000846548
0.93419	0.0497774	0.00312919
0.957257	0.312839	0.00846709
0.980323	1.02982	0.0153992
1.00339	2.2957	0.0200049
1.02646	3.64003	0.0242791
1.04952	4.61577	0.0280113
1.07259	4.80421	0.028566
1.09566	4.42874	0.0302499
1.11872	3.6019	0.0232802
1.14179	2.67231	0.0207535
1.16485	1.84892	0.0155852
1.18792	1.16764	0.0131531
1.21099	0.67979	0.0113396
1.23405	0.3684	0.00858752
1.25712	0.186911	0.00566157
1.28019	0.090366	0.00401327
1.30325	0.0494108	0.00347812
1.32632	0.0509097	0.00316887
1.34939	0.0658978	0.00337474
1.37245	0.112017	0.00445245
1.39552	0.19146	0.00490416
1.41859	0.307999	0.00597225
1.44165	0.461221	0.00711904
1.46472	0.642073	0.00780579
1.48778	0.775366	0.00912382
1.51085	0.888807	0.0107154
1.53392	0.946572	0.0107358
1.55698	0.926712	0.0104746
1.58005	0.81978	0.0082567
1.60312	0.626055	0.00701975
1.62618	0.475439	0.00633869
1.64925	0.309778	0.00548991
1.67232	0.232261	0.00523396
1.69538	0.215538	0.00530964
1.71845	0.276856	0.00635086
1.74152	0.460206	0.00664715
1.76458	0.76331	0.00903444
1.78765	1.21259	0.0101836
1.81071	1.73867	0.01116
1.83378	2.21754	0.0111507
1.85685	2.57225	0.015434
1.87991	2.63461	0.0161711
1.90298	2.49483	0.0149686
1.92605	2.14909	0.0130793
1.94911	1.6932	0.00993408
1.97218	1.23635	0.00896002
1.99525	0.849153	0.00852945
2.01831	0.577683	0.00811182
2.04138	0.462725	0.00766388
2.06445	0.483158	0.00677164
2.08751	0.593037	0.00575877
2.11058	0.760437	0.00738757
2.13364	0.906121	0.00684009
2.15671	0.969677	0.00708398
2.17978	0.97728	0.00741785
2.20284	0.913785	0.00677264
2.22591	0.788133	0.0059084
2.24898	0.671218	0.00605796
2.27204	0.603036	0.00627466
2.29511	0.596125	0.00780237
