-5.47733 0
-5.43792 0.0394124
-5.42914 0.0243912
-5.41749 0.020811
-5.41928 0.0162195
-5.42436 0.0141813
-5.43675 0.0172391
-5.43046 0.016198
-5.422 0.0166022
-5.41965 0.0150353
-5.42556 0.0148319
-5.43666 0.0175019
-5.43892 0.0162578
-5.43291 0.0162052
-5.43608 0.0154147
-5.43508 0.0144541
-5.43316 0.0137112
-5.43026 0.0132487
-5.42992 0.0125368
-5.42492 0.0129005
-5.42802 0.0126561
-5.43176 0.0126336
-5.43567 0.0126888
-5.43927 0.0126725
-5.4376 0.0122695
-5.43609 0.0118843
-5.43485 0.0115034
-5.43402 0.0111156
-5.4335 0.0107379
-5.43596 0.0106602
-5.43792 0.0104958
-5.43834 0.0101711
-5.43927 0.00990158
-5.43726 0.00981382
-5.43441 0.0099454
-5.43362 0.0096976
-5.43597 0.00972101
-5.43658 0.00948099
-5.43824 0.00938301
-5.43704 0.00922344
-5.43641 0.00901788
-5.43718 0.00883429
-5.43907 0.00883009
-5.44007 0.00868516
-5.44018 0.00849066
-5.4399 0.00830871
-5.43739 0.00850845
-5.43606 0.00843481
-5.43736 0.00836241
-5.43871 0.00830382
-5.43867 0.00813945
-5.43991 0.00807647
-5.44209 0.00821686
-5.4425 0.00807406
-5.44007 0.00829095
-5.43978 0.00814661
-5.43925 0.00802044
-5.44036 0.0079599
-5.44223 0.00804422
-5.44432 0.00818053
-5.44512 0.00808443
-5.44538 0.00795737
-5.44705 0.00800593
-5.44867 0.00804334
-5.45021 0.00806741
-5.44884 0.00806035
-5.44935 0.00795547
-5.4505 0.00792136
-5.45035 0.00780726
-5.45067 0.00770173
-5.45035 0.00759931
-5.45043 0.00749348
-5.44912 0.00750547
-5.44916 0.00740344
-5.44947 0.00731088
-5.45029 0.00725961
-5.45051 0.00716811
-5.45006 0.00708979
-5.44988 0.00700183
-5.44905 0.00696322
-5.4499 0.00692886
-5.45132 0.00699054
-5.45181 0.00692299
-5.45198 0.00684212
-5.45133 0.0067921
-5.45149 0.00671461
-5.45251 0.00671506
-5.45307 0.00666181
-5.45257 0.0066059
-5.45152 0.00661502
-5.45167 0.00654354
-5.45245 0.00651884
-5.45242 0.00644843
-5.45215 0.00638508
-5.45222 0.00631794
-5.45257 0.00626127
-5.45363 0.0062869
-5.45334 0.0062293
-5.45346 0.00616731
-5.45307 0.00611748
