-3.79832 0
-3.79878 0.000457181
-3.79873 0.000268472
-3.79902 0.000350651
-3.79931 0.000396128
-3.79936 0.000327477
-3.79938 0.00027761
-3.79894 0.00050563
-3.79891 0.000446777
-3.79856 0.000535126
-3.79848 0.000490144
-3.79842 0.000450942
-3.79833 0.000425006
-3.7983 0.000394646
-3.79849 0.000414621
-3.79833 0.000422078
-3.79816 0.000427717
-3.79808 0.000411568
-3.79801 0.000395191
-3.79802 0.000374974
-3.79826 0.000426644
-3.79846 0.000454159
-3.79867 0.000483597
-3.79876 0.000470985
-3.79874 0.000452134
-3.79862 0.000451313
-3.79851 0.000447607
-3.79843 0.00043786
-3.79849 0.000426312
-3.79853 0.000413649
-3.7985 0.000401252
-3.79846 0.000390747
-3.79831 0.000406149
-3.79819 0.000411447
-3.79812 0.000405462
-3.79805 0.000400402
-3.79804 0.000389474
-3.79809 0.000381721
-3.79813 0.000374188
-3.79819 0.000369175
-3.79822 0.00036171
-3.79823 0.00035303
-3.79822 0.000344799
-3.79812 0.000351337
-3.79803 0.000354888
-3.79793 0.000361331
-3.79778 0.000384533
-3.79778 0.000376438
-3.79775 0.000370103
-3.79772 0.000363852
-3.79774 0.000357088
-3.79779 0.000354363
-3.79781 0.000348271
-3.79777 0.000343987
-3.79782 0.000341385
-3.79788 0.000339296
-3.79785 0.000333948
-3.79785 0.000328188
-3.79786 0.000322812
-3.79784 0.000317884
-3.79786 0.000312943
-3.7979 0.000311207
-3.79796 0.000311359
-3.79804 0.000315818
-3.79804 0.000310977
-3.79801 0.000307888
-3.79803 0.000303929
-3.79797 0.000304812
-3.79794 0.000301827
-3.7979 0.000300019
-3.79788 0.000296565
-3.79788 0.000292492
-3.79785 0.000289618
-3.79787 0.000286686
-3.79788 0.000282853
-3.79788 0.000279109
-3.79786 0.000276181
-3.79787 0.000272768
-3.79784 0.000271062
-3.79785 0.00026795
-3.79787 0.000265262
-3.79788 0.000262197
-3.79791 0.000261624
-3.79796 0.000261979
-3.79798 0.000260013
-3.79804 0.000263384
-3.79807 0.000261984
-3.79807 0.00025899
-3.79807 0.000256065
-3.7981 0.000254752
-3.79813 0.000254662
-3.79813 0.000251894
-3.79813 0.000249177
-3.79812 0.000246841
-3.79809 0.000245734
-3.79806 0.00024522
-3.79804 0.000243271
-3.79801 0.000242968
-3.79803 0.000241472
-3.79802 0.000239407
