1.2596 0
1.40528 0.145676
1.44664 0.0937249
1.47906 0.073778
1.46529 0.0587821
1.45103 0.0500716
1.4141 0.0561621
1.43928 0.0547695
1.46916 0.0567956
1.47622 0.0512872
1.4529 0.0519209
1.40933 0.0643806
1.40718 0.0592605
1.44436 0.066275
1.45305 0.0623071
1.47376 0.0618544
1.49218 0.0609522
1.50741 0.0594489
1.51033 0.0563093
1.52599 0.0556677
1.50797 0.0559329
1.48606 0.0576586
1.46558 0.0587752
1.4502 0.0583389
1.45723 0.0563975
1.46487 0.0547201
1.47162 0.0530854
1.47746 0.0514871
1.48162 0.0498538
1.47338 0.0488626
1.46655 0.0477518
1.46563 0.0462446
1.4638 0.0448585
1.47253 0.044385
1.48279 0.0443028
1.48427 0.0430799
1.4743 0.0430697
1.4698 0.042161
1.46384 0.0414966
1.46822 0.0406831
1.47034 0.039735
1.46792 0.038853
1.46062 0.0386344
1.45685 0.0379346
1.45664 0.0370826
1.45874 0.0363285
1.47116 0.0376521
1.47806 0.0374994
1.47176 0.0372622
1.46655 0.0368791
1.46877 0.0362169
1.4646 0.0357581
1.45377 0.036711
1.45014 0.0362072
1.46055 0.0370356
1.46602 0.0367786
1.47336 0.0368653
1.47598 0.0363187
1.47544 0.035702
1.47187 0.0352828
1.46955 0.0347768
1.46805 0.0342443
1.46105 0.0344164
1.45407 0.0345847
1.44881 0.0344525
1.4545 0.0344001
1.45445 0.0338828
1.45354 0.0333934
1.45801 0.0332081
1.45946 0.0327621
1.46188 0.0323884
1.46197 0.0319355
1.46596 0.0317462
1.46507 0.0313268
1.46338 0.0309526
1.45961 0.0307752
1.45707 0.0304785
1.45611 0.0301004
1.45484 0.0297441
1.45694 0.0294448
1.4535 0.0292822
1.44866 0.0293235
1.44778 0.0289815
1.44856 0.0286449
1.45297 0.0286478
1.45432 0.0283451
1.45115 0.0281964
1.44828 0.0280219
1.44878 0.0277099
1.45106 0.0274946
1.44898 0.0272705
1.44525 0.0272285
1.44529 0.0269342
1.44665 0.0266808
1.44662 0.0263985
1.44511 0.0261657
1.44108 0.0262062
1.4422 0.0259617
1.44141 0.0257103
1.44194 0.0254575
