1.11934 0
1.09276 0.0265797
1.08694 0.0164135
1.07898 0.0140738
1.07998 0.0109476
1.08333 0.00954486
1.09158 0.0115358
1.08768 0.0107219
1.08206 0.0110005
1.08073 0.00992918
1.08472 0.00983047
1.09216 0.0116513
1.09373 0.0108321
1.08974 0.0107905
1.09173 0.0102391
1.09117 0.00959403
1.09 0.00908733
1.08812 0.0087714
1.08793 0.00829899
1.0846 0.00855066
1.08651 0.00835452
1.08887 0.00830776
1.09133 0.00831176
1.09368 0.00829663
1.09258 0.00803383
1.09165 0.00777381
1.09089 0.00751868
1.09039 0.00726242
1.09001 0.00701793
1.09162 0.00696864
1.09295 0.00686993
1.09326 0.00665881
1.09397 0.00649348
1.09271 0.00642447
1.09086 0.00650722
1.09038 0.00634212
1.09195 0.00636569
1.09232 0.00620711
1.0934 0.00614151
1.09257 0.00604413
1.09212 0.00591163
1.09263 0.00579173
1.0939 0.00579452
1.09463 0.00570881
1.09476 0.00558207
1.09464 0.00546067
1.09307 0.00556969
1.09219 0.00552412
1.09307 0.00548256
1.09399 0.00544991
1.09396 0.0053421
1.09474 0.00529722
1.09618 0.00539175
1.09649 0.00529971
1.09483 0.00545952
1.09461 0.00536592
1.09426 0.00528217
1.09501 0.00524411
1.09625 0.00530118
1.09765 0.00539819
1.09817 0.00533439
1.09832 0.00524968
1.0994 0.00527636
1.10042 0.00529341
1.10144 0.00531103
1.10056 0.00530471
1.10088 0.00523511
1.10169 0.00521983
1.1016 0.00514431
1.10185 0.00507605
1.10164 0.00500805
1.1017 0.00493837
1.10085 0.004945
1.10086 0.00487773
1.10107 0.00481677
1.10161 0.00478362
1.10177 0.00472381
1.10146 0.00467282
1.10136 0.00461438
1.1008 0.00459072
1.10135 0.00456733
1.1023 0.0046088
1.1026 0.00456284
1.10268 0.00450896
1.10223 0.00447806
1.1023 0.00442623
1.10296 0.00442474
1.10333 0.00438997
1.103 0.00435339
1.10228 0.00436369
1.10236 0.00431608
1.10288 0.00430067
1.10286 0.00425422
1.10269 0.00421215
1.10276 0.00416812
1.10301 0.00413209
1.10373 0.00415216
1.10355 0.00411324
1.10362 0.00407205
1.10337 0.00403876
