-3.77413 0
-3.77346 0.000976562
-3.77246 0.000690534
-3.77241 0
-3.77196 0.000488281
-3.77138 0.000873464
-3.77102 0.000891476
-3.77088 0.000738212
-3.77059 0.000488281
-3.77043 0.000651042
-3.7706 0.000534885
-3.77074 0.000509993
-3.77094 0.00039868
-3.77113 0.000383039
-3.77128 0.000369106
-3.77142 0.000252147
-3.7715 0.000244141
-3.77143 0.000410238
-3.77134 0.000230178
-3.77142 -nan
-3.77141 0
-3.77142 0
-3.7713 -nan
-3.77133 -nan
-3.77135 -nan
-3.77127 -nan
-3.77128 -nan
-3.77135 -nan
-3.77137 -nan
-3.77141 -nan
-3.77139 -nan
-3.77142 -nan
-3.77143 0
-3.77146 -nan
-3.77147 -nan
-3.77143 -nan
-3.77137 -nan
-3.77136 -nan
-3.77136 -nan
-3.77138 -nan
-3.77143 -nan
-3.77152 -nan
-3.7716 -nan
-3.77167 -nan
-3.77173 -nan
-3.77183 0.000145577
-3.77197 0.000203627
-3.77203 0.000201449
-3.7721 0
-3.77215 0
-3.77225 0.000138107
-3.7723 0.000236851
-3.77237 0.00027085
-3.77238 0.000268282
-3.77244 0.000230178
-3.77248 0.000322548
-3.77255 0.000319655
-3.77265 0.000342225
-3.77271 0.000362686
-3.77279 0.000359599
-3.77288 0.00035659
-3.77295 0.000330814
-3.77303 0.000350792
-3.77312 0.000369106
-3.77319 0.000366211
-3.77327 0.000363383
-3.77337 0.000380126
-3.77347 0.000337449
-3.77353 0.000313325
-3.77358 0.000332522
-3.77364 0.000330138
-3.77372 0.000366497
-3.77384 0.000381707
-3.77393 0.000379084
-3.77398 0.000393255
-3.77408 0.000421923
-3.77414 0.000433849
-3.7742 0.000445159
-3.77426 0.000442296
-3.77434 0.000439487
-3.77446 0.000436732
-3.77458 0.000472971
-3.77469 0.00048229
-3.77479 0.000467238
-3.77489 0.000476514
-3.775 0.000496823
-3.77508 0.00048257
-3.77517 0.000502116
-3.77527 0.000509993
-3.77532 0.00050712
-3.77541 0.000504295
-3.77548 0.000521995
-3.77556 0.000509068
-3.77562 0.000516351
-3.77565 0.000523381
-3.77572 0.000510887
-3.7758 0.000508219
-3.77589 0.000515224
-3.77598 0.000493239
-3.7761 0.000490741
