1.66664 0
1.67843 0.0117796
1.6624 0.0174146
1.65894 0.0127889
1.65859 0.00991704
1.65831 0.00809723
1.65229 0.00911531
1.64974 0.00829257
1.64707 0.00778766
1.64489 0.00730249
1.64981 0.00823735
1.65164 0.00773723
1.65232 0.00714989
1.65484 0.00708623
1.65749 0.00710948
1.6564 0.00673875
1.65866 0.00672163
1.65862 0.0063366
1.65852 0.00599347
1.65965 0.00579369
1.65956 0.00551239
1.65776 0.00555501
1.65862 0.00537714
1.6584 0.00515242
1.65885 0.00496353
1.65913 0.00477718
1.65925 0.00459747
1.65868 0.00446727
1.66035 0.00462304
1.66146 0.00460197
1.66206 0.00449113
1.6619 0.00435321
1.66238 0.00424535
1.6639 0.00439124
1.66284 0.00439214
1.6619 0.004372
1.66107 0.00433307
1.66083 0.00422407
1.66032 0.00414472
1.65955 0.00411284
1.65899 0.00405009
1.65921 0.00395801
1.65992 0.0039316
1.66085 0.00395141
1.66021 0.00391526
1.66018 0.00382885
1.66144 0.00395242
1.65993 0.00415604
1.66034 0.00409194
1.66112 0.00408168
1.66125 0.00400331
1.6606 0.003978
1.66094 0.00391621
1.6603 0.00389587
1.66038 0.00382516
1.66001 0.00377475
1.6603 0.00371978
1.66027 0.00365453
1.66082 0.00363366
1.6608 0.00357232
1.66069 0.0035154
1.66049 0.00346397
1.66088 0.00342976
1.66043 0.00340577
1.66084 0.0033774
1.66093 0.0033266
1.6617 0.00336471
1.66151 0.00332081
1.66208 0.00332173
1.66253 0.00330646
1.66262 0.00325933
1.66283 0.0032207
1.66257 0.00318684
1.66298 0.00317061
1.6633 0.00314348
1.66355 0.00311175
1.66358 0.00307135
1.66363 0.00303251
1.6638 0.00299776
1.66388 0.00296094
1.66421 0.00294136
1.66398 0.00291508
1.6641 0.00288166
1.66448 0.00287176
1.66424 0.00284764
1.66437 0.00281793
1.66431 0.00278612
1.66447 0.00275816
1.66442 0.00272858
1.66437 0.00269836
1.66381 0.00272836
1.66398 0.00270366
1.66407 0.00267588
1.6641 0.00264745
1.66384 0.00263285
1.66364 0.00261272
1.66366 0.00258614
1.66408 0.00259324
1.66432 0.00257809
1.66414 0.00255939
