1.77786 0
1.76505 0.0128075
1.76591 0.00744529
1.77133 0.00756442
1.77431 0.00656915
1.77999 0.0078186
1.78971 0.0117543
1.79411 0.0110916
1.7946 0.0097961
1.7999 0.010241
1.80584 0.0110053
1.81532 0.0138122
1.81998 0.0135309
1.82508 0.0135255
1.83139 0.0140848
1.83595 0.0139407
1.8395 0.0135696
1.84288 0.0132314
1.84674 0.0130974
1.85185 0.0134321
1.86031 0.0153265
1.86798 0.0165031
1.87322 0.0166179
1.87669 0.0162835
1.88093 0.0161849
1.88566 0.0162532
1.8886 0.0159134
1.89237 0.0157903
1.89593 0.0156476
1.89967 0.0155715
1.90255 0.0153336
1.90598 0.0152372
1.9095 0.0151817
1.91137 0.0148473
1.91464 0.0147819
1.91748 0.0146438
1.91873 0.0142977
1.92101 0.0141027
1.92378 0.0140107
1.92536 0.0137479
1.9263 0.0134413
1.92726 0.0131525
1.92887 0.0129433
1.93094 0.012814
1.93326 0.0127394
1.93511 0.0125954
1.9383 0.0127302
1.9402 0.0126075
1.94132 0.0123982
1.94282 0.0122391
1.94519 0.0122297
1.94821 0.0123666
1.95044 0.0123343
1.95221 0.012233
1.95399 0.0121385
1.95525 0.0119866
1.95659 0.0118506
1.959 0.0118897
1.96074 0.0118155
1.96297 0.0118294
1.96547 0.0118984
1.96819 0.0120181
1.97035 0.0120221
1.9722 0.0119761
1.97391 0.0119134
1.97522 0.0118047
1.97698 0.0117595
1.97902 0.0117632
1.98122 0.0117985
1.98349 0.0118489
1.9858 0.0119077
1.98769 0.0118911
1.9889 0.0117899
1.99037 0.0117222
1.99186 0.0116607
1.99424 0.0117502
1.9963 0.0117779
1.99796 0.0117428
1.99948 0.011693
2.00069 0.0116085
2.00251 0.0116079
2.00467 0.0116674
2.00646 0.0116645
2.00851 0.0117048
2.01054 0.0117434
2.01264 0.0117939
2.01497 0.01189
2.01716 0.0119563
2.01928 0.0120086
2.02181 0.0121411
2.02448 0.0122993
2.02677 0.0123787
2.02916 0.012476
2.0316 0.0125811
2.03462 0.0128115
2.03773 0.0130515
2.04097 0.0133176
2.04376 0.0134728
2.04646 0.0136068
2.04946 0.0138
