1.25682 0
1.17661 0.0802091
1.19129 0.048578
1.20941 0.0388379
1.20469 0.0304515
1.1975 0.025882
1.20303 0.0225617
1.20335 0.0195417
1.19973 0.0176112
1.20253 0.0159985
1.19964 0.0147559
1.2095 0.0166932
1.20896 0.015365
1.20257 0.0155938
1.19934 0.0148723
1.2019 0.0141455
1.2025 0.0133009
1.20052 0.0126956
1.20443 0.0126298
1.20575 0.0120535
1.20314 0.0117584
1.19959 0.0117602
1.20431 0.0121904
1.2061 0.0118074
1.20407 0.011506
1.20184 0.0112773
1.20403 0.011071
1.20364 0.0106755
1.20313 0.0103136
1.20212 0.0100143
1.20286 0.00971419
1.2029 0.0094058
1.20031 0.00947905
1.20226 0.00940203
1.20392 0.00927957
1.20374 0.00902006
1.20388 0.00877411
1.20131 0.00891906
1.20072 0.00870729
1.20273 0.00872007
1.2044 0.00866777
1.20331 0.00852849
1.20209 0.00841719
1.20176 0.00823008
1.20104 0.0080777
1.20135 0.00790635
1.20169 0.00774376
1.20339 0.00776962
1.20192 0.00775147
1.19938 0.00800877
1.19935 0.00785021
1.20123 0.0079247
1.20114 0.00777424
1.20098 0.00763072
1.20051 0.00750544
1.20004 0.00738488
1.19944 0.00727923
1.20071 0.00726572
1.20054 0.00714356
1.20033 0.00702676
1.20056 0.00691446
1.20148 0.00686427
1.20132 0.00675632
1.20181 0.00666763
1.20013 0.00677591
1.19982 0.0066797
1.20021 0.00659066
1.20299 0.00706684
1.20189 0.00705126
1.2008 0.00703453
1.2008 0.00693475
1.20047 0.00684577
1.2009 0.00676546
1.20122 0.0066809
1.20201 0.00663854
1.20257 0.00657455
1.20099 0.00667818
1.20139 0.00660404
1.20199 0.00654715
1.20182 0.00646705
1.20144 0.00639766
1.20235 0.00638345
1.20221 0.00630761
1.2019 0.00623956
1.20141 0.00618539
1.20249 0.00620809
1.20216 0.00614523
1.20146 0.00611462
1.20145 0.00604554
1.2025 0.00607027
1.20192 0.00603141
1.20177 0.0059674
1.20172 0.0059031
1.20203 0.00584807
1.20194 0.00578682
1.20202 0.00572675
1.20204 0.00566745
1.20099 0.00570797
1.20138 0.00566361
1.20149 0.00560772
