-7.57981 0
-7.49805 0.0817571
-7.51327 0.0495937
-7.5314 0.039478
-7.52676 0.03093
-7.52035 0.0260538
-7.5255 0.0226137
-7.52558 0.0195842
-7.52204 0.0176318
-7.52505 0.016056
-7.52218 0.0148041
-7.53192 0.0166568
-7.53087 0.0153581
-7.52417 0.0157179
-7.52099 0.0149737
-7.52349 0.0142272
-7.52381 0.0133679
-7.52172 0.0127753
-7.52577 0.0127467
-7.52716 0.0121719
-7.52449 0.0118815
-7.5208 0.011914
-7.52572 0.0123999
-7.52745 0.0119972
-7.52548 0.0116751
-7.52309 0.0114689
-7.52521 0.0112395
-7.52482 0.0108379
-7.52441 0.0104655
-7.52329 0.0101727
-7.52407 0.00987021
-7.52417 0.00955729
-7.52158 0.00961795
-7.52366 0.00956001
-7.52526 0.00941912
-7.52498 0.0091578
-7.5251 0.00890765
-7.52249 0.00905566
-7.52187 0.008842
-7.52401 0.00887877
-7.5257 0.00882251
-7.5246 0.00867968
-7.52334 0.00856824
-7.52297 0.00837954
-7.52219 0.00822806
-7.52244 0.00805124
-7.52283 0.00788755
-7.52454 0.00790798
-7.52302 0.00789305
-7.52038 0.00817027
-7.52039 0.00800848
-7.52221 0.00806031
-7.52209 0.00790766
-7.52193 0.00776144
-7.52153 0.00762939
-7.52104 0.00750805
-7.52046 0.00739842
-7.52167 0.00737064
-7.52151 0.00724642
-7.52124 0.00712956
-7.52148 0.00701562
-7.52237 0.00695836
-7.52217 0.00684978
-7.52262 0.00675708
-7.52094 0.00686209
-7.52057 0.00676721
-7.52103 0.00668084
-7.52385 0.00716188
-7.52267 0.00715574
-7.52156 0.00713931
-7.52162 0.00703828
-7.52128 0.00694793
-7.52175 0.00686778
-7.52201 0.00677933
-7.52285 0.00674079
-7.52342 0.00667585
-7.52181 0.0067824
-7.5222 0.00670649
-7.52277 0.00664559
-7.52261 0.00656396
-7.52227 0.00649118
-7.5232 0.00647792
-7.52305 0.00640115
-7.52271 0.00633334
-7.52219 0.00628009
-7.52332 0.00630789
-7.52292 0.00624753
-7.52221 0.00621652
-7.52224 0.00614632
-7.52332 0.00617358
-7.52271 0.00613582
-7.52258 0.00607016
-7.52251 0.00600493
-7.52278 0.00594698
-7.52269 0.00588475
-7.52277 0.00582362
-7.5228 0.00576336
-7.52175 0.00580095
-7.52213 0.0057546
-7.52225 0.00569805
