-6.32299 0
-6.32144 0.001548
-6.32198 0.00104426
-6.32199 0.00073844
-6.32206 0.00057698
-6.32285 0.000914593
-6.32247 0.000860073
-6.32223 0.000782396
-6.32231 0.000694492
-6.32253 0.000657908
-6.32254 0.000595273
-6.32242 0.000557069
-6.32191 0.000723896
-6.3216 0.00073889
-6.32165 0.000689952
-6.32159 0.000648712
-6.32131 0.000670529
-6.3212 0.000641489
-6.32134 0.000623687
-6.32141 0.000596311
-6.32136 0.000570332
-6.32122 0.00056085
-6.32141 0.000568485
-6.32135 0.000547383
-6.32141 0.000528353
-6.32125 0.000532324
-6.32118 0.000516258
-6.32118 0.000497494
-6.32128 0.00049092
-6.32116 0.000488748
-6.32121 0.000474596
-6.32127 0.000463301
-6.32127 0.00044913
-6.3214 0.000452902
-6.32133 0.000444699
-6.32125 0.000440657
-6.32122 0.000429443
-6.32118 0.0004201
-6.32115 0.000410188
-6.32128 0.000421095
-6.3213 0.000410962
-6.32128 0.000401209
-6.32125 0.000393264
-6.3212 0.00038719
-6.32115 0.000382176
-6.32109 0.000378273
-6.32114 0.000373085
-6.32114 0.000365257
-6.3211 0.000360517
-6.321 0.000365534
-6.32104 0.000360548
-6.32098 0.000359731
-6.32095 0.000354267
-6.32095 0.000347753
-6.32103 0.000349003
-6.321 0.000343741
-6.32102 0.000338101
-6.32096 0.000337877
-6.32097 0.000332251
-6.32092 0.000330625
-6.32092 0.000325176
-6.32088 0.000321788
-6.32085 0.000318589
-6.32082 0.000315304
-6.32081 0.000310434
-6.32076 0.00031056
-6.32082 0.000312842
-6.32086 0.000310076
-6.32078 0.000314557
-6.32076 0.000310652
-6.32082 0.000311613
-6.32082 0.00030728
-6.32084 0.000304263
-6.32079 0.000305369
-6.32084 0.000305101
-6.32084 0.000301197
-6.32081 0.000298762
-6.32081 0.000294935
-6.32078 0.000292347
-6.32079 0.000288853
-6.32083 0.00028764
-6.32085 0.000284911
-6.32084 0.000281663
-6.32081 0.00027979
-6.32078 0.000277962
-6.32083 0.000278141
-6.32076 0.000282546
-6.32075 0.000279599
-6.32079 0.000278808
-6.32082 0.000277294
-6.32079 0.00027564
-6.32081 0.0002734
-6.32079 0.000271041
-6.32076 0.000270362
-6.32075 0.000267552
-6.32075 0.000264759
-6.32076 0.000262175
-6.32076 0.000259492
-6.32075 0.000257151
-6.32076 0.000254912
