0.0535021 0
0.0511645 0.00233759
0.0518228 0.00150159
0.0508449 0.00144352
0.0509439 0.00112253
0.0512173 0.000956433
0.0514285 0.000835467
0.0508852 0.000904815
0.050895 0.000798033
0.0507449 0.000729409
0.0509489 0.000690602
0.0513043 0.000723706
0.0511624 0.000680664
0.0511579 0.000630188
0.0512871 0.000600733
0.0513132 0.00056254
0.0511858 0.000543563
0.0513783 0.000547425
0.0517395 0.000631352
0.051607 0.000613436
0.0516969 0.000590392
0.0515486 0.000582129
0.0513395 0.000594245
0.0515579 0.000609395
0.051537 0.000584884
0.051358 0.000589743
0.0515853 0.000611301
0.0515435 0.000590547
0.0515945 0.000572094
0.0516124 0.000552985
0.0514417 0.000561403
0.0513948 0.000545601
0.0515681 0.00055649
0.0515714 0.000539884
0.0516488 0.000529909
0.0515597 0.000522623
0.0516191 0.000511761
0.0516621 0.000499961
0.0516832 0.000487431
0.0517688 0.000482742
0.0519672 0.000510922
0.0518949 0.000503822
0.0518164 0.000498202
0.0518022 0.000486955
0.0517672 0.000477291
0.0517589 0.000466875
0.0517966 0.000458393
0.0517373 0.000452655
0.0517643 0.000444146
0.0516866 0.000442063
0.0516585 0.000434219
0.051571 0.000434674
0.0515599 0.000426539
0.0516076 0.00042127
0.0515911 0.000413868
0.0515277 0.000411319
0.0515628 0.000405559
0.0515076 0.000402311
0.0514696 0.000397253
0.0514951 0.000391402
0.0514789 0.000385273
0.0514441 0.0003806
0.051379 0.000380118
0.0514358 0.000378414
0.0514726 0.000374363
0.0513762 0.000381054
0.0514222 0.000378134
0.0514007 0.000373153
0.0513596 0.000369994
0.0513681 0.000364769
0.0513201 0.000362782
0.0513481 0.000358797
0.0513304 0.000354287
0.0513024 0.000350584
0.0513942 0.000357851
0.0513876 0.000353174
0.0514149 0.000349624
0.0515272 0.000362936
0.0515499 0.000359031
0.0515958 0.000357477
0.0515433 0.000356925
0.0515163 0.000353577
0.0514812 0.000351049
0.0514952 0.000347128
0.0515217 0.00034404
0.0514822 0.000342306
0.0514515 0.000339736
0.0514386 0.0003361
0.0514446 0.000332357
0.0515039 0.000333937
0.0514857 0.000330749
0.0514541 0.000328656
0.0514593 0.000325144
0.0515009 0.000324348
0.0515141 0.000321188
0.051454 0.000323467
0.0514318 0.000320879
0.0514601 0.00031884
0.0514287 0.00031716
0.0514349 0.000314033
