-0.33388 0
-0.335662 0.00178208
-0.34117 0.00560317
-0.334582 0.0076873
-0.332222 0.0064053
-0.334118 0.00556289
-0.333877 0.00470765
-0.333302 0.00411733
-0.337664 0.00567552
-0.338824 0.0052073
-0.341269 0.00530675
-0.348227 0.00847836
-0.351864 0.00860525
-0.353883 0.00821885
-0.355894 0.0079112
-0.356459 0.00742181
-0.357798 0.00709885
-0.360193 0.00710848
-0.362971 0.00727552
-0.364869 0.0071584
-0.366578 0.00702008
-0.367164 0.00671903
-0.367138 0.00642031
-0.368692 0.0063404
-0.368718 0.00608156
-0.369522 0.00589795
-0.37064 0.00578453
-0.370156 0.00559511
-0.368258 0.00572279
-0.366697 0.00574469
-0.364646 0.00592294
-0.364916 0.0057412
-0.366061 0.00568108
-0.367377 0.00566642
-0.368556 0.00562714
-0.368938 0.0054819
-0.369735 0.00539093
-0.370024 0.00525511
-0.370688 0.00516144
-0.372023 0.00520501
-0.374266 0.00554963
-0.377253 0.00618503
-0.378865 0.00625097
-0.380261 0.00626477
-0.38237 0.00647696
-0.384926 0.00683081
-0.387039 0.00700985
-0.388523 0.00702104
-0.390129 0.00706113
-0.390542 0.00693078
-0.390145 0.0068051
-0.389046 0.00676282
-0.388668 0.00664475
-0.38819 0.00653801
-0.386694 0.00659021
-0.385695 0.00654797
-0.385082 0.00646122
-0.38404 0.00643392
-0.3841 0.00632422
-0.38483 0.00626058
-0.384754 0.00615756
-0.384001 0.00610397
-0.384242 0.00601111
-0.384999 0.00596467
-0.386301 0.00601474
-0.386857 0.00594894
-0.387402 0.00588481
-0.387974 0.00582576
-0.388381 0.0057551
-0.388152 0.0056769
-0.388151 0.00559637
-0.388544 0.00553212
-0.388689 0.00545774
-0.389044 0.00539514
-0.389169 0.00532419
-0.389502 0.00526421
-0.389852 0.00520717
-0.390318 0.00516107
-0.390332 0.00509534
-0.39065 0.00504126
-0.391211 0.00501009
-0.391745 0.00497735
-0.392368 0.00495632
-0.393401 0.00500489
-0.394402 0.00504587
-0.39466 0.0049935
-0.394985 0.00494646
-0.395352 0.00490374
-0.396045 0.00489757
-0.396852 0.00490956
-0.397146 0.00486423
-0.397105 0.00481124
-0.397254 0.00476154
-0.397201 0.00471092
-0.397338 0.00466309
-0.397512 0.00461755
-0.397117 0.00458677
-0.396859 0.00454703
-0.396699 0.00450371
-0.396818 0.00446001
