1.79396 0
1.79575 0.00179683
1.80128 0.00562813
1.7947 0.00769505
1.79232 0.00641716
1.79421 0.00556989
1.79397 0.00471331
1.79337 0.00412589
1.79773 0.00567311
1.79887 0.00520235
1.80131 0.00529886
1.80826 0.00847103
1.8119 0.00860018
1.81393 0.00821509
1.81593 0.00790751
1.8165 0.00741816
1.81783 0.00709441
1.82022 0.0071042
1.823 0.00727234
1.82491 0.00715658
1.82661 0.00701803
1.8272 0.00671702
1.82717 0.0064184
1.82872 0.00633777
1.82875 0.00607903
1.82955 0.00589517
1.83067 0.00578167
1.83018 0.00559249
1.82828 0.00572073
1.82672 0.00574334
1.82467 0.00592168
1.82493 0.00573989
1.82608 0.00567953
1.82739 0.00566458
1.82857 0.00562558
1.82895 0.00548039
1.82975 0.00538951
1.83004 0.00525381
1.8307 0.00516005
1.83204 0.00520273
1.83428 0.00554624
1.83726 0.00618214
1.83888 0.0062487
1.84027 0.00626215
1.84238 0.00647402
1.84493 0.00682652
1.84704 0.00700521
1.84852 0.00701581
1.85012 0.00705571
1.85054 0.00692541
1.85014 0.00679992
1.84904 0.00675784
1.84866 0.0066399
1.84819 0.00653314
1.84669 0.00658533
1.84569 0.00654325
1.84508 0.00645646
1.84404 0.00642912
1.8441 0.0063195
1.84483 0.00625608
1.84475 0.00615312
1.844 0.00609971
1.84424 0.00600692
1.845 0.00596043
1.8463 0.00601073
1.84686 0.00594504
1.8474 0.00588099
1.84797 0.00582207
1.84838 0.0057516
1.84815 0.00567346
1.84815 0.00559298
1.84854 0.00552871
1.84869 0.00545433
1.84904 0.00539162
1.84916 0.00532066
1.84949 0.00526064
1.84984 0.00520363
1.85031 0.00515769
1.85033 0.00509201
1.85064 0.00503802
1.8512 0.00500685
1.85174 0.00497405
1.85236 0.00495284
1.85339 0.00500111
1.85439 0.00504197
1.85464 0.00498955
1.85497 0.00494252
1.85534 0.00489978
1.85603 0.00489359
1.85683 0.00490569
1.85713 0.00486042
1.85709 0.00480748
1.85723 0.00475779
1.85718 0.00470722
1.85732 0.00465941
1.85749 0.00461388
1.85709 0.00458328
1.85683 0.00454368
1.85667 0.00450045
1.85679 0.00445675
