1.19597 0
1.19717 0.00119789
1.20086 0.00375209
1.19647 0.00513004
1.19488 0.0042781
1.19614 0.00371326
1.19598 0.00314221
1.19558 0.00275059
1.19848 0.00378207
1.19925 0.00346823
1.20087 0.00353257
1.20551 0.00564736
1.20794 0.00573345
1.20928 0.00547673
1.21062 0.00527167
1.211 0.00494544
1.21189 0.0047296
1.21348 0.00473614
1.21534 0.00484823
1.2166 0.00477106
1.21774 0.00467869
1.21813 0.00447802
1.21811 0.00427894
1.21915 0.00422518
1.21916 0.00405269
1.2197 0.00393011
1.22044 0.00385445
1.22012 0.00372833
1.21885 0.00381382
1.21781 0.00382889
1.21644 0.00394779
1.21662 0.00382659
1.21739 0.00378635
1.21826 0.00377639
1.21905 0.00375039
1.2193 0.0036536
1.21983 0.00359301
1.22003 0.00350254
1.22047 0.00344003
1.22136 0.00346849
1.22285 0.00369749
1.22484 0.00412143
1.22592 0.0041658
1.22685 0.00417477
1.22825 0.00431601
1.22995 0.00455101
1.23136 0.00467014
1.23235 0.00467721
1.23342 0.0047038
1.23369 0.00461694
1.23343 0.00453328
1.23269 0.00450523
1.23244 0.0044266
1.23212 0.00435542
1.23113 0.00439022
1.23046 0.00436216
1.23005 0.0043043
1.22936 0.00428608
1.2294 0.004213
1.22989 0.00417072
1.22984 0.00410208
1.22933 0.00406648
1.22949 0.00400461
1.23 0.00397362
1.23087 0.00400715
1.23124 0.00396336
1.2316 0.00392066
1.23198 0.00388138
1.23225 0.0038344
1.2321 0.00378231
1.2321 0.00372865
1.23236 0.00368581
1.23246 0.00363622
1.23269 0.00359442
1.23277 0.00354711
1.23299 0.00350709
1.23323 0.00346909
1.23354 0.00343846
1.23355 0.00339467
1.23376 0.00335868
1.23414 0.0033379
1.23449 0.00331603
1.2349 0.00330189
1.23559 0.00333407
1.23626 0.00336132
1.23643 0.00332637
1.23665 0.00329501
1.23689 0.00326652
1.23735 0.00326239
1.23789 0.00327046
1.23809 0.00324028
1.23806 0.00320498
1.23816 0.00317186
1.23812 0.00313814
1.23821 0.00310627
1.23833 0.00307592
1.23806 0.00305552
1.23789 0.00302912
1.23778 0.0030003
1.23786 0.00297117
