1.12167 0
1.12555 0.00387625
1.11591 0.0098919
1.10422 0.013624
1.10987 0.01197
1.09966 0.0141309
1.10286 0.0123623
1.10814 0.0119391
1.10955 0.0106235
1.11782 0.012598
1.11473 0.0118092
1.11767 0.0111747
1.11681 0.0103148
1.11761 0.0095827
1.11913 0.00904949
1.11628 0.00893141
1.11267 0.00913428
1.11086 0.00879879
1.11431 0.0090108
1.11738 0.00908124
1.11383 0.00933788
1.11103 0.00933288
1.106 0.0102401
1.10296 0.0102651
1.10388 0.00988894
1.10441 0.00951598
1.10488 0.00916841
1.10687 0.00905627
1.10819 0.00883776
1.10706 0.00861269
1.1091 0.00857626
1.10896 0.008305
1.1084 0.00806887
1.10732 0.00790197
1.1059 0.00780448
1.10482 0.00766097
1.10442 0.00746156
1.10458 0.0072642
1.10426 0.00708275
1.10497 0.00694052
1.10653 0.00694679
1.10747 0.00684298
1.10648 0.00675482
1.10409 0.00701683
1.10268 0.00700255
1.10261 0.006849
1.10093 0.00690998
1.10096 0.00676457
1.10028 0.00665978
1.09825 0.00683482
1.09978 0.0068728
1.1008 0.00681554
1.10197 0.00678733
1.10193 0.00666058
1.10383 0.0068081
1.10546 0.00688218
1.10466 0.00680783
1.1039 0.00673182
1.10347 0.00663112
1.10274 0.00656043
1.1029 0.00645398
1.10431 0.00650546
1.10595 0.00660646
1.10735 0.00665244
1.10905 0.00676613
1.10924 0.00666556
1.10982 0.00659022
1.1103 0.00651042
1.10951 0.00646366
1.10914 0.00638139
1.1095 0.00630143
1.10922 0.00621982
1.10881 0.0061479
1.10819 0.00609507
1.10738 0.00606836
1.10711 0.00599397
1.10795 0.00597559
1.10795 0.00589849
1.1069 0.00591694
1.10595 0.00591959
1.10514 0.00590226
1.10435 0.0058823
1.10401 0.00582083
1.10458 0.00577936
1.10369 0.00578119
1.10352 0.00571592
1.1038 0.00565673
1.10372 0.00559271
1.10371 0.00552951
1.10422 0.00549071
1.10492 0.00547573
1.1042 0.00546438
1.10377 0.00542225
1.1037 0.0053647
1.10435 0.00534754
1.10454 0.00529512
1.10402 0.00526601
1.10381 0.00521617
1.10389 0.00516379
1.10479 0.00519041
