1.68251 0
1.68832 0.00581437
1.67387 0.0148379
1.65633 0.020436
1.66481 0.017955
1.6495 0.0211964
1.65429 0.0185435
1.66221 0.0179087
1.66433 0.0159352
1.67674 0.018897
1.67209 0.0177139
1.6765 0.0167621
1.67522 0.0154722
1.67641 0.0143741
1.67869 0.0135742
1.67442 0.0133971
1.669 0.0137014
1.66629 0.0131982
1.67147 0.0135162
1.67607 0.0136219
1.67075 0.0140068
1.66655 0.0139993
1.659 0.0153601
1.65444 0.0153976
1.65582 0.0148334
1.65662 0.014274
1.65732 0.0137526
1.6603 0.0135844
1.66228 0.0132566
1.66059 0.012919
1.66365 0.0128644
1.66345 0.0124575
1.66261 0.0121033
1.66099 0.011853
1.65885 0.0117067
1.65723 0.0114915
1.65663 0.0111923
1.65687 0.0108963
1.65639 0.0106241
1.65746 0.0104108
1.6598 0.0104202
1.6612 0.0102645
1.65971 0.0101322
1.65614 0.0105252
1.65402 0.0105038
1.65392 0.0102735
1.65139 0.010365
1.65144 0.0101469
1.65042 0.00998967
1.64737 0.0102522
1.64967 0.0103092
1.6512 0.0102233
1.65295 0.010181
1.65289 0.00999086
1.65574 0.0102122
1.65819 0.0103233
1.65699 0.0102117
1.65585 0.0100977
1.6552 0.00994668
1.6541 0.00984065
1.65434 0.00968097
1.65647 0.00975819
1.65892 0.00990969
1.66103 0.00997866
1.66358 0.0101492
1.66386 0.00999834
1.66472 0.00988532
1.66545 0.00976563
1.66426 0.00969549
1.66371 0.00957209
1.66425 0.00945215
1.66383 0.00932974
1.66321 0.00922185
1.66229 0.0091426
1.66107 0.00910254
1.66066 0.00899095
1.66193 0.00896339
1.66192 0.00884773
1.66035 0.00887542
1.65892 0.00887939
1.6577 0.00885338
1.65653 0.00882345
1.65602 0.00873124
1.65688 0.00866904
1.65553 0.00867179
1.65528 0.00857389
1.6557 0.0084851
1.65558 0.00838906
1.65557 0.00829427
1.65632 0.00823606
1.65738 0.00821359
1.65629 0.00819657
1.65565 0.00813337
1.65555 0.00804706
1.65652 0.00802131
1.65681 0.00794267
1.65603 0.00789901
1.65572 0.00782426
1.65584 0.00774569
1.65718 0.00778561
