-3.79093 0
-3.79054 0.000388862
-3.79048 0.000234413
-3.79068 0.000266013
-3.79091 0.000302543
-3.7912 0.000382817
-3.79175 0.000636304
-3.79173 0.000551177
-3.79208 0.000595858
-3.79189 0.000565099
-3.79181 0.000518312
-3.79166 0.000494888
-3.79152 0.000476449
-3.79151 0.000441145
-3.79143 0.000418769
-3.79133 0.000404736
-3.79138 0.0003833
-3.7915 0.000380799
-3.79152 0.000360745
-3.79129 0.000412176
-3.79117 0.000410315
-3.79119 0.000392061
-3.79111 0.000383724
-3.7911 0.000367461
-3.79103 0.000360889
-3.79102 0.000346862
-3.79114 0.000357418
-3.79132 0.000385286
-3.79142 0.000385381
-3.79159 0.000410247
-3.79168 0.000407077
-3.79167 0.000394221
-3.79173 0.000385668
-3.7918 0.000382306
-3.79184 0.000372963
-3.79188 0.00036416
-3.7919 0.000355374
-3.79189 0.000346066
-3.79181 0.00034832
-3.79178 0.000340899
-3.79179 0.000332711
-3.79176 0.000325791
-3.79178 0.000318902
-3.79182 0.000313914
-3.79189 0.000313611
-3.79186 0.000308151
-3.79185 0.000301548
-3.79188 0.000296831
-3.79186 0.000291529
-3.79192 0.000292454
-3.79198 0.000292862
-3.79196 0.000288332
-3.79201 0.000286654
-3.79204 0.000283634
-3.79211 0.000286328
-3.79214 0.000282535
-3.79215 0.000277788
-3.79216 0.000273285
-3.79217 0.000268667
-3.79213 0.000266297
-3.79216 0.000263599
-3.79218 0.000259767
-3.7922 0.000256732
-3.79226 0.000259689
-3.79226 0.000255665
-3.79229 0.000252892
-3.79229 0.000249093
-3.79229 0.000245403
-3.79231 0.000242606
-3.79235 0.000242462
-3.79239 0.000243411
-3.7924 0.000240068
-3.79238 0.000237607
-3.7924 0.000235595
-3.79238 0.000233419
-3.79242 0.000233852
-3.79245 0.000232826
-3.79244 0.000229959
-3.79241 0.000229461
-3.79237 0.000230871
-3.79233 0.000230205
-3.79231 0.000228348
-3.79231 0.000225602
-3.79226 0.000227854
-3.79226 0.000225234
-3.79228 0.000223841
-3.7923 0.000221792
-3.79227 0.000220292
-3.79228 0.000217805
-3.79228 0.000215475
-3.79224 0.000216615
-3.7922 0.000218112
-3.79218 0.000217377
-3.79217 0.00021513
-3.79214 0.00021493
-3.79207 0.000222996
-3.79206 0.000221234
-3.79205 0.000219167
-3.79204 0.000217318
-3.79203 0.000215172
