1.24974 0
1.2449 0.00484305
1.36695 0.122087
1.46883 0.133532
1.44566 0.105995
1.49704 0.100646
1.46416 0.0911935
1.42588 0.0877643
1.41726 0.0778794
1.37306 0.0824969
1.38366 0.0753696
1.36603 0.0710249
1.38328 0.0675713
1.39894 0.0644889
1.40282 0.0601614
1.42008 0.0588649
1.43478 0.0572133
1.43875 0.054087
1.41308 0.0572397
1.39176 0.0583382
1.41223 0.0591458
1.43319 0.0601626
1.46772 0.067063
1.48586 0.0667214
1.47993 0.0642711
1.47291 0.0621477
1.46311 0.0606001
1.4452 0.0610779
1.43622 0.0596152
1.44501 0.0582604
1.43515 0.0572055
1.43549 0.05539
1.4412 0.0539885
1.45194 0.0534647
1.46525 0.0535937
1.47432 0.0528685
1.47489 0.051423
1.47143 0.0501711
1.47111 0.0488688
1.46608 0.0478962
1.45713 0.0475631
1.4512 0.0467938
1.454 0.0457784
1.46317 0.0456563
1.46674 0.044772
1.46498 0.0438232
1.4738 0.0437801
1.4749 0.0428723
1.48088 0.0424113
1.49264 0.0431868
1.48378 0.0432478
1.47781 0.0428257
1.47099 0.0425607
1.46922 0.0418027
1.45476 0.0435085
1.44177 0.0446552
1.44482 0.0439709
1.4499 0.0435035
1.45358 0.042918
1.45854 0.0424865
1.45701 0.0418121
1.44883 0.0419382
1.44011 0.0421778
1.43257 0.0421918
1.42361 0.0424943
1.42256 0.0418585
1.41903 0.0413797
1.41585 0.0408909
1.41996 0.0405037
1.42189 0.0399671
1.42033 0.0394309
1.42174 0.038905
1.42321 0.0383963
1.42526 0.0379293
1.42854 0.0375637
1.4292 0.037072
1.42366 0.0370043
1.42348 0.0365272
1.42954 0.0365683
1.436 0.0366813
1.44181 0.0366889
1.44709 0.0366216
1.45021 0.0363118
1.44903 0.0358965
1.45589 0.0361297
1.45845 0.0357989
1.45814 0.0353865
1.4601 0.0350372
1.46206 0.0346968
1.46067 0.0343373
1.45842 0.0340325
1.46407 0.0341317
1.46821 0.0340161
1.46947 0.0336757
1.46453 0.0336837
1.46169 0.0334515
1.46488 0.0332581
1.46773 0.0330404
1.46765 0.0327051
1.46085 0.0330834
