-5.47344 0
-5.47886 0.00542551
-5.46434 0.0148546
-5.44702 0.0202639
-5.45571 0.0179439
-5.44069 0.0209798
-5.44603 0.0185171
-5.45395 0.0178831
-5.45641 0.0159623
-5.46863 0.0187926
-5.46389 0.0176456
-5.46816 0.0166642
-5.46674 0.0153949
-5.46792 0.0143022
-5.47012 0.0134947
-5.46575 0.0133597
-5.46038 0.0136498
-5.45779 0.0131264
-5.46299 0.0134612
-5.46736 0.0134967
-5.46192 0.0139435
-5.45774 0.013934
-5.45011 0.0153469
-5.44554 0.0153877
-5.44685 0.014817
-5.44764 0.0142577
-5.44846 0.013744
-5.45162 0.0136153
-5.4537 0.0133017
-5.45218 0.0129407
-5.45533 0.0129067
-5.45512 0.0124985
-5.45433 0.0121395
-5.45279 0.0118773
-5.45069 0.0117234
-5.4491 0.0115026
-5.44854 0.0112017
-5.44876 0.0109052
-5.44819 0.0106371
-5.44924 0.0104202
-5.45159 0.0104319
-5.45296 0.0102722
-5.4515 0.0101365
-5.44796 0.0105162
-5.44591 0.0104823
-5.44577 0.0102528
-5.44324 0.0103463
-5.44333 0.0101288
-5.44229 0.00997431
-5.4393 0.0102193
-5.44166 0.0102914
-5.44316 0.0102022
-5.44496 0.0101687
-5.44494 0.00997868
-5.44785 0.0102195
-5.45033 0.0103369
-5.44913 0.0102237
-5.44802 0.0101079
-5.44737 0.00995627
-5.44624 0.00985383
-5.44651 0.00969472
-5.44865 0.00977474
-5.45112 0.00993141
-5.45329 0.0100124
-5.45584 0.010181
-5.45615 0.0100304
-5.45701 0.00991691
-5.45773 0.00979666
-5.45657 0.00972348
-5.45605 0.0095974
-5.45665 0.00947982
-5.45623 0.00935675
-5.45559 0.00924979
-5.45469 0.00916766
-5.45345 0.00912993
-5.45309 0.00901624
-5.45438 0.00899247
-5.45437 0.00887645
-5.45276 0.00890927
-5.45129 0.0089196
-5.45004 0.00889712
-5.44884 0.00886908
-5.44833 0.00877643
-5.44914 0.00870895
-5.44779 0.00871166
-5.44756 0.00861263
-5.448 0.00852413
-5.44785 0.00842798
-5.44785 0.00833275
-5.44861 0.00827457
-5.44963 0.00824645
-5.4485 0.0082343
-5.44783 0.0081727
-5.44772 0.00808604
-5.44866 0.00805605
-5.44889 0.00797485
-5.44809 0.00793225
-5.44777 0.00785751
-5.44787 0.00777842
-5.44922 0.00781682
