-3.82548 0
-3.8273 0.00138107
-3.82719 0.000976562
-3.82748 0
-3.82686 0.000690534
-3.82661 0.000436732
-3.82602 0.000563819
-3.82613 0.00063931
-3.82634 0.00077204
-3.82621 0.000563819
-3.82643 0.000617632
-3.82644 0.000588889
-3.82647 0.000630368
-3.82647 0.000541699
-3.82647 0.000452061
-3.82633 0.000504295
-3.82643 0.000488281
-3.82652 0.000473702
-3.8265 0.000514694
-3.82659 0.000448078
-3.82667 0.000488281
-3.82663 0.000476514
-3.82675 0.000509993
-3.82686 0.000498783
-3.82682 0.000488281
-3.82669 0.000436732
-3.8266 0.000383039
-3.82651 0.000375879
-3.82646 0.000260997
-3.82652 0.000362686
-3.82646 0.000308816
-3.82641 0.000350792
-3.82644 0.000345267
-3.82652 0.000416408
-3.82655 0.000290082
-3.82658 0.000330138
-3.8266 0.00039868
-3.82668 0.000454092
-3.8268 0.000419138
-3.82687 0.000469125
-3.82683 0.000488281
-3.82682 0.00048229
-3.8268 0.000521995
-3.82682 0.000536954
-3.82672 0.000530818
-3.82672 0.000524887
-3.82668 0.000498783
-3.82663 0.000513597
-3.82659 0.000508219
-3.82655 0.000441166
-3.82651 0.000478416
-3.82643 0.000493045
-3.82635 0.000449153
-3.82631 0.000402424
-3.82626 0.000420246
-3.82623 0.000416408
-3.82618 0.000391496
-3.82615 0.000388047
-3.82613 0.000362686
-3.82613 0.000359599
-3.82614 0.00035659
-3.82609 0.000353655
-3.82604 0.000372071
-3.82601 0.000347996
-3.82601 0.000345267
-3.82596 0.000342601
-3.82585 0.000318037
-3.82581 0.000357918
-3.82575 0.000313325
-3.82566 0.000332522
-3.82568 0.000308816
-3.82569 0.000306634
-3.82569 0.000304497
-3.82563 0.000279972
-3.82561 0.000253845
-3.82557 0.000252147
-3.82556 0.000296375
-3.82554 0.000248851
-3.82549 0.000247251
-3.8255 0.000190304
-3.82552 0.000244141
-3.82556 0.000217014
-3.82559 0.000264161
-3.82564 0.000283602
-3.82565 0.000281909
-3.82567 0.000259458
-3.82567 0.000257945
-3.82568 0.000277006
-3.82569 0.000254997
-3.8257 0.00025356
-3.82572 0.00027235
-3.82573 0.000307115
-3.82577 0.000305441
-3.82578 0.000320227
-3.82581 0.000302174
-3.82583 0.000265086
-3.82583 0.000263702
-3.82583 0.000297465
-3.82582 0.000295943
-3.82584 0.000310372
