-0.441675 0
-0.438189 0.00348489
-0.451862 0.0138204
-0.459374 0.0123259
-0.447841 0.0149718
-0.439074 0.0150433
-0.440275 0.0127705
-0.44078 0.0110711
-0.438861 0.00995051
-0.437106 0.00907116
-0.436964 0.00820636
-0.435643 0.00760701
-0.436666 0.00707174
-0.437373 0.00658519
-0.433922 0.00703521
-0.432545 0.00672348
-0.433989 0.00647843
-0.437484 0.00703736
-0.44114 0.0075944
-0.442848 0.00740452
-0.443914 0.0071233
-0.443386 0.00681223
-0.442453 0.00657585
-0.441381 0.00638648
-0.439322 0.00646253
-0.437902 0.00636936
-0.436578 0.00627021
-0.432276 0.00741725
-0.429494 0.00767869
-0.426592 0.00796569
-0.42466 0.00794302
-0.422304 0.00804341
-0.420444 0.00801489
-0.418745 0.007959
-0.417915 0.0077726
-0.416324 0.00771955
-0.415091 0.00760851
-0.412941 0.00771122
-0.410766 0.00781957
-0.409126 0.00779612
-0.408261 0.0076526
-0.408095 0.00747002
-0.407276 0.00734009
-0.407176 0.00717206
-0.407623 0.00702512
-0.40682 0.00691749
-0.406407 0.00678127
-0.405208 0.0067459
-0.404269 0.00667319
-0.403378 0.00659874
-0.402573 0.00651798
-0.401651 0.00645757
-0.402061 0.00634786
-0.401594 0.00624671
-0.401803 0.00613567
-0.401984 0.00602787
-0.401762 0.00592526
-0.401526 0.00582707
-0.400967 0.00575463
-0.400008 0.00573856
-0.398749 0.00578238
-0.398183 0.00571645
-0.398402 0.00562926
-0.398074 0.00555029
-0.397303 0.00551837
-0.397251 0.00543438
-0.397241 0.00535265
-0.397361 0.0052747
-0.397816 0.00521764
-0.397433 0.00515688
-0.396933 0.00510819
-0.396074 0.00510959
-0.395828 0.0050451
-0.395144 0.00502316
-0.393985 0.00508954
-0.393039 0.00511048
-0.392462 0.00507663
-0.392069 0.00502645
-0.391517 0.00499306
-0.391134 0.00494509
-0.390649 0.00490768
-0.39031 0.0048593
-0.390181 0.00480211
-0.389782 0.0047614
-0.389152 0.00474707
-0.388675 0.00471573
-0.388514 0.00466398
-0.388603 0.00461155
-0.388533 0.00455998
-0.388678 0.00451139
-0.388333 0.00447484
-0.387597 0.00448676
-0.387037 0.00447336
-0.386371 0.00447537
-0.385788 0.00446622
-0.38536 0.00444018
-0.385405 0.00439439
-0.385695 0.00435896
-0.385919 0.00432052
-0.385704 0.00428249
