1.35996 0
1.36743 0.00746128
1.3683 0.00439453
1.36697 0.00335934
1.36512 0.00319255
1.36285 0.00346301
1.36067 0.00365668
1.36009 0.00321514
1.35997 0.00284191
1.36163 0.00303407
1.36386 0.00353962
1.36611 0.00393527
1.36811 0.004136
1.37028 0.00440287
1.37307 0.00495895
1.37619 0.00559432
1.3783 0.00566083
1.37948 0.00546621
1.38127 0.00547066
1.38349 0.00564449
1.38609 0.00596673
1.38883 0.00631538
1.39166 0.00666293
1.39456 0.00700704
1.39755 0.00735602
1.40014 0.00752745
1.40252 0.00762449
1.40506 0.00777511
1.40778 0.00797992
1.41066 0.00823066
1.41336 0.00840615
1.4162 0.00861852
1.41887 0.00877082
1.42121 0.00882475
1.42356 0.0088831
1.4264 0.0090893
1.42913 0.0092534
1.43201 0.00945553
1.43499 0.00967818
1.43793 0.00988107
1.44073 0.0100377
1.44328 0.0101212
1.44541 0.0101106
1.44763 0.0101236
1.44995 0.0101653
1.45229 0.010214
1.45463 0.010265
1.45745 0.0104366
1.46033 0.0106201
1.46338 0.0108407
1.46663 0.0111131
1.46984 0.0113592
1.47291 0.0115598
1.47607 0.011776
1.47922 0.0119803
1.4821 0.0121108
1.48485 0.012211
1.48747 0.012282
1.49001 0.0123358
1.49264 0.0124101
1.49551 0.0125389
1.49825 0.0126337
1.501 0.0127321
1.50407 0.0129035
1.50722 0.0130889
1.51063 0.013332
1.51417 0.0135982
1.51774 0.0138665
1.52115 0.0140828
1.52452 0.0142822
1.52785 0.0144681
1.53112 0.014637
1.5342 0.0147582
1.53737 0.0148988
1.5407 0.0150711
1.54399 0.0152319
1.54736 0.0154064
1.5506 0.015549
1.55362 0.0156449
1.55656 0.0157257
1.55972 0.0158487
1.56293 0.0159789
1.56617 0.0161139
1.56949 0.0162639
1.5726 0.0163695
1.57553 0.0164412
1.57836 0.0164954
1.58103 0.0165242
1.5837 0.0165552
1.5864 0.0165906
1.58928 0.016658
1.59218 0.0167286
1.5952 0.0168228
1.59831 0.0169303
1.60132 0.0170195
1.60436 0.0171131
1.6073 0.0171887
1.61006 0.0172351
1.61272 0.0172655
1.61539 0.0173006
