-3.80764 0
-3.80879 0.000976562
-3.80955 0.000976562
-3.81032 0.00079736
-3.81066 0.000690534
-3.81143 0.000976562
-3.81197 0.00112764
-3.81221 0.000976562
-3.81228 0.000976562
-3.81258 0.00079736
-3.81278 0.000756442
-3.81294 0.000721239
-3.81297 0.000563819
-3.8128 0.000605638
-3.81273 0.000521995
-3.81295 0.000504295
-3.81301 0.000488281
-3.81298 0.000236851
-3.81299 0.00039868
-3.81294 0.000316839
-3.81298 0.000378221
-3.81302 0.000426207
-3.81305 0.00036062
-3.81304 0.000407255
-3.8131 0.000281909
-3.81299 0
-3.81292 -nan
-3.81296 0
-3.81286 0.000184553
-3.8127 0
-3.81259 0.000252147
-3.81242 0.000175396
-3.8123 0.000172633
-3.8122 0.000240413
-3.81213 0.000290082
-3.8121 0.000330138
-3.81207 0.000230178
-3.81214 0.000358991
-3.81217 0.000354236
-3.81213 0.000383039
-3.81219 0.000436732
-3.81226 0.00034103
-3.81218 0.000336946
-3.81211 0.000364789
-3.81211 0.00036062
-3.81212 0.000325521
-3.81212 0.000287973
-3.81212 0.000284893
-3.81205 0.00019934
-3.81202 0.000241637
-3.81192 0.000239208
-3.81186 0.000136746
-3.81176 0.00027085
-3.81171 0.000232339
-3.8116 0.000265787
-3.81157 0.000186223
-3.81153 0.000184553
-3.81153 0.000224039
-3.81157 0.000181343
-3.81154 0.0001798
-3.81149 0.000281909
-3.81143 0.000250072
-3.81144 0.000214815
-3.81143 0.000213103
-3.81141 0.00012207
-3.81143 0.0001713
-3.81145 0
-3.81143 0.000206644
-3.81142 0.000205119
-3.81142 0.000203627
-3.81142 0.000165069
-3.81143 0.000163903
-3.81143 0.00016276
-3.81143 0.000161642
-3.81144 0.000160546
-3.81149 0.000159472
-3.81152 0
-3.81156 0.00011129
-3.8116 0.000110574
-3.81163 0
-3.81166 -nan
-3.81168 0
-3.81168 0.000152513
-3.81167 0.000107192
-3.81168 -nan
-3.81172 -nan
-3.81177 -nan
-3.81178 -nan
-3.8118 -nan
-3.81179 -nan
-3.81177 -nan
-3.81175 -nan
-3.81175 -nan
-3.81177 -nan
-3.81179 -nan
-3.8118 -nan
-3.8118 -nan
-3.81181 -nan
-3.81184 -nan
-3.81186 -nan
