-5.42799 0
-5.46713 0.0391357
-5.48315 0.0277247
-5.48612 0.019806
-5.48366 0.0155024
-5.48018 0.0131456
-5.47602 0.0118804
-5.46872 0.0126254
-5.46727 0.0112305
-5.46482 0.0103144
-5.46567 0.00939735
-5.46328 0.00889203
-5.46479 0.00834375
-5.46469 0.00770852
-5.46322 0.00733584
-5.46498 0.00706913
-5.46724 0.00701665
-5.46612 0.00669916
-5.4652 0.00641202
-5.46605 0.00612737
-5.46599 0.00581854
-5.46534 0.00560588
-5.46489 0.00537311
-5.46327 0.00540284
-5.46401 0.00521342
-5.46412 0.00502527
-5.46361 0.00486022
-5.46428 0.00471725
-5.46361 0.00460274
-5.46211 0.00469395
-5.46163 0.00457354
-5.45927 0.00502869
-5.45978 0.004895
-5.45955 0.00475994
-5.46045 0.00471328
-5.45968 0.00465132
-5.45913 0.00455147
-5.45844 0.00448955
-5.45939 0.00447517
-5.45909 0.00436172
-5.45947 0.00426233
-5.46049 0.00428669
-5.45997 0.00422998
-5.45934 0.0041752
-5.45939 0.00408525
-5.46061 0.00417378
-5.4603 0.00408272
-5.4608 0.00403402
-5.46089 0.00395176
-5.46061 0.00387122
-5.45993 0.00386699
-5.45951 0.00381421
-5.45951 0.00372849
-5.45979 0.00367361
-5.45879 0.00374467
-5.45872 0.00368232
-5.45767 0.00375963
-5.45825 0.00374889
-5.45798 0.00368533
-5.45776 0.00363622
-5.45759 0.00359255
-5.45715 0.00354979
-5.45754 0.00350792
-5.45784 0.00346689
-5.45763 0.00342233
-5.45657 0.00353975
-5.45692 0.00349634
-5.45631 0.0034906
-5.45644 0.00343638
-5.45713 0.00345967
-5.45745 0.00342693
-5.45779 0.00340271
-5.45776 0.00334749
-5.45773 0.00330082
-5.4577 0.00325477
-5.45725 0.00324085
-5.45752 0.00321166
-5.45772 0.00317517
-5.45814 0.00315862
-5.45843 0.00313472
-5.45856 0.00310356
-5.45836 0.00307287
-5.45815 0.00305027
-5.45772 0.00303563
-5.45788 0.00300997
-5.4579 0.00296585
-5.45808 0.00294479
-5.45785 0.00292407
-5.45723 0.0029518
-5.45694 0.00293517
-5.45697 0.00290061
-5.45704 0.0028664
-5.45771 0.00291905
-5.45846 0.00298688
-5.45887 0.00298118
-5.45882 0.00294507
-5.45849 0.00293646
-5.4588 0.00292465
-5.45881 0.00289292
-5.45889 0.00286485
