1.08023 0
1.10556 0.0253272
1.11573 0.0178139
1.1172 0.0126844
1.11534 0.0100008
1.1125 0.00864547
1.10937 0.00795239
1.10434 0.00852547
1.10333 0.00758704
1.10149 0.00702797
1.10193 0.00637483
1.10023 0.00606209
1.10121 0.00566368
1.10126 0.00524411
1.10033 0.0049701
1.10136 0.00476085
1.10282 0.00470565
1.10209 0.0044955
1.10148 0.004297
1.10207 0.0041189
1.10201 0.00391996
1.10155 0.00376566
1.10123 0.0036122
1.10015 0.00362262
1.10061 0.00350549
1.10075 0.0033702
1.10046 0.00325654
1.10088 0.00316652
1.1005 0.00307988
1.09961 0.00310476
1.09936 0.00301261
1.0979 0.00326608
1.09832 0.0031943
1.09823 0.003101
1.09888 0.0030802
1.09839 0.00303476
1.09804 0.00297177
1.09753 0.00293683
1.09815 0.0029254
1.09798 0.00285572
1.09819 0.00279378
1.09882 0.00279926
1.09852 0.00274926
1.09815 0.002712
1.09819 0.00265154
1.09899 0.00271425
1.09878 0.00266277
1.09912 0.00262899
1.09923 0.00257797
1.09906 0.00253094
1.09867 0.00251073
1.09843 0.00247374
1.0985 0.00242634
1.09872 0.00239161
1.09813 0.00242189
1.0981 0.00237845
1.09742 0.00243223
1.09781 0.00242119
1.09761 0.00238907
1.09748 0.00235119
1.0974 0.00231441
1.09714 0.0022911
1.0974 0.00226831
1.09761 0.00224308
1.09748 0.00221247
1.09676 0.00229464
1.09698 0.00227084
1.09658 0.00227113
1.09668 0.00224072
1.09714 0.00225489
1.09735 0.0022334
1.09757 0.00221306
1.09755 0.00218252
1.09753 0.00215278
1.0975 0.0021242
1.09718 0.00212164
1.09733 0.00209906
1.09744 0.00207422
1.09769 0.00206347
1.09787 0.00204521
1.09793 0.00201989
1.09779 0.00200003
1.09765 0.00198084
1.09737 0.00197797
1.09747 0.00195712
1.09745 0.00193473
1.09755 0.00191369
1.09738 0.00189978
1.09696 0.00192518
1.09677 0.00191224
1.0968 0.00189181
1.09686 0.00187231
1.0973 0.00190442
1.09779 0.00194523
1.09805 0.00194303
1.09802 0.00192269
1.09779 0.00191622
1.098 0.00190664
1.09798 0.00188724
1.09802 0.00186901
