1.62035 0
1.65834 0.0379888
1.6736 0.026722
1.6758 0.0190242
1.67301 0.0149983
1.66875 0.0129629
1.66405 0.0119238
1.65651 0.0127862
1.65499 0.0113807
1.65224 0.0105443
1.65289 0.00956084
1.65034 0.0090921
1.65182 0.00849127
1.6519 0.00786281
1.65049 0.00745329
1.65203 0.0071396
1.65423 0.00705583
1.65314 0.00673986
1.65222 0.00644087
1.65311 0.00617734
1.65301 0.00587664
1.65232 0.00564523
1.65184 0.0054153
1.65023 0.00543059
1.65092 0.00525423
1.65113 0.0050546
1.65069 0.00488375
1.65133 0.00474896
1.65075 0.00461751
1.64941 0.00465791
1.64905 0.00451759
1.64684 0.00489775
1.64749 0.00479038
1.64735 0.00465014
1.64832 0.00462012
1.64758 0.00455064
1.64706 0.00445663
1.6463 0.00440332
1.64722 0.00438524
1.64696 0.00428037
1.64728 0.00418899
1.64823 0.00419551
1.64779 0.00412054
1.64723 0.00406416
1.64728 0.00397364
1.64849 0.00406771
1.64818 0.00399351
1.64868 0.00394309
1.64884 0.00386535
1.64859 0.00379634
1.64801 0.00376642
1.64765 0.00371109
1.64775 0.00364202
1.64808 0.00358812
1.64719 0.00363215
1.64715 0.00356691
1.64614 0.0036493
1.64672 0.00363272
1.64642 0.00358296
1.64622 0.00352964
1.6461 0.00347218
1.64571 0.00343735
1.64609 0.00340388
1.64642 0.00336609
1.64622 0.00331899
1.64513 0.0034431
1.64547 0.00340738
1.64488 0.00340859
1.64502 0.0033616
1.64571 0.00338393
1.64602 0.00335155
1.64636 0.00332231
1.64633 0.003276
1.6463 0.00323183
1.64626 0.00318927
1.64577 0.00318495
1.646 0.00315151
1.64616 0.00311462
1.64654 0.00309804
1.6468 0.00307101
1.6469 0.00303364
1.64668 0.00300507
1.64647 0.00297597
1.64605 0.00296962
1.6462 0.00293791
1.64618 0.00290469
1.64632 0.0028738
1.64607 0.00285195
1.64543 0.00289012
1.64516 0.00287057
1.6452 0.00283829
1.64529 0.0028087
1.64596 0.00285714
1.64668 0.00291961
1.64708 0.00291537
1.64702 0.0028848
1.64669 0.00287492
1.647 0.00286178
1.64697 0.00283258
1.64703 0.00280496
