1.51889 0
1.43003 0.0888551
1.36368 0.0838718
1.3482 0.0612928
1.35861 0.0486039
1.36768 0.0407108
1.38177 0.03718
1.39949 0.0367497
1.40367 0.0326788
1.41214 0.0304314
1.41879 0.0283178
1.42522 0.0266387
1.42249 0.0246554
1.41627 0.0236587
1.42244 0.0228734
1.40719 0.0262757
1.39884 0.0260554
1.40143 0.0247009
1.40703 0.0240276
1.4023 0.0232812
1.39827 0.0225081
1.39898 0.0214727
1.3973 0.020586
1.40589 0.0214987
1.40098 0.0211975
1.39999 0.0203901
1.40534 0.0203348
1.40294 0.019741
1.40444 0.0191069
1.40999 0.0192761
1.41407 0.0190856
1.42699 0.0225454
1.43045 0.0221242
1.43261 0.021572
1.4322 0.0209506
1.43672 0.0208553
1.44035 0.0206061
1.44168 0.0201003
1.43573 0.0204629
1.4363 0.019953
1.4326 0.0198087
1.43018 0.0194831
1.43282 0.019208
1.43197 0.0187854
1.4295 0.0185285
1.42253 0.0194174
1.42453 0.0191049
1.42168 0.0189182
1.42274 0.0185586
1.42467 0.0182859
1.42965 0.0186027
1.43213 0.0184089
1.43168 0.0180636
1.42812 0.0180807
1.43327 0.0184814
1.43335 0.0181486
1.43646 0.018098
1.43307 0.0181054
1.43478 0.0178779
1.43732 0.0177598
1.43821 0.0174891
1.43985 0.0172827
1.43779 0.0171305
1.43507 0.0170794
1.4372 0.0169495
1.44108 0.0171352
1.43749 0.0172546
1.43746 0.0169991
1.4402 0.0169747
1.43735 0.016972
1.43823 0.0167543
1.43743 0.016539
1.43748 0.0163111
1.43655 0.0161159
1.43554 0.0159319
1.43657 0.0157546
1.43617 0.0155537
1.43591 0.0153551
1.43555 0.0151638
1.43505 0.0149812
1.43455 0.0148037
1.43489 0.0146261
1.43608 0.0144978
1.43773 0.014419
1.43782 0.0142486
1.43891 0.0141239
1.43769 0.0140133
1.43863 0.0138848
1.43971 0.0137703
1.44173 0.013766
1.44152 0.0136152
1.44044 0.0135099
1.43798 0.0135879
1.4349 0.0137922
1.43317 0.0137546
1.43465 0.0136899
1.43647 0.0136698
1.43525 0.0135838
1.43548 0.0134479
1.43525 0.0133147
