1.18874 0
1.19187 0.00312444
1.201 0.00931022
1.20182 0.00663433
1.19988 0.00549346
1.19669 0.00550631
1.19507 0.00492673
1.19675 0.00458765
1.1973 0.0040829
1.19833 0.00379489
1.19778 0.00347631
1.19946 0.00359028
1.20114 0.00370168
1.20175 0.00348215
1.20148 0.00325315
1.20394 0.00390997
1.20405 0.0036746
1.20556 0.00377693
1.20671 0.00375352
1.20759 0.00366872
1.20831 0.00356403
1.20788 0.00342572
1.20654 0.0035373
1.20596 0.00343673
1.20478 0.00350035
1.20475 0.00336311
1.20466 0.00323746
1.20474 0.00312056
1.20413 0.00307147
1.20292 0.00320556
1.20139 0.00345463
1.2004 0.00348849
1.19957 0.00348309
1.19942 0.00338233
1.20016 0.00336628
1.20015 0.00327144
1.20009 0.00318242
1.20034 0.00310801
1.20062 0.00303964
1.20157 0.00311091
1.20098 0.00308975
1.20006 0.00315164
1.1997 0.00309885
1.19867 0.00320007
1.1977 0.00327356
1.19712 0.00325321
1.19685 0.00319464
1.19645 0.00315346
1.19602 0.0031178
1.19599 0.00305498
1.19583 0.00299862
1.19527 0.00299395
1.1945 0.00303628
1.19428 0.00298759
1.19453 0.00294393
1.19456 0.00289099
1.19434 0.00284868
1.19443 0.00280069
1.1948 0.00277741
1.19478 0.00273079
1.19471 0.0026865
1.19469 0.00264287
1.19513 0.00263723
1.19516 0.00259581
1.19554 0.00258401
1.19581 0.00255915
1.19611 0.00253858
1.19663 0.00255371
1.19682 0.00252356
1.19719 0.0025147
1.19709 0.00248092
1.1972 0.00244883
1.19686 0.00243885
1.19659 0.00242117
1.19643 0.00239429
1.19641 0.00236264
1.19619 0.00234242
1.19579 0.00234584
1.19583 0.00231629
1.1962 0.00231736
1.19659 0.00232175
1.19649 0.00229542
1.1962 0.00228689
1.19557 0.0023465
1.19491 0.00240883
1.19425 0.00247076
1.19357 0.002536
1.1931 0.00255088
1.19288 0.00253104
1.1929 0.00250279
1.19287 0.00247529
1.19243 0.00248689
1.19205 0.00248986
1.19128 0.00258109
1.19074 0.00260921
1.19046 0.00259722
1.19048 0.00257036
1.1906 0.00254696
1.19083 0.00253193
1.19096 0.00250967
