1.78311 0
1.7878 0.00468666
1.8015 0.0139653
1.80273 0.00995149
1.79982 0.00824018
1.79503 0.00825946
1.7926 0.00739009
1.79513 0.00688147
1.79595 0.00612434
1.7975 0.00569233
1.79668 0.00521446
1.7992 0.00538543
1.8017 0.00555252
1.80263 0.00522322
1.80222 0.00487973
1.8059 0.00586495
1.80608 0.00551191
1.80833 0.00566539
1.81006 0.00563028
1.81138 0.00550308
1.81247 0.00534605
1.81182 0.00513857
1.80981 0.00530595
1.80893 0.0051551
1.80717 0.00525052
1.80713 0.00504467
1.80699 0.00485619
1.8071 0.00468083
1.80619 0.0046072
1.80437 0.00480834
1.80209 0.00518194
1.8006 0.00523273
1.79935 0.00522464
1.79913 0.00507349
1.80023 0.00504942
1.80023 0.00490716
1.80013 0.00477363
1.80051 0.00466202
1.80093 0.00455947
1.80235 0.00466636
1.80147 0.00463462
1.8001 0.00472746
1.79955 0.00464827
1.798 0.0048001
1.79655 0.00491034
1.79568 0.00487981
1.79528 0.00479196
1.79467 0.00473019
1.79403 0.0046767
1.79398 0.00458247
1.79375 0.00449792
1.7929 0.00449092
1.79175 0.00455443
1.79142 0.00448138
1.7918 0.0044159
1.79184 0.00433648
1.7915 0.00427302
1.79164 0.00420103
1.7922 0.00416611
1.79217 0.00409618
1.79207 0.00402974
1.79204 0.00396431
1.7927 0.00395584
1.79273 0.00389371
1.79331 0.00387601
1.79372 0.00383872
1.79417 0.00380788
1.79494 0.00383057
1.79523 0.00378534
1.79578 0.00377205
1.79564 0.00372137
1.79581 0.00367325
1.7953 0.00365827
1.79489 0.00363175
1.79464 0.00359144
1.79462 0.00354396
1.79428 0.00351362
1.79369 0.00351876
1.79375 0.00347443
1.7943 0.00347604
1.79489 0.00348263
1.79474 0.00344313
1.7943 0.00343034
1.79335 0.00351975
1.79237 0.00361324
1.79138 0.00370614
1.79035 0.003804
1.78965 0.00382632
1.78933 0.00379656
1.78934 0.00375419
1.7893 0.00371294
1.78865 0.00373034
1.78807 0.00373478
1.78691 0.00387164
1.78611 0.00391382
1.78569 0.00389582
1.78572 0.00385554
1.7859 0.00382044
1.78625 0.00379789
1.78644 0.0037645
