1.3246 0
1.32457 3.00015e-05
1.32454 3.25433e-05
1.32455 2.50288e-05
1.32453 2.48345e-05
1.32454 2.21996e-05
1.32454 2.01614e-05
1.32454 1.74887e-05
1.32454 1.71086e-05
1.32454 1.54637e-05
1.32455 1.39983e-05
1.32455 1.35394e-05
1.32456 1.46949e-05
1.32457 1.60515e-05
1.32456 1.53009e-05
1.32456 1.61596e-05
1.32455 1.68004e-05
1.32453 2.2961e-05
1.32452 2.43088e-05
1.32451 2.51498e-05
1.3245 2.49992e-05
1.3245 2.44376e-05
1.32449 2.36511e-05
1.32449 2.27112e-05
1.32449 2.22928e-05
1.32449 2.1437e-05
1.32449 2.06606e-05
1.32449 1.99642e-05
1.32449 1.94431e-05
1.32449 1.88015e-05
1.32448 1.88938e-05
1.32448 1.87976e-05
1.32447 1.90669e-05
1.32447 1.87749e-05
1.32447 1.82539e-05
1.32447 1.80549e-05
1.32447 1.7683e-05
1.32448 1.77803e-05
1.32448 1.74985e-05
1.32448 1.75735e-05
1.32449 1.89703e-05
1.32449 1.87695e-05
1.3245 1.91343e-05
1.32451 1.98841e-05
1.32451 1.94606e-05
1.32451 1.92396e-05
1.3245 1.91501e-05
1.3245 1.93796e-05
1.32449 1.95139e-05
1.32449 1.93125e-05
1.32449 1.91577e-05
1.32449 1.88608e-05
1.32449 1.85061e-05
1.32449 1.84472e-05
1.32449 1.82045e-05
1.32449 1.79932e-05
1.3245 1.76762e-05
1.32449 1.74044e-05
1.32449 1.7107e-05
1.32449 1.70327e-05
1.32449 1.68373e-05
1.32449 1.66e-05
1.32449 1.6356e-05
1.32449 1.61533e-05
1.32449 1.59147e-05
1.32449 1.56775e-05
1.32449 1.54427e-05
1.32449 1.52481e-05
1.32449 1.50916e-05
1.32449 1.48748e-05
1.32449 1.46691e-05
1.32449 1.45404e-05
1.32449 1.43451e-05
1.32449 1.41518e-05
1.32449 1.4028e-05
1.32449 1.38462e-05
1.32449 1.37007e-05
1.32449 1.35336e-05
1.32449 1.33626e-05
1.32449 1.32211e-05
1.32449 1.32349e-05
1.3245 1.33601e-05
1.3245 1.34623e-05
1.3245 1.35241e-05
1.3245 1.35063e-05
1.3245 1.35136e-05
1.32451 1.34641e-05
1.32451 1.3312e-05
1.32451 1.317e-05
1.32451 1.30284e-05
1.32451 1.29021e-05
1.32451 1.27937e-05
1.32451 1.26908e-05
1.32451 1.26251e-05
1.32451 1.25479e-05
1.32451 1.2443e-05
1.32451 1.24907e-05
1.32451 1.24235e-05
1.3245 1.239e-05
1.3245 1.22807e-05
