0.0444018 0
0.0452091 0.000807235
0.046631 0.00149642
0.0472923 0.00124777
0.0473005 0.000966552
0.0471904 0.000796828
0.0472833 0.000679817
0.0482975 0.00117267
0.0480154 0.00107197
0.0482092 0.000978187
0.0479825 0.000913397
0.0479833 0.000833814
0.0480408 0.000769154
0.0477757 0.000759864
0.0474887 0.000763387
0.0476052 0.000723535
0.0473603 0.000722437
0.0474949 0.000694288
0.0475709 0.000661118
0.0475706 0.000627191
0.0476428 0.000600928
0.04766 0.000573219
0.0474571 0.000584085
0.0474116 0.000561071
0.0473112 0.000547429
0.0473853 0.000531137
0.0472449 0.000530008
0.0472245 0.000511135
0.0470753 0.000515276
0.0469808 0.000506702
0.046913 0.000494746
0.0469614 0.000481471
0.0471076 0.000489039
0.0471885 0.000481278
0.0472967 0.000479697
0.0471687 0.000483438
0.0470374 0.000488188
0.0470353 0.000475172
0.046942 0.000472122
0.0470959 0.000485219
0.0471861 0.000481744
0.04717 0.000470409
0.0471887 0.00045972
0.0471038 0.000457103
0.0471057 0.000446833
0.0470427 0.000441523
0.047066 0.000432655
0.0470211 0.000425922
0.0472083 0.000457226
0.0472072 0.00044799
0.047184 0.00043973
0.0472546 0.000436941
0.0472931 0.000430343
0.0472225 0.000428159
0.0472341 0.000420462
0.0472046 0.000413937
0.0472375 0.00040794
0.04717 0.000406489
0.0471963 0.000400404
0.0472455 0.000396736
0.0471852 0.00039482
0.0471841 0.000388402
0.0471947 0.000382333
0.0471309 0.000381672
0.0470487 0.000384649
0.0470238 0.000379594
0.0471087 0.000383404
0.0471682 0.000382393
0.0471141 0.000380685
0.0471059 0.000375295
0.0471096 0.00036999
0.0471418 0.000366228
0.0471056 0.00036298
0.0470994 0.000358095
0.0471582 0.000358146
0.0471931 0.000355117
0.0471978 0.000350507
0.0472269 0.000347201
0.0472648 0.000344865
0.0472842 0.00034108
0.047366 0.000346643
0.0473046 0.000347851
0.0473158 0.000343816
0.047288 0.000340835
0.0472754 0.000337035
0.0472863 0.000333271
0.0472453 0.000331958
0.0472212 0.000329047
0.0472261 0.000325365
0.0472924 0.0003285
0.0472931 0.00032487
0.0472333 0.000326853
0.0471979 0.000325248
0.0471127 0.000332862
0.0471032 0.000329476
0.0470666 0.000328071
0.0470688 0.000324679
0.0470453 0.000322209
0.0470738 0.000320213
0.0471132 0.000319431
