-0.458515 0
-0.463231 0.00471666
-0.47696 0.0139957
-0.478181 0.0099716
-0.475285 0.0082493
-0.470485 0.00827076
-0.468066 0.0073967
-0.470596 0.00688716
-0.471411 0.00612833
-0.472957 0.00569515
-0.472132 0.00521707
-0.474646 0.00538544
-0.477146 0.00554901
-0.478063 0.00521852
-0.477657 0.00487509
-0.481347 0.00586629
-0.481528 0.0055134
-0.483801 0.00567332
-0.485539 0.00564077
-0.486873 0.00551516
-0.487967 0.00535878
-0.487322 0.00514994
-0.485315 0.00531458
-0.48444 0.00516295
-0.482679 0.00525602
-0.482643 0.00504995
-0.482505 0.0048613
-0.482613 0.00468572
-0.481706 0.00461131
-0.479888 0.00481171
-0.477608 0.0051826
-0.476126 0.00523212
-0.474877 0.00522271
-0.474658 0.00507148
-0.475767 0.00504772
-0.475756 0.00490552
-0.47566 0.00477207
-0.476038 0.00466015
-0.476446 0.00455742
-0.477865 0.00466318
-0.476981 0.00463311
-0.475603 0.00472696
-0.475052 0.00464843
-0.473491 0.00480244
-0.472043 0.00491281
-0.47118 0.00488169
-0.470779 0.00479349
-0.470176 0.00473106
-0.469541 0.00467692
-0.469495 0.00458266
-0.469262 0.00449795
-0.468415 0.00449127
-0.467259 0.00455465
-0.466927 0.00448184
-0.467309 0.00441618
-0.467345 0.00433675
-0.467008 0.0042733
-0.467149 0.00420134
-0.467702 0.00416642
-0.467677 0.00409647
-0.467577 0.00402998
-0.467551 0.00396454
-0.468207 0.00395592
-0.468243 0.00389378
-0.468816 0.00387599
-0.469225 0.00383875
-0.469677 0.00380788
-0.470452 0.00383078
-0.470738 0.00378565
-0.471294 0.00377234
-0.471149 0.00372164
-0.47132 0.00367358
-0.47081 0.00365865
-0.4704 0.00363209
-0.470153 0.00359187
-0.470127 0.00354439
-0.469791 0.00351414
-0.469197 0.00351935
-0.469255 0.00347502
-0.469814 0.00347647
-0.470398 0.00348269
-0.470247 0.00344331
-0.469799 0.00343086
-0.468847 0.00352091
-0.467866 0.00361487
-0.466872 0.00370826
-0.465846 0.00380647
-0.465139 0.00382868
-0.464819 0.00379893
-0.464838 0.00375652
-0.464795 0.00371526
-0.464139 0.00373276
-0.463561 0.00373729
-0.462403 0.0038744
-0.461602 0.00391625
-0.46118 0.00389813
-0.461209 0.00385784
-0.461394 0.00382277
-0.461747 0.00380033
-0.461937 0.00376694
