1.36149 0
1.36026 0.00124488
1.35899 0.00146484
1.35888 0.00105481
1.35882 0.000809723
1.35876 0.000707587
1.35868 0.000581171
1.3587 0.000505419
1.35917 0.000622439
1.35996 0.000969757
1.36078 0.00120597
1.36158 0.00134931
1.36245 0.00151485
1.36333 0.00165861
1.3641 0.00172633
1.36484 0.00177625
1.3656 0.00183512
1.36628 0.0018612
1.3669 0.00186465
1.36742 0.00184407
1.36779 0.00179406
1.36803 0.00172798
1.36827 0.001664
1.3685 0.00161303
1.36866 0.0015553
1.36878 0.00149704
1.36884 0.00144436
1.36877 0.00138904
1.36859 0.00135461
1.3683 0.00133721
1.36807 0.00131323
1.36789 0.00128441
1.36782 0.00124637
1.36779 0.00121105
1.36779 0.00117086
1.36776 0.00114065
1.36759 0.00112322
1.36734 0.00111951
1.36713 0.00111035
1.36697 0.00109463
1.36681 0.0010781
1.36667 0.00106076
1.36652 0.00104941
1.36632 0.00104513
1.36609 0.00104492
1.36586 0.00104977
1.36566 0.001047
1.36546 0.00104312
1.36527 0.00104178
1.36512 0.00103227
1.36498 0.00102073
1.36488 0.00100836
1.36476 0.000996317
1.36462 0.000985732
1.36445 0.000985563
1.36425 0.00098979
1.36398 0.00100662
1.36363 0.00104884
1.36326 0.00109559
1.36285 0.00114864
1.36246 0.00119604
1.36211 0.00122828
1.36181 0.00124411
1.36152 0.00125923
1.36126 0.00126639
1.36104 0.00126751
1.36087 0.00126002
1.36074 0.00124916
1.36069 0.00123143
1.36067 0.00121396
1.36062 0.00119817
1.3606 0.0011805
1.36057 0.00116377
1.36051 0.0011501
1.36046 0.00113523
1.36042 0.00112269
1.36033 0.00110964
1.36024 0.0010989
1.36016 0.00108762
1.36009 0.00107582
1.36004 0.00106558
1.35999 0.00105341
1.35994 0.0010421
1.35989 0.00103024
1.35984 0.00101783
1.35981 0.00100697
1.3598 0.000996236
1.35983 0.000984945
1.35988 0.000973784
1.35997 0.000967606
1.36009 0.000963591
1.36019 0.000958282
1.36029 0.00095306
1.36041 0.000951297
1.36055 0.000952235
1.36075 0.000962976
1.36096 0.000977198
1.36119 0.000990309
1.3614 0.0010042
1.36163 0.00102117
