0.0445869 0
0.0442203 0.000366529
0.0449877 0.00079602
0.0458757 0.00105142
0.045591 0.000862763
0.0459049 0.000771196
0.047276 0.00151818
0.0471629 0.00131962
0.04645 0.00136481
0.046758 0.00125895
0.0476796 0.00146503
0.0473142 0.00138641
0.0465248 0.00149989
0.0459991 0.00148478
0.045886 0.00138688
0.046294 0.00135993
0.0465367 0.00130031
0.0464831 0.0012271
0.0466819 0.00117763
0.0471653 0.00121728
0.0470533 0.00116326
0.0466727 0.00117262
0.0465305 0.00112945
0.0467602 0.00110549
0.0467804 0.00106055
0.0470398 0.00105144
0.0470841 0.00101272
0.0471426 0.00097763
0.0469529 0.000962194
0.0468903 0.000931683
0.0468449 0.000902266
0.0466583 0.000893321
0.0464557 0.000889226
0.0462296 0.000891808
0.0462189 0.000866023
0.0462764 0.000843582
0.0463297 0.000822195
0.0464545 0.000809937
0.0464401 0.000789028
0.0464161 0.000769418
0.0462817 0.000762359
0.046203 0.000748132
0.0464603 0.000774528
0.0465763 0.000765554
0.046691 0.000757098
0.0468342 0.000754171
0.0470228 0.000761675
0.0473207 0.000802909
0.0473541 0.000787064
0.0472465 0.000778632
0.0469965 0.000803102
0.04689 0.000794682
0.04691 0.000779793
0.0469581 0.000766727
0.047073 0.000761384
0.0471548 0.000752126
0.0471747 0.000739082
0.0470552 0.000735991
0.0468645 0.00074814
0.0467033 0.000753016
0.0465581 0.000754673
0.0464695 0.000747663
0.0465442 0.000739479
0.0467152 0.000747668
0.0468733 0.000752859
0.0469294 0.000743482
0.0470459 0.00074151
0.0472653 0.000762762
0.0474584 0.00077603
0.0475835 0.000775039
0.0474719 0.000772159
0.0474103 0.000763848
0.0476007 0.000777013
0.0477198 0.000775639
0.0478548 0.000777043
0.0479245 0.00076991
0.0478504 0.000763455
0.0477356 0.000762297
0.0476384 0.000758836
0.0475801 0.000751557
0.0475548 0.000742652
0.0475245 0.000734166
0.0475322 0.000725306
0.0476141 0.000721286
0.0477423 0.000724178
0.047836 0.000721817
0.0478723 0.000714393
0.0478806 0.000706275
0.0477888 0.000704307
0.0477584 0.0006971
0.0477363 0.000689752
0.0477179 0.000682461
0.0476812 0.000676082
0.0475788 0.000676648
0.0475269 0.000671492
0.0475396 0.000664584
0.047523 0.000657903
0.0475116 0.000651257
0.0474815 0.00064535
0.047434 0.000640629
