-6.3281 0
-6.32771 0
-6.32705 -nan
-6.32683 0.00112764
-6.327 0.000976562
-6.32712 -nan
-6.3272 0.00079736
-6.32705 0
-6.32709 -nan
-6.32725 0.000651042
-6.32732 0.000617632
-6.32732 0.000588889
-6.32731 0.00079736
-6.32727 0.000766079
-6.32726 0.000521995
-6.3272 0.00071318
-6.32711 0.000488281
-6.32712 0.000473702
-6.32702 0.00079736
-6.32699 0.000448078
-6.32694 0.000617632
-6.32682 0.000602747
-6.3267 0.000721239
-6.32656 0.000575945
-6.32652 0.000563819
-6.32647 0.000552427
-6.32641 0.000383039
-6.32636 0.000375879
-6.32633 0.000369106
-6.32627 0
-6.32625 0
-6.32618 0
-6.32617 0
-6.32607 -nan
-6.32596 -nan
-6.32589 0
-6.32584 -nan
-6.32577 0
-6.32575 0
-6.3257 0
-6.32567 0
-6.3256 -nan
-6.32555 -nan
-6.32548 -nan
-6.32542 -nan
-6.32533 -nan
-6.32528 -nan
-6.32522 0
-6.32515 0.000281909
-6.32507 0.000279018
-6.32504 0.000276214
-6.32499 0
-6.32493 -nan
-6.3249 0
-6.32484 0.000375879
-6.3248 0.000372446
-6.32476 0.000369106
-6.3247 0.000365854
-6.32467 0.000444198
-6.32463 0.000440418
-6.32459 0.000504295
-6.32457 0.000500144
-6.32456 0.000607589
-6.32455 0.000550231
-6.32454 0.000422864
-6.32453 0.000484511
-6.32452 0.000416408
-6.3245 0.000413288
-6.32449 0.000473702
-6.32447 0.000470257
-6.32446 0.000404335
-6.32445 0.000401478
-6.32445 0.000325521
-6.32443 0.000228596
-6.32443 0.000321092
-6.32442 0.000225527
-6.32441 0.000224039
-6.32441 0.000222579
-6.32438 0
-6.32437 0.000219744
-6.32435 0.000218366
-6.32432 0.000217014
-6.3243 -nan
-6.32427 -nan
-6.32423 -nan
-6.32421 0
-6.32419 -nan
-6.32418 0
-6.32416 0
-6.32414 0
-6.32413 -nan
-6.32412 -nan
-6.32409 0
-6.32408 0.00020253
-6.32405 0
-6.32401 0
-6.32398 0
-6.32396 0
-6.32394 0.000197295
-6.32392 0.000277605
