7.78618 0
7.73329 0.0528789
7.73154 0.0306336
7.73753 0.0224113
7.72807 0.0198221
7.7276 0.0161768
7.71947 0.0159273
7.71446 0.0146902
7.72061 0.0143525
7.71788 0.0131343
7.71826 0.0118643
7.71538 0.0112044
7.71501 0.0103196
7.71337 0.00972045
7.71328 0.00904121
7.7109 0.00877821
7.71589 0.00964278
7.71387 0.00931882
7.71315 0.00885512
7.71285 0.00839473
7.71384 0.00802922
7.71563 0.00787041
7.715 0.00755295
7.71529 0.00722805
7.71345 0.00718731
7.71286 0.00689981
7.71332 0.00665651
7.71385 0.00645594
7.71259 0.00635034
7.71361 0.00621877
7.71213 0.00620713
7.71336 0.00612631
7.71254 0.00601003
7.71336 0.0058987
7.71227 0.00582095
7.71228 0.00565106
7.71087 0.00565695
7.7115 0.0055336
7.7129 0.0055605
7.71256 0.00542601
7.71128 0.00542849
7.71314 0.00563268
7.71434 0.00563819
7.7148 0.00551624
7.71447 0.0054213
7.7147 0.00528909
7.7157 0.00528647
7.71472 0.00525316
7.71473 0.00515979
7.71623 0.00527189
7.71558 0.00521159
7.71481 0.00517472
7.71574 0.00516038
7.7158 0.00506194
7.71654 0.00502892
7.71713 0.00498299
7.7169 0.00489674
7.7175 0.0048467
7.7177 0.00476349
7.71689 0.00475025
7.71778 0.00475751
7.7174 0.00469177
7.71708 0.00462726
7.71775 0.00460356
7.71706 0.00458699
7.7176 0.00454511
7.71805 0.00449772
7.71798 0.00443202
7.71814 0.00436732
7.71863 0.00433556
7.71818 0.0042918
7.71882 0.00429287
7.7188 0.00423177
7.71828 0.00420269
7.71863 0.00417419
7.71835 0.00413399
7.71849 0.00408832
7.71867 0.00403108
7.71924 0.00402343
7.71893 0.00397973
7.71928 0.00395478
7.71927 0.00390625
7.7192 0.00385832
7.71891 0.00383501
7.71918 0.0037942
7.71926 0.00375392
7.71931 0.00370819
7.71886 0.00369276
7.71866 0.00366581
7.71883 0.00363338
7.71827 0.00364816
7.71838 0.00360487
7.71827 0.0035562
7.71799 0.00354282
7.71835 0.00351816
7.71837 0.00349386
7.71854 0.00345267
7.71804 0.00345196
7.71815 0.00342295
7.71904 0.00350597
