1.18232 0
1.1932 0.01088
1.19493 0.00651448
1.1943 0.00464937
1.19682 0.00439453
1.19591 0.00369935
1.19681 0.00325114
1.19727 0.0028561
1.19608 0.00278898
1.19649 0.00252934
1.19635 0.00228503
1.19683 0.00214359
1.19679 0.00197337
1.19705 0.00184198
1.19705 0.00171892
1.19758 0.00169615
1.19672 0.00180854
1.19713 0.00175853
1.19713 0.00165984
1.19711 0.00157625
1.19684 0.0015227
1.19647 0.00149932
1.19682 0.00147222
1.19691 0.00141077
1.19725 0.00139538
1.1975 0.00136544
1.19738 0.00131474
1.19736 0.00126772
1.19756 0.0012363
1.19737 0.00120971
1.19761 0.0011977
1.1975 0.0011651
1.19778 0.00116448
1.19767 0.00113721
1.19796 0.00114052
1.19795 0.00110578
1.1982 0.00110539
1.19806 0.00108591
1.19791 0.00107006
1.19817 0.0010749
1.19857 0.00112145
1.19827 0.00113364
1.19821 0.00110988
1.19833 0.00109183
1.19856 0.00109183
1.19864 0.00106853
1.19844 0.0010654
1.19872 0.0010778
1.1988 0.00105951
1.19859 0.00106132
1.19879 0.00105969
1.19896 0.00105148
1.19879 0.00104571
1.1988 0.00102817
1.19871 0.00101099
1.19868 0.000991977
1.19878 0.000980912
1.19881 0.000962542
1.19883 0.000947724
1.199 0.000946087
1.1989 0.000934987
1.19904 0.000933593
1.19913 0.000922914
1.19907 0.000910378
1.19923 0.000909403
1.19915 0.000898307
1.19907 0.000888431
1.19914 0.000877731
1.19908 0.000866209
1.19899 0.000860913
1.19908 0.000850747
1.19901 0.000842745
1.19903 0.000829919
1.19915 0.000827181
1.19915 0.000817642
1.19919 0.000808249
1.19923 0.000798015
1.19923 0.000786936
1.19912 0.000783828
1.19917 0.000773993
1.19919 0.000765255
1.19928 0.000761484
1.19929 0.000752975
1.19934 0.000746504
1.19931 0.000740132
1.19934 0.000731943
1.19933 0.000723855
1.19938 0.000715865
1.19938 0.00070797
1.19934 0.000699208
1.19945 0.000701949
1.19944 0.000696202
1.19947 0.000689595
1.19956 0.000689605
1.19952 0.00068222
1.19952 0.00067584
1.19955 0.000669535
1.19971 0.000682478
1.19968 0.000676295
1.19955 0.000679991
