1.09017 0
1.12975 0.0395779
1.10473 0.0338802
1.08727 0.0296494
1.09882 0.0257091
1.09234 0.0219694
1.10494 0.0224419
1.10603 0.0194662
1.1064 0.0171716
1.1111 0.0160602
1.11345 0.0147162
1.11713 0.0139298
1.1185 0.0128868
1.11377 0.0128365
1.10954 0.0126752
1.10557 0.0125048
1.1092 0.0122952
1.11371 0.0124398
1.11924 0.0130025
1.11895 0.0123384
1.11691 0.011913
1.11607 0.0113888
1.1174 0.0109634
1.11899 0.0106162
1.12172 0.0105412
1.12128 0.0101375
1.11563 0.011269
1.11287 0.0112045
1.11084 0.011002
1.10826 0.0109356
1.10777 0.0105883
1.10847 0.010276
1.10898 0.00997285
1.10854 0.0096854
1.10847 0.00940459
1.1075 0.00919196
1.10768 0.00894183
1.10675 0.00875362
1.10539 0.00863277
1.10596 0.00843321
1.1065 0.00824259
1.10726 0.00808033
1.10802 0.00792611
1.10745 0.0077648
1.10684 0.0076144
1.10566 0.00754074
1.10688 0.00748019
1.10696 0.00732283
1.10712 0.00717347
1.10573 0.00716521
1.10523 0.00704074
1.10512 0.00690466
1.1044 0.00681158
1.1038 0.00671158
1.10404 0.00659263
1.10501 0.00654585
1.10527 0.00643525
1.10465 0.00635358
1.10487 0.00624911
1.10554 0.00618041
1.10567 0.00607938
1.10555 0.00598151
1.10521 0.00589552
1.10427 0.00587888
1.10434 0.00578837
1.10345 0.00576884
1.1014 0.00604299
1.10101 0.00596635
1.10143 0.00589443
1.10153 0.00581022
1.10255 0.00581825
1.10212 0.00575296
1.10102 0.00577957
1.10081 0.00570432
1.10147 0.0056655
1.10158 0.00559148
1.10101 0.00554793
1.10061 0.00549124
1.10035 0.00542728
1.09983 0.00538414
1.10029 0.00533756
1.10109 0.00533232
1.10093 0.00527
1.10109 0.00520942
1.10153 0.00516652
1.10109 0.00512524
1.10085 0.00507164
1.09917 0.0052852
1.09877 0.0052414
1.09805 0.00523214
1.09834 0.00518271
1.09853 0.00512957
1.0981 0.00509157
1.09834 0.00504295
1.09849 0.00499185
1.09773 0.00499674
1.09799 0.00495175
1.09744 0.00493202
1.09704 0.00489848
1.09659 0.00486948
