1.63526 0
1.69462 0.0593699
1.6571 0.0508211
1.6309 0.0444738
1.64823 0.0385619
1.6385 0.0329545
1.65741 0.0336637
1.65905 0.0291991
1.6596 0.0257565
1.66664 0.0240885
1.67018 0.0220739
1.6757 0.0208936
1.67775 0.0193283
1.67065 0.0192532
1.66431 0.0190116
1.65835 0.0187562
1.6638 0.0184415
1.67057 0.0186587
1.67886 0.0195024
1.67843 0.0185063
1.67537 0.017867
1.67411 0.0170825
1.6761 0.0164445
1.67848 0.0159243
1.68257 0.0158114
1.68192 0.0152052
1.67345 0.0169029
1.66931 0.0168056
1.66625 0.0165018
1.6624 0.0164025
1.66165 0.0158818
1.6627 0.0154131
1.66347 0.0149582
1.66281 0.0145273
1.66271 0.0141063
1.66124 0.013787
1.66152 0.0134119
1.66012 0.0131292
1.65809 0.0129478
1.65894 0.0126485
1.65974 0.0123628
1.66089 0.0121198
1.66202 0.0118883
1.66118 0.0116461
1.66027 0.0114209
1.65849 0.0113109
1.66033 0.0112189
1.66044 0.0109836
1.66068 0.0107595
1.65859 0.0107474
1.65785 0.0105602
1.65769 0.0103567
1.6566 0.010217
1.6557 0.0100664
1.65606 0.00988806
1.65751 0.00981764
1.6579 0.00965205
1.65697 0.00952977
1.6573 0.00937278
1.65831 0.00926994
1.6585 0.0091188
1.65833 0.00897193
1.65782 0.00884337
1.65641 0.00881808
1.65652 0.00868181
1.65518 0.008653
1.6521 0.00906384
1.65151 0.00894895
1.65215 0.00884137
1.65229 0.00871563
1.65382 0.00872742
1.65318 0.00862983
1.65152 0.00866976
1.65122 0.00855729
1.6522 0.00849851
1.65237 0.00838764
1.65152 0.00832248
1.65091 0.00823769
1.65052 0.00814184
1.64974 0.00807689
1.65044 0.00800673
1.65164 0.00799921
1.6514 0.0079061
1.65163 0.00781507
1.6523 0.00775141
1.65163 0.0076891
1.65127 0.00760918
1.64876 0.00792897
1.64815 0.00786314
1.64707 0.00784962
1.64752 0.00777545
1.64779 0.00769525
1.64715 0.00763857
1.64751 0.00756544
1.64773 0.00748877
1.6466 0.00749627
1.64699 0.00742876
1.64616 0.00739901
1.64556 0.00734876
1.64489 0.00730512
