0.862809 0
0.850672 0.0121336
0.812812 0.0385023
0.797138 0.0314149
0.797743 0.0243413
0.793653 0.020291
0.793255 0.0171537
0.7962 0.0151443
0.796976 0.0133788
0.80194 0.0129553
0.798365 0.0122521
0.797958 0.0111918
0.797821 0.0102957
0.796385 0.00963993
0.796489 0.00897457
0.797598 0.00846784
0.797085 0.00797111
0.796843 0.00751886
0.797655 0.00715845
0.795837 0.00703028
0.796002 0.00668919
0.796043 0.00637777
0.796847 0.00614664
0.797759 0.00595567
0.797082 0.00575222
0.799138 0.00589689
0.796909 0.00609675
0.798197 0.00601443
0.79542 0.0064336
0.797218 0.00647032
0.797497 0.00626448
0.799639 0.00643266
0.799231 0.00624813
0.798039 0.00617764
0.79717 0.006061
0.796042 0.0059974
0.796946 0.00590273
0.79738 0.00576165
0.797684 0.00562012
0.798669 0.00556575
0.798679 0.00542849
0.796622 0.00568292
0.796974 0.00556038
0.797981 0.00552515
0.797469 0.00542505
0.798278 0.0053669
0.798463 0.00525488
0.79769 0.00520209
0.796257 0.00529237
0.795633 0.00522321
0.796562 0.00520335
0.796625 0.00510285
0.797322 0.005054
0.797597 0.0049673
0.797189 0.00489297
0.7967 0.00482959
0.796072 0.00478549
0.795689 0.0047178
0.797047 0.00483204
0.796659 0.0047666
0.797072 0.00470607
0.797262 0.0046334
0.797066 0.00456356
0.797327 0.00449921
0.797431 0.00443062
0.797221 0.00436816
0.797776 0.00433817
0.797126 0.00432289
0.796134 0.00437394
0.796954 0.00438824
0.797185 0.00433238
0.796831 0.00428641
0.796655 0.00423089
0.796926 0.00418214
0.796685 0.00413298
0.796822 0.00408058
0.797123 0.00403872
0.797242 0.00398832
0.797269 0.00393752
0.796759 0.00392129
0.797376 0.00392119
0.797382 0.00387324
0.797384 0.00382625
0.79734 0.00378079
0.796688 0.00379261
0.796751 0.0037486
0.796895 0.00370809
0.797398 0.00370017
0.79716 0.00366618
0.796951 0.00363107
0.796708 0.00359918
0.79725 0.00360069
0.797207 0.00356202
0.79702 0.00352896
0.797139 0.00349366
0.797696 0.00350175
0.797322 0.00348542
0.797156 0.00345374
0.797074 0.00341975
0.797268 0.003391
