-0.425365 0
-0.421195 0.00417009
-0.417976 0.00401906
-0.411864 0.00674045
-0.412382 0.00524689
-0.413332 0.00438842
-0.412539 0.00379303
-0.407907 0.00567838
-0.406358 0.00524174
-0.400947 0.00715996
-0.400235 0.0065154
-0.39952 0.00599072
-0.397672 0.00581203
-0.395867 0.00567564
-0.394136 0.00556009
-0.392055 0.00560168
-0.391084 0.00535077
-0.38969 0.00523381
-0.388401 0.0051158
-0.387877 0.00488137
-0.385884 0.00505296
-0.385847 0.00481801
-0.386486 0.00464786
-0.386928 0.00447191
-0.386693 0.00429565
-0.386594 0.00412836
-0.386543 0.00397295
-0.385833 0.00389366
-0.384811 0.00389356
-0.385207 0.00378241
-0.385575 0.00367686
-0.385805 0.00356743
-0.385788 0.00345772
-0.386115 0.00337021
-0.38661 0.00330976
-0.386753 0.00321977
-0.386188 0.0031821
-0.386688 0.00313726
-0.387449 0.00314921
-0.387836 0.00309366
-0.388241 0.00304436
-0.38865 0.00299896
-0.388361 0.00294268
-0.388242 0.00287759
-0.388051 0.00281941
-0.388098 0.00275782
-0.388174 0.00269962
-0.388583 0.00267431
-0.388983 0.00264965
-0.389538 0.00265457
-0.39006 0.00265401
-0.390335 0.00261694
-0.390337 0.002567
-0.390661 0.00253973
-0.391067 0.00252596
-0.391263 0.00248829
-0.391837 0.00251067
-0.391861 0.00246702
-0.392131 0.00243983
-0.393 0.00255128
-0.393937 0.00267828
-0.394449 0.002684
-0.395258 0.00276205
-0.396184 0.00287216
-0.396386 0.00283481
-0.396684 0.00280749
-0.39724 0.00282057
-0.397972 0.00287343
-0.398639 0.00290908
-0.399255 0.00293275
-0.399787 0.00293963
-0.40008 0.00291327
-0.400383 0.002889
-0.400431 0.00285008
-0.400544 0.0028141
-0.400763 0.00278552
-0.400748 0.00274911
-0.400027 0.00280779
-0.399787 0.00278236
-0.398996 0.00285911
-0.398548 0.0028589
-0.398111 0.00285743
-0.397716 0.00285024
-0.397381 0.00283606
-0.396993 0.00282911
-0.396306 0.00287932
-0.395716 0.0029065
-0.39541 0.00288948
-0.395178 0.00286623
-0.394925 0.00284544
-0.395096 0.00281921
-0.395267 0.00279356
-0.395046 0.00277217
-0.394853 0.00274937
-0.39538 0.00277087
-0.395557 0.00274767
-0.395775 0.00272793
-0.395958 0.0027062
-0.396073 0.00268113
-0.396222 0.00265842
