-3.82621 0
-3.82659 0
-3.82652 -nan
-3.82687 0
-3.82655 0.000845728
-3.82613 0.000756442
-3.82566 0.00079736
-3.8255 0.00063931
-3.8257 0.00077204
-3.82584 0.000563819
-3.82583 0.000436732
-3.82598 0.000509993
-3.8258 0.000488281
-3.82566 0.000541699
-3.82567 0.000521995
-3.82568 0.000436732
-3.82577 0.000488281
-3.82571 0.000334958
-3.82564 0.00039868
-3.82555 0.000388047
-3.82553 0.000488281
-3.82538 0.000369106
-3.82548 0.000416408
-3.82546 0.000352693
-3.82548 0.000345267
-3.82546 0.000338291
-3.82536 0.000331722
-3.82521 0.000265787
-3.82515 0.000260997
-3.82498 0.000362686
-3.82487 0.000308816
-3.82476 0.000350792
-3.82474 0.000345267
-3.82471 0.000240413
-3.82466 0.000290082
-3.82448 0.000369106
-3.82447 0.000325521
-3.82444 0.000278074
-3.8244 0.000224039
-3.82438 0.000156375
-3.82437 0
-3.82436 -nan
-3.82434 0.000150687
-3.82436 0.000210611
-3.82431 0.000147222
-3.8243 0.000205877
-3.82428 0.000143986
-3.82423 0.000246724
-3.82421 0.000244141
-3.82421 0.000139509
-3.8242 0.000195313
-3.82418 0
-3.82421 0.000135425
-3.82421 0.000134141
-3.82422 0.000132893
-3.8242 0.00013168
-3.82414 0.00022603
-3.82414 0.000289233
-3.82414 0.000286729
-3.82413 0.000254275
-3.82412 0.000252147
-3.82414 0.000306274
-3.82419 0.000328136
-3.82419 0.000301374
-3.82421 0.00029901
-3.82424 0.000296701
-3.82423 0.000240413
-3.82421 0.000238612
-3.82425 0.000236851
-3.82424 0.000166261
-3.82424 0.000116722
-3.8242 0.000115897
-3.82416 0.00016276
-3.82417 0.000114298
-3.82419 -nan
-3.82421 -nan
-3.82424 -nan
-3.82423 -nan
-3.82422 -nan
-3.82424 -nan
-3.82425 -nan
-3.82426 -nan
-3.82429 -nan
-3.82432 -nan
-3.82435 -nan
-3.82434 -nan
-3.82434 -nan
-3.82435 -nan
-3.82436 -nan
-3.82436 -nan
-3.82436 -nan
-3.82437 -nan
-3.82435 0
-3.82431 -nan
-3.82428 0
-3.82428 -nan
-3.82427 -nan
-3.82428 -nan
-3.82427 -nan
-3.82423 0
