1.20291 0
1.19376 0.00915446
1.19583 0.00567857
1.198 0.00456745
1.19345 0.00577226
1.19499 0.00495551
1.19543 0.00421216
1.19514 0.00366095
1.19543 0.00323659
1.1959 0.00293872
1.19567 0.0026722
1.19601 0.0024635
1.19529 0.00237541
1.19507 0.00221286
1.19551 0.00211029
1.19484 0.00208117
1.19435 0.00201693
1.19464 0.00192054
1.19409 0.00189635
1.19432 0.00181492
1.1938 0.001804
1.19416 0.00175891
1.19416 0.00168343
1.19423 0.00161464
1.19434 0.0015505
1.19407 0.00151446
1.19438 0.00149275
1.19422 0.00144665
1.1941 0.00140096
1.19406 0.00135705
1.19398 0.00131323
1.19417 0.0012859
1.19425 0.00124936
1.19448 0.00123468
1.19457 0.00120189
1.1942 0.00122835
1.19454 0.00123687
1.19444 0.0012081
1.19435 0.00117887
1.19444 0.0011531
1.19425 0.0011399
1.19431 0.00111554
1.19431 0.00108792
1.19411 0.00108419
1.1941 0.0010578
1.19421 0.0010409
1.1942 0.00101814
1.19397 0.001021
1.19399 0.00100043
1.19406 0.000984008
1.19392 0.000975341
1.19407 0.000968149
1.19397 0.000956401
1.19404 0.000943767
1.19385 0.000946719
1.19405 0.000949556
1.19401 0.000935367
1.19411 0.000925997
1.19424 0.000916859
1.19428 0.000902364
1.19434 0.000890361
1.1944 0.000877482
1.19431 0.000870377
1.19455 0.00088935
1.19446 0.000881319
1.19444 0.000868199
1.19447 0.00085634
1.19444 0.000843621
1.19446 0.000831091
1.19441 0.000820848
1.19448 0.000813918
1.19459 0.000809204
1.19454 0.000802534
1.19457 0.00079291
1.19462 0.000782404
1.19446 0.000788339
1.19457 0.000788126
1.19452 0.000779027
1.19449 0.00077105
1.19457 0.000767139
1.19466 0.000760372
1.19465 0.000751758
1.19453 0.000752009
1.19475 0.000775752
1.19462 0.000777535
1.19471 0.000773855
1.19478 0.000765731
1.19475 0.000757709
1.19469 0.00075069
1.19477 0.000749147
1.19477 0.000740515
1.19493 0.000750531
1.1948 0.000750768
1.19482 0.000744141
1.19479 0.000735015
1.19481 0.000726832
1.1948 0.000719594
1.19483 0.000712433
1.19484 0.000705348
1.19487 0.000697474
