-7.52505 0
-7.52716 0.0021086
-7.52329 0.00406168
-7.52401 0.002961
-7.52038 0.00429156
-7.52124 0.00360916
-7.52156 0.00306662
-7.52261 0.00285581
-7.52332 0.00261671
-7.52225 0.00257502
-7.52313 0.00249098
-7.52266 0.0023217
-7.52248 0.0021436
-7.52246 0.00198465
-7.52247 0.00184765
-7.52244 0.00172871
-7.52288 0.00168252
-7.52297 0.00158907
-7.52241 0.00160408
-7.52278 0.00156536
-7.52264 0.00149514
-7.5225 0.00143281
-7.52257 0.0013711
-7.52266 0.00131588
-7.52225 0.00132907
-7.52279 0.0013899
-7.52282 0.00133762
-7.52288 0.00129034
-7.52291 0.00124557
-7.52265 0.00123178
-7.52313 0.00128582
-7.52297 0.0012555
-7.52282 0.00122624
-7.52297 0.00119955
-7.52294 0.00116528
-7.52293 0.00113253
-7.52241 0.00121801
-7.52289 0.00128168
-7.52283 0.0012498
-7.52282 0.0012182
-7.52263 0.00120302
-7.52266 0.00117439
-7.52282 0.00115794
-7.52278 0.00113201
-7.5228 0.00110669
-7.52257 0.00110783
-7.52269 0.00109137
-7.52272 0.00106889
-7.52281 0.00105003
-7.52283 0.00102919
-7.52298 0.00101951
-7.52284 0.0010097
-7.52259 0.00102265
-7.52266 0.00100651
-7.52277 0.00099343
-7.52267 0.000979864
-7.52273 0.000964088
-7.52261 0.000954946
-7.52257 0.000939223
-7.52255 0.000923697
-7.52258 0.000908884
-7.52254 0.000895212
-7.52264 0.00088733
-7.52264 0.000873356
-7.52242 0.000889174
-7.52244 0.000875852
-7.52263 0.000884812
-7.52254 0.000877031
-7.52269 0.000877416
-7.52285 0.000878824
-7.52271 0.000877202
-7.52301 0.000917467
-7.52315 0.000915406
-7.5232 0.000904292
-7.52312 0.000896135
-7.52304 0.000887762
-7.52311 0.000878717
-7.52304 0.000870345
-7.52311 0.00086282
-7.52316 0.000853292
-7.52315 0.000842752
-7.52319 0.000833192
-7.52309 0.000829112
-7.52305 0.00082019
-7.52302 0.000810964
-7.52315 0.000812506
-7.52306 0.00080782
-7.52308 0.000798742
-7.52304 0.000790534
-7.523 0.000782923
-7.52287 0.000784955
-7.52302 0.000789503
-7.5231 0.000785816
-7.52302 0.000782288
-7.52304 0.000774374
-7.52306 0.000766609
-7.52305 0.000758708
-7.52309 0.000751705
-7.52316 0.000747803
-7.52316 0.000740287
