-6.32253 0
-6.32141 0.00111301
-6.32116 0.000689533
-6.32128 0.000501144
-6.321 0.000476921
-6.32092 0.000399248
-6.32076 0.000370425
-6.32079 0.000322387
-6.32082 0.000285145
-6.32076 0.000260964
-6.32078 0.000237263
-6.32086 0.000228346
-6.3208 0.000216831
-6.32086 0.000209085
-6.32085 0.000195256
-6.3209 0.000189207
-6.32097 0.000192475
-6.32099 0.000182853
-6.32107 0.000190278
-6.32105 0.000182336
-6.32104 0.000173661
-6.32101 0.000167647
-6.32094 0.000174263
-6.32093 0.00016754
-6.32088 0.000166706
-6.32089 0.000160336
-6.32089 0.00015433
-6.32087 0.000149561
-6.32085 0.000145605
-6.32086 0.00014136
-6.32091 0.000144123
-6.32091 0.000139583
-6.3209 0.000135885
-6.32093 0.000134075
-6.32092 0.000130189
-6.32091 0.000127274
-6.32089 0.000125304
-6.32092 0.000124871
-6.32093 0.000122135
-6.32094 0.000119436
-6.32092 0.000117407
-6.32092 0.000114582
-6.32095 0.000114594
-6.32097 0.000114363
-6.321 0.000115294
-6.321 0.000112761
-6.32102 0.000113023
-6.32104 0.000112182
-6.32104 0.000109875
-6.32105 0.000108072
-6.32105 0.000105939
-6.32105 0.000103898
-6.32104 0.000102201
-6.32105 0.000100322
-6.32106 9.98626e-05
-6.32105 9.95958e-05
-6.32104 9.84389e-05
-6.32102 9.74175e-05
-6.32102 9.6174e-05
-6.32099 9.83367e-05
-6.32101 9.91556e-05
-6.321 9.78631e-05
-6.321 9.64263e-05
-6.321 9.4946e-05
-6.32099 9.3951e-05
-6.32098 9.33402e-05
-6.32097 9.2151e-05
-6.32097 9.08067e-05
-6.32098 8.96543e-05
-6.32101 9.37487e-05
-6.32101 9.25628e-05
-6.32104 9.58418e-05
-6.32104 9.45641e-05
-6.32105 9.33249e-05
-6.32104 9.2315e-05
-6.32103 9.12451e-05
-6.32104 9.00568e-05
-6.32101 9.22903e-05
-6.32103 9.2789e-05
-6.32103 9.17205e-05
-6.32105 9.29021e-05
-6.32104 9.24179e-05
-6.32103 9.1636e-05
-6.32105 9.20854e-05
-6.32105 9.10263e-05
-6.32105 9.00569e-05
-6.32106 8.95334e-05
-6.32106 8.85224e-05
-6.32106 8.76038e-05
-6.32106 8.66435e-05
-6.32105 8.58231e-05
-6.32106 8.52331e-05
-6.32106 8.45494e-05
-6.32106 8.41173e-05
-6.32107 8.32361e-05
-6.32106 8.24783e-05
-6.32105 8.20396e-05
-6.32105 8.12025e-05
-6.32106 8.07917e-05
-6.32106 8.00702e-05
