0.0115332	0	0
0.0345996	0	0
0.0576661	0	0
0.0807325	0	0
0.103799	0	0
0.126865	0	0
0.149932	0	0
0.172998	0	0
0.196065	0	0
0.219131	0	0
0.242197	0	0
0.265264	0	0
0.28833	0	0
0.311397	0	0
0.334463	0	0
0.35753	0	0
0.380596	0	0
0.403662	0	0
0.426729	0	0
0.449795	0	0
0.472862	0	0
0.495928	0	0
0.518995	0	0
0.542061	0	0
0.565127	0	0
0.588194	0	0
0.61126	0	0
0.634327	0	0
0.657393	0	0
0.68046	0	0
0.703526	0	0
0.726592	0	0
0.749659	0	0
0.772725	0	0
0.795792	0	0
0.818858	0	0
0.841925	0	0
0.864991	0	0
0.888057	2.94562e-05	1.78857e-05
0.911124	0.00336504	0.000325975
0.93419	0.04838	0.00104784
0.957257	0.305677	0.00259286
0.980323	1.03707	0.00365693
1.00339	2.27238	0.00613289
1.02646	3.63843	0.00841732
1.04952	4.60003	0.00891151
1.07259	4.83422	0.00874015
1.09566	4.45559	0.00962553
1.11872	3.62661	0.00875062
1.14179	2.69026	0.00734638
1.16485	1.82913	0.00590319
1.18792	1.14706	0.00493311
1.21099	0.668081	0.00393386
1.23405	0.358206	0.00282453
1.25712	0.18658	0.00206227
1.28019	0.0957562	0.00168381
1.30325	0.0503889	0.0013388
1.32632	0.0428604	0.00142025
1.34939	0.062268	0.0015903
1.37245	0.11079	0.00196979
1.39552	0.191671	0.00259201
1.41859	0.310041	0.00261727
1.44165	0.461073	0.00296167
1.46472	0.625189	0.00291625
1.48778	0.786883	0.00368424
1.51085	0.904143	0.0047744
1.53392	0.962275	0.00504605
1.55698	0.920506	0.00417887
1.58005	0.803136	0.00346529
1.60312	0.641687	0.00241973
1.62618	0.469705	0.00240692
1.64925	0.322586	0.00237489
1.67232	0.226571	0.00219642
1.69538	0.199569	0.00244699
1.71845	0.26601	0.00257107
1.74152	0.451979	0.00304527
1.76458	0.770194	0.00328274
1.78765	1.21832	0.00346503
1.81071	1.7347	0.00342747
1.83378	2.22455	0.00435351
1.85685	2.56263	0.00554342
1.87991	2.67211	0.00609033
1.90298	2.5203	0.00637775
1.92605	2.1582	0.0062384
1.94911	1.68642	0.00348633
1.97218	1.21395	0.00333235
1.99525	0.821748	0.00330085
2.01831	0.56395	0.00319152
2.04138	0.455508	0.00314079
2.06445	0.474461	0.00271526
2.08751	0.59515	0.002323
2.11058	0.760254	0.00224457
2.13364	0.906376	0.00206053
2.15671	0.995625	0.00277095
2.17978	0.995164	0.00287021
2.20284	0.916625	0.00280646
2.22591	0.791455	0.00229326
2.24898	0.666927	0.00237978
2.27204	0.585465	0.00326038
2.29511	0.587928	0.00364914
