1.78262 0
1.76562 0.0169935
1.78006 0.0174522
1.78697 0.0141452
1.78989 0.0113398
1.79103 0.00932871
1.78957 0.00801922
1.7928 0.00765874
1.79393 0.00684947
1.79396 0.00612639
1.79426 0.00554982
1.79414 0.00506758
1.79379 0.00467472
1.79366 0.00433003
1.79344 0.00403713
1.79426 0.00386562
1.79465 0.0036521
1.79577 0.00362075
1.79504 0.00350136
1.79575 0.0033962
1.79671 0.00336946
1.79739 0.00328398
1.7975 0.00314004
1.79822 0.00309108
1.79878 0.00301694
1.79785 0.00304528
1.79855 0.00301403
1.80004 0.00326083
1.80108 0.00331589
1.80128 0.00320976
1.80133 0.00310485
1.80139 0.00300691
1.80047 0.00305593
1.79924 0.00321288
1.79838 0.00323419
1.79687 0.00349002
1.79638 0.00342934
1.79582 0.00338411
1.79517 0.00335936
1.7947 0.00330839
1.79422 0.00326221
1.7937 0.00322458
1.79367 0.00314884
1.79368 0.00307645
1.7936 0.00300829
1.79339 0.00294985
1.79333 0.00288709
1.79328 0.00282669
1.79285 0.00280182
1.79232 0.00279568
1.79267 0.0027624
1.7927 0.0027089
1.79223 0.00269821
1.79207 0.00265234
1.79182 0.0026156
1.79249 0.00265309
1.7927 0.00261431
1.79297 0.00258376
1.79352 0.00259729
1.79421 0.002646
1.79476 0.00265945
1.7949 0.00262028
1.79519 0.00259404
1.79544 0.0025655
1.79559 0.00252994
1.79533 0.00250428
1.7952 0.00247004
1.79501 0.00244094
1.79463 0.00243484
1.79397 0.00248853
1.79332 0.0025399
1.79311 0.00251264
1.79299 0.0024812
1.79279 0.00245525
1.79226 0.0024807
1.79221 0.00244819
1.7924 0.00242293
1.7927 0.00241055
1.79286 0.00238553
1.79337 0.00241056
1.79398 0.00245795
1.79428 0.00244606
1.79498 0.00251425
1.79578 0.00260924
1.79625 0.00262108
1.79646 0.00259905
1.79679 0.00258994
1.7972 0.00259261
1.79748 0.00257955
1.79773 0.00256211
1.79786 0.00253735
1.79788 0.00250968
1.79799 0.00248503
1.79825 0.00247248
1.79822 0.00244649
1.79833 0.00242312
1.79861 0.00241432
1.79869 0.00239118
1.79869 0.0023669
1.79887 0.00235016
