1.18841 0
1.17708 0.011329
1.18671 0.0116348
1.19131 0.00943014
1.19326 0.00755986
1.19402 0.00621914
1.19304 0.00534615
1.1952 0.00510582
1.19596 0.00456632
1.19597 0.00408426
1.19617 0.00369988
1.1961 0.00337839
1.19586 0.00311648
1.19577 0.00288668
1.19562 0.00269142
1.19617 0.00257708
1.19643 0.00243473
1.19718 0.00241384
1.1967 0.00233424
1.19717 0.00226414
1.19781 0.00224631
1.19826 0.00218932
1.19834 0.00209336
1.19882 0.00206072
1.19919 0.00201129
1.19857 0.00203019
1.19904 0.00200936
1.20002 0.00217388
1.20072 0.00221059
1.20086 0.00213984
1.20089 0.0020699
1.20093 0.0020046
1.20032 0.00203729
1.19949 0.00214192
1.19892 0.00215613
1.19791 0.00232668
1.19758 0.00228623
1.19721 0.00225607
1.19678 0.00223957
1.19647 0.00220559
1.19614 0.00217481
1.1958 0.00214972
1.19578 0.00209923
1.19579 0.00205097
1.19574 0.00200553
1.19559 0.00196657
1.19555 0.00192472
1.19552 0.00188446
1.19523 0.00186788
1.19488 0.00186379
1.19511 0.0018416
1.19513 0.00180593
1.19482 0.00179881
1.19472 0.00176823
1.19455 0.00174373
1.19499 0.00176873
1.19513 0.00174288
1.19531 0.00172251
1.19568 0.00173153
1.19614 0.001764
1.19651 0.00177297
1.1966 0.00174685
1.19679 0.00172936
1.19696 0.00171033
1.19706 0.00168663
1.19689 0.00166952
1.1968 0.00164669
1.19667 0.00162729
1.19642 0.00162322
1.19598 0.00165902
1.19554 0.00169326
1.19541 0.00167509
1.19532 0.00165413
1.19519 0.00163683
1.19484 0.0016538
1.19481 0.00163213
1.19493 0.00161529
1.19513 0.00160703
1.19524 0.00159035
1.19558 0.00160704
1.19599 0.00163864
1.19619 0.00163071
1.19665 0.00167616
1.19718 0.00173949
1.1975 0.00174739
1.19764 0.0017327
1.19786 0.00172663
1.19813 0.00172841
1.19832 0.0017197
1.19848 0.00170808
1.19857 0.00169157
1.19858 0.00167312
1.19866 0.00165669
1.19883 0.00164832
1.19881 0.00163099
1.19888 0.00161542
1.19907 0.00160955
1.19913 0.00159412
1.19913 0.00157794
1.19925 0.00156677
