-0.32212 0
-0.305498 0.0166221
-0.320061 0.0174413
-0.326929 0.014116
-0.329848 0.0113172
-0.330948 0.00930567
-0.329502 0.00799656
-0.332744 0.00764652
-0.333849 0.00683358
-0.33388 0.00611222
-0.334167 0.00553617
-0.334055 0.00505506
-0.3337 0.00466347
-0.333562 0.00431975
-0.333348 0.00402716
-0.334174 0.00385657
-0.334561 0.00364318
-0.335685 0.00361412
-0.334932 0.00350046
-0.335662 0.00340003
-0.336613 0.00337113
-0.337291 0.00328489
-0.3374 0.00314072
-0.338132 0.0030947
-0.338668 0.00301647
-0.337739 0.00304353
-0.338456 0.00301515
-0.339941 0.00326298
-0.340976 0.00331406
-0.34117 0.00320758
-0.341219 0.00310277
-0.341275 0.00300478
-0.340345 0.00305735
-0.33911 0.00321268
-0.338252 0.00323556
-0.336744 0.00348741
-0.336259 0.00342623
-0.3357 0.00338148
-0.335053 0.0033566
-0.334582 0.00330526
-0.3341 0.00325957
-0.333593 0.00322102
-0.333567 0.00314533
-0.333572 0.00307302
-0.333496 0.00300493
-0.333282 0.00294666
-0.333223 0.00288387
-0.333175 0.00282357
-0.332731 0.00280082
-0.332222 0.002791
-0.332568 0.00275757
-0.332595 0.00270415
-0.332118 0.00269523
-0.331972 0.00264888
-0.331725 0.002612
-0.332393 0.00265059
-0.332593 0.00261132
-0.332878 0.0025817
-0.333423 0.00259542
-0.334118 0.0026447
-0.334664 0.00265772
-0.334807 0.00261839
-0.335093 0.00259242
-0.335348 0.00256423
-0.33549 0.00252847
-0.335237 0.00250269
-0.335109 0.00246838
-0.334918 0.0024393
-0.334538 0.00243353
-0.333877 0.00248783
-0.333225 0.00253771
-0.333024 0.00251028
-0.332899 0.00247881
-0.332703 0.00245297
-0.332167 0.00247853
-0.332132 0.00244596
-0.332317 0.00242105
-0.332618 0.0024087
-0.332784 0.00238383
-0.333302 0.00241003
-0.333913 0.00245721
-0.334213 0.00244554
-0.334913 0.00251543
-0.335712 0.00261042
-0.336179 0.00262143
-0.336392 0.00259951
-0.336724 0.00259088
-0.337132 0.00259351
-0.337422 0.00258054
-0.337664 0.00256316
-0.337798 0.00253838
-0.337816 0.0025107
-0.337931 0.00248625
-0.338194 0.00247365
-0.338164 0.00244766
-0.338273 0.00242449
-0.338554 0.00241571
-0.338641 0.00239251
-0.338639 0.00236822
-0.338824 0.00235173
