1.4605 0
1.46013 0.000371378
1.46 0.00025098
1.46004 0.000183374
1.46005 0.000142069
1.46009 0.000122477
1.46007 0.000105301
1.46005 9.21375e-05
1.46008 8.73752e-05
1.46008 7.87251e-05
1.46009 7.29187e-05
1.46009 6.6633e-05
1.46009 6.13693e-05
1.4601 5.6991e-05
1.46009 5.36286e-05
1.46009 5.01656e-05
1.46009 4.73199e-05
1.46009 4.483e-05
1.46011 4.90972e-05
1.46009 5.1535e-05
1.4601 4.94428e-05
1.4601 4.72451e-05
1.4601 4.54402e-05
1.46009 4.53331e-05
1.46011 4.84758e-05
1.46011 4.6773e-05
1.4601 4.64944e-05
1.46009 4.48807e-05
1.46011 4.49722e-05
1.46011 4.39834e-05
1.46011 4.25843e-05
1.46012 4.16106e-05
1.46013 4.18541e-05
1.46012 4.07818e-05
1.46013 4.00303e-05
1.46012 3.98803e-05
1.46012 3.9018e-05
1.46012 3.80406e-05
1.46012 3.70761e-05
1.46012 3.62777e-05
1.46012 3.54723e-05
1.46011 3.52129e-05
1.46011 3.46129e-05
1.46011 3.38178e-05
1.46011 3.3061e-05
1.46011 3.2357e-05
1.4601 3.19343e-05
1.46011 3.13078e-05
1.46012 3.32697e-05
1.4601 3.8272e-05
1.4601 3.75765e-05
1.4601 3.6867e-05
1.46011 3.72987e-05
1.4601 3.78255e-05
1.4601 3.71985e-05
1.4601 3.67111e-05
1.4601 3.67435e-05
1.46009 3.69757e-05
1.46009 3.63474e-05
1.46009 3.57821e-05
1.46009 3.52706e-05
1.4601 3.48469e-05
1.4601 3.43522e-05
1.46009 3.39655e-05
1.4601 3.36893e-05
1.4601 3.32055e-05
1.46009 3.27574e-05
1.46009 3.22725e-05
1.4601 3.18552e-05
1.4601 3.14643e-05
1.46009 3.15721e-05
1.46009 3.12404e-05
1.46009 3.08376e-05
1.46009 3.04295e-05
1.46009 3.00214e-05
1.46008 3.02319e-05
1.46008 3.01225e-05
1.46008 2.97339e-05
1.46008 2.94104e-05
1.46007 2.95035e-05
1.46007 2.9152e-05
1.46007 2.88441e-05
1.46006 2.9128e-05
1.46006 2.878e-05
1.46007 2.87893e-05
1.46007 2.84914e-05
1.46006 2.84234e-05
1.46006 2.80989e-05
1.46006 2.77979e-05
1.46006 2.74976e-05
1.46006 2.71937e-05
1.46006 2.68973e-05
1.46006 2.69936e-05
1.46006 2.67061e-05
1.46006 2.64427e-05
1.46005 2.65875e-05
1.46005 2.63147e-05
1.46005 2.60678e-05
1.46005 2.58644e-05
1.46005 2.5848e-05
