0.0534651 0
0.0579458 0.00448069
0.05394 0.0047685
0.0517583 0.0040161
0.051391 0.00313247
0.0522246 0.00269005
0.0537549 0.0027406
0.0537448 0.00237345
0.0537099 0.00209348
0.0535021 0.00188396
0.0528998 0.00180742
0.0522937 0.00175776
0.0518364 0.00168031
0.0515034 0.00159091
0.051329 0.00149129
0.0510346 0.00142571
0.0509611 0.00134123
0.0508468 0.00126968
0.0512211 0.00125797
0.0511645 0.00119476
0.0508895 0.00116925
0.0506181 0.00114741
0.0505061 0.00110209
0.0503528 0.00106625
0.0504571 0.00102801
0.0510866 0.00117125
0.0513697 0.00116206
0.0514353 0.00112171
0.0515829 0.00109234
0.0518228 0.00108224
0.0518789 0.00104825
0.0517272 0.00102624
0.051684 0.000995593
0.0516391 0.000966908
0.0514785 0.00095251
0.0514505 0.000926097
0.051191 0.000937367
0.050997 0.000932751
0.050908 0.000912871
0.0508449 0.000891992
0.0508216 0.000870275
0.0508045 0.000849475
0.050656 0.000842668
0.0505014 0.000837681
0.0504139 0.000823516
0.0504308 0.000805592
0.0504734 0.000789417
0.0505579 0.000777398
0.0507661 0.000789326
0.0509439 0.000793558
0.0508607 0.00078228
0.0508452 0.000767246
0.050976 0.000763918
0.0510431 0.00075264
0.0511168 0.000742495
0.051005 0.000737641
0.0510649 0.000727055
0.051157 0.00072032
0.0511986 0.000709227
0.0512173 0.000697556
0.0512944 0.000690349
0.0514762 0.000703032
0.0515992 0.000702636
0.0516692 0.0006951
0.0517058 0.0006853
0.0517585 0.000676894
0.0516912 0.000670106
0.0515675 0.000671669
0.0514644 0.000669844
0.0514285 0.000661181
0.0513806 0.000653554
0.0512215 0.00066378
0.0510755 0.000670702
0.0510218 0.00066375
0.0511169 0.000661712
0.0511154 0.000652949
0.0510485 0.000647875
0.0509689 0.000644453
0.0509527 0.000636451
0.0508852 0.000632061
0.0508412 0.000625758
0.050916 0.000622593
0.0509138 0.00061505
0.0508927 0.00060805
0.0509655 0.000605256
0.0510824 0.000609481
0.0511082 0.00060299
0.0510498 0.000598957
0.0509761 0.000596754
0.050895 0.000595633
0.0508413 0.000591495
0.0508239 0.00058529
0.0507858 0.000580216
0.0507283 0.000576882
0.0507638 0.00057188
0.0507716 0.000565946
0.0507315 0.000561518
0.0507394 0.000555815
0.0507683 0.000550935
0.0507449 0.000545904
