7.96624 0
7.86572 0.100524
7.76419 0.116951
7.68776 0.112617
7.77727 0.124996
7.78169 0.102154
7.71724 0.107744
7.72563 0.0936831
7.75748 0.088542
7.78618 0.0842363
7.77841 0.0765914
7.75431 0.073959
7.73522 0.0706553
7.72586 0.0660829
7.73095 0.0617323
7.73413 0.0578314
7.71513 0.0575489
7.73457 0.0576381
7.73866 0.0546778
7.73329 0.0521505
7.71884 0.0516656
7.72331 0.049462
7.71861 0.0474924
7.7099 0.0463018
7.72445 0.0467273
7.71623 0.0456413
7.72509 0.0448041
7.71347 0.0447107
7.72209 0.0439933
7.73154 0.043539
7.73276 0.0421305
7.72987 0.0408954
7.73709 0.0402899
7.73107 0.0395448
7.71864 0.0403607
7.72708 0.040121
7.7323 0.0393692
7.73995 0.0390744
7.733 0.0386881
7.73752 0.0379782
7.72481 0.0391612
7.72353 0.0382417
7.73037 0.0379635
7.73553 0.0374485
7.73233 0.0367455
7.73409 0.0359821
7.73224 0.0352552
7.72885 0.0346797
7.7318 0.0340924
7.72807 0.0336109
7.7327 0.0332697
7.72864 0.032876
7.72698 0.0322914
7.71935 0.0325949
7.71945 0.0319972
7.72547 0.0319925
7.72301 0.0315224
7.72951 0.0316458
7.72902 0.0311087
7.7276 0.0306177
7.72678 0.0301229
7.72976 0.0297817
7.72224 0.0302546
7.71731 0.0301846
7.71697 0.029719
7.72045 0.0294726
7.72165 0.0290532
7.7187 0.0287743
7.71817 0.0283609
7.71947 0.0279843
7.71521 0.0279118
7.71624 0.0275405
7.71972 0.0273825
7.72134 0.0270594
7.71882 0.0268155
7.71928 0.0264647
7.71889 0.0261233
7.71952 0.0257923
7.71965 0.0254628
7.71446 0.0256705
7.71395 0.0253596
7.7167 0.0251989
7.71866 0.0249694
7.72081 0.0247648
7.71949 0.024506
7.7203 0.024233
7.71506 0.0245215
7.71457 0.0242476
7.71642 0.0240428
7.72061 0.0241402
7.7173 0.0241009
7.71812 0.0238506
7.71766 0.0235979
7.71831 0.023356
7.71539 0.0232925
7.71407 0.0230853
7.71489 0.0228616
7.71626 0.0226681
7.71605 0.0224397
7.71788 0.0222898
