1.38996 0
1.38979 0
1.38987 -nan
1.38969 -nan
1.38964 -nan
1.38951 -nan
1.38938 0.00019934
1.3892 0.00022603
1.38876 0.000488281
1.38817 0.000754689
1.38744 0.000988694
1.38697 0.00103056
1.3869 0.000956001
1.38686 0.000877653
1.38688 0.000814964
1.38701 0.00077204
1.38701 0.000722178
1.38695 0.000680303
1.38691 0.000640788
1.38692 0.000608421
1.38695 0.000572561
1.38699 0.000553659
1.38705 0.000530818
1.38725 0.000533915
1.38751 0.000563819
1.38782 0.000629106
1.38819 0.000716601
1.38863 0.000811085
1.38914 0.000938774
1.38964 0.00103976
1.39008 0.00110089
1.39056 0.00116344
1.39112 0.00126123
1.39176 0.00138107
1.39253 0.00154748
1.39333 0.00170049
1.39412 0.00183151
1.3949 0.00194817
1.39576 0.00208067
1.39664 0.00221355
1.39758 0.00235187
1.39852 0.00248098
1.39945 0.00259197
1.40036 0.00269354
1.40123 0.00277388
1.40213 0.00285551
1.40301 0.00293101
1.40386 0.00299222
1.40465 0.00303585
1.4054 0.00306563
1.40609 0.00308314
1.40674 0.00309081
1.40739 0.00310223
1.40802 0.00310704
1.40861 0.00310811
1.40926 0.00311993
1.40995 0.00314249
1.41064 0.00316244
1.41131 0.00318127
1.41198 0.00319714
1.41267 0.00321858
1.41335 0.00323859
1.41398 0.00324926
1.41458 0.00325463
1.4152 0.0032641
1.41581 0.00327045
1.4164 0.00327439
1.41698 0.00327658
1.41754 0.00327656
1.41808 0.00327496
1.41857 0.00326508
1.41904 0.00325337
1.41952 0.00324451
1.42 0.00323687
1.42049 0.00323142
1.42099 0.0032266
1.42152 0.00322919
1.4221 0.00323985
1.42271 0.00325536
1.42334 0.00327503
1.42398 0.00329816
1.42467 0.00332986
1.42542 0.00337344
1.42622 0.00342846
1.42708 0.00349394
1.42794 0.00355987
1.42884 0.00362998
1.42974 0.0036998
1.43063 0.0037657
1.43152 0.00382867
1.43243 0.00389334
1.43337 0.00396417
1.43431 0.00403322
1.43526 0.0041006
1.43622 0.00417096
1.43718 0.00423664
1.4381 0.00429189
1.43899 0.00434107
1.43987 0.00438594
1.44074 0.00442811
