-0.401462 0
-0.403274 0.00180648
-0.412673 0.0094575
-0.41563 0.00731132
-0.416779 0.00577936
-0.4139 0.00552778
-0.411179 0.00540635
-0.4071 0.00620932
-0.403168 0.00674155
-0.4017 0.00620587
-0.399661 0.00597222
-0.398051 0.00568465
-0.396686 0.00540417
-0.392783 0.00634558
-0.39058 0.00630484
-0.388025 0.00642713
-0.387715 0.0060451
-0.386998 0.00574448
-0.3861 0.00550724
-0.387214 0.00534188
-0.388085 0.00515529
-0.387888 0.0049193
-0.38743 0.00472275
-0.387327 0.00452298
-0.38763 0.0043488
-0.388454 0.00425884
-0.388527 0.00409863
-0.38834 0.00395393
-0.388487 0.00381806
-0.388046 0.0037147
-0.387655 0.00361412
-0.386828 0.00359581
-0.386322 0.00352164
-0.385381 0.00354361
-0.384245 0.00362379
-0.382212 0.00406629
-0.380431 0.00433712
-0.377856 0.0049451
-0.375478 0.00537171
-0.373428 0.00562275
-0.371327 0.00587258
-0.369451 0.00603001
-0.36777 0.00612354
-0.365816 0.00629357
-0.364743 0.00624506
-0.363706 0.00619522
-0.362999 0.00610312
-0.362673 0.00598346
-0.362234 0.00587641
-0.361617 0.0057907
-0.361402 0.00568006
-0.361271 0.0055713
-0.361135 0.00546684
-0.361055 0.00536525
-0.361202 0.00526881
-0.36147 0.00518084
-0.361112 0.0051018
-0.360999 0.00501428
-0.360375 0.00496791
-0.360001 0.00489867
-0.360031 0.00481778
-0.360128 0.00474046
-0.359558 0.00469934
-0.359171 0.0046415
-0.358943 0.00457522
-0.358613 0.00451749
-0.358425 0.00445348
-0.358446 0.00438759
-0.358757 0.00433463
-0.358991 0.0042787
-0.358663 0.00423075
-0.358995 0.00418471
-0.35954 0.00416284
-0.359214 0.00411914
-0.359468 0.00407178
-0.359632 0.00402121
-0.359939 0.00398051
-0.360488 0.00396728
-0.361082 0.00396144
-0.361511 0.00393512
-0.362033 0.00392105
-0.362758 0.00394025
-0.363568 0.00397597
-0.364451 0.00402638
-0.36501 0.00401778
-0.365402 0.00399008
-0.365968 0.0039844
-0.366121 0.00394182
-0.366153 0.00389742
-0.366298 0.00385664
-0.366286 0.00381405
-0.365976 0.00378507
-0.365735 0.0037519
-0.365503 0.00371903
-0.36533 0.00368373
-0.365103 0.00365222
-0.3648 0.00362702
-0.364468 0.00360514
-0.364223 0.00357698
-0.364285 0.00354155
