1.19428 0
1.19538 0.00114512
1.2017 0.00635235
1.20355 0.00485425
1.20428 0.00383309
1.20227 0.00371864
1.20037 0.00367294
1.19753 0.00426473
1.19462 0.00475761
1.19325 0.00447517
1.1914 0.00444845
1.19001 0.00429097
1.18906 0.00406209
1.18643 0.00458948
1.18497 0.00451401
1.18336 0.00452023
1.18315 0.00424973
1.18263 0.00403951
1.18201 0.00387305
1.18276 0.0037514
1.18336 0.00361954
1.18325 0.00345349
1.18298 0.00330841
1.18305 0.00317015
1.18343 0.00306232
1.18418 0.00303756
1.18448 0.00293906
1.18464 0.00283549
1.18509 0.00277137
1.18513 0.00267827
1.18516 0.00258989
1.18492 0.00251893
1.18496 0.00244293
1.18476 0.00237693
1.18452 0.00232217
1.18369 0.00240061
1.18303 0.00242712
1.18184 0.00264657
1.18082 0.00276951
1.18005 0.00280877
1.17927 0.00284767
1.17865 0.00284765
1.17814 0.00282613
1.17745 0.00284666
1.17732 0.00278558
1.17722 0.00272593
1.17734 0.00267055
1.17769 0.00263766
1.17793 0.00259334
1.17801 0.0025415
1.17833 0.00251168
1.17867 0.00248694
1.17902 0.00246337
1.17938 0.00244463
1.17988 0.00244998
1.18049 0.00248235
1.18071 0.00244794
1.18109 0.00243626
1.18113 0.00239509
1.18132 0.00236276
1.1818 0.00237332
1.18232 0.00239085
1.18236 0.00235318
1.1825 0.00232061
1.18276 0.00229958
1.18295 0.00227175
1.18322 0.00225447
1.18362 0.00225619
1.1842 0.00229788
1.18471 0.00232245
1.18482 0.00229247
1.18536 0.002323
1.18604 0.00239104
1.18614 0.00236047
1.18664 0.0023806
1.18708 0.00239108
1.18764 0.00242464
1.18839 0.00250927
1.18919 0.00260319
1.1899 0.00266538
1.19068 0.00274563
1.19162 0.00287082
1.19266 0.00302033
1.19378 0.00318884
1.19473 0.00328911
1.19556 0.00335732
1.19654 0.00345768
1.19724 0.00348938
1.19786 0.00350466
1.19855 0.00353358
1.19914 0.00354504
1.19956 0.00353126
1.20003 0.00352417
1.20051 0.00351904
1.20103 0.00352123
1.20152 0.00351855
1.20193 0.0035062
1.20231 0.00349037
1.20273 0.00348057
1.20335 0.00350167
