0.0635552 0
0.0623752 0.00118007
0.0581797 0.00425052
0.0553253 0.00414504
0.0535251 0.00368097
0.0533032 0.00301367
0.0533558 0.00254755
0.0535676 0.00221638
0.0532505 0.00198021
0.0518253 0.00227338
0.0502888 0.00256697
0.0488541 0.00274764
0.0479652 0.0026792
0.048337 0.00250817
0.0487649 0.00237385
0.0494097 0.00231227
0.049463 0.00217265
0.0495003 0.00204874
0.049483 0.00193798
0.0489623 0.00191085
0.0486386 0.00184618
0.0488177 0.00176936
0.0491698 0.00172696
0.0493573 0.00166404
0.0493068 0.00159688
0.0490857 0.00155008
0.0491105 0.00149177
0.0492907 0.00144877
0.0494745 0.00140994
0.0498279 0.00140724
0.0501342 0.00139514
0.050393 0.00137539
0.0504072 0.00133313
0.0503589 0.00129423
0.0502275 0.00126356
0.0501874 0.00122862
0.0500375 0.00120431
0.0500258 0.00117225
0.049909 0.00114775
0.0496658 0.00114483
0.0494449 0.00113821
0.0492517 0.00112744
0.0491523 0.00110539
0.0492597 0.00108531
0.0492737 0.00106101
0.0493793 0.00104305
0.0495118 0.00102918
0.0496451 0.0010163
0.0498922 0.00102556
0.050219 0.00105665
0.0504136 0.00105383
0.050523 0.00103913
0.0505806 0.00102096
0.0505667 0.00100197
0.0504472 0.000990825
0.0502953 0.000984745
0.0503365 0.000968193
0.0503774 0.000952231
0.0505488 0.00095152
0.0506158 0.000937922
0.0504987 0.000929818
0.0503205 0.000931893
0.0503076 0.000917075
0.0502726 0.000903307
0.0502195 0.000890887
0.0502224 0.000877288
0.0502176 0.000864107
0.0501966 0.000851561
0.0501662 0.000839678
0.0502366 0.000830586
0.0504885 0.000856685
0.050567 0.000848337
0.0505622 0.000836652
0.0507306 0.000842265
0.0507123 0.000831158
0.0506593 0.000821864
0.0505547 0.000817828
0.0504094 0.00082026
0.0503157 0.000815203
0.0503303 0.000805082
0.0503521 0.000795375
0.0503279 0.00078599
0.0502861 0.000777587
0.0502447 0.000769391
0.0503083 0.000762939
0.0504137 0.000761347
0.0504555 0.000753702
0.0505685 0.000753613
0.0506635 0.000751128
0.0506666 0.000742741
0.0506648 0.000734538
0.0507199 0.000728597
0.0507472 0.000721236
0.0507451 0.000713527
0.050711 0.000706799
0.0506997 0.000699487
0.0507386 0.000693333
0.0508196 0.000690984
0.0509037 0.00068912
0.0509357 0.000682947
