1.79142 0
1.79307 0.00161945
1.80254 0.00950582
1.80532 0.00727523
1.80642 0.00574639
1.80341 0.00557154
1.80056 0.00550626
1.7963 0.00639577
1.79193 0.00713041
1.78987 0.00670881
1.7871 0.00667357
1.78502 0.00643582
1.78359 0.00608885
1.77964 0.00688406
1.77746 0.00676834
1.77504 0.00678108
1.77473 0.00637693
1.77395 0.00606172
1.77301 0.00580943
1.77413 0.0056211
1.77504 0.0054241
1.77488 0.00517517
1.77448 0.00496098
1.77458 0.00475155
1.77514 0.0045924
1.77627 0.00455438
1.77672 0.00440599
1.77697 0.00425259
1.77763 0.00415757
1.77769 0.00401522
1.77774 0.00388381
1.77738 0.00377814
1.77744 0.00366414
1.77715 0.00356489
1.77678 0.00348099
1.77554 0.00359949
1.77455 0.00364034
1.77276 0.00397087
1.77124 0.00415681
1.77007 0.00421488
1.7689 0.00427351
1.76797 0.00427378
1.76722 0.00424137
1.76618 0.00426974
1.76598 0.00417901
1.76583 0.00408979
1.76601 0.00400582
1.76653 0.00395465
1.76689 0.00389096
1.76702 0.0038136
1.7675 0.00376895
1.76801 0.00373056
1.76853 0.00369762
1.76907 0.00366871
1.76982 0.00367745
1.77073 0.00372621
1.77106 0.00367603
1.77163 0.00365682
1.77169 0.00359499
1.77198 0.00354564
1.7727 0.00355977
1.77347 0.00358594
1.77354 0.00352977
1.77375 0.00348159
1.77415 0.00344997
1.77442 0.00340937
1.77483 0.00338078
1.77542 0.00338449
1.77629 0.00344657
1.77707 0.00348405
1.77723 0.00343834
1.77803 0.00348462
1.77906 0.00358627
1.77922 0.00354139
1.77996 0.00357237
1.78062 0.00358723
1.78146 0.00363761
1.78259 0.00376375
1.78379 0.00390508
1.78485 0.00399864
1.78602 0.00411687
1.78743 0.00430555
1.78899 0.00452974
1.79067 0.00478266
1.79209 0.00493313
1.79335 0.00503525
1.7948 0.00518569
1.79586 0.00523362
1.79678 0.00525637
1.79782 0.00529929
1.79871 0.00531706
1.79934 0.00529643
1.80005 0.00528549
1.80076 0.00527793
1.80155 0.00528229
1.80228 0.00527753
1.8029 0.00525919
1.80346 0.00523529
1.80409 0.00522111
1.80503 0.00525162
