1.20109 0
1.20374 0.00262947
1.21344 0.00981433
1.21757 0.00807265
1.20864 0.0109005
1.20128 0.0115456
1.20063 0.00978087
1.20058 0.00847036
1.19922 0.00759293
1.19916 0.00679318
1.20055 0.00630148
1.20117 0.00578492
1.20318 0.00568818
1.2051 0.00560584
1.20466 0.00523542
1.20583 0.00503506
1.20819 0.00528862
1.21131 0.00588088
1.21494 0.00664134
1.21756 0.00682216
1.22 0.00693463
1.22148 0.00677505
1.22274 0.00659549
1.22396 0.00643201
1.22458 0.0062
1.22536 0.00600765
1.22606 0.00582288
1.22489 0.00573293
1.22485 0.00553159
1.22484 0.00534386
1.22535 0.00519395
1.22567 0.00503862
1.22621 0.00491324
1.22664 0.00478567
1.22765 0.00475512
1.22848 0.00469614
1.22948 0.004676
1.22997 0.00457661
1.2305 0.00448952
1.23137 0.00446149
1.23266 0.00453964
1.23425 0.00470573
1.23512 0.00467737
1.23654 0.004783
1.23838 0.00502716
1.23941 0.00502295
1.24069 0.00507973
1.24177 0.00508859
1.24307 0.00514919
1.2445 0.00524575
1.24614 0.00539457
1.24766 0.0055052
1.24998 0.0058789
1.25178 0.0060425
1.25402 0.0063393
1.25605 0.00654982
1.25774 0.00665191
1.25933 0.00672707
1.26065 0.00674193
1.26177 0.00672193
1.26284 0.00669794
1.26429 0.00674499
1.26627 0.00692577
1.2681 0.00705846
1.26968 0.00712819
1.27192 0.00736754
1.27427 0.00762732
1.27674 0.00790847
1.27931 0.00820786
1.2813 0.00833039
1.28319 0.00842611
1.2848 0.00846294
1.28668 0.00855635
1.28834 0.00860154
1.28979 0.0086085
1.29135 0.00863729
1.29322 0.00872584
1.29511 0.00881992
1.29676 0.00886128
1.29846 0.00891461
1.30025 0.00898292
1.30216 0.00907623
1.30423 0.00920261
1.30618 0.00929892
1.30783 0.00933605
1.30947 0.00937098
1.31125 0.00943175
1.31309 0.00950387
1.31482 0.00955571
1.31672 0.00963681
1.31841 0.00967898
1.31985 0.00968095
1.32149 0.00971667
1.32312 0.0097496
1.32474 0.00978113
1.32648 0.00983394
1.32847 0.00993324
1.3305 0.0100396
1.33242 0.0101214
1.33407 0.0101534
