0.046758 0
0.0471653 0.000407155
0.0468903 0.000361733
0.0464161 0.000538832
0.0472465 0.000929409
0.0467033 0.000933209
0.0475835 0.00118189
0.0475801 0.00102357
0.0477584 0.000920173
0.047434 0.000884673
0.048016 0.000989518
0.0481638 0.000915319
0.0480854 0.000845625
0.0480863 0.000782902
0.0482746 0.000752779
0.0483029 0.000704718
0.0483654 0.000664907
0.048651 0.000688846
0.0487636 0.000661253
0.0486956 0.000630984
0.0488949 0.000632384
0.0487649 0.000616802
0.0488103 0.000591105
0.0489499 0.000582907
0.0490611 0.000570056
0.0491147 0.000550316
0.0491989 0.000536183
0.0490409 0.000540318
0.0492962 0.000580529
0.0493149 0.000561159
0.0495031 0.000574475
0.0495306 0.0005569
0.0495617 0.000540652
0.049632 0.000529207
0.0496859 0.000516676
0.0496855 0.000502124
0.0498004 0.000501694
0.0498781 0.000494467
0.0499227 0.000483679
0.0499823 0.000475188
0.0500063 0.000464078
0.0501158 0.000465965
0.0501378 0.000455524
0.0502891 0.00047006
0.0503807 0.000468526
0.0504422 0.00046233
0.0506058 0.000481065
0.0505827 0.000471512
0.0508067 0.000513253
0.0508179 0.000503016
0.0509052 0.000500725
0.0509897 0.000498217
0.0511541 0.000515617
0.0511343 0.000506363
0.051244 0.000509041
0.0513787 0.00051768
0.0514392 0.000512104
0.0515573 0.00051687
0.0517088 0.000530169
0.0517651 0.000524285
0.0518237 0.00051893
0.0519386 0.000523271
0.0521526 0.000557598
0.0522127 0.000552101
0.0522579 0.000545412
0.0523884 0.000552723
0.0525158 0.000559097
0.0525748 0.000553965
0.052733 0.000568362
0.0528673 0.000576039
0.0530402 0.000593635
0.0531509 0.000595693
0.0532699 0.000599416
0.053338 0.00059516
0.0533985 0.000590283
0.0535351 0.000598279
0.0536495 0.000601432
0.0538006 0.000612594
0.05384 0.000606074
0.0538983 0.000601281
0.0539966 0.000601893
0.0540889 0.00060164
0.0542548 0.000617065
0.0543859 0.000623607
0.0544857 0.000624262
0.0546068 0.000628722
0.0546871 0.000626622
0.054869 0.000645627
0.0549506 0.000643522
0.0550958 0.0006527
0.0551664 0.000649331
0.0552595 0.000648951
0.0553487 0.000648108
0.0554907 0.000656702
0.0556122 0.000661023
0.055741 0.000666643
0.0558538 0.000669319
0.0559756 0.00067355
0.0560737 0.000673891
0.056135 0.000669935
