-5.44077 0
-5.45189 0.0109619
-5.43485 0.0182175
-5.43135 0.0133662
-5.43055 0.010358
-5.4297 0.00849104
-5.42331 0.00960148
-5.42063 0.00871903
-5.41766 0.00827201
-5.41532 0.00775806
-5.42041 0.00867988
-5.42238 0.00817051
-5.42325 0.00756442
-5.42597 0.00750601
-5.42877 0.00752831
-5.42782 0.00708709
-5.43015 0.00705055
-5.43005 0.00665716
-5.42986 0.00630368
-5.43106 0.00611096
-5.43097 0.00580213
-5.42918 0.00582049
-5.42992 0.00563306
-5.42972 0.00538747
-5.4302 0.00518284
-5.4304 0.00500244
-5.43053 0.00480711
-5.43003 0.00464937
-5.43172 0.00479838
-5.43287 0.00477728
-5.43345 0.00464253
-5.43332 0.004506
-5.43381 0.00440131
-5.43536 0.0045361
-5.43431 0.00453123
-5.43333 0.00450249
-5.43244 0.00446332
-5.43219 0.0043555
-5.43168 0.00425674
-5.43092 0.00422502
-5.43042 0.0041547
-5.43073 0.00406385
-5.43152 0.00404896
-5.43252 0.00407302
-5.43194 0.00402647
-5.43201 0.00392249
-5.43342 0.00409286
-5.43196 0.00425912
-5.43244 0.00421452
-5.43327 0.00420845
-5.4335 0.0041386
-5.4329 0.00409782
-5.43331 0.00404465
-5.43268 0.0040108
-5.43283 0.00393777
-5.43249 0.00387058
-5.43286 0.00381806
-5.43292 0.00375335
-5.43353 0.00374288
-5.43359 0.00367161
-5.43357 0.0036102
-5.43344 0.00355859
-5.43391 0.00353413
-5.43355 0.00348865
-5.43403 0.00346559
-5.4342 0.00343029
-5.43507 0.0034922
-5.43497 0.00343718
-5.4356 0.00344046
-5.43612 0.00343159
-5.43625 0.00337485
-5.43655 0.00334297
-5.43641 0.0032876
-5.43691 0.00329289
-5.43728 0.00326268
-5.43763 0.00324085
-5.43772 0.00320383
-5.43784 0.00315168
-5.43806 0.0031275
-5.43823 0.00309987
-5.43867 0.00308816
-5.43857 0.00305366
-5.43879 0.00302731
-5.43927 0.00302045
-5.43913 0.00299484
-5.43937 0.00296206
-5.43939 0.0029259
-5.43964 0.00289771
-5.43969 0.00286989
-5.43969 0.00283866
-5.43922 0.002849
-5.43946 0.00282219
-5.43964 0.00279941
-5.43972 0.00277325
-5.43949 0.00275846
-5.43936 0.00272555
-5.43947 0.0027003
-5.43998 0.0027227
-5.44031 0.00271236
-5.44024 0.00268072
