1.14351 0
1.16581 0.0223038
1.18694 0.0247403
1.20389 0.0243603
1.18356 0.027735
1.18189 0.0227069
1.1956 0.0235858
1.19468 0.0204471
1.18842 0.0190875
1.18232 0.0181301
1.18398 0.0164837
1.18851 0.0157139
1.19259 0.0150194
1.19408 0.0139839
1.19314 0.0130521
1.19279 0.0122139
1.19697 0.0122098
1.19309 0.0121471
1.19237 0.0115132
1.1932 0.0109539
1.19588 0.0107597
1.1953 0.0102752
1.19649 0.00989078
1.19821 0.00962368
1.19532 0.00966953
1.19705 0.00944872
1.19524 0.00927018
1.19779 0.00928971
1.19642 0.00906825
1.19493 0.00888558
1.19473 0.00859685
1.19532 0.00834445
1.19401 0.00819305
1.19551 0.00809009
1.19824 0.00831555
1.19638 0.00829195
1.1955 0.00811235
1.194 0.00803832
1.19529 0.00793561
1.1943 0.00779899
1.19687 0.00802885
1.19734 0.00784907
1.1961 0.0077633
1.19508 0.0076535
1.19581 0.00751681
1.19536 0.00736552
1.19581 0.00722034
1.19653 0.00710484
1.19615 0.00696853
1.19682 0.00686045
1.19585 0.00679483
1.19631 0.00667925
1.1965 0.00655465
1.19799 0.00660211
1.19791 0.00648136
1.19658 0.00650216
1.19698 0.00640009
1.19551 0.00645984
1.19566 0.00635089
1.19591 0.00624966
1.19598 0.00614633
1.19521 0.00609462
1.19653 0.00613979
1.19752 0.00612387
1.19755 0.0060289
1.19677 0.0059871
1.1964 0.00590925
1.19697 0.00585011
1.19708 0.00576558
1.19681 0.00568867
1.19765 0.00566926
1.19739 0.00559569
1.19667 0.00556533
1.19626 0.00550532
1.19673 0.00545236
1.1966 0.00538188
1.1966 0.00531118
1.19639 0.00524701
1.1963 0.00518063
1.19727 0.00520647
1.19729 0.00514175
1.1967 0.00511265
1.19632 0.00506519
1.19571 0.00504186
1.19599 0.00499033
1.19597 0.00493225
1.19711 0.00500561
1.19718 0.00494887
1.19688 0.00490247
1.19608 0.00491317
1.1967 0.00489784
1.19659 0.00484565
1.19668 0.00479404
1.19654 0.00474488
1.1971 0.00472696
1.19731 0.00468249
1.19719 0.00463546
1.19688 0.00459843
1.19691 0.00455198
1.19649 0.00452521
