1.20243 0
1.20115 0.0012762
1.19766 0.00357334
1.1981 0.00256636
1.19795 0.00199407
1.20014 0.00273345
1.1985 0.0028371
1.19887 0.00248577
1.20025 0.0025866
1.19875 0.00275352
1.19947 0.00259052
1.1987 0.00248691
1.19979 0.00253637
1.19874 0.0025744
1.19848 0.00241075
1.19888 0.00229025
1.19895 0.00215272
1.19882 0.00203374
1.19905 0.00193728
1.19899 0.00183884
1.19958 0.00184511
1.19982 0.00177546
1.19968 0.00170257
1.19967 0.00163011
1.19967 0.00156355
1.1995 0.00151128
1.19956 0.00145527
1.19947 0.00140504
1.19956 0.00135888
1.19939 0.0013236
1.19947 0.00128281
1.19935 0.00124794
1.19934 0.00120962
1.19912 0.00119398
1.19904 0.00116207
1.19919 0.00113994
1.19905 0.00111798
1.19893 0.00109465
1.19886 0.00106879
1.19894 0.00104535
1.19877 0.00103475
1.19894 0.00102436
1.19883 0.0010066
1.19878 0.000984623
1.19874 0.000963371
1.19863 0.000947961
1.19861 0.000927963
1.19867 0.000910956
1.19853 0.000903937
1.19867 0.00089658
1.19882 0.000892027
1.19892 0.00087989
1.19879 0.000872628
1.19892 0.000866736
1.19889 0.000851423
1.19877 0.000845067
1.19899 0.000858891
1.19892 0.000846799
1.19885 0.000835322
1.19876 0.00082554
1.19871 0.000813951
1.19904 0.00086659
1.19902 0.000852966
1.199 0.000839685
1.199 0.000826666
1.19903 0.000814361
1.19916 0.000813691
1.1992 0.000802615
1.19902 0.000810812
1.19911 0.000803323
1.19904 0.000794284
1.199 0.000784364
1.19894 0.000775653
1.19912 0.000784652
1.19912 0.000774153
1.19909 0.000764756
1.1991 0.000754788
1.19916 0.000747961
1.19909 0.000742111
1.19921 0.000743617
1.199 0.000763567
1.1992 0.000777991
1.19902 0.000787845
1.19913 0.000785583
1.19917 0.000777201
1.19912 0.000769388
1.19916 0.000761636
1.19909 0.00075646
1.1993 0.000777159
1.19925 0.00077044
1.19927 0.000762255
1.19928 0.000754085
1.19938 0.000752061
1.19935 0.000744562
1.19942 0.000739772
1.19947 0.000733666
1.19937 0.000732456
1.19949 0.000734864
1.19932 0.000748305
1.19933 0.000740942
