-7.529 0
-7.52727 0.00173043
-7.52382 0.00358485
-7.52453 0.00263223
-7.52429 0.00205294
-7.52636 0.00266117
-7.52463 0.00283687
-7.52509 0.00249863
-7.52658 0.0026632
-7.52495 0.00288938
-7.52566 0.0027096
-7.5249 0.00258807
-7.52593 0.00259496
-7.52481 0.00265266
-7.52445 0.00249478
-7.52481 0.00236048
-7.52488 0.00221852
-7.52471 0.00209869
-7.52497 0.00200149
-7.52485 0.00190227
-7.52549 0.00192008
-7.52575 0.00184916
-7.52558 0.00177526
-7.52555 0.00169997
-7.52558 0.00163076
-7.52543 0.00157339
-7.52547 0.00151438
-7.52536 0.00146289
-7.52541 0.00141235
-7.52523 0.0013766
-7.5253 0.00133321
-7.52517 0.00129714
-7.52516 0.00125725
-7.52496 0.00123706
-7.52491 0.00120211
-7.52508 0.00118095
-7.52495 0.00115596
-7.52481 0.00113367
-7.52474 0.00110668
-7.5248 0.00108061
-7.52459 0.00107463
-7.52474 0.00105926
-7.52462 0.00104103
-7.52456 0.00101905
-7.52451 0.000997529
-7.52441 0.000980212
-7.52439 0.000959388
-7.52446 0.00094182
-7.52434 0.000930707
-7.5245 0.000925851
-7.52467 0.00092379
-7.52479 0.000913932
-7.52468 0.000903156
-7.52483 0.000898712
-7.52479 0.000883283
-7.52466 0.000876229
-7.5249 0.000891775
-7.52483 0.000878578
-7.52479 0.000864938
-7.52472 0.000852585
-7.52467 0.000840489
-7.52501 0.000894522
-7.52502 0.000880351
-7.52501 0.000866607
-7.525 0.000853206
-7.52501 0.000840285
-7.52517 0.000842127
-7.52519 0.000829844
-7.52501 0.000837481
-7.52509 0.000829318
-7.52503 0.000819448
-7.52499 0.000809076
-7.52493 0.00079995
-7.5251 0.000807319
-7.52511 0.000796561
-7.52508 0.000786767
-7.52508 0.000776483
-7.52517 0.000772367
-7.52511 0.000765458
-7.52525 0.000768935
-7.52504 0.000786491
-7.52523 0.000798769
-7.52506 0.000807587
-7.52516 0.000803933
-7.52519 0.000795275
-7.52516 0.000786869
-7.5252 0.000779202
-7.52514 0.000772628
-7.52537 0.000796845
-7.52532 0.000789278
-7.52533 0.000780574
-7.52534 0.000772182
-7.52544 0.000770252
-7.52541 0.000762669
-7.5255 0.000760055
-7.52554 0.000753167
-7.52544 0.000751881
-7.52558 0.000757089
-7.5254 0.000770999
-7.52542 0.000763392
