1.29421 0
1.27601 0.0182077
1.21922 0.0577541
1.19571 0.0471227
1.19661 0.0365123
1.19048 0.030436
1.18988 0.0257299
1.1943 0.0227161
1.19546 0.0200671
1.20291 0.019432
1.19755 0.0183772
1.19694 0.0167866
1.19673 0.0154434
1.19458 0.0144594
1.19473 0.0134619
1.1964 0.0127019
1.19563 0.0119563
1.19526 0.0112778
1.19648 0.0107373
1.19376 0.0105444
1.194 0.010033
1.19406 0.00956624
1.19527 0.00921963
1.19664 0.00893208
1.19562 0.00862736
1.19871 0.00884504
1.19536 0.00914444
1.1973 0.00902085
1.19313 0.00965029
1.19583 0.00970546
1.19625 0.0093963
1.19946 0.00964876
1.19885 0.00937203
1.19706 0.00926585
1.19575 0.00909162
1.19406 0.0089957
1.19542 0.00885438
1.19607 0.00864268
1.19653 0.00843072
1.198 0.0083487
1.19802 0.00814292
1.19493 0.00852474
1.19546 0.00834069
1.19697 0.00828775
1.1962 0.00813761
1.19742 0.00805064
1.19769 0.00788235
1.19654 0.00780308
1.19439 0.00793833
1.19345 0.00783396
1.19484 0.00780456
1.19494 0.00765381
1.19598 0.00758031
1.19639 0.00744997
1.19578 0.00733867
1.19505 0.00724388
1.19411 0.00717787
1.19353 0.00707602
1.19557 0.00724706
1.19499 0.00714902
1.19561 0.00705858
1.19589 0.00694935
1.1956 0.00684437
1.19599 0.0067479
1.19615 0.00664499
1.19583 0.0065514
1.19666 0.00650672
1.19569 0.00648369
1.1942 0.00656021
1.19543 0.0065819
1.19578 0.00649773
1.19525 0.00642887
1.19498 0.0063457
1.19539 0.00627274
1.19503 0.00619884
1.19523 0.00612009
1.19568 0.00605695
1.19586 0.00598162
1.1959 0.00590562
1.19514 0.0058811
1.19606 0.00588121
1.19607 0.00580905
1.19608 0.00573854
1.19601 0.00567053
1.19503 0.00568793
1.19513 0.00562241
1.19534 0.00556178
1.1961 0.00554964
1.19574 0.00549859
1.19543 0.00544589
1.19506 0.00539815
1.19588 0.00540052
1.19581 0.00534267
1.19553 0.00529308
1.19571 0.00524023
1.19654 0.00525226
1.19598 0.00522769
1.19573 0.00518007
1.19561 0.00512909
1.1959 0.00508598
