-7.63264 0
-7.61169 0.0208537
-7.55378 0.0591284
-7.53017 0.0480273
-7.53108 0.037212
-7.52451 0.0310909
-7.52464 0.0262766
-7.52885 0.0231333
-7.5302 0.0204496
-7.53767 0.0197363
-7.53221 0.0186623
-7.53208 0.0170473
-7.53188 0.015696
-7.52974 0.0146959
-7.52998 0.0136719
-7.53165 0.0128867
-7.53086 0.0121385
-7.53057 0.0114573
-7.53191 0.0109134
-7.52896 0.0107632
-7.52919 0.0102516
-7.52929 0.00977492
-7.53071 0.00944979
-7.53191 0.00910649
-7.53094 0.00880713
-7.53407 0.00901828
-7.53063 0.00933548
-7.53263 0.00921479
-7.5284 0.00984206
-7.5311 0.00988611
-7.53151 0.00956832
-7.53484 0.00983469
-7.53408 0.00956832
-7.53232 0.00944061
-7.53098 0.00925843
-7.52935 0.00913714
-7.53076 0.00899168
-7.5314 0.00878173
-7.53187 0.00856051
-7.53343 0.00849622
-7.53342 0.00828641
-7.53026 0.00867586
-7.53081 0.00847605
-7.53231 0.00840862
-7.53158 0.00825496
-7.53284 0.00816791
-7.53308 0.00799091
-7.53191 0.00792083
-7.52975 0.00805294
-7.52886 0.00793608
-7.53025 0.0078999
-7.5304 0.00774519
-7.5315 0.00768469
-7.53194 0.00755013
-7.53134 0.00744677
-7.53061 0.00734579
-7.52958 0.00728458
-7.529 0.00718323
-7.53107 0.00736173
-7.53049 0.0072591
-7.53114 0.00717181
-7.53147 0.00705983
-7.53114 0.00695417
-7.53147 0.00685473
-7.53162 0.00674376
-7.5313 0.00665651
-7.53212 0.00660152
-7.53112 0.00656942
-7.52962 0.00665295
-7.53085 0.00666705
-7.53117 0.00657796
-7.53062 0.00651912
-7.53039 0.00642027
-7.53082 0.00635563
-7.53045 0.00628389
-7.53064 0.00618866
-7.53108 0.00611507
-7.53124 0.00603432
-7.53125 0.0059669
-7.53051 0.00592901
-7.53141 0.00593217
-7.53143 0.00585535
-7.53143 0.00577541
-7.53133 0.00571242
-7.53032 0.00574194
-7.5304 0.00566862
-7.53062 0.00560795
-7.53135 0.00559133
-7.531 0.00553994
-7.53062 0.00548925
-7.53025 0.00543922
-7.53105 0.00544401
-7.53096 0.00538362
-7.53066 0.00533157
-7.53087 0.00527628
-7.53169 0.00528656
-7.53114 0.0052665
-7.5309 0.00521672
-7.53079 0.00516748
-7.53106 0.00512631
