0.762339 0
0.777208 0.0148685
0.791291 0.0164926
0.802592 0.0162392
0.78904 0.0184903
0.787929 0.0151379
0.797069 0.0157236
0.796455 0.0136304
0.792283 0.0127243
0.788215 0.0120863
0.789322 0.0109882
0.792341 0.0104753
0.79506 0.0100125
0.796052 0.00932245
0.795429 0.00870094
0.795195 0.0081425
0.79798 0.00813967
0.795394 0.00809831
0.794913 0.00767545
0.795465 0.00730234
0.797255 0.00717292
0.796866 0.00685045
0.797662 0.00659426
0.798804 0.00641588
0.796883 0.00644704
0.798032 0.00629977
0.796825 0.00618096
0.798525 0.00619363
0.79761 0.00604605
0.796618 0.00592461
0.796485 0.00573167
0.796878 0.00556364
0.796004 0.00546273
0.797009 0.00539425
0.798827 0.0055447
0.797589 0.00552859
0.797003 0.00540934
0.796 0.00535968
0.796863 0.00529136
0.796197 0.00520006
0.797911 0.00535345
0.798223 0.00523373
0.7974 0.00517654
0.796719 0.00510311
0.797206 0.00501232
0.79691 0.00491094
0.797205 0.00481426
0.797685 0.00473741
0.797434 0.00464656
0.79788 0.00457451
0.797231 0.00453063
0.797541 0.00445357
0.797664 0.00437073
0.798657 0.00440233
0.798604 0.00432197
0.797717 0.00433582
0.797988 0.0042676
0.797004 0.00430741
0.797109 0.00423507
0.797274 0.00416715
0.797319 0.00409861
0.796808 0.00406415
0.797684 0.00409395
0.798346 0.0040834
0.798365 0.00402022
0.797849 0.00399228
0.797597 0.0039402
0.797981 0.00390089
0.79805 0.0038445
0.797876 0.00379316
0.798431 0.00378041
0.798263 0.00373126
0.797783 0.00371084
0.797506 0.00367079
0.797823 0.0036354
0.797731 0.00358856
0.79773 0.00354148
0.797593 0.00349844
0.797536 0.00345433
0.798182 0.00347141
0.798193 0.00342831
0.797802 0.0034087
0.797547 0.003377
0.797139 0.00336151
0.79733 0.00332729
0.797315 0.00328831
0.798072 0.00333722
0.798121 0.00329935
0.797919 0.00326835
0.797386 0.00327549
0.797798 0.00326547
0.797725 0.00323049
0.797785 0.0031961
0.797696 0.00316321
0.798065 0.00315137
0.798208 0.00312161
0.798128 0.00309037
0.797919 0.0030658
0.797938 0.00303482
0.797661 0.00301706
