1.67901 0
1.63914 0.0398696
1.63041 0.0246202
1.61847 0.0211107
1.61997 0.0164214
1.62499 0.0143173
1.63736 0.0173038
1.63152 0.0160828
1.62309 0.0165008
1.62109 0.0148938
1.62709 0.0147457
1.63823 0.0174769
1.64059 0.0162482
1.63462 0.0161857
1.63759 0.0153586
1.63675 0.0143911
1.635 0.013631
1.63218 0.0131571
1.6319 0.0124485
1.6269 0.012826
1.62976 0.0125318
1.6333 0.0124616
1.637 0.0124676
1.64052 0.0124449
1.63886 0.0120507
1.63748 0.0116607
1.63634 0.011278
1.63559 0.0108936
1.63502 0.0105269
1.63743 0.010453
1.63943 0.0103049
1.63988 0.00998821
1.64096 0.00974021
1.63907 0.0096367
1.63629 0.00976083
1.63557 0.00951319
1.63793 0.00954853
1.63849 0.00931066
1.64011 0.00921227
1.63885 0.0090662
1.63819 0.00886744
1.63895 0.00868759
1.64084 0.00869178
1.64195 0.00856322
1.64215 0.00837311
1.64197 0.00819101
1.63961 0.00835454
1.63828 0.00828618
1.63961 0.00822384
1.64099 0.00817487
1.64094 0.00801315
1.64212 0.00794583
1.64427 0.00808763
1.64473 0.00794957
1.64225 0.00818928
1.64191 0.00804888
1.64139 0.00792326
1.64252 0.00786616
1.64437 0.00795176
1.64648 0.00809728
1.64726 0.00800158
1.64748 0.00787452
1.64909 0.00791454
1.65063 0.00794012
1.65217 0.00796654
1.65084 0.00795706
1.65133 0.00785267
1.65253 0.00782975
1.6524 0.00771647
1.65277 0.00761408
1.65247 0.00751208
1.65256 0.00740755
1.65127 0.0074175
1.65128 0.00731659
1.6516 0.00722516
1.65241 0.00717544
1.65265 0.00708572
1.65219 0.00700922
1.65204 0.00692157
1.6512 0.00688607
1.65203 0.00685099
1.65344 0.00691321
1.6539 0.00684426
1.65402 0.00676344
1.65335 0.0067171
1.65345 0.00663934
1.65444 0.00663711
1.655 0.00658496
1.6545 0.00653009
1.65343 0.00654554
1.65353 0.00647412
1.65432 0.006451
1.65429 0.00638133
1.65403 0.00631823
1.65413 0.00625218
1.65451 0.00619814
1.65559 0.00622824
1.65533 0.00616986
1.65543 0.00610807
1.65506 0.00605814
