-6.33476 0
-6.33521 0.00195312
-6.33527 0
-6.33542 0
-6.33541 0
-6.33551 -nan
-6.33541 0.00079736
-6.33536 0
-6.3352 0.000976562
-6.33516 0.000651042
-6.33503 0.000873464
-6.33501 0.000832815
-6.33489 0
-6.33479 0.000541699
-6.33471 0
-6.33469 -nan
-6.33467 0.000488281
-6.3347 0
-6.33476 0
-6.33478 0
-6.33479 0.000436732
-6.3348 -nan
-6.33479 0
-6.33476 0
-6.33478 0.00039868
-6.33473 0
-6.33466 0
-6.33466 0.000531573
-6.33464 0.000521995
-6.3346 0.000628191
-6.33462 0.000504295
-6.33461 0.000607589
-6.33461 0.00059802
-6.3346 0.000588889
-6.33462 0.000473702
-6.33461 0
-6.33463 0.000325521
-6.33459 0.000321092
-6.33456 0
-6.33454 0.00031275
-6.33453 0
-6.33451 -nan
-6.33451 0.000301374
-6.33448 -nan
-6.33446 0.000294445
-6.33445 0
-6.33443 -nan
-6.33442 -nan
-6.33444 0
-6.33442 -nan
-6.33438 -nan
-6.33435 -nan
-6.33432 -nan
-6.33429 -nan
-6.33426 -nan
-6.33425 -nan
-6.33423 -nan
-6.33423 -nan
-6.33422 -nan
-6.33422 0
-6.33423 0
-6.33423 -nan
-6.33423 -nan
-6.33422 -nan
-6.33422 -nan
-6.33421 -nan
-6.3342 -nan
-6.3342 -nan
-6.33418 -nan
-6.33417 -nan
-6.33417 -nan
-6.33417 -nan
-6.33416 -nan
-6.33413 -nan
-6.33411 -nan
-6.33409 -nan
-6.33407 -nan
-6.33405 0
-6.33402 0
-6.33401 -nan
-6.334 -nan
-6.33399 0.000217014
-6.33398 -nan
-6.33398 0
-6.33395 -nan
-6.33393 0
-6.33391 0
-6.33388 -nan
-6.33385 -nan
-6.33383 -nan
-6.3338 -nan
-6.33379 -nan
-6.33376 -nan
-6.33375 -nan
-6.33373 -nan
-6.3337 -nan
-6.33367 -nan
-6.33366 -nan
-6.33365 -nan
-6.33365 -nan
