0.80194 0
0.795837 0.00609863
0.797218 0.00378615
0.798669 0.00304279
0.795633 0.00384667
0.796659 0.00330448
0.796954 0.0028085
0.79676 0.00243966
0.796951 0.00215964
0.797268 0.0019582
0.797111 0.00178072
0.79734 0.0016394
0.79686 0.00158064
0.796713 0.00147265
0.797005 0.00140248
0.796558 0.00138681
0.796234 0.00134
0.796425 0.00127823
0.796058 0.00126336
0.796212 0.00120779
0.795866 0.00119853
0.796106 0.00116843
0.796106 0.00111879
0.796155 0.00107147
0.796224 0.00102979
0.796046 0.00100543
0.796256 0.000990547
0.79615 0.000961757
0.796065 0.000931947
0.796042 0.000901031
0.795989 0.000872326
0.79611 0.000853648
0.796168 0.000827921
0.796322 0.000819699
0.796382 0.000797726
0.796136 0.000813918
0.796357 0.0008219
0.796292 0.000802729
0.796236 0.000784136
0.796291 0.000765081
0.796165 0.000759391
0.796204 0.000743259
0.79621 0.00072365
0.796072 0.000720977
0.796066 0.000705094
0.79614 0.00069436
0.796134 0.000679182
0.79598 0.00068222
0.795994 0.000666747
0.796043 0.000656211
0.795948 0.000652363
0.79605 0.000647742
0.795977 0.000638798
0.796029 0.000629178
0.795897 0.000632117
0.79603 0.000634082
0.796008 0.000622439
0.796077 0.000615257
0.796163 0.000611613
0.796187 0.000602228
0.796226 0.000592177
0.79627 0.000583966
0.796209 0.000577576
0.796367 0.000590858
0.796306 0.000584633
0.796291 0.000576153
0.796315 0.000567809
0.796295 0.00056039
0.796305 0.000550711
0.79627 0.000545123
0.796323 0.00053964
0.796396 0.000538171
0.796357 0.000531314
0.796378 0.000525336
0.796416 0.000520228
0.796304 0.000525139
0.796381 0.000523923
0.796345 0.000517527
0.796324 0.00051271
0.796381 0.000508714
0.796439 0.000506261
0.796435 0.000500192
0.796353 0.0005015
0.796501 0.000516164
0.796414 0.000516529
0.796476 0.000515526
0.796517 0.000510487
0.796497 0.000504159
0.796459 0.000501286
0.796516 0.000498462
0.796513 0.000493006
0.796618 0.000497583
0.796536 0.00050008
0.796544 0.000494153
0.796529 0.000489578
0.79654 0.000484411
0.79653 0.000479945
0.796552 0.000474884
0.796561 0.000472455
0.796577 0.000468137
