-7.53767 0
-7.52896 0.00851347
-7.5311 0.00569429
-7.53343 0.00464937
-7.52886 0.00569429
-7.53049 0.00494106
-7.53085 0.0041432
-7.5305 0.00346252
-7.53062 0.00300997
-7.53106 0.00283782
-7.5307 0.00239208
-7.53102 0.00212327
-7.53018 0.00218366
-7.52986 0.00202685
-7.53022 0.00180824
-7.52953 0.0018869
-7.52902 0.00189111
-7.52934 0.00177243
-7.52885 0.00178295
-7.5291 0.00155219
-7.52859 0.0016341
-7.52896 0.00153671
-7.52895 0.00138107
-7.52899 0.00128785
-7.52912 0.00105481
-7.5288 0.0010335
-7.52904 0.000938251
-7.52889 0.000994483
-7.52874 0.00104399
-7.52867 0.00108806
-7.5286 0.00106977
-7.52878 0.0011093
-7.52886 0.0010358
-7.52908 0.00101999
-7.52919 0.00105923
-7.52882 0.00104399
-7.52916 0.00107963
-7.52902 0.00106494
-7.52891 0.00109756
-7.52898 0.0010834
-7.52877 0.00102423
-7.52881 0.00105664
-7.52883 0.000999544
-7.52858 0.00103178
-7.52856 0.000976562
-7.52866 0.000965651
-7.52864 0.000997566
-7.52839 0.000944882
-7.52843 0.000934987
-7.52848 0.000925398
-7.5283 0.000995902
-7.52843 0.000947405
-7.52829 0.000976562
-7.52833 0.000967306
-7.52811 0.000958307
-7.52829 0.000949556
-7.52824 0.000976562
-7.52834 0.00103479
-7.52846 0.000993257
-7.5285 0.000984804
-7.52857 0.000976562
-7.52863 0.00103107
-7.52854 0.000992188
-7.52877 0.00101458
-7.52868 0.000976562
-7.52865 0.000998844
-7.52867 0.000961652
-7.52864 0.000983823
-7.52863 0.000947405
-7.52858 0.000940514
-7.52865 0.000904121
-7.52876 0.000927173
-7.52869 0.000920712
-7.5287 0.000942525
-7.52873 0.000879346
-7.52855 0.000843846
-7.52864 0.000838276
-7.52857 0.000802521
-7.5285 0.00079736
-7.52858 0.000822206
-7.52866 0.000756442
-7.52864 0.000751758
-7.52851 0.000682061
-7.52873 0.000711029
-7.52857 0.000706784
-7.52864 0.000733857
-7.52869 0.000729577
-7.52863 0.000694491
-7.52854 0.00075069
-7.5286 0.000686644
-7.52857 0.000682818
-7.52872 0.000738212
-7.52856 0.000705386
-7.52856 0.000701583
-7.52852 0.000697841
-7.52851 0.000664607
-7.52847 0.000718731
-7.52849 0.000715016
-7.52849 0.000654355
-7.52851 0.000679991
