1.64313 0
1.63601 0.00715961
1.62457 0.0121581
1.62714 0.00897694
1.63455 0.0101546
1.63671 0.00857486
1.64196 0.0089459
1.64111 0.00779723
1.64817 0.00985373
1.65041 0.00909276
1.65288 0.00858598
1.65532 0.00820888
1.64801 0.0105141
1.64491 0.0102172
1.64276 0.00974904
1.64184 0.00916617
1.64202 0.00861266
1.63961 0.00846805
1.64105 0.00813721
1.6417 0.00774637
1.64291 0.00746767
1.64132 0.00729626
1.64078 0.0069919
1.63912 0.00689708
1.63886 0.00661962
1.6378 0.00644753
1.637 0.00625745
1.63883 0.00630298
1.64017 0.00622576
1.64095 0.00606484
1.64016 0.00591942
1.63934 0.00579005
1.63971 0.00562451
1.64002 0.0054651
1.63964 0.00531993
1.63924 0.00518656
1.64058 0.00521913
1.6404 0.00508261
1.6401 0.00496058
1.639 0.00495798
1.6393 0.00484421
1.63989 0.00476528
1.64089 0.00475798
1.63911 0.00497728
1.63946 0.00487837
1.63889 0.00480516
1.63885 0.0047011
1.63881 0.00460148
1.63843 0.00452265
1.63854 0.00443257
1.63762 0.00444094
1.6375 0.0043566
1.63743 0.00427447
1.63695 0.00422278
1.63725 0.00415438
1.63692 0.0040932
1.63654 0.00403808
1.63605 0.00399675
1.63537 0.00398697
1.63517 0.00392431
1.63544 0.00386894
1.63503 0.00382894
1.63521 0.00377203
1.63541 0.00371864
1.63585 0.00368695
1.63683 0.00376033
1.63652 0.00371572
1.63735 0.00375435
1.63706 0.00371014
1.63683 0.00366435
1.63716 0.00362871
1.637 0.00358156
1.63666 0.00354868
1.63668 0.00350058
1.63668 0.00345267
1.63729 0.00346049
1.63749 0.00342164
1.63712 0.00339844
1.6373 0.00335979
1.63741 0.00331851
1.63766 0.00328594
1.63783 0.00324933
1.63759 0.00321908
1.63793 0.00319783
1.63833 0.00318543
1.63783 0.00318739
1.63722 0.00320879
1.63775 0.00321639
1.63756 0.00318576
1.63743 0.00315255
1.63769 0.00312864
1.63765 0.00309494
1.6375 0.003065
1.63735 0.00303541
1.63672 0.00306963
1.63639 0.00305589
1.63604 0.00304361
1.63628 0.00302138
1.63654 0.00300268
1.63656 0.00297253
