-7.51042 0
-7.52091 0.0105179
-7.52198 0.00601994
-7.52113 0.00436732
-7.52382 0.0041432
-7.52303 0.00349386
-7.52402 0.00308816
-7.52432 0.00266166
-7.52317 0.00248976
-7.52374 0.00234736
-7.52366 0.00222691
-7.52415 0.00195312
-7.52411 0.00178295
-7.52432 0.00179661
-7.52431 0.00173126
-7.52478 0.00151288
-7.52383 0.00169146
-7.52425 0.00164095
-7.52415 0.00152683
-7.5241 0.00134423
-7.52378 0.00123526
-7.52329 0.00127862
-7.52352 0.00124922
-7.52348 0.00115189
-7.52377 0.00119604
-7.52397 0.00117188
-7.52379 0.00114912
-7.52372 0.000994483
-7.52389 0.00104399
-7.52364 0.00108806
-7.52385 0.00106977
-7.52367 0.000992188
-7.52395 0.000913491
-7.52374 0.00101999
-7.52392 0.000886216
-7.52384 0.000873464
-7.52404 0.000920712
-7.52383 0.000908185
-7.52366 0.00100193
-7.52387 0.00082746
-7.52424 0.00102423
-7.52387 0.000915081
-7.52376 0.000953027
-7.52381 0.000893546
-7.52398 0.000931116
-7.52397 0.000873464
-7.52372 0.000910649
-7.52394 0.000944882
-7.52395 0.000891476
-7.52366 0.00100601
-7.52383 0.000916097
-7.52395 0.00098609
-7.52373 0.000938251
-7.5237 0.000889792
-7.52356 0.000840491
-7.52348 0.000912303
-7.52354 0.000904121
-7.52351 0.000896155
-7.5235 0.000959578
-7.52363 0.000916802
-7.52349 0.000943449
-7.52362 0.000901648
-7.5237 0.000894347
-7.52362 0.00088722
-7.52376 0.000880262
-7.52368 0.000873464
-7.52358 0.000832815
-7.52364 0.000826577
-7.52357 0.000886216
-7.52346 0.000879771
-7.52354 0.000904121
-7.52345 0.000835743
-7.52347 0.000861247
-7.52358 0.000855328
-7.52358 0.000908185
-7.52361 0.000873464
-7.52364 0.000838276
-7.52363 0.000832815
-7.5235 0.000884591
-7.52354 0.000822206
-7.52353 0.00078733
-7.52359 0.000840491
-7.52358 0.000862746
-7.52361 0.000802149
-7.52355 0.000768355
-7.52355 0.000763822
-7.52352 0.000759368
-7.52356 0.000783492
-7.52354 0.000721239
-7.52348 0.000774638
-7.52358 0.000770323
-7.52356 0.000792967
-7.52357 0.000788645
-7.52364 0.000810119
-7.52357 0.00078021
-7.52353 0.000826214
-7.52353 0.00077204
-7.52367 0.000817652
-7.52362 0.00081347
-7.52347 0.000809351
