-0.444957 0
-0.447581 0.00262664
-0.44724 0.0015537
-0.446152 0.00154569
-0.449033 0.00311997
-0.449054 0.00254656
-0.443703 0.00576839
-0.442974 0.00504808
-0.444003 0.00456929
-0.441675 0.00470354
-0.43706 0.00627707
-0.437002 0.00573045
-0.438025 0.00536948
-0.438518 0.0049956
-0.438653 0.00465253
-0.437743 0.00444633
-0.437912 0.00418002
-0.439148 0.00413049
-0.439303 0.00391006
-0.438189 0.00387278
-0.439294 0.00384599
-0.441306 0.00418275
-0.442785 0.00426127
-0.443241 0.00410527
-0.444901 0.00427333
-0.445585 0.00416215
-0.447174 0.00430913
-0.448398 0.0043288
-0.450437 0.00464801
-0.451862 0.00471121
-0.453212 0.00475218
-0.455031 0.00494794
-0.45674 0.00509104
-0.458435 0.00522194
-0.459218 0.00513067
-0.459715 0.00501083
-0.460116 0.00489001
-0.459924 0.00476345
-0.459878 0.0046399
-0.459374 0.00455036
-0.459005 0.00445335
-0.458487 0.00437676
-0.456828 0.00458428
-0.455902 0.00457356
-0.454946 0.00457205
-0.453888 0.00459478
-0.452644 0.00466489
-0.450659 0.00497961
-0.449248 0.005077
-0.447841 0.00516948
-0.446778 0.00517739
-0.445257 0.00529968
-0.443651 0.00544138
-0.442444 0.0054743
-0.441338 0.00548638
-0.440525 0.00544862
-0.439788 0.00540266
-0.439386 0.00532392
-0.439217 0.0052356
-0.439074 0.00514956
-0.439178 0.00506553
-0.43949 0.00499291
-0.439606 0.00491436
-0.439662 0.00483728
-0.439829 0.00476524
-0.440345 0.00472075
-0.440606 0.00465706
-0.440466 0.00459018
-0.440371 0.00452416
-0.440275 0.00446011
-0.440951 0.00444848
-0.441529 0.00442418
-0.441343 0.00436718
-0.441527 0.00431172
-0.441424 0.0042551
-0.44131 0.00420024
-0.441404 0.00414642
-0.441348 0.00409335
-0.441122 0.00404748
-0.44078 0.00401117
-0.440403 0.00397922
-0.440222 0.00393455
-0.440107 0.00388858
-0.439905 0.00384732
-0.439653 0.00381011
-0.439506 0.00376842
-0.439402 0.00372625
-0.439155 0.00369197
-0.43916 0.00365025
-0.438861 0.00362179
-0.438552 0.00359508
-0.438205 0.00357273
-0.437884 0.00354868
-0.437841 0.00351093
-0.437705 0.00347644
-0.43744 0.00345031
-0.437342 0.0034159
-0.437193 0.00338414
-0.437092 0.00335135
-0.437106 0.00331768
