-5.40803 0
-5.46854 0.0605154
-5.43096 0.0513323
-5.40574 0.0441942
-5.42358 0.038602
-5.41373 0.0330303
-5.4328 0.0337915
-5.43373 0.0292783
-5.434 0.025819
-5.44077 0.0240665
-5.44442 0.0220712
-5.44993 0.0208827
-5.45182 0.0193062
-5.44463 0.0192627
-5.4382 0.0190439
-5.43225 0.0187812
-5.43766 0.0184484
-5.44428 0.0186105
-5.45255 0.0194415
-5.45189 0.018453
-5.44875 0.0178313
-5.44756 0.0170429
-5.4495 0.0163993
-5.45177 0.0158646
-5.4557 0.0157213
-5.45486 0.0151213
-5.44626 0.0169102
-5.44207 0.0168266
-5.43881 0.0165605
-5.43485 0.0164833
-5.43401 0.0159671
-5.43499 0.0154905
-5.43577 0.015038
-5.43502 0.014606
-5.43494 0.0141834
-5.43345 0.0138658
-5.43378 0.0134905
-5.4324 0.0132039
-5.43046 0.0130058
-5.43135 0.0127098
-5.43212 0.01242
-5.43326 0.0121744
-5.43429 0.0119338
-5.43338 0.0116922
-5.43243 0.0114682
-5.43065 0.0113588
-5.43246 0.0112623
-5.43258 0.0110246
-5.43274 0.0107994
-5.43055 0.0108045
-5.42974 0.0106208
-5.42946 0.0104179
-5.42826 0.0102869
-5.42723 0.0101523
-5.42752 0.00996788
-5.42894 0.00989264
-5.42925 0.00972368
-5.42833 0.009598
-5.42865 0.00944204
-5.42969 0.00933921
-5.42981 0.00919042
-5.42959 0.00904072
-5.42902 0.00891763
-5.42757 0.00889265
-5.42765 0.00875339
-5.42625 0.00873128
-5.42319 0.00912937
-5.4226 0.00901215
-5.42318 0.00889848
-5.42331 0.00877411
-5.42483 0.00878131
-5.42412 0.00868684
-5.42246 0.00872098
-5.42214 0.00860961
-5.42309 0.00854671
-5.42326 0.00843696
-5.42239 0.00836628
-5.42185 0.00828043
-5.42143 0.00818396
-5.42063 0.00811714
-5.42129 0.00804702
-5.42246 0.00803684
-5.4222 0.00794389
-5.42242 0.00785065
-5.42306 0.00778921
-5.42237 0.00772585
-5.42196 0.00764897
-5.41943 0.00797085
-5.41879 0.00790489
-5.41766 0.00790115
-5.41806 0.00782334
-5.4183 0.00773972
-5.41768 0.00768272
-5.41804 0.00760903
-5.41827 0.00753351
-5.41711 0.00754582
-5.41747 0.00747724
-5.4166 0.00744917
-5.41598 0.00740055
-5.41532 0.00735523
