-5.49702 0
-5.51138 0.014219
-5.48023 0.0322118
-5.46794 0.0258497
-5.4399 0.0344507
-5.42612 0.0313232
-5.41948 0.027303
-5.42207 0.0237894
-5.42404 0.0210811
-5.42799 0.0192581
-5.4368 0.0195117
-5.44302 0.0188766
-5.44664 0.0177312
-5.45224 0.0173428
-5.45938 0.0176477
-5.46274 0.0168505
-5.46533 0.0160354
-5.47054 0.015994
-5.46813 0.0153133
-5.46713 0.0145677
-5.4661 0.0138899
-5.47203 0.0145192
-5.47396 0.0140008
-5.47578 0.0135286
-5.47696 0.0130259
-5.48294 0.0138768
-5.48427 0.0134201
-5.48546 0.012991
-5.48297 0.0127755
-5.48315 0.0123367
-5.48167 0.0120293
-5.48416 0.0119063
-5.4854 0.0116037
-5.48386 0.0113683
-5.48541 0.0111471
-5.48536 0.0108319
-5.4845 0.0105631
-5.48408 0.0102975
-5.48526 0.0101016
-5.48612 0.00988261
-5.48552 0.00965514
-5.48461 0.00946567
-5.48357 0.00930606
-5.48203 0.00921889
-5.48475 0.00941533
-5.48459 0.00920942
-5.48493 0.00901497
-5.48421 0.00885691
-5.48497 0.00870045
-5.48366 0.00862477
-5.48165 0.00868647
-5.48389 0.00880925
-5.48499 0.00871783
-5.48359 0.00866639
-5.48274 0.00854453
-5.48145 0.00849308
-5.48271 0.00843712
-5.48118 0.0084345
-5.48062 0.00830821
-5.48018 0.00818039
-5.47853 0.00820932
-5.47587 0.00850245
-5.47548 0.00837136
-5.47492 0.00826262
-5.47445 0.00815042
-5.47473 0.0080347
-5.47479 0.00791357
-5.47495 0.00779426
-5.47483 0.00767851
-5.47603 0.00766065
-5.47528 0.00759318
-5.47352 0.00768946
-5.47227 0.00768601
-5.47214 0.00758512
-5.47253 0.0074908
-5.47192 0.00741845
-5.47038 0.00748269
-5.4698 0.00741226
-5.46959 0.00731963
-5.46872 0.00727813
-5.46857 0.00719117
-5.46844 0.00710534
-5.46804 0.00703052
-5.46821 0.00694847
-5.46869 0.00688228
-5.47006 0.00693614
-5.4702 0.00685699
-5.46973 0.00679654
-5.46897 0.00676102
-5.46727 0.00689758
-5.46622 0.00690227
-5.46718 0.00689319
-5.46662 0.006842
-5.46541 0.00687558
-5.46516 0.00681066
-5.46557 0.00674948
-5.46487 0.00671867
-5.46477 0.00664708
-5.46486 0.00657914
-5.46482 0.0065119
