1.1242 0
1.13503 0.0108361
1.11475 0.021229
1.10674 0.0170153
1.08824 0.0227123
1.07896 0.0207344
1.07451 0.0180801
1.07613 0.0157412
1.07757 0.0139572
1.08024 0.012765
1.08591 0.0128641
1.08997 0.0124279
1.09219 0.0116439
1.09564 0.0113191
1.10034 0.0115386
1.10258 0.0110233
1.10426 0.0104899
1.10781 0.0105086
1.10619 0.0100714
1.10556 0.00957553
1.10486 0.00913523
1.10887 0.00958758
1.11013 0.00924692
1.11126 0.0089257
1.11201 0.00859361
1.1159 0.00913073
1.11671 0.00882265
1.11744 0.00853316
1.11568 0.00842096
1.11573 0.00813572
1.11475 0.00793088
1.11632 0.00783756
1.11715 0.00764208
1.11603 0.00749895
1.11695 0.00734095
1.11683 0.00713531
1.11618 0.00697049
1.11586 0.00679244
1.11666 0.00666421
1.1172 0.006518
1.11679 0.00637015
1.11617 0.00624747
1.11546 0.00614176
1.11441 0.00609317
1.1162 0.00621982
1.11608 0.00608406
1.1163 0.00595719
1.11579 0.00585353
1.11623 0.00575006
1.11534 0.00570347
1.11391 0.00576937
1.1153 0.00582457
1.116 0.00575655
1.11502 0.00573385
1.11441 0.00566085
1.11351 0.0056319
1.11429 0.00558673
1.11325 0.00558658
1.11283 0.00550713
1.1125 0.00542499
1.11136 0.00545587
1.10954 0.00566711
1.10924 0.00558468
1.10885 0.00551055
1.10852 0.00543453
1.10866 0.00535279
1.10866 0.0052725
1.10873 0.00519513
1.10861 0.00512045
1.10937 0.00510373
1.10884 0.00505891
1.10764 0.00513064
1.10678 0.00513244
1.10666 0.00506358
1.10691 0.00500211
1.1065 0.00495279
1.10546 0.00499743
1.10507 0.00494879
1.10492 0.00488782
1.10434 0.00486144
1.10423 0.0048025
1.10414 0.00474447
1.10387 0.00469459
1.10398 0.00463968
1.1043 0.00459626
1.10521 0.00463376
1.10531 0.00458094
1.10498 0.00454022
1.10447 0.00451825
1.10333 0.00461196
1.10258 0.00462136
1.1032 0.00461297
1.10282 0.00457935
1.102 0.00460324
1.10182 0.00455828
1.10207 0.00451801
1.10158 0.00449773
1.1015 0.00445232
1.10155 0.00440725
1.10149 0.0043636
