-3.81072 0
-3.80882 0.00195312
-3.8081 0.00119604
-3.80783 0.000976562
-3.80754 0.000976562
-3.80768 0.000756442
-3.80771 0.00079736
-3.80787 0.00063931
-3.80768 0.00059802
-3.80764 0.000651042
-3.80794 0.000534885
-3.80806 0.000588889
-3.80836 0.000690534
-3.80877 0.000812549
-3.80887 0.000738212
-3.80887 0.00071318
-3.80894 0.000645935
-3.80882 0.000529615
-3.80885 0.000460356
-3.80879 0.000500966
-3.80881 0.000488281
-3.80873 0.000476514
-3.80877 0.000465558
-3.80889 0.000455325
-3.80895 0.00039868
-3.80909 0.000338291
-3.8092 0.000428251
-3.80929 0.000420246
-3.80945 0.000412673
-3.80955 0.000444198
-3.80955 0.000436732
-3.80968 0.00042963
-3.80967 0.000456745
-3.80982 0.000480826
-3.80998 0.000502437
-3.81011 0.000547473
-3.81022 0.000514694
-3.81029 0.000481638
-3.81027 0.000475258
-3.81032 0.000518638
-3.81033 0.000512114
-3.81035 0.00050583
-3.81037 0.000476514
-3.81042 0.00047094
-3.81045 0.000465558
-3.81047 0.000482825
-3.81048 0.000431959
-3.81053 0.000450455
-3.81062 0.000488281
-3.81065 0.000462699
-3.81078 0.000458048
-3.81094 0.000473702
-3.81099 0.000488281
-3.81106 0.000464679
-3.81112 0.000460356
-3.81119 0.0004927
-3.81127 0.00047052
-3.8113 0.000466374
-3.81137 0.000462336
-3.81143 0.000402044
-3.81149 0.000436732
-3.81156 0.000433137
-3.81162 0.00042963
-3.81165 0.000426207
-3.81166 0.00038602
-3.81174 0.000401735
-3.8118 0.000380126
-3.81186 0.000357918
-3.81192 0.000334958
-3.81197 0.000311046
-3.81203 0.000369106
-3.81206 0.000384386
-3.8121 0.000363943
-3.81214 0.000361442
-3.81216 0.000376513
-3.81216 0.00035659
-3.81218 0.000336058
-3.8122 0.000385519
-3.8122 0.000331722
-3.81221 0.000347445
-3.81221 0.000327549
-3.81223 0.000325521
-3.81223 0.00032353
-3.81225 0.000303184
-3.81224 0.000260997
-3.81224 0.000280246
-3.81224 0.00023547
-3.81225 0.000296132
-3.81227 0.000254997
-3.81228 0.000310546
-3.81234 0.000308816
-3.81238 0.000289551
-3.8124 0.000287973
-3.8124 0.000267922
-3.81244 0.000266493
-3.81246 0.000265086
-3.81249 0.000244141
-3.81252 0.000242879
-3.81254 0.000241637
-3.81258 0.000259676
