1.6863 0
1.70255 0.0162386
1.67213 0.0318395
1.6601 0.0255233
1.63236 0.034067
1.61845 0.0311016
1.61177 0.027119
1.6142 0.023612
1.61636 0.020935
1.62035 0.0191477
1.62886 0.0192967
1.63496 0.0186415
1.63828 0.0174664
1.64346 0.01698
1.65051 0.0173082
1.65387 0.0165354
1.65639 0.0157352
1.66172 0.0157631
1.65928 0.0151087
1.65834 0.0143643
1.65729 0.0137037
1.6633 0.0143829
1.66519 0.0138729
1.66689 0.01339
1.66801 0.0128918
1.67386 0.0136966
1.67506 0.0132343
1.67616 0.0128006
1.67351 0.0126311
1.6736 0.0122033
1.67212 0.0118961
1.67447 0.0117564
1.67573 0.0114636
1.67404 0.0112494
1.67543 0.0110117
1.67525 0.0107028
1.67427 0.0104554
1.67379 0.010188
1.67499 0.00999518
1.6758 0.00977564
1.67519 0.00955336
1.67426 0.00936996
1.6732 0.00921133
1.67161 0.00913794
1.6743 0.00932831
1.67413 0.00912504
1.67445 0.00893469
1.67368 0.00877982
1.67434 0.00862419
1.67301 0.00855424
1.67087 0.00865319
1.67295 0.00873491
1.674 0.00863274
1.67253 0.00859891
1.67162 0.00849011
1.67026 0.00844677
1.67144 0.0083794
1.66988 0.00837902
1.66925 0.00826032
1.66875 0.00813681
1.66704 0.00818339
1.66431 0.00849992
1.66386 0.00837618
1.66327 0.00826514
1.66279 0.00815134
1.66298 0.00802899
1.66298 0.00790832
1.66309 0.00779198
1.66291 0.00768056
1.66405 0.00765523
1.66326 0.00758825
1.66146 0.00769579
1.66017 0.00769764
1.65999 0.00759523
1.66037 0.00750262
1.65976 0.00742851
1.65819 0.00749589
1.6576 0.00742248
1.65738 0.0073311
1.65651 0.00729159
1.65635 0.00720256
1.65621 0.00711569
1.65581 0.00704044
1.65597 0.00695818
1.65645 0.00689259
1.65782 0.00694826
1.65796 0.00686952
1.65748 0.00680822
1.65671 0.00677523
1.65499 0.00691619
1.65387 0.00693042
1.65481 0.00691823
1.65423 0.00686771
1.653 0.00690367
1.65272 0.00683649
1.65311 0.00677583
1.65237 0.00674524
1.65225 0.00667715
1.65233 0.00660976
1.65224 0.00654381
