1.21953 0
1.13071 0.0888229
1.22884 0.110723
1.31023 0.11293
1.45562 0.169679
1.53152 0.157971
1.55749 0.136013
1.54309 0.118668
1.53181 0.105261
1.51889 0.0950317
1.49049 0.0905295
1.47139 0.0848203
1.45975 0.0788868
1.43486 0.07716
1.40687 0.0770903
1.40596 0.0721171
1.41167 0.0679824
1.40253 0.0647431
1.41785 0.0631273
1.43003 0.0611155
1.44386 0.059755
1.43088 0.0584347
1.4274 0.0559446
1.42046 0.0540103
1.41369 0.052246
1.38594 0.0573535
1.37076 0.0572378
1.35891 0.056416
1.36437 0.0547097
1.36368 0.0528591
1.37009 0.0515252
1.36197 0.050545
1.3558 0.0493761
1.35907 0.0480133
1.35156 0.0472228
1.3507 0.0459005
1.35387 0.0447555
1.35512 0.0435797
1.35054 0.0426936
1.3482 0.0416785
1.35112 0.0407538
1.35638 0.0401178
1.36285 0.0397053
1.37025 0.0394906
1.36105 0.0396836
1.36086 0.0388117
1.35967 0.0379957
1.36053 0.0372057
1.35501 0.0368531
1.35861 0.036287
1.36565 0.0362584
1.35427 0.0373289
1.34676 0.0373813
1.35133 0.0369666
1.35555 0.0365329
1.36146 0.0363576
1.35903 0.0357964
1.36611 0.0358785
1.3676 0.0352969
1.36768 0.0347037
1.37365 0.0346485
1.38473 0.0358397
1.38786 0.0354045
1.39147 0.035034
1.39382 0.0345708
1.39169 0.0341097
1.38937 0.0336771
1.3873 0.0332428
1.38671 0.0327627
1.38177 0.0326666
1.38365 0.0322576
1.38888 0.0322346
1.39242 0.0319862
1.39184 0.0315564
1.38916 0.0312483
1.39045 0.0308614
1.3953 0.0308425
1.39674 0.0304785
1.39694 0.0300908
1.39949 0.0298213
1.39984 0.0294529
1.40047 0.0290983
1.40176 0.0287746
1.40032 0.0284664
1.39655 0.0283816
1.38993 0.0288198
1.38956 0.028489
1.39251 0.0283178
1.39645 0.0282731
1.40367 0.028874
1.40805 0.0288889
1.40445 0.0287985
1.40606 0.0285322
1.40966 0.0284562
1.40911 0.0281605
1.40655 0.0279827
1.40919 0.0278181
1.41049 0.0275634
1.41102 0.0272887
1.41214 0.0270375
