-5.47251 0
-5.48835 0.0159273
-5.48168 0.0113466
-5.48561 0.00895034
-5.48046 0.00859708
-5.48052 0.00696036
-5.48234 0.00615054
-5.47926 0.00615423
-5.46914 0.011472
-5.46934 0.0102629
-5.46696 0.00957828
-5.46316 0.00952291
-5.46708 0.0095932
-5.46366 0.00952221
-5.46908 0.0103941
-5.46404 0.0109619
-5.46312 0.010335
-5.4652 0.00994775
-5.46453 0.0094401
-5.46259 0.00916097
-5.46316 0.00872918
-5.46239 0.00836278
-5.45769 0.00926916
-5.45921 0.00899194
-5.45995 0.00867072
-5.45808 0.00854925
-5.45758 0.00823312
-5.45566 0.0081532
-5.45129 0.00900724
-5.45109 0.00869691
-5.44996 0.0084873
-5.44873 0.00830495
-5.4445 0.00908584
-5.44682 0.00911035
-5.45007 0.00942656
-5.4521 0.0093843
-5.45084 0.00921287
-5.44905 0.00914407
-5.44978 0.00894193
-5.45402 0.00968769
-5.45598 0.00965267
-5.45497 0.00947058
-5.4541 0.00929385
-5.45282 0.00917065
-5.45355 0.00899142
-5.45284 0.00882636
-5.45564 0.00907913
-5.45826 0.00926448
-5.46123 0.00954753
-5.46109 0.0093627
-5.46229 0.00925419
-5.46235 0.00907071
-5.46184 0.00891544
-5.4622 0.00875111
-5.46124 0.0086493
-5.46094 0.00849308
-5.46253 0.00849746
-5.46299 0.00836278
-5.46323 0.00822466
-5.46285 0.00809698
-5.46547 0.00838556
-5.46933 0.00910791
-5.47078 0.00907663
-5.47065 0.00893341
-5.47109 0.00880769
-5.47124 0.00867227
-5.47 0.00862812
-5.4686 0.00861816
-5.46932 0.00851841
-5.46762 0.00856527
-5.4665 0.00851667
-5.46673 0.00840071
-5.46739 0.00831035
-5.46706 0.00820402
-5.46785 0.00813415
-5.46724 0.00805452
-5.46633 0.00799979
-5.46749 0.00797722
-5.46713 0.00788261
-5.46661 0.00780477
-5.46692 0.00771732
-5.46734 0.0076326
-5.46769 0.00754749
-5.46735 0.00746504
-5.46779 0.00738827
-5.46891 0.00738733
-5.47084 0.00755709
-5.47192 0.00754556
-5.47317 0.00756585
-5.47387 0.00751468
-5.47504 0.0075265
-5.47541 0.00745276
-5.47536 0.00737289
-5.47523 0.00729247
-5.47523 0.00721712
-5.47611 0.00719301
-5.47644 0.00712762
-5.47738 0.00711847
-5.47747 0.007049
-5.47625 0.00707893
