1.14495 0
1.13686 0.00808604
1.12684 0.0110609
1.11826 0.0116058
1.11766 0.00901011
1.10608 0.0137183
1.11019 0.0123017
1.10588 0.0114937
1.10551 0.0101433
1.10086 0.0101907
1.10597 0.0105358
1.10665 0.00964241
1.10491 0.00904041
1.10209 0.00882946
1.09679 0.00978545
1.09946 0.0095375
1.09952 0.00895909
1.09974 0.00844956
1.10295 0.0086126
1.10353 0.00819162
1.10489 0.00790873
1.10811 0.00819833
1.10785 0.00783791
1.10706 0.00754631
1.10767 0.00726428
1.10918 0.0071403
1.10878 0.00688207
1.10682 0.00691635
1.10155 0.00850457
1.10091 0.00824105
1.10098 0.00797108
1.0998 0.00780712
1.09947 0.00757411
1.09944 0.00734801
1.09867 0.00717713
1.09742 0.00708553
1.0948 0.00737191
1.09522 0.00718754
1.09564 0.00701352
1.09758 0.0071057
1.09788 0.00693645
1.09806 0.00677181
1.0986 0.00663411
1.09945 0.00653743
1.09983 0.00640191
1.10133 0.00643704
1.10272 0.00645127
1.10354 0.00636841
1.10459 0.00632394
1.10526 0.00623302
1.10673 0.00628275
1.10631 0.00617506
1.1059 0.0060714
1.10664 0.00600369
1.1068 0.00589587
1.10653 0.00579592
1.10573 0.00574922
1.10583 0.00565015
1.10581 0.00555363
1.10613 0.00546975
1.10626 0.00538105
1.10586 0.00530916
1.10698 0.00534377
1.10696 0.00525966
1.10677 0.00518149
1.10551 0.00525518
1.10499 0.00520222
1.10533 0.00513609
1.10469 0.00510074
1.10489 0.00503118
1.10555 0.00500337
1.10523 0.00494363
1.10466 0.00490843
1.10329 0.00503273
1.10244 0.00503739
1.1033 0.00504379
1.1034 0.00497898
1.10308 0.00492509
1.10288 0.00486643
1.1027 0.00480865
1.1021 0.00478693
1.10232 0.0047334
1.10298 0.00472173
1.10282 0.00466772
1.10267 0.00461494
1.10328 0.0046013
1.10374 0.0045715
1.10398 0.00452561
1.10435 0.00448967
1.10423 0.00444109
1.10437 0.00439418
1.10403 0.00435913
1.10399 0.00431225
1.1039 0.00426692
1.10386 0.00422201
1.10354 0.00418979
1.1035 0.00414659
1.10368 0.00410784
1.10384 0.00406928
1.1037 0.0040305
