-5.5199 0
-5.50601 0.0138918
-5.49095 0.0170579
-5.47855 0.0173024
-5.47814 0.0134087
-5.46172 0.0197341
-5.46836 0.0179524
-5.46218 0.0167324
-5.46128 0.0147837
-5.45434 0.0149339
-5.46172 0.0153933
-5.46242 0.0140692
-5.45972 0.0132201
-5.45558 0.0129188
-5.44773 0.0143661
-5.45182 0.0140491
-5.45183 0.0131968
-5.4523 0.012451
-5.45724 0.0127707
-5.45819 0.0121524
-5.46049 0.0117863
-5.4655 0.0123048
-5.46524 0.0117606
-5.46426 0.0113021
-5.46526 0.0108868
-5.46758 0.0107131
-5.46682 0.0103366
-5.46374 0.0104275
-5.45574 0.0128499
-5.45473 0.0124559
-5.45471 0.0120474
-5.45284 0.0118134
-5.45219 0.0114681
-5.45202 0.0111271
-5.45073 0.0108808
-5.44886 0.0107392
-5.44495 0.01115
-5.44571 0.0108788
-5.44639 0.010618
-5.4493 0.0107509
-5.44965 0.0104912
-5.44987 0.0102408
-5.45061 0.010027
-5.45185 0.00987427
-5.45246 0.00967206
-5.4548 0.00974447
-5.4569 0.00976236
-5.45823 0.00964912
-5.45989 0.0095957
-5.461 0.00946712
-5.46323 0.00954338
-5.46253 0.00938452
-5.46192 0.00922564
-5.46297 0.00911345
-5.46319 0.00894903
-5.46269 0.00880231
-5.46149 0.00872915
-5.46164 0.00857866
-5.46162 0.00843203
-5.46215 0.00830715
-5.46233 0.00817182
-5.46173 0.00806141
-5.46337 0.0081005
-5.46329 0.00797332
-5.46293 0.0078578
-5.46099 0.00797857
-5.46018 0.0078997
-5.46065 0.00779677
-5.4597 0.00774101
-5.45997 0.00763433
-5.46097 0.00759187
-5.46049 0.00750083
-5.45963 0.00744709
-5.45755 0.00763545
-5.45622 0.00764927
-5.4575 0.00765466
-5.45764 0.00755588
-5.45714 0.00747495
-5.45683 0.0073861
-5.45652 0.0072998
-5.45556 0.00727257
-5.45588 0.00719041
-5.45683 0.00716596
-5.45658 0.00708432
-5.45639 0.00700325
-5.45733 0.0069857
-5.45803 0.00694051
-5.45842 0.0068718
-5.45898 0.0068174
-5.45877 0.00674431
-5.45896 0.00667239
-5.45844 0.00662025
-5.45831 0.00654999
-5.45813 0.00648229
-5.45802 0.00641463
-5.45751 0.00636811
-5.45745 0.00630236
-5.45771 0.00624303
-5.45795 0.00618427
-5.45773 0.0061261
