1.71743 0
1.7053 0.0121291
1.69026 0.0165913
1.67739 0.0174086
1.67649 0.0135152
1.65912 0.0205774
1.66529 0.0184525
1.65882 0.0172406
1.65826 0.015215
1.6513 0.0152861
1.65895 0.0158037
1.65998 0.0144636
1.65736 0.0135606
1.65314 0.0132442
1.64518 0.0146782
1.6492 0.0143063
1.64928 0.0134386
1.64961 0.0126743
1.65442 0.0129189
1.6553 0.0122874
1.65733 0.0118631
1.66216 0.0122975
1.66178 0.0117569
1.66058 0.0113195
1.66151 0.0108964
1.66377 0.0107104
1.66318 0.0103231
1.66023 0.0103745
1.65232 0.0127569
1.65136 0.0123616
1.65147 0.0119566
1.6497 0.0117107
1.64921 0.0113612
1.64917 0.011022
1.648 0.0107657
1.64613 0.0106283
1.6422 0.0110579
1.64283 0.0107813
1.64347 0.0105203
1.64637 0.0106585
1.64682 0.0104047
1.64709 0.0101577
1.6479 0.00995116
1.64918 0.00980615
1.64975 0.00960287
1.65199 0.00965556
1.65408 0.0096769
1.65531 0.00955261
1.65688 0.00948592
1.65789 0.00934953
1.66009 0.00942413
1.65946 0.0092626
1.65884 0.0091071
1.65995 0.00900554
1.6602 0.0088438
1.6598 0.00869388
1.6586 0.00862383
1.65875 0.00847523
1.65871 0.00833045
1.65919 0.00820462
1.6594 0.00807157
1.65879 0.00796373
1.66047 0.00801566
1.66044 0.00788949
1.66016 0.00777224
1.65827 0.00788277
1.65749 0.00780333
1.65799 0.00770413
1.65704 0.00765111
1.65734 0.00754677
1.65832 0.00750506
1.65785 0.00741544
1.65699 0.00736265
1.65493 0.0075491
1.65366 0.00755608
1.65494 0.00756568
1.6551 0.00746846
1.65462 0.00738763
1.65432 0.00729965
1.65405 0.00721298
1.65315 0.0071804
1.65348 0.0071001
1.65446 0.00708259
1.65423 0.00700157
1.65401 0.00692241
1.65492 0.00690194
1.65561 0.00685725
1.65597 0.00678841
1.65652 0.00673451
1.65635 0.00666163
1.65655 0.00659127
1.65605 0.00653869
1.65598 0.00646837
1.65586 0.00640039
1.65579 0.00633301
1.65531 0.00628468
1.65525 0.00621989
1.65551 0.00616177
1.65575 0.00610392
1.65556 0.00604575
