1.08755 0
1.09905 0.0115
1.15787 0.0591874
1.20116 0.0602146
1.2054 0.0468338
1.26791 0.073279
1.24811 0.0650202
1.27033 0.0605381
1.27223 0.0534232
1.29584 0.0533
1.27347 0.0531506
1.27537 0.0485567
1.28703 0.0461645
1.30847 0.0478131
1.34548 0.0578922
1.33588 0.0549976
1.33419 0.0516891
1.32877 0.0490335
1.305 0.0521158
1.29773 0.0499728
1.28942 0.0482539
1.27296 0.0488665
1.28003 0.0472268
1.29066 0.0464479
1.29013 0.0445545
1.28312 0.0433757
1.28639 0.0418656
1.30268 0.0435076
1.33887 0.0554269
1.3507 0.0548391
1.35678 0.0533875
1.36501 0.0523447
1.3663 0.0507501
1.36595 0.049236
1.37252 0.0482571
1.3837 0.0482127
1.40144 0.0501334
1.3992 0.0488477
1.39504 0.0477603
1.38302 0.0480779
1.38162 0.0469114
1.38282 0.0457967
1.38174 0.0447322
1.37758 0.0439014
1.37305 0.0431523
1.36083 0.0439377
1.34937 0.0444956
1.3398 0.0445957
1.32964 0.0448438
1.32476 0.0442074
1.31807 0.0438465
1.32202 0.0431767
1.3258 0.0425222
1.32377 0.0417766
1.32464 0.0410192
1.32861 0.0404758
1.33477 0.040234
1.33337 0.0395592
1.33141 0.0389325
1.32906 0.03835
1.32968 0.0377211
1.33413 0.0373735
1.33033 0.0369707
1.33328 0.0365074
1.33703 0.0361369
1.34602 0.0367026
1.34996 0.0363648
1.34808 0.0358756
1.35174 0.035541
1.35175 0.0350296
1.34926 0.0346226
1.35204 0.0342514
1.35576 0.0339828
1.36335 0.0343695
1.36737 0.0341456
1.36167 0.0341723
1.36068 0.0337401
1.36298 0.0333844
1.36435 0.0329877
1.36491 0.0325775
1.36788 0.0323103
1.36628 0.0319539
1.36309 0.0317274
1.36594 0.0314764
1.36959 0.0313169
1.36932 0.0309517
1.36966 0.0305958
1.37148 0.0303008
1.37231 0.0299699
1.37488 0.0297469
1.37575 0.029431
1.37849 0.0292384
1.37984 0.0289537
1.38237 0.0287553
1.38481 0.0285552
1.38857 0.0285056
1.39078 0.0282968
1.39139 0.0280132
1.39211 0.0277381
1.39411 0.0275319
