-3.80247 0
-3.80071 0.00176271
-3.8007 0.00101779
-3.80116 0.000852348
-3.80165 0.000826185
-3.8026 0.00116483
-3.80308 0.00109279
-3.80336 0.000988421
-3.80302 0.000934256
-3.80305 0.000835887
-3.80277 0.000803643
-3.80243 0.00080811
-3.80236 0.000747186
-3.80244 0.000696753
-3.80255 0.00065733
-3.80263 0.000619881
-3.80255 0.000587413
-3.80269 0.000571706
-3.80282 0.000554943
-3.80289 0.000530971
-3.80315 0.000572453
-3.80334 0.000576716
-3.80346 0.000564266
-3.80368 0.000582265
-3.80376 0.000563896
-3.80381 0.000544544
-3.80365 0.000550085
-3.80351 0.000548189
-3.80342 0.000535782
-3.80336 0.000520972
-3.80324 0.000517837
-3.80314 0.000511829
-3.80299 0.000518221
-3.80285 0.000521113
-3.80273 0.000520391
-3.80273 0.000505749
-3.80275 0.000492522
-3.80288 0.000495387
-3.80292 0.000484863
-3.80293 0.000472593
-3.80283 0.000469918
-3.80278 0.000462068
-3.80271 0.00045588
-3.80267 0.00044738
-3.80271 0.00043955
-3.80281 0.000440933
-3.80281 0.000431456
-3.80292 0.000434516
-3.80302 0.000436731
-3.80311 0.000438283
-3.80314 0.000430703
-3.80307 0.000428764
-3.80308 0.000420768
-3.80302 0.000417787
-3.80299 0.000410877
-3.80289 0.00041582
-3.80289 0.000408461
-3.80289 0.000401364
-3.80291 0.000395061
-3.80296 0.000391169
-3.80293 0.000385406
-3.80294 0.000379239
-3.8029 0.000375823
-3.80285 0.000372785
-3.80277 0.000374765
-3.80272 0.000373593
-3.80269 0.000368803
-3.80266 0.00036491
-3.80266 0.000359626
-3.80264 0.000355445
-3.80265 0.00035053
-3.80265 0.000345628
-3.80264 0.000340931
-3.80262 0.000337063
-3.80256 0.0003369
-3.80255 0.000332586
-3.80253 0.000328803
-3.80252 0.000325095
-3.80251 0.000321042
-3.80247 0.000319272
-3.80241 0.000320143
-3.8024 0.000316527
-3.80236 0.000314879
-3.80235 0.000311358
-3.80238 0.000309052
-3.80241 0.000307352
-3.80242 0.000303927
-3.80245 0.000301268
-3.80245 0.000297994
-3.80243 0.000295809
-3.80241 0.000293229
-3.80239 0.000290713
-3.80233 0.000294096
-3.80228 0.000295405
-3.80223 0.000295343
-3.8022 0.000294619
-3.8022 0.000291722
-3.8022 0.000288808
-3.8022 0.000285877
-3.80217 0.000284086
