-6.32657 0
-6.32611 0.000454231
-6.32617 0.000267698
-6.32643 0.00032163
-6.32635 0.000262482
-6.32622 0.00025001
-6.32613 0.000226699
-6.32621 0.000211296
-6.32634 0.000223185
-6.32619 0.000245102
-6.3262 0.000221719
-6.3262 0.000202567
-6.32614 0.000196649
-6.32607 0.00019485
-6.32598 0.000204231
-6.32593 0.000196292
-6.32593 0.000184427
-6.32589 0.000178947
-6.32591 0.000171313
-6.32586 0.00017159
-6.32591 0.000172225
-6.32593 0.000165551
-6.32591 0.000160686
-6.32588 0.000155394
-6.32591 0.000151644
-6.32593 0.000147244
-6.32591 0.000143202
-6.3259 0.000138837
-6.32585 0.000141305
-6.32584 0.000137207
-6.32582 0.000133413
-6.32582 0.000129344
-6.32582 0.000125464
-6.32584 0.000122492
-6.32587 0.000123307
-6.32589 0.000121128
-6.3259 0.000118575
-6.32588 0.000117131
-6.32588 0.00011409
-6.32586 0.000113355
-6.32583 0.000115415
-6.3258 0.000114966
-6.3258 0.000112373
-6.32578 0.000110845
-6.32577 0.000108944
-6.32578 0.000106967
-6.32579 0.00010477
-6.32579 0.000102594
-6.32581 0.000102709
-6.32583 0.000102738
-6.32585 0.000102617
-6.32588 0.0001039
-6.32589 0.000103702
-6.32591 0.000102865
-6.3259 0.00010164
-6.3259 9.98183e-05
-6.32591 9.88845e-05
-6.32591 9.73293e-05
-6.32594 9.81398e-05
-6.32596 9.91327e-05
-6.32596 9.74941e-05
-6.32597 9.64246e-05
-6.32601 0.000101538
-6.32601 9.99514e-05
-6.326 9.87811e-05
-6.32599 9.77243e-05
-6.32601 9.80583e-05
-6.32599 9.90261e-05
-6.32598 9.76056e-05
-6.32598 9.62148e-05
-6.32599 9.50062e-05
-6.32599 9.36853e-05
-6.32599 9.23931e-05
-6.32599 9.11984e-05
-6.32599 9.00645e-05
-6.32599 8.88877e-05
-6.32598 8.80623e-05
-6.32601 9.17546e-05
-6.32602 9.08479e-05
-6.32603 9.09265e-05
-6.32604 8.99041e-05
-6.32603 8.89448e-05
-6.32604 8.78774e-05
-6.32603 8.71688e-05
-6.32603 8.6141e-05
-6.32603 8.54032e-05
-6.32604 8.45927e-05
-6.32605 8.463e-05
-6.32607 8.51102e-05
-6.32608 8.46478e-05
-6.32606 8.54292e-05
-6.32606 8.45012e-05
-6.32606 8.36574e-05
-6.32606 8.28218e-05
-6.32608 8.5214e-05
-6.32607 8.47887e-05
-6.32607 8.39399e-05
-6.32609 8.52078e-05
-6.32608 8.45272e-05
-6.32608 8.36797e-05
