0.801619 0
0.800768 0.000850802
0.798437 0.00238223
0.798737 0.0017109
0.798632 0.00132938
0.800096 0.0018223
0.798998 0.0018914
0.799249 0.00165718
0.800165 0.0017244
0.799169 0.00183568
0.799644 0.00172701
0.799131 0.00165794
0.799861 0.00169091
0.799158 0.00171627
0.798984 0.00160717
0.799251 0.00152683
0.799303 0.00143515
0.799216 0.00135583
0.799369 0.00129152
0.799329 0.0012259
0.79972 0.00123007
0.79988 0.00118364
0.799784 0.00113505
0.799778 0.00108674
0.799777 0.00104237
0.799667 0.00100752
0.799703 0.000970178
0.799645 0.000936694
0.799707 0.000905923
0.799595 0.000882397
0.799649 0.00085521
0.799569 0.000831962
0.799559 0.000806412
0.799413 0.000795987
0.79936 0.000774714
0.799463 0.000759958
0.799367 0.000745321
0.799288 0.000729764
0.799238 0.000712525
0.799296 0.000696901
0.799179 0.000689834
0.799293 0.000682905
0.799218 0.00067107
0.799186 0.000656415
0.799159 0.000642247
0.799089 0.000631974
0.799071 0.000618642
0.799116 0.000607304
0.79902 0.000602625
0.799112 0.00059772
0.799214 0.000594685
0.799278 0.000586594
0.799192 0.000581752
0.799282 0.000577824
0.799261 0.000567615
0.799179 0.000563378
0.799326 0.000572594
0.799279 0.000564533
0.799232 0.000556882
0.799176 0.00055036
0.799138 0.000542634
0.799359 0.000577727
0.799345 0.000568644
0.799335 0.00055979
0.799335 0.000551111
0.79935 0.000542907
0.799441 0.000542461
0.799468 0.000535077
0.799349 0.000540541
0.799403 0.000535549
0.799363 0.000529523
0.799334 0.00052291
0.799296 0.000517102
0.799412 0.000523101
0.799417 0.000516102
0.799392 0.000509837
0.799397 0.000503192
0.799441 0.00049864
0.799392 0.000494741
0.799476 0.000495745
0.799337 0.000509045
0.799464 0.000518661
0.799348 0.00052523
0.799419 0.000523722
0.799444 0.000518134
0.799415 0.000512925
0.799442 0.000507757
0.799394 0.000504306
0.799535 0.000518106
0.799498 0.000513627
0.799513 0.00050817
0.799523 0.000502723
0.799587 0.000501374
0.799568 0.000496375
0.799613 0.000493182
0.799646 0.000489111
0.799581 0.000488304
0.799662 0.000489909
0.799545 0.00049887
0.799555 0.000493961
