7.67458 0
7.68824 0.0136597
7.71201 0.0250453
7.70962 0.0178701
7.70763 0.0139852
7.69764 0.0151709
7.70718 0.015982
7.70769 0.0138503
7.70127 0.0137996
7.71011 0.0151816
7.70725 0.0140276
7.71048 0.0132084
7.70452 0.0135331
7.70985 0.0136135
7.71125 0.0127509
7.70942 0.0120675
7.71024 0.0113655
7.71152 0.0107907
7.71128 0.0102098
7.71191 0.0097065
7.70877 0.00975064
7.70756 0.00937556
7.70793 0.00896634
7.70794 0.00858462
7.70712 0.00827434
7.70743 0.00795576
7.70626 0.00774455
7.7065 0.00746658
7.70618 0.00721156
7.70656 0.00697724
7.7061 0.00676366
7.70597 0.00655033
7.70576 0.00635207
7.70698 0.00628183
7.70682 0.00610164
7.70637 0.00594703
7.70698 0.00581565
7.70743 0.00567837
7.70768 0.00553645
7.70731 0.0054089
7.70799 0.00531946
7.7072 0.00525084
7.70747 0.00513412
7.70721 0.00502247
7.70732 0.00491067
7.70851 0.00494931
7.70855 0.004843
7.70813 0.00475962
7.70858 0.0046836
7.70805 0.00461928
7.70721 0.00460645
7.70644 0.00458173
7.70718 0.00455583
7.70637 0.00454368
7.70667 0.00447
7.70716 0.00441678
7.70608 0.00447083
7.70665 0.00443026
7.70712 0.00437942
7.70731 0.00431025
7.70752 0.00424385
7.70614 0.0043951
7.70677 0.00437027
7.7072 0.0043226
7.70755 0.00426997
7.7079 0.00421914
7.70751 0.0041734
7.70741 0.00411285
7.70836 0.00416247
7.70795 0.00412335
7.70834 0.00408353
7.70885 0.00405957
7.70913 0.0040128
7.70845 0.00401488
7.70862 0.00396429
7.70898 0.00392878
7.70893 0.00387771
7.70854 0.0038477
7.70898 0.00382359
7.70844 0.00381381
7.70949 0.00391199
7.70869 0.00394735
7.70962 0.00400851
7.70898 0.004012
7.70894 0.00396464
7.70941 0.00394592
7.70926 0.00390317
7.70969 0.00388257
7.70875 0.00395236
7.70908 0.00392197
7.70886 0.00388508
7.70879 0.00384322
7.70857 0.00380771
7.70869 0.00376889
7.70837 0.00374331
7.70812 0.00371253
7.7085 0.00369435
7.70788 0.00370877
7.70853 0.00372817
7.70832 0.00369657
