1.35062 0
1.39079 0.0401743
1.44914 0.0627911
1.42918 0.0486822
1.40634 0.0440865
1.40974 0.0361569
1.40475 0.0309629
1.41237 0.027877
1.37286 0.0465336
1.36314 0.0427403
1.34969 0.0409342
1.32413 0.0452709
1.35596 0.052412
1.36396 0.0491794
1.37265 0.0466011
1.37943 0.0441157
1.3802 0.0414466
1.39467 0.0416682
1.38937 0.039769
1.39005 0.0377342
1.38414 0.0363759
1.3944 0.0361679
1.39526 0.0345701
1.39803 0.0332144
1.39841 0.0318604
1.40597 0.0315296
1.4059 0.0303393
1.39875 0.0300975
1.38847 0.0308076
1.39134 0.0299015
1.39468 0.0291126
1.40175 0.029062
1.39701 0.0285632
1.39431 0.0278418
1.39514 0.0270473
1.39902 0.026569
1.39179 0.0268341
1.39193 0.0261187
1.39642 0.0258327
1.40531 0.0267005
1.40393 0.0260775
1.40416 0.02545
1.39867 0.0254521
1.4049 0.025636
1.40332 0.0251092
1.40489 0.0246067
1.40748 0.0242172
1.40976 0.0238165
1.40967 0.0233255
1.40721 0.0229858
1.41126 0.0228924
1.41176 0.0224533
1.40999 0.0220968
1.41318 0.0219178
1.4108 0.0216471
1.41189 0.021285
1.41698 0.0215199
1.41947 0.0212917
1.42347 0.0213062
1.42538 0.0210345
1.42436 0.0207116
1.4255 0.020407
1.42314 0.0202193
1.42224 0.019921
1.42067 0.0196746
1.4163 0.0198628
1.41624 0.0195641
1.41223 0.019688
1.41163 0.0194099
1.41317 0.0191932
1.4103 0.0191382
1.41149 0.0189077
1.41293 0.0187026
1.41236 0.0184569
1.41158 0.0182259
1.40984 0.0180683
1.40767 0.0179636
1.40952 0.0178278
1.40804 0.0176623
1.40676 0.0174874
1.40588 0.0172925
1.40385 0.0172004
1.40638 0.0171787
1.40507 0.0170233
1.40346 0.0168987
1.40657 0.0169885
1.40958 0.0170594
1.40827 0.0169153
1.40884 0.0167338
1.40989 0.0165802
1.40965 0.0163986
1.40978 0.01622
1.41036 0.0160553
1.41128 0.0159099
1.41552 0.0163028
1.4172 0.0162197
1.41997 0.0162886
1.41859 0.0161806
1.41782 0.0160348
1.41609 0.0159676
