1.09542 0
1.09067 0.00477168
1.08305 0.00811194
1.08476 0.00598352
1.0897 0.00677023
1.09114 0.0057131
1.09464 0.00596523
1.09407 0.00519706
1.09878 0.00656915
1.10027 0.0060605
1.10192 0.00572248
1.10355 0.00547303
1.09867 0.00700957
1.0966 0.0068104
1.09518 0.00650009
1.09456 0.00611035
1.09468 0.0057412
1.09308 0.00564357
1.09403 0.00542569
1.09446 0.00516384
1.09528 0.00497951
1.09421 0.00486534
1.09385 0.00466256
1.09274 0.00459855
1.09258 0.00441483
1.09186 0.0043002
1.09133 0.00417188
1.09255 0.00420141
1.09345 0.00415142
1.09397 0.00404277
1.09344 0.00394623
1.09289 0.0038597
1.09314 0.00374907
1.09334 0.00364208
1.09309 0.00354486
1.09283 0.00345563
1.09372 0.00347704
1.0936 0.00338624
1.0934 0.00330457
1.09267 0.00330383
1.09286 0.00322737
1.09326 0.00317543
1.09393 0.0031707
1.09274 0.00331796
1.09297 0.00325183
1.09259 0.0032027
1.09257 0.00313398
1.09254 0.00306715
1.09229 0.00301491
1.09236 0.00295491
1.09175 0.00296126
1.09167 0.00290485
1.09162 0.00284956
1.0913 0.00281537
1.0915 0.00277012
1.09128 0.00272898
1.09102 0.00269267
1.0907 0.0026662
1.09025 0.00265863
1.09011 0.00261677
1.09029 0.00258028
1.09002 0.00255331
1.09014 0.00251435
1.09027 0.00247909
1.09057 0.00245775
1.09122 0.00250591
1.09101 0.00247812
1.09157 0.00250187
1.09137 0.00247315
1.09122 0.00244211
1.09144 0.00241757
1.09133 0.00238646
1.0911 0.00236423
1.09112 0.00233263
1.09112 0.00230182
1.09153 0.00230684
1.09166 0.00228063
1.09141 0.00226475
1.09153 0.00223963
1.0916 0.00221249
1.09177 0.00219115
1.09188 0.00216675
1.09173 0.00214639
1.09195 0.00213309
1.09222 0.0021247
1.09189 0.00212573
1.09148 0.00214006
1.09183 0.00214472
1.0917 0.00212455
1.09162 0.00210209
1.09179 0.00208689
1.09177 0.00206495
1.09167 0.00204485
1.09157 0.0020253
1.09115 0.00204728
1.09092 0.00203801
1.0907 0.00202982
1.09085 0.00201415
1.09103 0.00200203
1.09104 0.00198159
