1.62109 0
1.6269 0.00580692
1.63743 0.0110543
1.63885 0.00794467
1.64099 0.00651417
1.64648 0.00764562
1.65277 0.00901522
1.6512 0.00796317
1.65343 0.0073669
1.65506 0.00678859
1.65188 0.00691277
1.65333 0.00647373
1.65103 0.00638397
1.64941 0.00612802
1.64687 0.00624304
1.64502 0.00612678
1.6449 0.0057564
1.64661 0.00569035
1.6458 0.00544352
1.64571 0.00516484
1.64523 0.00493644
1.64391 0.00488806
1.64247 0.00488706
1.64349 0.00478907
1.64569 0.00509087
1.64674 0.00500232
1.64831 0.00506404
1.64774 0.00491311
1.64946 0.00504161
1.64917 0.00487895
1.64842 0.004778
1.64964 0.00478275
1.65205 0.0052277
1.65072 0.00524491
1.65039 0.00510305
1.64853 0.00529785
1.64823 0.00516111
1.6485 0.00503068
1.64907 0.00493219
1.64895 0.00480882
1.64963 0.00474028
1.64999 0.00464003
1.6501 0.00453218
1.6499 0.00443283
1.65006 0.00433616
1.65038 0.00425297
1.6502 0.00416546
1.65091 0.00414035
1.65113 0.00406055
1.65158 0.00400448
1.65181 0.00393156
1.65111 0.00391669
1.65098 0.0038443
1.65027 0.00383988
1.6498 0.00379863
1.65062 0.00381881
1.65034 0.00376098
1.64982 0.00373241
1.64935 0.0036985
1.65018 0.00372933
1.65101 0.00376033
1.65128 0.00370938
1.65126 0.00365009
1.65089 0.00361132
1.65143 0.00359539
1.65152 0.00354173
1.65174 0.00349501
1.65145 0.00345531
1.65132 0.00340739
1.65163 0.0033733
1.65182 0.00333048
1.65161 0.00329051
1.65157 0.00324537
1.65208 0.00324173
1.65156 0.0032404
1.65098 0.00325019
1.65089 0.00320889
1.65093 0.00316782
1.65106 0.00313003
1.6506 0.00312518
1.65016 0.00311721
1.64992 0.00308858
1.64956 0.0030724
1.64913 0.00306506
1.64937 0.00303793
1.64917 0.00300861
1.64961 0.00300567
1.64972 0.00297335
1.64958 0.00294321
1.64947 0.00291246
1.64947 0.00288028
1.64939 0.00285005
1.64946 0.00282027
1.64998 0.00283857
1.6499 0.00280968
1.64975 0.00278465
1.64953 0.00276433
1.64992 0.00276317
1.64956 0.00275848
1.64995 0.00275822
