1.21568 0
1.21562 6.64132e-05
1.21614 0.000527319
1.21174 0.00441868
1.2053 0.0072927
1.19892 0.00872733
1.2005 0.0075426
1.19814 0.00694607
1.19781 0.00613462
1.20011 0.00594863
1.20205 0.00571955
1.20286 0.00528485
1.20288 0.0048614
1.20099 0.00488147
1.20012 0.00462729
1.1992 0.00442646
1.19803 0.00431806
1.19729 0.00413873
1.19753 0.00392241
1.19633 0.00391075
1.19613 0.00372507
1.19759 0.00384023
1.19815 0.00371246
1.19762 0.00359352
1.19765 0.00344689
1.19696 0.00338243
1.19596 0.00340621
1.19637 0.00330826
1.19623 0.00319521
1.19615 0.003088
1.19741 0.00324221
1.19967 0.00386976
1.20126 0.00407408
1.20197 0.00401512
1.20204 0.00389929
1.20176 0.0037997
1.20227 0.00373063
1.20253 0.00364043
1.20298 0.00357464
1.20397 0.00362087
1.20414 0.00353573
1.20413 0.00345056
1.20406 0.00337009
1.2042 0.00329566
1.20386 0.00323875
1.20402 0.00317148
1.20404 0.00310332
1.20464 0.00309667
1.20526 0.00309654
1.20548 0.00304128
1.20503 0.00301352
1.20467 0.0029772
1.20465 0.00292059
1.20459 0.00286656
1.20463 0.0028142
1.20435 0.00277758
1.20395 0.00275769
1.20391 0.00271
1.20396 0.00266417
1.20438 0.00265212
1.20467 0.00262443
1.20505 0.00261036
1.20574 0.00266004
1.20596 0.00262741
1.20631 0.00260933
1.20648 0.00257541
1.20705 0.00259951
1.20747 0.00259504
1.20754 0.00255817
1.20774 0.00252949
1.20799 0.00250544
1.2084 0.00250429
1.20862 0.00247978
1.2086 0.00244616
1.20879 0.00242092
1.20872 0.00238977
1.20861 0.00236123
1.2084 0.00234018
1.20812 0.00232658
1.20803 0.00229928
1.20798 0.00227124
1.20815 0.0022501
1.20826 0.00222541
1.20839 0.00220268
1.20865 0.00219137
1.20852 0.00216922
1.20866 0.00214864
1.20907 0.00216287
1.20897 0.0021406
1.20879 0.00212447
1.20862 0.00210779
1.20856 0.00208578
1.20847 0.00206522
1.20863 0.00204953
1.20887 0.00204182
1.20907 0.00203035
1.2091 0.00200965
1.20935 0.00200464
1.20939 0.00198463
1.2095 0.00196767
