-0.411084 0
-0.411004 7.97374e-05
-0.411792 0.000789145
-0.405194 0.00662161
-0.395551 0.0109222
-0.386006 0.0130626
-0.388392 0.0112948
-0.384846 0.0104044
-0.384361 0.00918865
-0.387807 0.00891166
-0.390714 0.00856915
-0.391935 0.00791721
-0.39197 0.00728286
-0.389135 0.00731451
-0.387827 0.00693389
-0.386436 0.00663353
-0.384685 0.00647241
-0.38357 0.00620332
-0.383932 0.00587889
-0.382128 0.00586176
-0.381831 0.00558352
-0.384025 0.0057578
-0.384867 0.00556591
-0.384076 0.00538735
-0.38412 0.00516755
-0.383089 0.00507085
-0.381586 0.00510548
-0.382212 0.0049594
-0.381996 0.00479021
-0.381871 0.00462948
-0.383761 0.00486033
-0.387157 0.00580312
-0.389539 0.00610822
-0.390597 0.00601959
-0.390695 0.0058459
-0.390276 0.00569662
-0.391041 0.00559304
-0.391432 0.00545792
-0.392114 0.00535961
-0.393593 0.00542928
-0.393853 0.00530162
-0.393831 0.00517389
-0.393729 0.00505318
-0.393943 0.00494162
-0.393445 0.00485615
-0.393684 0.00475541
-0.393712 0.00465321
-0.394613 0.00464357
-0.395549 0.00464302
-0.395862 0.00456002
-0.395199 0.00451866
-0.394654 0.00446427
-0.394618 0.00437938
-0.394531 0.00429839
-0.394585 0.00421985
-0.394162 0.00416531
-0.393561 0.00413558
-0.393502 0.00406408
-0.39358 0.00399537
-0.394203 0.00397734
-0.394641 0.00393597
-0.39522 0.00391504
-0.396257 0.00398966
-0.39659 0.0039409
-0.397106 0.00391399
-0.397368 0.00386306
-0.39822 0.00389922
-0.398846 0.0038922
-0.398953 0.00383686
-0.399259 0.00379402
-0.399625 0.00375809
-0.400242 0.00375652
-0.400578 0.00371993
-0.400543 0.00366949
-0.400832 0.00363173
-0.400733 0.00358498
-0.400565 0.00354211
-0.400249 0.00351067
-0.399838 0.00349016
-0.399695 0.00344924
-0.399622 0.00340716
-0.399884 0.0033755
-0.400045 0.00333849
-0.400243 0.00330444
-0.400624 0.00328752
-0.40044 0.00325431
-0.400648 0.00322345
-0.40126 0.00324475
-0.401114 0.0032114
-0.400842 0.00318716
-0.400588 0.00316216
-0.40049 0.00312913
-0.400354 0.00309828
-0.400598 0.00307482
-0.400956 0.00306333
-0.401259 0.0030463
-0.401315 0.00301526
-0.40169 0.00300784
-0.401745 0.00297781
-0.401908 0.00295236
