0.0476687 0
0.050293 0.00262434
0.0493202 0.00180061
0.0504892 0.00172851
0.0505244 0.00133936
0.0501403 0.00115907
0.0511285 0.00139144
0.0505614 0.00133179
0.0506071 0.00117541
0.0503692 0.0010779
0.0501638 0.000996419
0.0498767 0.000953808
0.0502126 0.00093947
0.0498206 0.000954032
0.0499695 0.000900549
0.0500207 0.000843936
0.0497284 0.000844895
0.0498036 0.000800114
0.0499105 0.000764349
0.0497677 0.000739058
0.0497858 0.000703217
0.0498762 0.000676555
0.0498758 0.000646471
0.0496886 0.000646622
0.0495686 0.000631726
0.0495429 0.000607484
0.0493105 0.000629062
0.0494062 0.000613691
0.0494773 0.000596399
0.0494007 0.000581242
0.0494073 0.000562218
0.0494661 0.000547541
0.0493853 0.000536809
0.04939 0.000520803
0.0492993 0.000513768
0.0491932 0.000510455
0.0491864 0.000496514
0.0491836 0.000483279
0.0491636 0.00047115
0.0492512 0.000467504
0.0491266 0.000472691
0.0492325 0.000473315
0.0493766 0.000484121
0.0494717 0.000482445
0.0494391 0.000472729
0.0494838 0.000464492
0.0494886 0.000454527
0.0495213 0.000446161
0.0495451 0.000437607
0.0495559 0.000428902
0.0495842 0.000421359
0.0495399 0.000415552
0.0495809 0.000409692
0.0495742 0.000402088
0.0495686 0.00039475
0.0494974 0.000394117
0.0494256 0.000393755
0.0494569 0.000388177
0.0494378 0.000382019
0.0495416 0.000389661
0.0495208 0.000383782
0.049485 0.000379229
0.049628 0.000399618
0.0495613 0.00039894
0.0495794 0.000393169
0.0495689 0.000387307
0.0496398 0.00038801
0.0497532 0.00039873
0.0497605 0.000392976
0.0497893 0.000388392
0.0498046 0.000383189
0.0498147 0.000377962
0.049851 0.000374516
0.0498436 0.000369495
0.0498645 0.000365136
0.0498076 0.000364777
0.0499049 0.000372939
0.0498676 0.000370008
0.0498645 0.000365308
0.0498824 0.000361158
0.0499157 0.000358216
0.0499006 0.00035414
0.0499131 0.000350071
0.0498858 0.000346956
0.0498647 0.000343495
0.0498478 0.000339899
0.0499133 0.000342289
0.0498927 0.000339001
0.0498612 0.000336654
0.0498639 0.000332904
0.0498389 0.000330171
0.0498837 0.000329622
0.0498241 0.000331466
0.0497855 0.000330184
0.0498077 0.000327446
0.0498416 0.000325783
0.0498753 0.000324161
0.0499429 0.000327892
0.0499243 0.000325097
0.0499108 0.000322112
