1.41244 0
1.41242 1.98824e-05
1.41242 1.15302e-05
1.41242 1.03182e-05
1.4124 1.82353e-05
1.41238 2.99795e-05
1.41236 3.25939e-05
1.41236 2.83499e-05
1.41235 2.58379e-05
1.41235 2.31257e-05
1.41235 2.09869e-05
1.41236 1.99845e-05
1.41236 1.8645e-05
1.41236 1.72688e-05
1.41236 1.60766e-05
1.41236 1.51027e-05
1.41236 1.45648e-05
1.41236 1.39535e-05
1.41236 1.35806e-05
1.41236 1.28891e-05
1.41236 1.23112e-05
1.41236 1.20688e-05
1.41236 1.18006e-05
1.41236 1.14734e-05
1.41236 1.14377e-05
1.41236 1.1026e-05
1.41235 1.14462e-05
1.41235 1.22807e-05
1.41235 1.34006e-05
1.41235 1.2955e-05
1.41235 1.26723e-05
1.41235 1.23509e-05
1.41236 1.26092e-05
1.41236 1.2367e-05
1.41236 1.21572e-05
1.41236 1.18167e-05
1.41236 1.15082e-05
1.41236 1.12601e-05
1.41236 1.12059e-05
1.41236 1.09414e-05
1.41236 1.06738e-05
1.41236 1.0541e-05
1.41235 1.05962e-05
1.41235 1.03764e-05
1.41235 1.02646e-05
1.41235 1.03532e-05
1.41235 1.01945e-05
1.41235 1.00636e-05
1.41235 1.00564e-05
1.41235 1.0089e-05
1.41235 1.00032e-05
1.41235 9.81566e-06
1.41235 9.64339e-06
1.41235 9.50859e-06
1.41236 9.4748e-06
1.41236 9.92887e-06
1.41236 9.76736e-06
1.41236 9.68315e-06
1.41236 9.57577e-06
1.41236 9.4153e-06
1.41236 9.34917e-06
1.41236 9.2642e-06
1.41236 9.12105e-06
1.41236 9.19313e-06
1.41235 9.18282e-06
1.41235 9.06091e-06
1.41235 8.92474e-06
1.41236 9.0246e-06
1.41236 8.98333e-06
1.41236 9.09271e-06
1.41235 9.08046e-06
1.41235 9.00441e-06
1.41235 9.08236e-06
1.41235 9.00552e-06
1.41235 8.98599e-06
1.41235 8.87557e-06
1.41235 8.84944e-06
1.41235 8.8879e-06
1.41235 8.81968e-06
1.41235 8.73135e-06
1.41235 8.63502e-06
1.41235 8.56543e-06
1.41235 8.47687e-06
1.41235 8.41314e-06
1.41235 8.32191e-06
1.41235 8.241e-06
1.41235 8.1526e-06
1.41235 8.06267e-06
1.41235 8.11739e-06
1.41235 8.03536e-06
1.41235 7.94836e-06
1.41235 7.86976e-06
1.41235 7.78759e-06
1.41235 7.75824e-06
1.41235 7.71783e-06
1.41234 7.84676e-06
1.41234 7.84123e-06
1.41234 7.8031e-06
1.41234 7.73354e-06
1.41234 7.65646e-06
