1.82353 0
1.82343 9.96198e-05
1.82422 0.000790979
1.81761 0.00662802
1.80795 0.010939
1.79838 0.013091
1.80075 0.0113139
1.7972 0.0104191
1.79671 0.00920193
1.80016 0.00892295
1.80307 0.00857933
1.80429 0.00792727
1.80433 0.0072921
1.80149 0.00732221
1.80018 0.00694094
1.79879 0.00663969
1.79705 0.00647709
1.79593 0.0062081
1.79629 0.00588361
1.79449 0.00586613
1.79419 0.00558761
1.79638 0.00576035
1.79723 0.00556869
1.79644 0.00539028
1.79648 0.00517034
1.79545 0.00507365
1.79394 0.00510932
1.79456 0.00496239
1.79435 0.00479282
1.79422 0.00463201
1.79612 0.00486332
1.79951 0.00580464
1.8019 0.00611112
1.80296 0.00602268
1.80306 0.00584893
1.80264 0.00569955
1.8034 0.00559594
1.80379 0.00546065
1.80447 0.00536196
1.80595 0.0054313
1.80621 0.0053036
1.80619 0.00517584
1.80608 0.00505513
1.8063 0.00494349
1.8058 0.00485813
1.80603 0.00475722
1.80606 0.00465498
1.80696 0.00464501
1.8079 0.0046448
1.80821 0.00456192
1.80755 0.00452028
1.80701 0.0044658
1.80697 0.00438088
1.80689 0.00429984
1.80694 0.0042213
1.80652 0.00416637
1.80592 0.00413654
1.80586 0.004065
1.80594 0.00399625
1.80656 0.00397819
1.807 0.00393665
1.80758 0.00391554
1.80861 0.00399006
1.80895 0.00394112
1.80946 0.003914
1.80972 0.00386311
1.81057 0.00389926
1.8112 0.00389256
1.81131 0.00383725
1.81161 0.00379424
1.81198 0.00375817
1.8126 0.00375644
1.81293 0.00371968
1.81289 0.00366924
1.81318 0.00363138
1.81308 0.00358465
1.81291 0.00354185
1.8126 0.00351026
1.81219 0.00348987
1.81204 0.00344892
1.81197 0.00340686
1.81223 0.00337515
1.81239 0.00333811
1.81259 0.00330402
1.81297 0.00328706
1.81279 0.00325383
1.81299 0.00322296
1.81361 0.00324431
1.81346 0.0032109
1.81319 0.0031867
1.81294 0.00316169
1.81284 0.00312868
1.8127 0.00309783
1.81294 0.0030743
1.8133 0.00306272
1.8136 0.00304553
1.81366 0.00301447
1.81403 0.00300697
1.81409 0.00297694
1.81425 0.0029515
