0.788215 0
0.795465 0.0072465
0.796618 0.00433994
0.796197 0.003101
0.79788 0.00293223
0.797275 0.0024657
0.797876 0.00217226
0.798182 0.00190457
0.797386 0.00186132
0.797661 0.00168557
0.797564 0.00152856
0.797887 0.00143306
0.797862 0.00132227
0.79803 0.00123564
0.798032 0.00114883
0.798389 0.00113291
0.797811 0.00120997
0.798087 0.00117235
0.798087 0.00110839
0.798074 0.00105233
0.797891 0.00101839
0.797648 0.00100096
0.797881 0.000986225
0.797942 0.000945553
0.798166 0.000933658
0.798333 0.000908256
0.798256 0.000880262
0.798242 0.000848334
0.798375 0.000829206
0.798244 0.000810991
0.798404 0.000801089
0.79833 0.000780708
0.798519 0.000780439
0.798448 0.000759064
0.798637 0.000762904
0.798634 0.000740515
0.798802 0.000740292
0.798706 0.000726902
0.798607 0.000713986
0.798781 0.000717667
0.799045 0.000749516
0.798845 0.000756826
0.798808 0.00074109
0.798887 0.000728627
0.799043 0.00073057
0.799092 0.000716885
0.79896 0.000713604
0.799146 0.000722836
0.7992 0.000710913
0.799057 0.000711359
0.799195 0.000709269
0.799308 0.000705602
0.799195 0.000702057
0.7992 0.000688903
0.799141 0.00067844
0.79912 0.000665764
0.799188 0.000657369
0.799208 0.000645935
0.799222 0.00063551
0.799333 0.000634097
0.799265 0.000627209
0.799363 0.00062518
0.799422 0.000617788
0.799383 0.00060977
0.799484 0.000609588
0.79943 0.000602603
0.799377 0.00059575
0.799426 0.000589027
0.799388 0.000582426
0.799328 0.000577443
0.799386 0.000572561
0.799339 0.000565553
0.799351 0.000557915
0.799433 0.000557752
0.799436 0.000550324
0.799462 0.000542996
0.799485 0.000536496
0.799485 0.000530088
0.799414 0.000528128
0.799447 0.000521891
0.799458 0.00051646
0.799517 0.000513978
0.799524 0.000506548
0.79956 0.000502773
0.799543 0.00049621
0.799561 0.000491145
0.799554 0.000485434
0.799586 0.000479789
0.799583 0.000474207
0.799559 0.0004694
0.799634 0.000471022
0.799625 0.000465622
0.79965 0.000460278
0.79971 0.000459892
0.799682 0.000456051
0.799683 0.000450869
0.799699 0.000447129
0.799806 0.000454385
0.799787 0.000450038
0.7997 0.00045377
