7.6001 0
7.65975 0.0596263
7.64862 0.0361987
7.64028 0.0268983
7.66456 0.031974
7.65932 0.0266371
7.6607 0.0225527
7.66573 0.0201763
7.66713 0.0178473
7.66696 0.015987
7.66939 0.0146549
7.67158 0.0135828
7.6773 0.0137183
7.67775 0.012704
7.6772 0.0118344
7.6825 0.0122804
7.68655 0.012246
7.68541 0.0116226
7.68913 0.0116097
7.6875 0.01113
7.69 0.0108833
7.68631 0.0110321
7.68423 0.0107382
7.68377 0.0102867
7.6827 0.00991103
7.684 0.00962397
7.68211 0.00944485
7.68279 0.00913007
7.68325 0.00882773
7.68344 0.00853662
7.68396 0.00827873
7.68328 0.0080453
7.68373 0.0078125
7.68257 0.00764801
7.68215 0.00743728
7.68401 0.00746288
7.68236 0.00743728
7.68271 0.00723704
7.68293 0.00705633
7.68264 0.00688761
7.68336 0.00677287
7.68314 0.00661283
7.68306 0.00646375
7.68417 0.00640894
7.68397 0.0062669
7.68345 0.00614191
7.68302 0.00601994
7.68369 0.00592823
7.68299 0.00583899
7.68236 0.0057521
7.6831 0.00568087
7.68259 0.00559825
7.68322 0.00553091
7.68319 0.00543892
7.68445 0.00548577
7.68351 0.00547382
7.68402 0.00539955
7.6835 0.00533319
7.68318 0.00524956
7.68342 0.00517374
7.68317 0.00510559
7.68336 0.00502016
7.68436 0.00503481
7.68355 0.00501284
7.68412 0.00496753
7.6845 0.00491128
7.6845 0.00482626
7.68475 0.00475431
7.68496 0.00469539
7.68508 0.00461954
7.68481 0.00456857
7.68421 0.00453036
7.68424 0.00446925
7.68403 0.00441492
7.68367 0.0043555
7.6845 0.00438475
7.68373 0.00440166
7.68395 0.00435596
7.68405 0.00429961
7.68361 0.00427795
7.68332 0.00424552
7.68352 0.00417998
7.68432 0.00421556
7.68351 0.00422286
7.68421 0.00424606
7.68384 0.00420503
7.68369 0.00415923
7.68393 0.00412464
7.68441 0.00411696
7.68397 0.00408853
7.68428 0.00405532
7.68385 0.00403297
7.68477 0.00409286
7.68477 0.00404553
7.68506 0.00399866
7.68513 0.00395224
7.68539 0.00392654
7.68518 0.00389112
7.68515 0.00385105
7.68533 0.00382148
