1.73242 0
1.52111 0.21131
1.66929 0.191944
1.77484 0.171932
1.7087 0.148696
1.72511 0.122515
1.6262 0.143194
1.60567 0.125697
1.60101 0.110953
1.57093 0.103698
1.54526 0.0972462
1.51004 0.0955038
1.48201 0.0922157
1.49091 0.0858384
1.51128 0.082466
1.53301 0.0801413
1.50882 0.0790706
1.47716 0.0809919
1.44114 0.084656
1.44044 0.0803149
1.45143 0.0771813
1.45399 0.0736337
1.44642 0.0707652
1.43737 0.0683543
1.41854 0.0682124
1.42097 0.0655811
1.45735 0.0728425
1.47792 0.0731446
1.49345 0.072266
1.51241 0.0723439
1.52193 0.0706161
1.52205 0.0683739
1.51986 0.0663058
1.52465 0.0645042
1.52966 0.0628341
1.53836 0.06168
1.54128 0.060061
1.5495 0.0590344
1.55717 0.0580105
1.55281 0.0567095
1.54592 0.0557365
1.5363 0.0552378
1.5281 0.0545578
1.53082 0.0533728
1.53614 0.0524443
1.54414 0.0519109
1.53821 0.0511388
1.53859 0.0500635
1.53989 0.0490483
1.5505 0.0492148
1.55707 0.0486851
1.56211 0.0480049
1.56947 0.047663
1.57478 0.0470725
1.57393 0.0462165
1.5679 0.0457828
1.56594 0.0450149
1.56969 0.0443907
1.5674 0.0436919
1.56032 0.0435379
1.55783 0.0428908
1.55849 0.0421986
1.56014 0.0415562
1.56427 0.0411096
1.5635 0.0404795
1.57034 0.040443
1.5841 0.0421439
1.58633 0.0415795
1.58368 0.0410577
1.58329 0.0404688
1.57812 0.0402276
1.58164 0.0398206
1.58965 0.0400796
1.59225 0.0396201
1.58903 0.039221
1.58803 0.0387144
1.59086 0.0383132
1.59236 0.0378487
1.59414 0.0374086
1.59804 0.0371438
1.5957 0.036757
1.59102 0.036607
1.59242 0.0361905
1.59365 0.0357781
1.59369 0.0353548
1.59803 0.0352097
1.59942 0.0348305
1.60688 0.0352321
1.60821 0.0348593
1.61272 0.0347632
1.61255 0.0343794
1.61198 0.0340084
1.61344 0.0336727
1.6113 0.0333816
1.60974 0.0330651
1.61328 0.0329099
1.61168 0.0326081
1.61508 0.0324515
1.61877 0.0323339
1.6225 0.0322253
