-3.77277 0
-3.77392 0.00138107
-3.77386 0.000690534
-3.77484 0.000976562
-3.77535 0.000845728
-3.77523 0.000873464
-3.77538 0.000891476
-3.77468 0.000904121
-3.7744 0.000913491
-3.77413 0.00079736
-3.77424 0.000817051
-3.77422 0.000658398
-3.77407 0.000690534
-3.77397 0.000605638
-3.77389 0.00063931
-3.7739 0.000563819
-3.77386 0.000422864
-3.77371 0.000410238
-3.77368 0.000460356
-3.77346 0.000448078
-3.77338 0.000378221
-3.77345 0.000521995
-3.7734 0.000550856
-3.77329 0.000498783
-3.77313 0.000527404
-3.77295 0.000552427
-3.77281 0.000469125
-3.77276 0.000497241
-3.77256 0.000488281
-3.77246 0.000544029
-3.77236 0.000504295
-3.77229 0.000496094
-3.77231 0.000545915
-3.77221 0.000509993
-3.77223 0.000529615
-3.7722 0.000495208
-3.77226 0.000514694
-3.77228 0.000507691
-3.77237 0.000500966
-3.77241 0.000518638
-3.77238 0.000488281
-3.77237 0.000431373
-3.77226 0.000452061
-3.7722 0.000421222
-3.77216 0.000441667
-3.77216 0.000436732
-3.77214 0.000455325
-3.77213 0.000427339
-3.77206 0.00039868
-3.77196 0.000394591
-3.77189 0.000458048
-3.77177 0.000432429
-3.77165 0.000469125
-3.77153 0.000483653
-3.77146 0.000497241
-3.77143 0.000509993
-3.77135 0.00047052
-3.77136 0.000500966
-3.77135 0.000462336
-3.77138 0.000475705
-3.77131 0.000454565
-3.77126 0.000467842
-3.7712 0.000464054
-3.77116 0.00044361
-3.77113 0.000422864
-3.77107 0.000401735
-3.77109 0.00039868
-3.77109 0.000337449
-3.77103 0.000313325
-3.77102 0.000332522
-3.77101 0.000285908
-3.77095 0.00034769
-3.77093 0.000325521
-3.77092 0.000323284
-3.77089 0.000300354
-3.77089 0.000252147
-3.77088 0.000194023
-3.77094 0.000222579
-3.7709 0.00019152
-3.77088 0.000155382
-3.77085 0.000189111
-3.77082 0.000153452
-3.7708 0.000152513
-3.77079 0.000185661
-3.77077 0.000184553
-3.77074 0.000211846
-3.77069 0.000210611
-3.77067 0.000209397
-3.77064 0.000147222
-3.77059 0.000207031
-3.77054 0.000230178
-3.77052 0.00022891
-3.77053 0.000269374
-3.77053 0.00020253
-3.77054 0.000225227
-3.77051 0.000200386
-3.77049 0.00019934
-3.77044 0.00019831
-3.77043 0.000139509
-3.77043 0.000169998
