-6.32824 0
-6.32859 0
-6.32881 0.00138107
-6.3289 0.00112764
-6.32944 0
-6.32934 -nan
-6.32911 0
-6.32841 0.000738212
-6.3281 0.000690534
-6.3281 0
-6.32842 0.000873464
-6.32838 0.000832815
-6.3282 0
-6.32828 0
-6.32828 0
-6.32837 0.000504295
-6.32827 0
-6.32787 0.000669916
-6.32781 0.000651042
-6.32771 0.000633677
-6.32767 0.000617632
-6.32759 0.000426207
-6.32758 0.000588889
-6.32749 0.000705386
-6.32726 0.00079736
-6.32726 0.000873464
-6.32725 0.000856502
-6.3273 0.000920712
-6.3272 0.000904121
-6.32705 0.000810991
-6.32703 0.000873464
-6.32703 0.00085926
-6.32697 0.000845728
-6.32698 0.000899543
-6.32698 0.000886216
-6.32701 0.000873464
-6.32691 0.000920712
-6.32689 0.000786511
-6.32683 0.000776093
-6.32683 0.000699331
-6.32685 0.000690534
-6.3269 0.000682061
-6.32689 0.000673892
-6.32686 0.000595698
-6.32686 0.000721239
-6.32687 0.000582309
-6.32687 0.000705386
-6.32689 0.000637039
-6.32692 0.000630368
-6.327 0.000683451
-6.32694 0.000676582
-6.327 0.000669916
-6.32702 0.000716601
-6.32708 0.000758817
-6.32705 0.000703205
-6.32707 0.000588889
-6.32701 0.00063931
-6.32705 0.000578466
-6.32708 0.000628191
-6.32712 0.000622844
-6.32711 0.000563819
-6.3271 0.000612549
-6.32712 0.000607589
-6.32714 0.000651042
-6.32716 0.00059802
-6.32716 0.000593402
-6.32715 0.000588889
-6.32718 0.000584478
-6.32718 0.000529615
-6.3272 0.000575945
-6.32723 0.000521995
-6.3272 0.000518306
-6.32712 0.000514694
-6.32708 0.000457192
-6.32707 0.000454092
-6.32706 0.000451055
-6.32707 0.000500966
-6.32705 0.000497702
-6.32705 0.000494502
-6.32705 0.000380607
-6.32703 0.000378221
-6.327 0.000434028
-6.32695 0.000431373
-6.32697 0.000371323
-6.32697 0.000301374
-6.327 0.000423692
-6.32703 0.00047094
-6.32706 0.000512916
-6.32707 0.000465558
-6.32709 0.000358588
-6.32712 0.000411755
-6.32715 0.000289551
-6.32718 0.000203627
-6.32716 0.00028642
-6.32717 0.000348921
-6.32718 0.000400773
-6.32718 0.00039868
-6.3272 0.000343483
-6.32723 0.000394591
-6.32725 0.000392593
