1.64703 0
1.66106 0.0140248
1.65449 0.0104211
1.65813 0.008219
1.6536 0.00780487
1.65391 0.00638137
1.65633 0.00591674
1.65313 0.00603689
1.64281 0.0116191
1.64313 0.010395
1.64052 0.00975952
1.63672 0.00968651
1.64061 0.00972281
1.63719 0.00963041
1.64261 0.0104749
1.63771 0.0109532
1.63669 0.01034
1.63869 0.00995057
1.63803 0.00943589
1.63601 0.00917807
1.63649 0.00874283
1.63576 0.00836685
1.63094 0.00933441
1.63235 0.00904653
1.63313 0.00871415
1.63139 0.00855315
1.63098 0.00824035
1.62914 0.00814941
1.62483 0.00896793
1.62457 0.00866803
1.6235 0.00845258
1.62232 0.00826829
1.61806 0.00907804
1.6203 0.00908693
1.62353 0.00939601
1.62551 0.00934574
1.62425 0.00917722
1.62237 0.00912785
1.62298 0.0089117
1.62714 0.00962978
1.62915 0.00960345
1.62815 0.00942473
1.6273 0.00924271
1.626 0.00912306
1.62683 0.0089573
1.62611 0.00878906
1.62895 0.00905713
1.63163 0.00926038
1.63464 0.00955741
1.63455 0.00936478
1.63578 0.0092614
1.63592 0.00908256
1.63549 0.00891955
1.63589 0.00876241
1.63499 0.00864879
1.6347 0.00849768
1.63635 0.00850847
1.63684 0.00837478
1.6371 0.0082354
1.63671 0.00810571
1.63932 0.00838887
1.64324 0.00913341
1.64475 0.00911341
1.64464 0.0089704
1.64509 0.00884294
1.64528 0.00870983
1.64415 0.00865278
1.64278 0.00863322
1.64358 0.00854431
1.64196 0.00857474
1.64082 0.00853086
1.64104 0.00841449
1.64169 0.00832389
1.64142 0.00821496
1.64224 0.00814543
1.64167 0.00805728
1.64077 0.00800292
1.64195 0.00798595
1.64164 0.00789017
1.64111 0.00780902
1.6414 0.00771732
1.64178 0.00763144
1.6421 0.00754633
1.64172 0.00746561
1.64213 0.00738904
1.64324 0.00738638
1.64517 0.0075525
1.64624 0.00754156
1.64749 0.00755994
1.64817 0.00750683
1.64932 0.00751241
1.64968 0.00743904
1.64959 0.00735916
1.64945 0.00728174
1.64941 0.00720499
1.65028 0.00718183
1.65061 0.00711524
1.65155 0.00710464
1.65165 0.0070331
1.65041 0.00707161
