1.43727 0
1.3475 0.0897707
1.32346 0.0571362
1.27921 0.0599135
1.27335 0.0467776
1.25165 0.0439269
1.23881 0.0392814
1.26716 0.0442825
1.32677 0.0712663
1.35062 0.0680566
1.37918 0.0678607
1.40644 0.067682
1.40571 0.0622626
1.42501 0.0607902
1.40139 0.0613263
1.4101 0.0580241
1.40426 0.054816
1.38956 0.053732
1.38925 0.0508261
1.39079 0.0482425
1.38218 0.0466892
1.38503 0.0446081
1.40408 0.0466855
1.40137 0.0447797
1.40494 0.0430995
1.41639 0.0429609
1.42342 0.0419337
1.43536 0.0421328
1.45165 0.0437976
1.44914 0.0423867
1.45036 0.0410147
1.45368 0.039851
1.46603 0.04055
1.45288 0.0414788
1.43691 0.0433244
1.42906 0.0428307
1.43572 0.042186
1.44586 0.0422956
1.44566 0.0411974
1.42918 0.0434065
1.41929 0.0434726
1.42297 0.0425842
1.42823 0.0419136
1.43402 0.041356
1.43235 0.0404607
1.43541 0.0396894
1.42612 0.0399319
1.41693 0.0401565
1.4059 0.0408479
1.40634 0.040025
1.40206 0.0394647
1.40182 0.0386989
1.40405 0.0380275
1.40347 0.0373212
1.4096 0.0371448
1.4134 0.0366727
1.40898 0.0362937
1.40813 0.0356726
1.40863 0.0350665
1.40974 0.0344947
1.39816 0.0358473
1.38307 0.0383544
1.3805 0.0378284
1.38524 0.0375337
1.3874 0.0370146
1.38863 0.0364703
1.39435 0.0363748
1.40003 0.0362831
1.39791 0.0358162
1.40474 0.0359556
1.40961 0.0357778
1.40975 0.0352777
1.4083 0.0348216
1.41029 0.0344057
1.40791 0.0340271
1.41064 0.0336872
1.4144 0.0334581
1.41025 0.0332858
1.41133 0.0328794
1.41237 0.0324826
1.40839 0.0323242
1.40329 0.0323334
1.40042 0.0320697
1.40183 0.0317169
1.40049 0.0313702
1.39586 0.0313467
1.38787 0.0319983
1.38229 0.0321217
1.3763 0.0323183
1.37286 0.032142
1.36791 0.0321699
1.36589 0.031882
1.36579 0.0315375
1.36714 0.0312293
1.36772 0.0309043
1.36381 0.0308295
1.36157 0.0305927
1.35774 0.0305193
1.35791 0.03021
1.36314 0.0303608
