1.37306 0
1.39176 0.0186941
1.44501 0.0543316
1.46608 0.0438187
1.49264 0.0430958
1.45854 0.0489995
1.42189 0.0553001
1.436 0.0499268
1.46067 0.0504728
1.46085 0.0451446
1.45016 0.042209
1.42947 0.0437357
1.45241 0.0463099
1.46006 0.0435527
1.47148 0.0421219
1.47283 0.0394246
1.46719 0.0374599
1.46853 0.0353427
1.46578 0.0335436
1.46803 0.0319016
1.46634 0.0303912
1.45892 0.0299116
1.46268 0.0288273
1.46473 0.0276761
1.46399 0.0265565
1.46289 0.025538
1.46684 0.0248898
1.45979 0.0250008
1.45797 0.0241913
1.45252 0.0239998
1.45234 0.0232134
1.44758 0.0229743
1.43564 0.0252683
1.44015 0.0249253
1.44325 0.024401
1.44362 0.0237163
1.4499 0.0239076
1.44748 0.0233962
1.4497 0.0228966
1.45052 0.0223318
1.45464 0.022168
1.44822 0.0225663
1.44879 0.0220425
1.44823 0.021543
1.44418 0.0214445
1.44489 0.0209851
1.44268 0.0206525
1.44507 0.0203585
1.44895 0.0203134
1.44907 0.0199033
1.45301 0.0199028
1.45748 0.0200214
1.45506 0.0197886
1.4563 0.0194585
1.45526 0.0191299
1.45507 0.0187861
1.46239 0.0198516
1.46778 0.0202376
1.46943 0.0199601
1.46783 0.0196899
1.47163 0.0197324
1.47437 0.0196053
1.47461 0.019293
1.475 0.0189932
1.47485 0.0186993
1.47575 0.0184359
1.47734 0.0182285
1.47708 0.0179604
1.47874 0.0177758
1.47865 0.0175202
1.47735 0.0173205
1.47506 0.0172314
1.47423 0.0170141
1.47296 0.0168304
1.47196 0.0166349
1.47403 0.0165446
1.475 0.0163572
1.47498 0.0161461
1.47439 0.0159513
1.47453 0.0157513
1.47705 0.0157579
1.47797 0.0155921
1.47845 0.0154104
1.47847 0.0152258
1.4833 0.0158007
1.48346 0.0156168
1.48323 0.0154381
1.48211 0.0153024
1.48375 0.0152186
1.48273 0.0150837
1.48477 0.015057
1.48409 0.014908
1.48702 0.0150338
1.48721 0.0148743
1.48673 0.0147248
1.4883 0.0146547
1.48706 0.0145553
1.4868 0.0144084
1.48603 0.0142829
1.48604 0.0141394
