1.67674 0
1.67607 0.000667223
1.66059 0.015488
1.65746 0.0113889
1.64737 0.0134011
1.6541 0.0128468
1.66371 0.0144949
1.65892 0.0134339
1.65632 0.0121291
1.65718 0.0108827
1.6586 0.00994488
1.66624 0.0118654
1.66285 0.0114289
1.6605 0.0108391
1.65823 0.0103422
1.6565 0.00982748
1.65639 0.00923204
1.65607 0.00870983
1.65653 0.00825152
1.6572 0.00785643
1.65775 0.00749352
1.65875 0.00721428
1.65798 0.00693669
1.65667 0.00676957
1.65647 0.00649603
1.6563 0.00624356
1.65563 0.00604498
1.65632 0.00586526
1.65661 0.00566712
1.65765 0.00557301
1.65791 0.00539633
1.65881 0.00530258
1.66052 0.00541475
1.66056 0.00525324
1.65945 0.0052196
1.65938 0.00507297
1.65814 0.00508831
1.65825 0.00495373
1.65794 0.00483472
1.65849 0.00474457
1.65752 0.00472824
1.6595 0.00502193
1.65996 0.00492465
1.65994 0.00481145
1.66048 0.00473358
1.66059 0.00463096
1.66074 0.00453368
1.66011 0.00448295
1.65912 0.00449917
1.65874 0.00442458
1.65861 0.0043391
1.65769 0.0043517
1.65795 0.00427633
1.65758 0.00421287
1.65745 0.00413757
1.65806 0.00410971
1.65688 0.0042076
1.65631 0.00417373
1.65603 0.00411184
1.65652 0.0040726
1.65573 0.00408325
1.65489 0.00410267
1.65487 0.00403707
1.65495 0.00397429
1.65514 0.00391707
1.65492 0.00386347
1.65491 0.00380538
1.6551 0.0037537
1.65492 0.00370315
1.65503 0.00365145
1.65489 0.0036023
1.65519 0.00356507
1.65514 0.00351631
1.65523 0.00346973
1.65578 0.00346562
1.65559 0.00342452
1.6552 0.00340322
1.65526 0.00335998
1.6553 0.00331737
1.65547 0.00328004
1.65518 0.0032523
1.65483 0.00323117
1.65483 0.00319201
1.65475 0.00315493
1.6543 0.00315045
1.65448 0.00311934
1.6545 0.0030833
1.65454 0.00304833
1.654 0.00306171
1.65436 0.00304903
1.65407 0.00302922
1.65402 0.00299648
1.65337 0.00303434
1.65323 0.00300533
1.65343 0.0029799
1.65317 0.00295983
1.65325 0.00293019
1.65306 0.00290609
1.65341 0.00289719
1.65324 0.00287267
