1.11782 0
1.11738 0.000444815
1.10706 0.0103253
1.10497 0.00759262
1.09825 0.00893406
1.10274 0.00856452
1.10914 0.00966327
1.10595 0.0089559
1.10422 0.00808609
1.10479 0.0072551
1.10573 0.00662992
1.11083 0.00791026
1.10857 0.0076193
1.107 0.00722607
1.10549 0.00689479
1.10434 0.00655165
1.10426 0.0061547
1.10405 0.00580656
1.10435 0.00550101
1.1048 0.00523762
1.10517 0.00499568
1.10583 0.00480952
1.10532 0.00462446
1.10444 0.00451304
1.10431 0.00433069
1.1042 0.00416237
1.10375 0.00402999
1.10421 0.00391017
1.10441 0.00377808
1.1051 0.00371534
1.10527 0.00359755
1.10588 0.00353505
1.10701 0.00360984
1.10704 0.00350216
1.1063 0.00347973
1.10626 0.00338198
1.10543 0.00339221
1.1055 0.00330249
1.10529 0.00322314
1.10566 0.00316304
1.10502 0.00315216
1.10634 0.00334795
1.10664 0.0032831
1.10663 0.00320763
1.10699 0.00315572
1.10706 0.00308731
1.10716 0.00302246
1.10674 0.00298863
1.10608 0.00299945
1.10583 0.00294972
1.10574 0.00289273
1.10513 0.00290114
1.1053 0.00285089
1.10505 0.00280858
1.10496 0.00275838
1.10538 0.00273981
1.10459 0.00280507
1.1042 0.00278248
1.10402 0.00274123
1.10435 0.00271507
1.10382 0.00272217
1.10326 0.00273512
1.10325 0.00269138
1.1033 0.00264953
1.10343 0.00261138
1.10328 0.00257565
1.10327 0.00253692
1.1034 0.00250246
1.10328 0.00246877
1.10335 0.0024343
1.10326 0.00240153
1.10346 0.00237671
1.10343 0.0023442
1.10349 0.00231315
1.10385 0.00231041
1.10373 0.00228301
1.10346 0.00226881
1.10351 0.00223999
1.10353 0.00221158
1.10365 0.0021867
1.10345 0.0021682
1.10322 0.00215411
1.10322 0.002128
1.10317 0.00210329
1.10286 0.0021003
1.10299 0.00207956
1.103 0.00205554
1.10303 0.00203222
1.10267 0.00204114
1.10291 0.00203269
1.10271 0.00201948
1.10268 0.00199765
1.10225 0.00202289
1.10215 0.00200355
1.10228 0.0019866
1.10211 0.00197322
1.10216 0.00195346
1.10204 0.00193739
1.10227 0.00193146
1.10216 0.00191512
