-5.46863 0
-5.46736 0.00126936
-5.45218 0.0151993
-5.44924 0.0111425
-5.4393 0.013163
-5.44624 0.0127935
-5.45605 0.0146035
-5.45129 0.013515
-5.44861 0.0122171
-5.44922 0.0109443
-5.45076 0.0100194
-5.45826 0.0118257
-5.45479 0.0114184
-5.45228 0.0108652
-5.44981 0.0104111
-5.44811 0.00988701
-5.44808 0.00928725
-5.44779 0.00876101
-5.44829 0.00830197
-5.44896 0.00790438
-5.44954 0.00754137
-5.45055 0.00726071
-5.44974 0.00698495
-5.44842 0.00681731
-5.44823 0.00654174
-5.44813 0.00628583
-5.4475 0.00608094
-5.44819 0.00589978
-5.44853 0.0057027
-5.44963 0.00561919
-5.44987 0.00543991
-5.45084 0.0053559
-5.45262 0.00548908
-5.45266 0.00532531
-5.45161 0.00527621
-5.45152 0.00512827
-5.45025 0.00514784
-5.4504 0.00501288
-5.45011 0.00489125
-5.45073 0.00480784
-5.44979 0.00478289
-5.45172 0.00505159
-5.45215 0.00495125
-5.45205 0.00483841
-5.45264 0.00476625
-5.45276 0.00466308
-5.45295 0.0045664
-5.45229 0.00451798
-5.4513 0.00453537
-5.45086 0.0044647
-5.45071 0.00437912
-5.44978 0.00439329
-5.45008 0.00432008
-5.44971 0.00425548
-5.44958 0.00417943
-5.45017 0.0041465
-5.44894 0.00425556
-5.44833 0.00422464
-5.44806 0.00416175
-5.44856 0.00412328
-5.44778 0.00412994
-5.44692 0.00415219
-5.44689 0.00408592
-5.44691 0.00402167
-5.44714 0.00396605
-5.44695 0.00391024
-5.44697 0.00385146
-5.44712 0.00379773
-5.44694 0.00374698
-5.44703 0.00369422
-5.4469 0.00364418
-5.44722 0.00360729
-5.44716 0.00355798
-5.44725 0.00351079
-5.44779 0.00350523
-5.44758 0.00346505
-5.44715 0.00344688
-5.44721 0.00340289
-5.44725 0.00335974
-5.44741 0.0033216
-5.44711 0.00329444
-5.44675 0.00327348
-5.44675 0.00323381
-5.44666 0.00319654
-5.44618 0.0031941
-5.44637 0.00316213
-5.44639 0.00312567
-5.44647 0.00309091
-5.44592 0.00310529
-5.44627 0.00309076
-5.44597 0.00307128
-5.44594 0.00303789
-5.44528 0.00307523
-5.44513 0.00304606
-5.44533 0.00302021
-5.44508 0.00299877
-5.44514 0.00296836
-5.44497 0.00294311
-5.44532 0.00293365
-5.44516 0.00290826
