-3.79189 0
-3.79129 0.000602137
-3.79159 0.000460221
-3.79178 0.000374437
-3.79192 0.00032625
-3.79213 0.000338293
-3.79235 0.000356529
-3.79237 0.000309373
-3.79228 0.000285411
-3.79203 0.000357831
-3.79216 0.000349158
-3.79202 0.000349769
-3.79194 0.000331754
-3.79178 0.000345757
-3.79158 0.000378172
-3.7916 0.000354469
-3.7917 0.000346211
-3.79172 0.000327299
-3.79176 0.000311775
-3.79176 0.000295791
-3.79179 0.000283092
-3.7918 0.000270068
-3.79177 0.000260662
-3.79175 0.000249875
-3.79175 0.000239681
-3.79183 0.000242636
-3.79187 0.000237203
-3.79187 0.000228577
-3.79192 0.000224427
-3.79198 0.000226323
-3.79196 0.000220104
-3.79202 0.000223406
-3.7921 0.000230582
-3.7921 0.000223766
-3.79216 0.000224841
-3.79214 0.000219347
-3.79211 0.000215446
-3.79215 0.000214965
-3.79217 0.000209979
-3.79224 0.000216255
-3.79227 0.000212875
-3.79222 0.000213708
-3.79219 0.000210188
-3.79211 0.000221727
-3.79216 0.000223601
-3.79217 0.000218793
-3.79221 0.000217159
-3.79218 0.000213856
-3.79217 0.000209815
-3.79212 0.000212187
-3.7921 0.000209087
-3.79208 0.000205599
-3.79213 0.000207109
-3.79213 0.000203245
-3.79213 0.000199521
-3.7921 0.000197696
-3.79206 0.000199717
-3.79203 0.000198586
-3.79203 0.000195191
-3.79204 0.000192594
-3.79205 0.000189766
-3.79203 0.000188003
-3.79201 0.000185982
-3.79196 0.000190475
-3.79201 0.000192959
-3.79203 0.00019182
-3.79206 0.000190448
-3.79203 0.000189789
-3.79202 0.000187297
-3.792 0.000185248
-3.79201 0.000182741
-3.79202 0.000180613
-3.79202 0.00017814
-3.79202 0.00017572
-3.79202 0.000173382
-3.79199 0.000173169
-3.79196 0.000173991
-3.79195 0.000172046
-3.79195 0.000169857
-3.79194 0.000167782
-3.79193 0.000166291
-3.79192 0.000164477
-3.79192 0.000162491
-3.79191 0.000160954
-3.79189 0.000160346
-3.79188 0.000158537
-3.79189 0.00015713
-3.79193 0.000159653
-3.79192 0.000158312
-3.79191 0.000156812
-3.7919 0.000155412
-3.79191 0.000154331
-3.79191 0.000152717
-3.7919 0.00015123
-3.7919 0.000149638
-3.79191 0.000148377
-3.7919 0.000147591
-3.79191 0.000146502
-3.79191 0.000145016
-3.79192 0.000143799
