0.0464448 0
0.0463798 6.47376e-05
0.046182 0.000201566
0.0463873 0.000249797
0.0448984 0.00150144
0.0437286 0.0016945
0.0439178 0.00144457
0.0457921 0.00225351
0.0473394 0.00251873
0.0496187 0.0032047
0.0501655 0.00294989
0.0501181 0.00269328
0.0500641 0.00247805
0.0498271 0.00230644
0.0495228 0.00216864
0.0492961 0.0020412
0.0488231 0.00197485
0.0485168 0.00188694
0.0483058 0.00179729
0.0480832 0.00171953
0.0483215 0.00165287
0.0481115 0.00158989
0.0477409 0.00156374
0.0475563 0.0015085
0.0477123 0.00145528
0.0479583 0.00141967
0.0482281 0.00139247
0.0485933 0.00139061
0.0488505 0.00136624
0.0485451 0.00135478
0.0480983 0.00138445
0.0477107 0.00139539
0.0475237 0.0013653
0.0474577 0.00132619
0.0475679 0.00129244
0.047945 0.00131141
0.0485323 0.00140419
0.0487604 0.00138564
0.0487952 0.00135009
0.0488354 0.00131652
0.0488089 0.00128429
0.0487567 0.00125442
0.0488936 0.00123252
0.0490183 0.00121063
0.0491471 0.00119041
0.0491754 0.00116458
0.0491164 0.00114106
0.0489026 0.00113732
0.0486492 0.00114232
0.0483873 0.00114947
0.0482383 0.00113653
0.0482862 0.00111549
0.0484701 0.00110958
0.0485609 0.00109262
0.0486062 0.00107352
0.0486859 0.00105719
0.0486831 0.00103848
0.0488217 0.00102979
0.0489073 0.0010158
0.0488382 0.00100112
0.0487564 0.000987958
0.0487758 0.000972085
0.0487039 0.000959227
0.0485947 0.000950422
0.0486751 0.000939132
0.0487335 0.000926636
0.048702 0.000913243
0.0486205 0.000903394
0.0485763 0.000891303
0.0485863 0.000878535
0.0486426 0.0008679
0.0487592 0.000863667
0.0488682 0.0008587
0.0489902 0.000855768
0.0490179 0.000844734
0.0489448 0.00083674
0.0488961 0.00082724
0.0489919 0.000822167
0.0489631 0.000812206
0.0490173 0.000803818
0.0489349 0.000798104
0.0488039 0.000799119
0.0486597 0.000802495
0.0485463 0.000800954
0.0485286 0.000791672
0.0486639 0.000794025
0.048814 0.000799076
0.0488874 0.000793344
0.0489185 0.000784997
0.0489292 0.000776302
0.0488401 0.000772868
0.0488039 0.000765278
0.0489511 0.000771178
0.049143 0.000786704
0.0491633 0.000778641
0.0492618 0.000776766
0.0493397 0.000772647
0.0493922 0.000766524
0.0494244 0.000759428
0.0494152 0.000751851
