1.37336 0
1.37386 0.000345267
1.37511 0.00124488
1.37615 0.00133721
1.37633 0.0010358
1.37653 0.000845728
1.37669 0.000745862
1.37681 0.000678091
1.3768 0.00059802
1.37691 0.000563819
1.37698 0.000534885
1.37731 0.000550856
1.37763 0.00059802
1.37765 0.000566523
1.37741 0.000576266
1.37725 0.000556726
1.37722 0.000525044
1.37723 0.000473702
1.37719 0.000460356
1.37717 0.000448078
1.37724 0.000429854
1.37735 0.000432815
1.37747 0.000416408
1.37773 0.000477548
1.37808 0.000593852
1.37847 0.000683594
1.37895 0.000815366
1.37954 0.000981073
1.38016 0.00113766
1.3807 0.00122323
1.38118 0.00127795
1.3816 0.0013052
1.38196 0.00131474
1.38225 0.00130716
1.38254 0.00129999
1.38282 0.00129845
1.38307 0.00128673
1.3832 0.00125903
1.38333 0.00123221
1.38349 0.00121128
1.38364 0.00118729
1.38381 0.00117148
1.38397 0.00115376
1.38405 0.0011305
1.38411 0.00110906
1.38418 0.00108575
1.38425 0.0010654
1.38436 0.0010516
1.38454 0.00104535
1.38477 0.0010498
1.38501 0.00105631
1.38526 0.00106364
1.38546 0.00106311
1.38563 0.00105516
1.38582 0.00105585
1.386 0.00105241
1.38621 0.00105414
1.38644 0.00106271
1.38669 0.0010738
1.38699 0.00109275
1.38727 0.00111524
1.38751 0.00112359
1.38777 0.00113331
1.38813 0.00117288
1.38853 0.00122223
1.3889 0.00125952
1.38927 0.00129536
1.38966 0.00133255
1.39006 0.00137088
1.39045 0.00141016
1.39087 0.00145141
1.39134 0.00150331
1.39184 0.00156485
1.39237 0.001634
1.3929 0.00169574
1.39337 0.00173781
1.39379 0.00176719
1.39421 0.00179363
1.39466 0.00182531
1.39512 0.00186175
1.3956 0.00190132
1.39607 0.00193572
1.39652 0.00196315
1.39697 0.00199028
1.39741 0.00201711
1.39787 0.00204469
1.39833 0.00207227
1.39878 0.00209952
1.39923 0.00212263
1.39968 0.00214654
1.40011 0.00216661
1.40052 0.00218276
1.40092 0.00219727
1.4013 0.00220614
1.40169 0.00221594
1.40207 0.00222578
1.40245 0.00223592
1.40285 0.002248
1.40324 0.0022595
1.40368 0.00227944
