1.19915 0
1.1967 0.00244141
1.19539 0.00193781
1.19201 0.00365396
1.19247 0.00287319
1.19324 0.0024657
1.19282 0.00211901
1.18981 0.00352829
1.18878 0.00327776
1.18524 0.00459204
1.18481 0.00417616
1.18455 0.0038207
1.18354 0.00366075
1.18234 0.00358812
1.18103 0.00359049
1.17954 0.00367457
1.17887 0.00351469
1.17795 0.00343944
1.17706 0.00337115
1.1767 0.00321849
1.17542 0.00331708
1.17547 0.00316532
1.17597 0.00306615
1.17644 0.00297272
1.17652 0.00285063
1.17671 0.00274655
1.177 0.00265809
1.17692 0.00256229
1.17665 0.00248719
1.17727 0.00248231
1.17784 0.0024657
1.17827 0.00242719
1.1785 0.00236467
1.17891 0.00232857
1.17943 0.00232066
1.17971 0.00227308
1.17951 0.00222199
1.17993 0.00220349
1.18052 0.00222564
1.18089 0.00220178
1.18125 0.00217956
1.18164 0.00216158
1.18155 0.00211231
1.18152 0.00206423
1.18144 0.00201928
1.18152 0.00197605
1.18161 0.00193647
1.18196 0.00192566
1.18235 0.00192688
1.18287 0.00195872
1.18338 0.00198821
1.18373 0.00197928
1.18386 0.00194725
1.18419 0.00193868
1.18459 0.00194179
1.18484 0.00192349
1.18536 0.00195911
1.18554 0.00193375
1.18588 0.00193143
1.18666 0.00205003
1.18747 0.00217546
1.18797 0.00219704
1.18868 0.00227635
1.18954 0.0023984
1.18994 0.00239519
1.19039 0.00240164
1.19101 0.00244436
1.19175 0.0025203
1.19246 0.0025834
1.19314 0.0026344
1.19377 0.00267379
1.19428 0.00268351
1.19481 0.0027003
1.1952 0.00269086
1.19563 0.00268974
1.19609 0.00269338
1.19636 0.00267208
1.19616 0.00264562
1.1963 0.00261549
1.19607 0.0025922
1.1961 0.00256028
1.19612 0.00252876
1.19616 0.00249879
1.19623 0.00247036
1.19627 0.00244112
1.19611 0.00241774
1.19603 0.0023915
1.19613 0.00236645
1.19627 0.00234403
1.1964 0.00232161
1.1968 0.00233094
1.19719 0.0023378
1.19731 0.00231584
1.19744 0.00229444
1.19804 0.00234955
1.19842 0.00235481
1.19882 0.00236467
1.1992 0.0023717
1.19954 0.00237216
1.19993 0.00238022
