0.801684 0
0.803831 0.00214774
0.801415 0.00271616
0.801818 0.00196244
0.799584 0.00270167
0.800219 0.00229554
0.800532 0.0019651
0.801211 0.00183216
0.801669 0.00167969
0.80099 0.00164867
0.801563 0.00159748
0.801203 0.0015022
0.801116 0.00138457
0.801066 0.00128281
0.801084 0.00119437
0.801026 0.00111871
0.801271 0.00107889
0.801318 0.0010183
0.800892 0.00105333
0.801154 0.00103298
0.801069 0.000986206
0.800991 0.000943579
0.801086 0.000906621
0.801157 0.000870908
0.800909 0.000871397
0.80127 0.000911725
0.801287 0.000877482
0.801337 0.000847059
0.801374 0.000818164
0.80119 0.000811731
0.801482 0.000837672
0.801371 0.00081853
0.801279 0.000798702
0.801365 0.000779651
0.801343 0.000757385
0.801343 0.000736046
0.801009 0.000789795
0.801316 0.000827711
0.801269 0.000807584
0.801256 0.000787241
0.80114 0.000776527
0.80116 0.000758078
0.801251 0.000745757
0.801209 0.000729812
0.801201 0.000713453
0.801043 0.000715415
0.801111 0.000703325
0.801121 0.000688584
0.801176 0.000676637
0.801188 0.000663078
0.801287 0.000657446
0.801191 0.000651734
0.801027 0.000660178
0.801077 0.000649755
0.801135 0.000640451
0.801085 0.000630877
0.801129 0.000621264
0.801056 0.000614758
0.80104 0.000604472
0.801043 0.000594321
0.801048 0.000584515
0.801023 0.000575528
0.801098 0.000571196
0.801096 0.000562203
0.800951 0.000572104
0.800974 0.000563811
0.801109 0.000571575
0.801046 0.000566626
0.801143 0.000566773
0.801227 0.00056481
0.801131 0.000564863
0.801316 0.000586725
0.801407 0.00058569
0.801437 0.000578543
0.801386 0.000573122
0.801337 0.000567646
0.801381 0.000561957
0.801349 0.00055559
0.80139 0.000550007
0.801419 0.000543854
0.801398 0.00053749
0.80143 0.00053182
0.801368 0.000528931
0.80133 0.000523998
0.80131 0.00051819
0.801402 0.000520274
0.801337 0.000518284
0.801347 0.000512448
0.801325 0.000507111
0.801295 0.000502362
0.801212 0.000503666
0.801302 0.000506307
0.801365 0.000504696
0.801301 0.000503392
0.801316 0.000498292
0.801334 0.00049341
0.801334 0.000488297
0.801357 0.000483853
0.801402 0.000480984
0.801399 0.000476157
