7.71168 0
7.70755 0.00413203
7.72375 0.0163764
7.71958 0.0123073
7.73354 0.0169054
7.72817 0.0148092
7.72653 0.0126241
7.72451 0.0111166
7.71996 0.0108078
7.72265 0.0100322
7.71876 0.00987198
7.72089 0.00926122
7.7214 0.00853399
7.72038 0.00796702
7.72057 0.00741954
7.72024 0.00694822
7.71625 0.00765327
7.71497 0.00732724
7.71737 0.00733405
7.71635 0.00703143
7.7174 0.00677007
7.71826 0.00651137
7.71806 0.00622494
7.71815 0.0059606
7.72039 0.00613967
7.71778 0.00644896
7.71685 0.00627464
7.71621 0.00608041
7.71634 0.00586836
7.71754 0.00579539
7.71544 0.00598558
7.71689 0.00597387
7.71791 0.00587947
7.71697 0.00578147
7.71726 0.0056212
7.71685 0.00547758
7.71901 0.00574777
7.71671 0.00605073
7.71729 0.00592198
7.7174 0.00577311
7.71834 0.00570878
7.71848 0.00557285
7.71829 0.00544485
7.71879 0.00534295
7.71923 0.00524144
7.72078 0.00535627
7.71996 0.00530444
7.71999 0.00519281
7.71943 0.00511607
7.719 0.00503126
7.71757 0.00513622
7.71804 0.00505821
7.71915 0.00508602
7.7188 0.00500315
7.7186 0.00491555
7.71889 0.0048358
7.71867 0.00475553
7.71993 0.00484152
7.72011 0.00476206
7.72068 0.00471597
7.72097 0.00464758
7.72129 0.00458285
7.72105 0.00451593
7.72096 0.00444572
7.72209 0.00451966
7.72154 0.00448416
7.72054 0.00452735
7.72123 0.00451193
7.72063 0.00448628
7.72008 0.00445523
7.72108 0.0045047
7.71979 0.00462624
7.71931 0.00458778
7.71925 0.00452571
7.71973 0.00449037
7.72032 0.00447032
7.7198 0.0044418
7.71999 0.00438849
7.71973 0.00434056
7.71956 0.00428928
7.7199 0.0042499
7.71956 0.00421171
7.71978 0.00416637
7.72008 0.00412741
7.72011 0.00407865
7.71947 0.00408016
7.72013 0.00408609
7.72027 0.00404184
7.72031 0.00399635
7.7206 0.00396274
7.7211 0.00395001
7.72034 0.00397902
7.72002 0.00394926
7.72076 0.003977
7.72057 0.00393964
7.72039 0.00390241
7.72048 0.00386285
7.72043 0.00382354
7.72007 0.0038019
7.72027 0.00376931
