-5.46934 0
-5.46259 0.00676582
-5.45109 0.0121973
-5.45402 0.0090211
-5.4611 0.00995902
-5.46285 0.00835518
-5.46762 0.00853212
-5.46661 0.00747383
-5.47386 0.00982647
-5.47625 0.00907964
-5.47871 0.0085693
-5.48131 0.00826546
-5.47381 0.0106754
-5.47057 0.0104057
-5.46843 0.0099179
-5.46751 0.00932604
-5.46779 0.00876869
-5.46532 0.00862477
-5.46669 0.00827361
-5.46724 0.00787649
-5.46844 0.00758959
-5.4667 0.00744948
-5.46626 0.00712775
-5.46458 0.0070362
-5.46434 0.00675407
-5.46326 0.00658872
-5.46235 0.00640375
-5.46404 0.00640651
-5.46532 0.00629648
-5.46592 0.00613358
-5.46503 0.00599347
-5.46409 0.00587511
-5.46445 0.00570475
-5.46472 0.00553994
-5.46429 0.00541141
-5.46371 0.00527189
-5.46504 0.00530908
-5.46485 0.00517745
-5.46449 0.00505455
-5.46338 0.00504779
-5.46366 0.0049314
-5.46426 0.00483735
-5.46523 0.00482198
-5.46346 0.00503267
-5.46377 0.00493579
-5.46318 0.00485452
-5.46313 0.004745
-5.46304 0.00465082
-5.46265 0.00455874
-5.46276 0.00446429
-5.46182 0.00447091
-5.46168 0.00438015
-5.46165 0.00429534
-5.46116 0.00424192
-5.46147 0.00417294
-5.46113 0.00410537
-5.46068 0.00406436
-5.46019 0.00402439
-5.45951 0.00402238
-5.4593 0.00395559
-5.45956 0.0038981
-5.45917 0.00385792
-5.4594 0.00380249
-5.4596 0.00375207
-5.46006 0.00371864
-5.46107 0.00379576
-5.46074 0.00376306
-5.46156 0.00379161
-5.46131 0.00374495
-5.46107 0.00369159
-5.4614 0.00365769
-5.4612 0.00360586
-5.46082 0.00358073
-5.46086 0.00352661
-5.46087 0.00348425
-5.4615 0.00350113
-5.46173 0.00345993
-5.46135 0.00343739
-5.46152 0.00339734
-5.46165 0.00335784
-5.4619 0.00332247
-5.46209 0.00329118
-5.46188 0.00326393
-5.46224 0.00324775
-5.46267 0.00323889
-5.46216 0.00323369
-5.46156 0.00325597
-5.4621 0.00326753
-5.46192 0.00323219
-5.46178 0.00320062
-5.46205 0.00316944
-5.46202 0.00313531
-5.46185 0.00311157
-5.46166 0.00308484
-5.461 0.00312734
-5.46066 0.00311728
-5.46032 0.0030978
-5.46056 0.0030786
-5.4608 0.00305649
-5.46079 0.00302513
