7.15832 0
7.2461 0.087782
7.51972 0.278271
7.63117 0.226141
7.62972 0.17517
7.66038 0.146273
7.65671 0.123681
7.63817 0.108703
7.63397 0.0959619
7.6001 0.0922689
7.63205 0.0893648
7.63542 0.0816478
7.63724 0.0751276
7.65145 0.0709936
7.65313 0.0661081
7.64664 0.0621798
7.6518 0.0586324
7.65379 0.0553117
7.64608 0.0528849
7.65975 0.0519982
7.65846 0.0494762
7.65685 0.0472052
7.64922 0.0457442
7.64345 0.0441754
7.64851 0.0426755
7.63274 0.0439275
7.65182 0.0463794
7.64185 0.045791
7.66149 0.0483543
7.64862 0.0484549
7.64744 0.0468818
7.63103 0.0482667
7.6347 0.0469271
7.64276 0.0462356
7.64851 0.0452615
7.6566 0.0447261
7.65014 0.0439742
7.64781 0.0428667
7.64675 0.0417663
7.64028 0.0412166
7.63988 0.0402031
7.65487 0.0419974
7.65186 0.0411196
7.64445 0.0408509
7.64833 0.0401213
7.64272 0.0396377
7.64238 0.0387877
7.64824 0.0384214
7.65932 0.039228
7.66456 0.0387905
7.65808 0.0385691
7.6573 0.037828
7.65176 0.0375183
7.64976 0.036871
7.65288 0.0363302
7.656 0.0358111
7.66151 0.0356049
7.6655 0.0352124
7.65588 0.0359224
7.65932 0.0354857
7.65647 0.035014
7.6548 0.0344855
7.65657 0.0339779
7.65605 0.0334475
7.65586 0.0329282
7.65717 0.0324514
7.65329 0.0321974
7.6583 0.0321153
7.666 0.0325703
7.6607 0.0325371
7.66011 0.0320812
7.66333 0.0317979
7.66479 0.0313946
7.66297 0.0310209
7.66528 0.0306916
7.66456 0.0302938
7.66221 0.0299886
7.66191 0.0296039
7.66217 0.0292284
7.66573 0.0290777
7.66126 0.0290616
7.66129 0.0287041
7.66191 0.0283659
7.66292 0.0280425
7.66819 0.0282062
7.66749 0.0278857
7.66603 0.0276013
7.66268 0.0274909
7.66488 0.0272691
7.66713 0.0270593
7.66894 0.026821
7.66521 0.0267893
7.66573 0.0265044
7.66715 0.0262594
7.6666 0.0259862
7.66282 0.0259908
7.66568 0.025882
7.66716 0.0256602
7.66816 0.0254197
7.66696 0.0251933
