-7.53668 0
-7.53581 0.000868698
-7.55943 0.0236307
-7.54022 0.0254647
-7.53305 0.0209879
-7.52365 0.0195461
-7.52516 0.0165885
-7.52316 0.0145041
-7.53439 0.0170229
-7.529 0.0161539
-7.52877 0.0146135
-7.52359 0.0143088
-7.52365 0.0131623
-7.52236 0.0122535
-7.52175 0.0114236
-7.52392 0.0109036
-7.52456 0.0102621
-7.52505 0.00968745
-7.52696 0.00936129
-7.52727 0.0088861
-7.52256 0.00967465
-7.52238 0.00922616
-7.52716 0.0100262
-7.52917 0.00980878
-7.52533 0.010164
-7.52522 0.00976578
-7.52421 0.00945163
-7.5217 0.00944641
-7.52186 0.00911633
-7.52382 0.00902258
-7.52279 0.00878803
-7.52431 0.0086443
-7.52229 0.00861731
-7.52255 0.00836382
-7.52523 0.00855232
-7.52518 0.0083115
-7.52532 0.00808499
-7.52596 0.00789514
-7.5278 0.00790688
-7.52453 0.00837005
-7.52431 0.00816632
-7.52297 0.00808108
-7.52421 0.0079878
-7.52364 0.00782495
-7.52503 0.00777337
-7.52604 0.00767007
-7.52508 0.007567
-7.52518 0.00740843
-7.52458 0.00728121
-7.52429 0.00713966
-7.52321 0.00708109
-7.5235 0.00694956
-7.52464 0.00691197
-7.52466 0.00678278
-7.52523 0.00668275
-7.5255 0.00656777
-7.5238 0.00666961
-7.52449 0.00658949
-7.52373 0.0065217
-7.52636 0.00693139
-7.52579 0.00684085
-7.52493 0.0067836
-7.52375 0.00677953
-7.52489 0.00676986
-7.52609 0.00677282
-7.52579 0.00667615
-7.52499 0.00662516
-7.52519 0.0065303
-7.52545 0.00643987
-7.52463 0.00639928
-7.52476 0.00630992
-7.52557 0.00627373
-7.52623 0.00622236
-7.52511 0.00623969
-7.52386 0.00628201
-7.52503 0.00630893
-7.52478 0.00623137
-7.52546 0.00618804
-7.52577 0.00611705
-7.52509 0.00607849
-7.5244 0.00604238
-7.52458 0.00597115
-7.52444 0.00590055
-7.5259 0.00601106
-7.5256 0.00594766
-7.52529 0.00588612
-7.52495 0.00582831
-7.52471 0.00576644
-7.52479 0.00570182
-7.52658 0.00591519
-7.52602 0.00587679
-7.52538 0.00584761
-7.52467 0.00582807
-7.52425 0.00578064
-7.5249 0.00575563
-7.52476 0.00569708
-7.52535 0.00566887
-7.52573 0.00562368
-7.52524 0.0055881
-7.52495 0.00553966
