1.80164 0
1.80561 0.00396682
1.82016 0.0147215
1.82635 0.012109
1.81296 0.0163483
1.80193 0.0173171
1.80094 0.0146715
1.80087 0.0127047
1.79883 0.0113899
1.79874 0.0101878
1.80083 0.0094467
1.80176 0.00867238
1.80477 0.00853096
1.80765 0.00840616
1.80699 0.00785164
1.80874 0.0075497
1.81229 0.00793081
1.81697 0.00882012
1.82241 0.00996168
1.82633 0.0102325
1.83 0.0104034
1.83222 0.0101633
1.83411 0.00989352
1.83594 0.00964708
1.83687 0.00929873
1.83804 0.00900981
1.8391 0.00873412
1.83734 0.00859811
1.83727 0.00829668
1.83726 0.00801508
1.83802 0.00778958
1.8385 0.00755781
1.83932 0.00737086
1.83996 0.00718027
1.84147 0.00713361
1.84272 0.00704306
1.84422 0.00701288
1.84495 0.00686557
1.84575 0.00673515
1.84705 0.00669361
1.849 0.0068106
1.85138 0.007059
1.85269 0.00701665
1.8548 0.00717392
1.85757 0.00754003
1.85911 0.00753284
1.86104 0.00761904
1.86266 0.00763218
1.8646 0.0077233
1.86675 0.00786743
1.8692 0.00809075
1.87149 0.00825589
1.87497 0.00881771
1.87767 0.00906272
1.88102 0.00950745
1.88408 0.00982382
1.88661 0.00997675
1.889 0.0100896
1.89098 0.0101128
1.89265 0.0100822
1.89426 0.0100462
1.89643 0.0101169
1.8994 0.0103888
1.90215 0.010588
1.90453 0.0106923
1.90788 0.0110512
1.91141 0.0114408
1.9151 0.0118621
1.91897 0.0123113
1.92195 0.0124949
1.92478 0.0126384
1.9272 0.0126937
1.93002 0.0128337
1.93251 0.0129014
1.93468 0.012912
1.93703 0.0129552
1.93982 0.0130878
1.94267 0.013229
1.94514 0.0132911
1.9477 0.0133709
1.95037 0.013473
1.95324 0.0136129
1.95635 0.0138027
1.95927 0.0139473
1.96175 0.0140032
1.9642 0.0140555
1.96687 0.0141467
1.96963 0.0142547
1.97224 0.0143326
1.97508 0.0144542
1.97761 0.0145176
1.97977 0.0145205
1.98224 0.0145741
1.98468 0.0146236
1.98711 0.0146708
1.98972 0.0147501
1.9927 0.0148991
1.99576 0.0150583
1.99863 0.015181
2.0011 0.0152291
