1.46008 0
1.46009 1.47477e-05
1.46011 2.52824e-05
1.46012 1.79482e-05
1.4601 2.19465e-05
1.46009 1.89568e-05
1.4601 1.67494e-05
1.46007 2.97304e-05
1.46006 2.78661e-05
1.46005 2.80217e-05
1.46004 2.67378e-05
1.46004 2.47196e-05
1.46004 2.28706e-05
1.46004 2.14173e-05
1.46004 1.99764e-05
1.46004 1.8871e-05
1.46003 1.86406e-05
1.46003 1.76023e-05
1.46003 1.67138e-05
1.46004 1.63882e-05
1.46004 1.56625e-05
1.46003 1.49516e-05
1.46003 1.44197e-05
1.46003 1.42468e-05
1.46003 1.36659e-05
1.46003 1.34155e-05
1.46003 1.29679e-05
1.46002 1.25849e-05
1.46002 1.21828e-05
1.46002 1.19522e-05
1.46002 1.15607e-05
1.46002 1.13751e-05
1.46002 1.11351e-05
1.46002 1.09162e-05
1.46002 1.06347e-05
1.46002 1.03353e-05
1.46002 1.00545e-05
1.46002 9.87908e-06
1.46002 9.67751e-06
1.46001 1.01675e-05
1.46001 1.047e-05
1.46001 1.02177e-05
1.46001 1.01267e-05
1.46001 1.01003e-05
1.46001 1.0004e-05
1.46 1.06953e-05
1.46 1.06812e-05
1.46 1.11044e-05
1.46 1.10407e-05
1.46 1.08577e-05
1.45999 1.07007e-05
1.45999 1.04958e-05
1.45999 1.03022e-05
1.46 1.0262e-05
1.46 1.01193e-05
1.46 9.93725e-06
1.46 9.89215e-06
1.46 9.78207e-06
1.46 9.61717e-06
1.46 9.4993e-06
1.46 9.42687e-06
1.46 9.30183e-06
1.46 9.15838e-06
1.46 9.09363e-06
1.46 8.95869e-06
1.46 8.82877e-06
1.46 8.69606e-06
1.46 8.58402e-06
1.46 8.65643e-06
1.46 8.53414e-06
1.46 8.57567e-06
1.46 8.51753e-06
1.46 8.61579e-06
1.45999 8.8362e-06
1.45999 9.16691e-06
1.45999 9.15413e-06
1.45999 9.04068e-06
1.45999 8.98262e-06
1.45999 9.07509e-06
1.45999 8.9929e-06
1.45999 8.90103e-06
1.45999 8.85738e-06
1.45999 8.9759e-06
1.45999 9.08492e-06
1.45999 9.05846e-06
1.45998 9.18839e-06
1.45998 9.11141e-06
1.45998 9.04889e-06
1.45998 8.98089e-06
1.45998 8.88103e-06
1.45998 8.78364e-06
1.45998 8.69059e-06
1.45998 8.64067e-06
1.45998 8.59035e-06
1.45998 8.52809e-06
1.45998 8.47842e-06
1.45998 8.52047e-06
1.45998 8.62162e-06
1.45997 8.6753e-06
1.45997 8.70665e-06
