0.803625 0
0.803229 0.000395084
0.819863 0.0166354
0.807548 0.0170305
0.803061 0.0139338
0.797183 0.0128058
0.798369 0.0108877
0.797301 0.00948937
0.804826 0.0112547
0.801619 0.0105649
0.801727 0.00955696
0.798612 0.00926376
0.79853 0.00852182
0.797601 0.00794411
0.79707 0.00741461
0.79844 0.00706964
0.798861 0.0066541
0.799248 0.00628547
0.800462 0.00606808
0.800768 0.00576484
0.797685 0.00629103
0.797432 0.00600357
0.80064 0.00657257
0.802001 0.00643823
0.799427 0.0066902
0.799328 0.00642851
0.798664 0.00622133
0.796964 0.00623134
0.79709 0.00601394
0.798437 0.00596421
0.797742 0.00581037
0.798775 0.00572
0.797408 0.00571018
0.797494 0.00554036
0.799234 0.00565434
0.799182 0.00549528
0.79928 0.00534558
0.799684 0.00521868
0.800901 0.00522671
0.798737 0.00553489
0.798533 0.00540202
0.79762 0.00535033
0.798453 0.00529033
0.798153 0.00517737
0.799073 0.00514389
0.79976 0.00507746
0.799141 0.00500657
0.799219 0.00490177
0.798812 0.00481796
0.798632 0.00472404
0.797997 0.00467381
0.798173 0.00458643
0.798916 0.00455993
0.79895 0.00447482
0.799301 0.00440672
0.799538 0.00433378
0.798425 0.00440013
0.79888 0.00434747
0.798379 0.00430237
0.800096 0.00456513
0.799751 0.00450289
0.799201 0.00446372
0.798389 0.00446661
0.799157 0.00446281
0.79992 0.00445932
0.799723 0.00439562
0.799201 0.00436098
0.799369 0.00429969
0.799536 0.00424019
0.798998 0.00421369
0.799074 0.00415462
0.799609 0.0041312
0.800032 0.00409619
0.799297 0.00410689
0.798443 0.00414069
0.799225 0.00416006
0.799069 0.00410864
0.799504 0.00407886
0.79971 0.00403215
0.799249 0.00400798
0.79877 0.0039871
0.798887 0.00393992
0.798797 0.00389322
0.799756 0.0039644
0.799566 0.00392209
0.799339 0.00388286
0.799114 0.00384457
0.798948 0.00380424
0.798985 0.00376144
0.800165 0.00390193
0.799813 0.00387476
0.799405 0.00385409
0.798943 0.00384033
0.798656 0.00381011
0.799088 0.00379446
0.798979 0.00375631
0.799392 0.00374033
0.799651 0.00371102
0.799346 0.00368604
0.799169 0.00365326
