1.20544 0
1.20484 0.000592626
1.22979 0.0249532
1.21132 0.0255457
1.20459 0.0209008
1.19577 0.0192086
1.19755 0.0163315
1.19595 0.0142341
1.20724 0.016882
1.20243 0.0158474
1.20259 0.0143354
1.19792 0.0138956
1.19779 0.0127827
1.1964 0.0119162
1.19561 0.0111219
1.19766 0.0106045
1.19829 0.00998115
1.19887 0.00942821
1.20069 0.00910211
1.20115 0.00864726
1.19653 0.00943654
1.19615 0.00900535
1.20096 0.00985885
1.203 0.00965735
1.19914 0.0100353
1.19899 0.00964276
1.198 0.009332
1.19545 0.00934701
1.19563 0.00902091
1.19766 0.00894632
1.19661 0.00871556
1.19816 0.00858
1.19611 0.00856527
1.19624 0.00831053
1.19885 0.00848151
1.19877 0.00824291
1.19892 0.00801837
1.19953 0.00782803
1.20135 0.00784006
1.1981 0.00830233
1.1978 0.00810304
1.19643 0.0080255
1.19768 0.0079355
1.19723 0.00776606
1.19861 0.00771583
1.19964 0.0076162
1.19871 0.00750985
1.19883 0.00735266
1.19822 0.00722693
1.19795 0.00708605
1.197 0.00701072
1.19726 0.00687965
1.19837 0.00683989
1.19842 0.00671223
1.19895 0.00661008
1.19931 0.00650067
1.19764 0.0066002
1.19832 0.00652121
1.19757 0.00645356
1.20014 0.0068477
1.19963 0.00675434
1.1988 0.00669557
1.19758 0.00669991
1.19874 0.00669422
1.19988 0.00668897
1.19959 0.00659342
1.1988 0.00654147
1.19905 0.00644953
1.1993 0.00636029
1.1985 0.00632053
1.19861 0.00623194
1.19941 0.00619679
1.20005 0.00614428
1.19895 0.00616033
1.19766 0.00621104
1.19884 0.00624009
1.1986 0.00616297
1.19926 0.00611829
1.19956 0.00604823
1.19887 0.00601197
1.19816 0.00598065
1.19833 0.00590989
1.1982 0.00583983
1.19963 0.00594659
1.19935 0.00588314
1.19901 0.00582428
1.19867 0.00576686
1.19842 0.00570637
1.19848 0.00564216
1.20025 0.00585289
1.19972 0.00581215
1.19911 0.00578114
1.19841 0.00576049
1.19798 0.00571516
1.19863 0.0056917
1.19847 0.00563447
1.19909 0.00561049
1.19948 0.00556652
1.19902 0.00552906
1.19875 0.0054799
