-6.33124 0
-6.33097 0.000276071
-6.32964 0.00133496
-6.3289 0.00120112
-6.32846 0.00102953
-6.32787 0.00102376
-6.3276 0.000905783
-6.32721 0.000877484
-6.32715 0.000775892
-6.32657 0.000908639
-6.32617 0.000911475
-6.32567 0.000971804
-6.32585 0.00091157
-6.32596 0.000850819
-6.32615 0.000814146
-6.32626 0.000770101
-6.32627 0.000723436
-6.32618 0.000688514
-6.32627 0.000658027
-6.32611 0.000643416
-6.32603 0.000617431
-6.32623 0.000621661
-6.3262 0.000595125
-6.32617 0.00057035
-6.32619 0.000547258
-6.32623 0.000527574
-6.32621 0.000507981
-6.32625 0.000491409
-6.32623 0.00047479
-6.32617 0.000462802
-6.32617 0.000447669
-6.32615 0.000434271
-6.32618 0.000422438
-6.32631 0.000427979
-6.32638 0.000421361
-6.32641 0.000410588
-6.3264 0.000399356
-6.32643 0.000389956
-6.32645 0.000380081
-6.32643 0.00037099
-6.32651 0.00037157
-6.32654 0.000363983
-6.32654 0.000355515
-6.32641 0.000367766
-6.32642 0.000359535
-6.32641 0.000351917
-6.32637 0.000346507
-6.32636 0.000339403
-6.32636 0.000332409
-6.32635 0.000325918
-6.32622 0.000343928
-6.32624 0.000338117
-6.32627 0.000332774
-6.32623 0.000328474
-6.32628 0.000325447
-6.32619 0.000331413
-6.32617 0.00032631
-6.32617 0.000320664
-6.32616 0.00031544
-6.32622 0.000315388
-6.32616 0.000315146
-6.32613 0.000311353
-6.32616 0.000307985
-6.32615 0.000303274
-6.32621 0.000304603
-6.32621 0.000299999
-6.32619 0.000296394
-6.32614 0.000295556
-6.32614 0.000291245
-6.32613 0.00028715
-6.32615 0.000283706
-6.32616 0.000279788
-6.32618 0.000277058
-6.32616 0.000274021
-6.32619 0.000271796
-6.32619 0.000268196
-6.32618 0.000265022
-6.3262 0.000262734
-6.3262 0.000259388
-6.32621 0.000256274
-6.32624 0.00025486
-6.32625 0.000251953
-6.32624 0.000249058
-6.32627 0.000247428
-6.32625 0.000245151
-6.32628 0.000244522
-6.32628 0.000241809
-6.32629 0.000239508
-6.32632 0.000237893
-6.32634 0.000236088
-6.3263 0.000236158
-6.32627 0.000235125
-6.32625 0.000233364
-6.32627 0.000231439
-6.32627 0.000229023
-6.32629 0.000227801
-6.32626 0.000227446
-6.32625 0.000225225
-6.32622 0.000225132
-6.32619 0.000224572
