7.6084 0
7.62982 0.0214261
7.53101 0.0995808
7.62539 0.117747
7.64948 0.094334
7.69433 0.0891307
7.68677 0.0757078
7.69675 0.0663205
7.64584 0.0775427
7.67458 0.0750758
7.67521 0.0679115
7.70029 0.0668791
7.70317 0.0615868
7.71197 0.0576939
7.71532 0.0538145
7.70528 0.0513314
7.70255 0.0482945
7.69982 0.0456143
7.69068 0.0441041
7.68824 0.041912
7.71339 0.0471398
7.71583 0.0450118
7.69277 0.0488006
7.68305 0.047723
7.7022 0.049616
7.70289 0.0476745
7.70768 0.046125
7.72116 0.0464459
7.72072 0.0448179
7.71201 0.0441663
7.7166 0.0429641
7.70937 0.0422235
7.71958 0.042177
7.71876 0.0409258
7.70612 0.0417025
7.7058 0.0405288
7.70382 0.0394678
7.70188 0.038464
7.69419 0.0382464
7.70962 0.0403469
7.71051 0.0393606
7.71686 0.0389321
7.71092 0.0384766
7.71364 0.03769
7.70644 0.0375386
7.70055 0.0371832
7.70453 0.0366007
7.70349 0.0358454
7.70622 0.0352128
7.70763 0.0345298
7.71247 0.0341902
7.71061 0.0335773
7.70508 0.0333998
7.70487 0.0327762
7.70165 0.032335
7.7001 0.0317901
7.70879 0.0324135
7.70553 0.0320166
7.70994 0.0317778
7.69764 0.0335797
7.7008 0.0331761
7.70502 0.0329082
7.71043 0.0328303
7.70494 0.0327769
7.69979 0.0326765
7.7017 0.0322338
7.70591 0.0320271
7.70502 0.0315651
7.70329 0.0311524
7.70718 0.0309497
7.70696 0.0305115
7.70317 0.030322
7.70017 0.0300536
7.70595 0.0302016
7.7122 0.0304462
7.70621 0.0306352
7.70792 0.0302832
7.7048 0.0300552
7.70392 0.0296854
7.70769 0.0295539
7.71092 0.0293649
7.71002 0.0290187
7.71071 0.0286753
7.70384 0.0291527
7.70552 0.0288565
7.70738 0.0285793
7.70906 0.0282991
7.71025 0.0280009
7.70968 0.0276905
7.70127 0.0286422
7.70414 0.0284712
7.70732 0.0283387
7.71094 0.0282653
7.71314 0.0280492
7.71016 0.0279123
7.7111 0.0276363
7.70813 0.027511
7.70607 0.0273064
7.70845 0.0271332
7.71011 0.026912
