1.1111 0
1.11895 0.00786572
1.10826 0.0116166
1.10596 0.00852513
1.10573 0.00660986
1.10554 0.00540208
1.10153 0.00607578
1.09983 0.00552889
1.09805 0.00519337
1.09659 0.00486651
1.09987 0.00549072
1.10109 0.00515699
1.10154 0.00476439
1.10323 0.00472437
1.10499 0.00473766
1.10427 0.00449113
1.10577 0.0044785
1.10575 0.00422366
1.10568 0.00399427
1.10643 0.00386426
1.10637 0.00367592
1.10517 0.00370488
1.10575 0.00358661
1.1056 0.00343612
1.1059 0.00331018
1.10609 0.00318545
1.10617 0.00306581
1.10579 0.00297826
1.1069 0.00308126
1.10764 0.00306679
1.10804 0.00299276
1.10793 0.0029
1.10825 0.00282943
1.10927 0.0029266
1.10856 0.00292729
1.10793 0.00291395
1.10738 0.00288814
1.10722 0.00281528
1.10688 0.0027627
1.10637 0.00274214
1.106 0.00269993
1.10614 0.00263886
1.10661 0.00261974
1.10723 0.00263264
1.10681 0.00260931
1.10679 0.00255176
1.10763 0.0026344
1.10662 0.00277039
1.1069 0.0027273
1.10741 0.00272087
1.1075 0.00266773
1.10707 0.00265161
1.10729 0.0026111
1.10686 0.0025972
1.10692 0.00255107
1.10667 0.0025166
1.10687 0.0024799
1.10685 0.00243755
1.10721 0.00242366
1.1072 0.00238235
1.10713 0.00234426
1.10699 0.00231063
1.10725 0.00228814
1.10695 0.00227158
1.10723 0.00225252
1.10729 0.00221948
1.1078 0.00224605
1.10767 0.00221641
1.10805 0.00221673
1.10836 0.0022057
1.10841 0.00217506
1.10855 0.00214839
1.10838 0.00212603
1.10866 0.0021149
1.10887 0.00209634
1.10903 0.00207582
1.10905 0.00204876
1.10909 0.00202282
1.1092 0.00200067
1.10926 0.00197579
1.10947 0.0019634
1.10932 0.00194444
1.1094 0.00192274
1.10965 0.001916
1.10949 0.00190046
1.10958 0.00188069
1.10954 0.00185895
1.10964 0.00184043
1.10961 0.00181955
1.10958 0.00179928
1.10921 0.00181899
1.10932 0.00180244
1.10938 0.00178501
1.1094 0.00176598
1.10923 0.0017562
1.10909 0.00174261
1.10911 0.00172454
1.10939 0.00173025
1.10955 0.00172034
1.10943 0.00170705
