1.37691 0
1.37717 0.000345267
1.3807 0.0035295
1.38349 0.00374526
1.38477 0.00316913
1.38699 0.00340749
1.39045 0.00450394
1.39512 0.00608185
1.39968 0.00703998
1.40368 0.00745862
1.40851 0.00830078
1.41232 0.00848159
1.41566 0.00848659
1.41914 0.00859495
1.42163 0.00837736
1.4236 0.00808053
1.42522 0.00776275
1.42671 0.00746927
1.42868 0.00733326
1.43167 0.00757271
1.43555 0.00818436
1.44013 0.00904561
1.44451 0.00969043
1.44837 0.0100466
1.45251 0.0104886
1.45665 0.0108947
1.46073 0.0112509
1.465 0.0116504
1.46894 0.0119101
1.47295 0.0121855
1.4771 0.0124962
1.48138 0.0128348
1.48561 0.013138
1.48999 0.0134765
1.49396 0.0136752
1.49763 0.0137887
1.50075 0.0137684
1.50352 0.0136844
1.50661 0.0136817
1.50986 0.0137274
1.51322 0.0138016
1.51691 0.0139673
1.52032 0.0140578
1.52399 0.0142157
1.52758 0.014353
1.53094 0.0144357
1.53417 0.014488
1.53719 0.0145021
1.54053 0.0145893
1.54396 0.0147018
1.54741 0.0148171
1.55093 0.0149485
1.55434 0.015057
1.55737 0.0150815
1.56014 0.015062
1.56249 0.0149758
1.56441 0.0148364
1.56652 0.01473
1.56875 0.0146482
1.57105 0.0145839
1.57341 0.0145358
1.57599 0.0145311
1.57868 0.0145499
1.5814 0.0145761
1.58412 0.0146049
1.58669 0.01461
1.58916 0.0146014
1.59188 0.0146388
1.59472 0.0147027
1.59762 0.0147785
1.6004 0.0148329
1.60311 0.0148733
1.60569 0.0148939
1.60815 0.0148952
1.61055 0.0148895
1.61291 0.0148811
1.61509 0.0148476
1.61735 0.014829
1.61962 0.0148157
1.62181 0.0147922
1.624 0.0147713
1.62634 0.014777
1.62889 0.0148186
1.63135 0.014846
1.63385 0.014882
1.63652 0.0149475
1.63903 0.0149871
1.64154 0.015027
1.64417 0.0150874
1.64679 0.0151483
1.64941 0.0152073
1.652 0.0152623
1.65459 0.015319
1.65703 0.0153502
1.65947 0.0153823
1.66187 0.0154085
1.66423 0.0154316
1.66661 0.0154574
1.66907 0.0154973
1.67164 0.0155545
