1.18524 0
1.1767 0.00853445
1.17727 0.00496152
1.18089 0.00503901
1.18287 0.00437414
1.18666 0.00520426
1.19314 0.00783155
1.19608 0.00739019
1.1964 0.00652477
1.19993 0.0068243
1.2039 0.00733479
1.21022 0.00920581
1.21332 0.00902055
1.21672 0.00901669
1.22092 0.00938956
1.22396 0.00929361
1.22633 0.00904639
1.22859 0.00882132
1.23116 0.00873161
1.23456 0.00895525
1.24021 0.0102175
1.24532 0.0110027
1.24881 0.0110792
1.25112 0.0108559
1.25395 0.0107904
1.25711 0.0108361
1.25907 0.0106097
1.26158 0.0105271
1.26396 0.0104321
1.26645 0.0103816
1.26837 0.0102231
1.27065 0.0101584
1.273 0.0101217
1.27425 0.00989844
1.27643 0.0098548
1.27832 0.00976249
1.27916 0.00953139
1.28068 0.00940119
1.28252 0.00934003
1.28357 0.0091653
1.2842 0.00896066
1.28484 0.00876803
1.28591 0.00862839
1.28729 0.00854208
1.28884 0.00849197
1.29007 0.00839629
1.2922 0.00848649
1.29347 0.00840448
1.29421 0.0082642
1.29521 0.00815844
1.29679 0.0081521
1.29881 0.00824356
1.30029 0.00822253
1.30148 0.0081548
1.30266 0.00809177
1.3035 0.00799066
1.3044 0.00790002
1.306 0.00792677
1.30716 0.00787721
1.30865 0.00788612
1.31031 0.00793225
1.31213 0.00801195
1.31357 0.00801441
1.3148 0.00798368
1.31594 0.00794231
1.31681 0.00786934
1.31798 0.00783904
1.31934 0.0078416
1.32081 0.00786528
1.32233 0.00789904
1.32387 0.00793803
1.32512 0.00792686
1.32593 0.0078593
1.32691 0.00781407
1.32791 0.00777302
1.3295 0.00783251
1.33087 0.00785095
1.33197 0.00782804
1.33299 0.00779478
1.33379 0.00773876
1.33501 0.00773814
1.33645 0.00777795
1.33764 0.00777613
1.33901 0.00780293
1.34036 0.00782847
1.34176 0.00786198
1.34332 0.00792594
1.34478 0.00796999
1.34619 0.00800511
1.34787 0.00809375
1.34965 0.00819931
1.35118 0.00825227
1.35277 0.00831692
1.3544 0.00838712
1.35642 0.00854047
1.35849 0.00870074
1.36065 0.00887805
1.36251 0.00898146
1.36431 0.0090707
1.36631 0.00919973
