1.47622 0
1.52599 0.0497785
1.47338 0.0599481
1.46822 0.0427025
1.46655 0.0331196
1.47187 0.0275604
1.45946 0.0263942
1.45694 0.0229962
1.45106 0.0211159
1.44194 0.020972
1.45002 0.0206168
1.45235 0.0189646
1.46325 0.0205722
1.47487 0.0223101
1.50189 0.0340821
1.51437 0.0342334
1.52888 0.0352804
1.51377 0.036535
1.51805 0.0348234
1.51921 0.0330566
1.52167 0.0315397
1.53138 0.0315991
1.53407 0.0303135
1.52365 0.0308363
1.50511 0.0349094
1.50079 0.0338171
1.49443 0.0331553
1.4962 0.031998
1.48847 0.0318263
1.49175 0.0309209
1.49581 0.0301809
1.49166 0.0295147
1.47809 0.0316628
1.48026 0.0307943
1.48379 0.0301089
1.4927 0.0305859
1.49378 0.0297673
1.49548 0.0290235
1.48993 0.0288095
1.48837 0.0281233
1.48071 0.0284793
1.47796 0.0279283
1.47619 0.0273282
1.47782 0.0267493
1.4764 0.0261863
1.47647 0.0256108
1.47797 0.0251044
1.47227 0.0252284
1.46781 0.0251063
1.4665 0.0246343
1.46481 0.024205
1.46694 0.0238295
1.46719 0.0233769
1.469 0.0230116
1.474 0.0231353
1.4693 0.023199
1.47116 0.0228642
1.47393 0.022637
1.47582 0.02233
1.47177 0.0223257
1.46514 0.0229351
1.46308 0.022656
1.46249 0.0223013
1.46357 0.0219765
1.46132 0.021752
1.45867 0.0215841
1.45854 0.0212599
1.46043 0.0210295
1.46199 0.0207814
1.46126 0.0204951
1.46114 0.0202048
1.46368 0.0200834
1.46482 0.0198392
1.46241 0.0197168
1.46589 0.0197601
1.47103 0.0201648
1.47301 0.02
1.47271 0.0197443
1.47184 0.0195122
1.47199 0.0192673
1.47547 0.0193435
1.47553 0.0191063
1.47674 0.0189135
1.47859 0.0187782
1.47757 0.0185844
1.47836 0.0183843
1.47549 0.0183967
1.47509 0.0181909
1.47664 0.0180519
1.47666 0.0178502
1.47686 0.0176541
1.47862 0.0175487
1.47734 0.0174059
1.47493 0.0173871
1.47525 0.017206
1.47525 0.0170258
1.47667 0.0169097
1.47385 0.0169734
1.47452 0.0168147
1.47295 0.0167198
