-5.41965 0
-5.42492 0.00527265
-5.43596 0.0114521
-5.43704 0.00816973
-5.43871 0.00654394
-5.44432 0.00775264
-5.45067 0.0091224
-5.44905 0.00806516
-5.45152 0.0075302
-5.45307 0.00691204
-5.45014 0.00690598
-5.45139 0.00642618
-5.44882 0.00644617
-5.44711 0.00620705
-5.44427 0.00643649
-5.44219 0.00637197
-5.44214 0.00598564
-5.44383 0.00589248
-5.44302 0.00563198
-5.44291 0.0053442
-5.44246 0.00510339
-5.44119 0.0050296
-5.43972 0.00502509
-5.44074 0.00491838
-5.44309 0.0052717
-5.44416 0.00517652
-5.44576 0.00523204
-5.44516 0.00507734
-5.4469 0.0052001
-5.4466 0.00503309
-5.44578 0.00493624
-5.44706 0.00494668
-5.44954 0.0053983
-5.44821 0.0054022
-5.44782 0.00526034
-5.44591 0.00545617
-5.44563 0.00531416
-5.44589 0.0051792
-5.44651 0.00508257
-5.44647 0.0049541
-5.44716 0.00488122
-5.44754 0.00477888
-5.44763 0.00466716
-5.44742 0.00456448
-5.44755 0.00446371
-5.44788 0.00437848
-5.44765 0.00429039
-5.44839 0.00426391
-5.4487 0.00418717
-5.44922 0.0041356
-5.44946 0.00406102
-5.44879 0.00403755
-5.44867 0.00396269
-5.44792 0.00395965
-5.44745 0.00391489
-5.44826 0.00392871
-5.44796 0.00387101
-5.44743 0.00384071
-5.44694 0.00380671
-5.44779 0.00383819
-5.44865 0.00387256
-5.44893 0.00381969
-5.44892 0.00375858
-5.44855 0.00371806
-5.4491 0.00370143
-5.44925 0.00364803
-5.44946 0.00359903
-5.44914 0.0035595
-5.44898 0.00351106
-5.44929 0.00347433
-5.44947 0.00342962
-5.44925 0.00338878
-5.44919 0.00334255
-5.44972 0.00333855
-5.44918 0.00333654
-5.44859 0.00334569
-5.44847 0.00330416
-5.44853 0.00326207
-5.44865 0.00322277
-5.44821 0.00321212
-5.44777 0.00320314
-5.44752 0.00317345
-5.44715 0.00315643
-5.44672 0.003149
-5.44695 0.00312059
-5.44673 0.00309232
-5.44717 0.00308921
-5.44729 0.00305608
-5.44712 0.00302616
-5.44702 0.0029942
-5.44702 0.00296111
-5.44693 0.00293012
-5.44701 0.00289945
-5.44755 0.00291981
-5.44746 0.00289044
-5.4473 0.00286467
-5.44708 0.00284369
-5.44749 0.00284447
-5.44716 0.00283469
-5.44759 0.00283927
