1.08073 0
1.0846 0.00387128
1.09162 0.00736955
1.09257 0.00529645
1.09399 0.00434278
1.09765 0.00509708
1.10185 0.00601014
1.1008 0.00530878
1.10228 0.00491126
1.10337 0.00452573
1.10126 0.00460851
1.10222 0.00431582
1.10069 0.00425598
1.09961 0.00408535
1.09792 0.00416203
1.09668 0.00408452
1.0966 0.0038376
1.09774 0.00379357
1.0972 0.00362902
1.09714 0.00344323
1.09682 0.00329096
1.09594 0.00325871
1.09498 0.00325804
1.09566 0.00319271
1.09713 0.00339391
1.09783 0.00333488
1.09887 0.00337603
1.09849 0.0032754
1.09964 0.00336107
1.09945 0.00325263
1.09895 0.00318534
1.09976 0.0031885
1.10137 0.00348513
1.10048 0.0034966
1.10026 0.00340203
1.09902 0.0035319
1.09882 0.00344074
1.099 0.00335379
1.09938 0.00328813
1.0993 0.00320588
1.09976 0.00316018
1.1 0.00309335
1.10007 0.00302145
1.09993 0.00295522
1.10004 0.00289077
1.10025 0.00283531
1.10013 0.00277697
1.10061 0.00276023
1.10075 0.00270703
1.10105 0.00266966
1.1012 0.00262104
1.10074 0.00261113
1.10066 0.00256287
1.10018 0.00255992
1.09987 0.00253242
1.10041 0.00254588
1.10023 0.00250732
1.09988 0.00248827
1.09957 0.00246567
1.10012 0.00248622
1.10067 0.00250689
1.10086 0.00247292
1.10084 0.0024334
1.1006 0.00240755
1.10095 0.00239693
1.10102 0.00236115
1.10116 0.00233001
1.10097 0.00230354
1.10088 0.00227159
1.10109 0.00224887
1.10121 0.00222032
1.10107 0.00219368
1.10105 0.00216358
1.10139 0.00216115
1.10104 0.00216027
1.10065 0.0021668
1.10059 0.00213926
1.10062 0.00211188
1.10071 0.00208669
1.1004 0.00208345
1.10011 0.00207814
1.09994 0.00205905
1.0997 0.00204827
1.09942 0.00204338
1.09958 0.00202529
1.09945 0.00200574
1.09974 0.00200378
1.09981 0.00198223
1.09972 0.00196214
1.09964 0.00194164
1.09965 0.00192019
1.09959 0.00190003
1.09964 0.00188018
1.09999 0.00189238
1.09994 0.00187312
1.09983 0.00185643
1.09969 0.00184289
1.09994 0.00184211
1.09971 0.00183898
1.09996 0.00183881
