-3.79856 0
-3.79802 0.000534273
-3.79853 0.000592974
-3.79819 0.000539532
-3.79772 0.000628942
-3.79784 0.000528526
-3.7979 0.000450792
-3.79785 0.000394313
-3.7981 0.000426661
-3.79802 0.000389906
-3.79826 0.000427682
-3.79806 0.000438164
-3.79779 0.000485322
-3.7977 0.000457756
-3.7974 0.000520804
-3.79717 0.000540067
-3.79724 0.00051217
-3.79722 0.000483115
-3.79723 0.000457005
-3.7972 0.000434756
-3.79723 0.000414712
-3.79727 0.000398118
-3.79724 0.000381581
-3.79724 0.000365336
-3.7974 0.000384439
-3.79742 0.000369923
-3.79745 0.000357038
-3.79742 0.000345312
-3.79745 0.000334336
-3.79743 0.000323733
-3.79736 0.0003206
-3.79742 0.000316517
-3.79748 0.000313423
-3.7975 0.000304294
-3.79742 0.000303958
-3.79738 0.00029854
-3.79739 0.000290631
-3.79739 0.000282918
-3.79745 0.000281411
-3.79752 0.00028426
-3.79753 0.000277287
-3.79755 0.000271494
-3.79752 0.000266519
-3.79752 0.000260397
-3.79749 0.000256654
-3.7975 0.000251451
-3.79746 0.000250418
-3.79748 0.000245799
-3.79757 0.000258126
-3.79764 0.000261461
-3.79765 0.000257037
-3.79768 0.000253252
-3.79768 0.000248447
-3.79765 0.000245661
-3.79766 0.000241181
-3.79765 0.000236977
-3.79762 0.000234944
-3.79761 0.00023103
-3.79759 0.000228008
-3.79761 0.000225363
-3.79765 0.000224431
-3.79765 0.000220799
-3.79766 0.000217621
-3.79766 0.000214251
-3.79767 0.000211416
-3.79773 0.000215868
-3.79772 0.000212792
-3.79769 0.000211049
-3.79767 0.000209626
-3.79766 0.000206759
-3.79765 0.000203911
-3.79764 0.00020136
-3.79762 0.000199512
-3.79764 0.000197276
-3.79763 0.000194969
-3.79761 0.000192765
-3.79758 0.000193179
-3.79759 0.000191167
-3.79759 0.000188839
-3.79761 0.000188268
-3.79761 0.000186045
-3.7976 0.000183791
-3.7976 0.000181677
-3.79758 0.000179931
-3.79758 0.000177802
-3.79755 0.000178668
-3.79756 0.000176979
-3.79757 0.000175037
-3.79754 0.000174765
-3.79755 0.000172925
-3.79755 0.000171015
-3.79754 0.00016923
-3.79754 0.0001674
-3.79757 0.000167197
-3.79755 0.000166023
-3.79755 0.000164335
-3.79754 0.000162715
-3.79757 0.000162971
-3.7976 0.000164033
-3.79764 0.000168192
