1.80645 0
1.80784 0.00138107
1.80623 0.00182698
1.80503 0.00176052
1.80785 0.00314553
1.80781 0.0025745
1.80238 0.00584919
1.80167 0.00511448
1.80317 0.00475605
1.80164 0.00451935
1.79784 0.00557582
1.79858 0.00514436
1.80047 0.00509196
1.80185 0.00490717
1.80275 0.00465608
1.80258 0.00436004
1.80351 0.00419858
1.80543 0.0044025
1.8062 0.0042349
1.80561 0.00406061
1.80709 0.00413456
1.80934 0.0045419
1.81105 0.00466372
1.81174 0.00452011
1.81356 0.00470248
1.81436 0.00458777
1.81601 0.00471271
1.81717 0.00468626
1.81902 0.00488717
1.82016 0.0048558
1.82128 0.0048288
1.82292 0.00495396
1.82456 0.00507584
1.82623 0.00519885
1.82701 0.00510811
1.82747 0.00498635
1.8277 0.00485629
1.82727 0.00474698
1.82701 0.00463089
1.82635 0.00456243
1.82582 0.00448116
1.82515 0.0044242
1.82334 0.00468282
1.82222 0.00471176
1.82103 0.0047569
1.81974 0.00482606
1.8183 0.00493875
1.81612 0.00530361
1.81451 0.00543773
1.81296 0.00555107
1.81176 0.00557026
1.81014 0.00569839
1.80841 0.00585037
1.80707 0.00589573
1.80579 0.00592718
1.80477 0.0059091
1.80376 0.00589198
1.80302 0.00583684
1.80248 0.00576282
1.80192 0.00569251
1.80163 0.00560674
1.8016 0.00551507
1.80141 0.00542984
1.80118 0.00534956
1.80109 0.0052678
1.80138 0.00519474
1.80147 0.00511831
1.8012 0.00504976
1.80106 0.00497775
1.80094 0.00490787
1.80157 0.00487897
1.80213 0.00484345
1.80191 0.0047807
1.80204 0.00471713
1.80188 0.00465652
1.80173 0.00459676
1.80173 0.00453679
1.80159 0.00448036
1.80128 0.00443435
1.80087 0.00439659
1.80044 0.00436322
1.80021 0.00431579
1.80005 0.00426663
1.7998 0.00422354
1.7995 0.00418377
1.79932 0.00413914
1.7992 0.00409237
1.79898 0.00405157
1.79904 0.00400691
1.79883 0.00396749
1.79864 0.00392823
1.7984 0.00389315
1.79817 0.00385718
1.79825 0.00381629
1.79826 0.00377617
1.79819 0.00373749
1.79831 0.00369989
1.79838 0.00366337
1.79849 0.0036279
1.79874 0.00359951
