1.2043 0
1.20523 0.000913491
1.20416 0.0012207
1.20335 0.00119604
1.20523 0.00210018
1.20521 0.00170549
1.20159 0.00390116
1.20112 0.00340549
1.20211 0.00316207
1.20109 0.00300777
1.19856 0.00371704
1.19905 0.00343221
1.20032 0.00340049
1.20123 0.00327549
1.20183 0.00310877
1.20172 0.00290927
1.20234 0.00280363
1.20362 0.00293686
1.20414 0.00282379
1.20374 0.00270707
1.20473 0.00275674
1.20623 0.00302971
1.20737 0.00311089
1.20783 0.00301255
1.20904 0.00313367
1.20958 0.00305634
1.21067 0.0031397
1.21145 0.00312229
1.21268 0.0032579
1.21344 0.00323699
1.21419 0.0032192
1.21528 0.00330296
1.21638 0.00338511
1.21749 0.00346624
1.21801 0.00340512
1.21831 0.00332298
1.21847 0.00323633
1.21818 0.00316239
1.218 0.00308562
1.21756 0.00303978
1.21721 0.00298511
1.21677 0.0029475
1.21556 0.00312016
1.21481 0.0031398
1.21402 0.00316998
1.21316 0.00321714
1.2122 0.00329088
1.21075 0.00353542
1.20968 0.00362462
1.20864 0.00370028
1.20784 0.00371383
1.20676 0.00379855
1.20561 0.00389979
1.20471 0.00393036
1.20386 0.00395148
1.20318 0.00393913
1.20251 0.00392717
1.20201 0.00389069
1.20165 0.00384099
1.20128 0.00379448
1.20109 0.00373596
1.20107 0.00367556
1.20094 0.00361933
1.20078 0.00356564
1.20073 0.00351072
1.20092 0.00346248
1.20098 0.00341083
1.2008 0.00336498
1.20071 0.00331777
1.20063 0.00327127
1.20105 0.00325227
1.20142 0.00322799
1.20127 0.00318684
1.20136 0.00314397
1.20125 0.00310403
1.20115 0.00306388
1.20116 0.00302426
1.20106 0.00298673
1.20085 0.00295591
1.20058 0.00293123
1.20029 0.00290876
1.20014 0.00287722
1.20003 0.00284433
1.19986 0.00281544
1.19967 0.00278974
1.19954 0.00275909
1.19947 0.00272856
1.19932 0.00270119
1.19936 0.00267088
1.19922 0.00264497
1.19909 0.00261862
1.19893 0.00259512
1.19878 0.00257168
1.19883 0.00254399
1.19884 0.00251736
1.19879 0.00249127
1.19887 0.00246671
1.19892 0.00244241
1.19899 0.00241838
1.19916 0.00240012
