-0.479455 0
-0.477633 0.00182127
-0.459869 0.017795
-0.451188 0.0152875
-0.452554 0.0119202
-0.453473 0.00977605
-0.453679 0.00826486
-0.4551 0.00729727
-0.456749 0.00664344
-0.458515 0.00619879
-0.458497 0.00560704
-0.458436 0.00511887
-0.457196 0.00486935
-0.456861 0.00452052
-0.458636 0.00456714
-0.458616 0.00427222
-0.458345 0.00402217
-0.460442 0.0043335
-0.462296 0.00449888
-0.463231 0.00436925
-0.462381 0.00424205
-0.463561 0.00421329
-0.466505 0.00498732
-0.468365 0.00512458
-0.469309 0.00500502
-0.470751 0.00502026
-0.471817 0.00494705
-0.473609 0.00509269
-0.475472 0.00525532
-0.47696 0.00529056
-0.477841 0.00519236
-0.478741 0.0051075
-0.479074 0.0049615
-0.478698 0.00482805
-0.478883 0.00469171
-0.479555 0.00460878
-0.480011 0.0045056
-0.479459 0.00441996
-0.478706 0.00437053
-0.478181 0.00429205
-0.477446 0.00425015
-0.476718 0.00421111
-0.476319 0.00413129
-0.476253 0.00403685
-0.47631 0.00394653
-0.475925 0.00387887
-0.475207 0.00386282
-0.475542 0.00379631
-0.475039 0.00375193
-0.475285 0.0036843
-0.475746 0.00364065
-0.47542 0.00358474
-0.475198 0.0035235
-0.47459 0.00351055
-0.474106 0.00347997
-0.473473 0.00347554
-0.472826 0.00347474
-0.471637 0.00361517
-0.471035 0.00360405
-0.470485 0.00358598
-0.46998 0.00356267
-0.469537 0.00353258
-0.469192 0.00349319
-0.469095 0.00343953
-0.468258 0.00348804
-0.467844 0.00345962
-0.467945 0.00340907
-0.467946 0.00335857
-0.467875 0.00331031
-0.468066 0.00326829
-0.468116 0.00322231
-0.468093 0.00317732
-0.468132 0.00313373
-0.468013 0.00309338
-0.468928 0.00318609
-0.469317 0.00316782
-0.469809 0.00316487
-0.470236 0.00315306
-0.470405 0.00311747
-0.470596 0.00308419
-0.47103 0.00307664
-0.47135 0.00305575
-0.47156 0.003026
-0.471622 0.0029904
-0.471735 0.00295716
-0.471847 0.0029247
-0.471765 0.00289205
-0.471556 0.00286657
-0.471412 0.00283784
-0.471411 0.00280613
-0.471462 0.0027756
-0.471473 0.00274529
-0.471743 0.00272898
-0.472013 0.00271326
-0.472483 0.00272543
-0.472707 0.00270616
-0.47272 0.00267815
-0.472815 0.00265238
-0.472813 0.00262545
-0.472957 0.00260302
