1.80396 0
1.80238 0.00158126
1.78467 0.0177395
1.77592 0.01529
1.77719 0.0119107
1.77812 0.00976933
1.77831 0.00825891
1.77972 0.00728893
1.78133 0.00662858
1.78311 0.00619002
1.7831 0.0055991
1.78303 0.00511165
1.78181 0.00485847
1.78144 0.00451321
1.78321 0.00455941
1.78321 0.00426494
1.78291 0.0040174
1.785 0.00432301
1.78685 0.00449098
1.7878 0.00436391
1.78696 0.00423508
1.7881 0.00419496
1.79104 0.00497269
1.79291 0.00511708
1.79385 0.00499661
1.7953 0.00501344
1.79636 0.0049399
1.79814 0.00508389
1.80001 0.00524779
1.8015 0.00528482
1.80238 0.00518742
1.80328 0.00510269
1.80362 0.00495695
1.80325 0.00482287
1.80342 0.00468613
1.80409 0.00460322
1.80455 0.00450069
1.80401 0.00441386
1.80325 0.00436548
1.80273 0.00428703
1.802 0.0042448
1.80127 0.00420621
1.80087 0.00412694
1.8008 0.00403263
1.80085 0.0039424
1.80048 0.00387386
1.79975 0.00385995
1.80008 0.00379297
1.79959 0.00374731
1.79982 0.00367888
1.80028 0.00363584
1.79996 0.00357956
1.79974 0.0035186
1.79913 0.00350524
1.79865 0.00347491
1.79802 0.00347081
1.79737 0.00346904
1.79618 0.00361102
1.79558 0.00360018
1.79503 0.00358232
1.79452 0.0035591
1.79408 0.00352919
1.79373 0.00349003
1.79364 0.00343644
1.79281 0.00348314
1.79238 0.00345618
1.79248 0.00340563
1.79248 0.00335518
1.79241 0.00330706
1.7926 0.00326519
1.79265 0.00321923
1.79263 0.00317427
1.79267 0.00313078
1.79254 0.00309085
1.79346 0.00318342
1.79385 0.00316589
1.79434 0.00316257
1.79477 0.00315106
1.79494 0.00311581
1.79513 0.00308228
1.79556 0.00307476
1.79589 0.00305419
1.7961 0.00302448
1.79616 0.00298894
1.79627 0.00295567
1.79639 0.00292331
1.79631 0.00289065
1.7961 0.00286505
1.79595 0.00283645
1.79595 0.00280476
1.79601 0.00277425
1.79601 0.00274394
1.79629 0.00272787
1.79655 0.00271186
1.79702 0.00272416
1.79725 0.00270525
1.79727 0.00267726
1.79736 0.00265147
1.79736 0.00262455
1.7975 0.00260212
