1.20264 0
1.20159 0.00105417
1.18978 0.0118263
1.18395 0.0101933
1.18479 0.00794046
1.18541 0.00651289
1.18554 0.00550594
1.18648 0.00485928
1.18756 0.00441905
1.18874 0.00412668
1.18873 0.00373273
1.18869 0.00340776
1.18787 0.00323898
1.18763 0.00300881
1.18881 0.00303961
1.18881 0.00284329
1.18861 0.00267827
1.19 0.002882
1.19124 0.00299399
1.19187 0.00290927
1.19131 0.00282339
1.19206 0.00279664
1.19403 0.00331512
1.19528 0.00341138
1.1959 0.00333108
1.19686 0.00334229
1.19757 0.00329327
1.19876 0.00338926
1.20001 0.00349853
1.201 0.00352321
1.20159 0.00345828
1.20219 0.00340179
1.20241 0.00330463
1.20217 0.00321525
1.20228 0.00312409
1.20273 0.00306882
1.20304 0.00300046
1.20268 0.00294258
1.20217 0.00291032
1.20182 0.00285802
1.20133 0.00282987
1.20085 0.00280414
1.20058 0.00275129
1.20053 0.00268842
1.20057 0.00262826
1.20032 0.00258257
1.19983 0.0025733
1.20005 0.00252864
1.19973 0.0024982
1.19988 0.00245259
1.20019 0.0024239
1.19998 0.00238637
1.19983 0.00234574
1.19942 0.00233683
1.1991 0.00231661
1.19868 0.00231387
1.19825 0.00231269
1.19746 0.00240734
1.19705 0.00240012
1.19669 0.00238822
1.19635 0.00237273
1.19605 0.00235279
1.19582 0.00232668
1.19576 0.00229096
1.1952 0.00232209
1.19492 0.00230412
1.19499 0.00227042
1.19499 0.00223679
1.19494 0.00220471
1.19507 0.0021768
1.1951 0.00214616
1.19509 0.00211618
1.19511 0.00208719
1.19503 0.00206057
1.19564 0.00212228
1.1959 0.0021106
1.19623 0.00210838
1.19651 0.0021007
1.19663 0.00207721
1.19675 0.00205485
1.19704 0.00204984
1.19726 0.00203612
1.1974 0.00201632
1.19744 0.00199263
1.19752 0.00197045
1.19759 0.00194887
1.19754 0.0019271
1.1974 0.00191003
1.1973 0.00189097
1.1973 0.00186984
1.19734 0.0018495
1.19734 0.0018293
1.19752 0.00181858
1.1977 0.00180791
1.19802 0.00181611
1.19817 0.0018035
1.19818 0.00178484
1.19824 0.00176765
1.19824 0.0017497
1.19833 0.00173474
