0.0339231 0
0.0348554 0.000932351
0.0401576 0.00532946
0.0429247 0.00467526
0.0430004 0.00362223
0.043174 0.00296262
0.0437018 0.0025589
0.0440329 0.00224068
0.0442589 0.00198897
0.0444018 0.00178472
0.0448596 0.00167799
0.0451651 0.00156196
0.0455645 0.00149126
0.045549 0.00138073
0.0449742 0.00140806
0.0449753 0.00131712
0.0452023 0.00125787
0.0449549 0.00121147
0.0448796 0.0011484
0.0452091 0.00113819
0.0460608 0.00137755
0.0463635 0.00134785
0.0461343 0.00130814
0.0462177 0.00125522
0.0465786 0.0012569
0.0467893 0.00122583
0.0469888 0.00119632
0.0468958 0.00115655
0.0467075 0.00113173
0.046631 0.00109602
0.0467455 0.00106623
0.0468683 0.00103966
0.0471006 0.00103408
0.047409 0.00104955
0.0474219 0.00101921
0.0471696 0.00102212
0.0469494 0.00101822
0.0470299 0.000994329
0.0471941 0.000982313
0.0472923 0.000962467
0.047404 0.000945323
0.0474239 0.000922755
0.0472478 0.000918094
0.0469356 0.000949762
0.046659 0.000968747
0.046652 0.000947479
0.0468677 0.000951858
0.04692 0.000933286
0.0472058 0.000957688
0.0473005 0.0009431
0.0473002 0.000924423
0.0474683 0.00092194
0.0475639 0.000909409
0.0476535 0.000896894
0.0476238 0.000880934
0.0475483 0.000868351
0.0474566 0.0008579
0.0474801 0.000843307
0.0473434 0.000840082
0.0471904 0.00084002
0.0470604 0.000836299
0.0469694 0.000827716
0.0469205 0.000815938
0.0469051 0.000803237
0.0471537 0.000828961
0.0473317 0.000835477
0.0473506 0.00082313
0.0473571 0.000810961
0.0473511 0.000799144
0.0472833 0.000790562
0.0472978 0.000779483
0.047413 0.000777163
0.0475851 0.00078553
0.0477904 0.000801569
0.0477215 0.000793806
0.0477747 0.000785099
0.0478438 0.00077791
0.0479592 0.000776492
0.0481494 0.000789852
0.0482975 0.000793843
0.0483075 0.000784046
0.0482664 0.000775513
0.0481978 0.000769182
0.048133 0.000762725
0.0480454 0.000758768
0.0479687 0.000753808
0.0479683 0.000745093
0.0480181 0.000738261
0.0480414 0.000730291
0.0480154 0.000722599
0.047983 0.000715351
0.047982 0.000707533
0.0479504 0.000700599
0.0479357 0.000693261
0.0479008 0.000686809
0.0479661 0.000682744
0.0481052 0.00068984
0.0482021 0.000689605
0.0482561 0.000684736
0.0482092 0.000679472
