1.32451 0
1.32475 0.000240013
1.3248 0.000146641
1.32474 0.000120334
1.32463 0.000139232
1.32464 0.000114159
1.32463 9.71344e-05
1.32462 8.5813e-05
1.32458 8.19461e-05
1.3246 7.45922e-05
1.3246 6.75027e-05
1.3246 6.16495e-05
1.32462 5.93635e-05
1.32458 6.51447e-05
1.32458 6.0762e-05
1.3246 6.0757e-05
1.32457 6.39637e-05
1.32456 6.18153e-05
1.32456 5.85364e-05
1.32457 5.62906e-05
1.32458 5.44589e-05
1.32453 6.76389e-05
1.32453 6.46369e-05
1.32455 6.37194e-05
1.32454 6.15262e-05
1.32454 5.91968e-05
1.32454 5.70643e-05
1.32453 5.53941e-05
1.32454 5.34621e-05
1.32454 5.18367e-05
1.32454 5.02308e-05
1.32454 4.86387e-05
1.32454 4.71614e-05
1.32455 4.68242e-05
1.32454 4.77965e-05
1.32454 4.6469e-05
1.32454 4.54264e-05
1.32455 4.5553e-05
1.32455 4.46105e-05
1.32455 4.34961e-05
1.32455 4.2528e-05
1.32455 4.15247e-05
1.32455 4.07685e-05
1.32455 3.99002e-05
1.32454 3.9006e-05
1.32455 3.94682e-05
1.32454 3.99911e-05
1.32454 3.965e-05
1.32455 4.01768e-05
1.32453 4.17505e-05
1.32454 4.10811e-05
1.32454 4.06395e-05
1.32454 3.99598e-05
1.32454 3.93514e-05
1.32454 3.8635e-05
1.32454 3.79486e-05
1.32455 3.77759e-05
1.32455 3.72781e-05
1.32454 3.66526e-05
1.32454 3.60434e-05
1.32454 3.54477e-05
1.32454 3.48796e-05
1.32454 3.43576e-05
1.32454 3.38229e-05
1.32455 3.42773e-05
1.32454 3.55314e-05
1.32454 3.50462e-05
1.32454 3.4619e-05
1.32453 3.43406e-05
1.32454 3.38926e-05
1.32453 3.34607e-05
1.32454 3.30232e-05
1.32454 3.27984e-05
1.32453 3.36854e-05
1.32453 3.32472e-05
1.32453 3.32813e-05
1.32453 3.29572e-05
1.32453 3.25805e-05
1.32454 3.26564e-05
1.32454 3.25521e-05
1.32454 3.21477e-05
1.32454 3.18634e-05
1.32454 3.14784e-05
1.32454 3.11611e-05
1.32454 3.08174e-05
1.32454 3.0518e-05
1.32454 3.01805e-05
1.32454 2.98995e-05
1.32454 2.96591e-05
1.32454 2.93591e-05
1.32454 2.90356e-05
1.32454 2.8812e-05
1.32454 2.85771e-05
1.32454 2.84289e-05
1.32454 2.81324e-05
1.32454 2.81518e-05
1.32455 2.78814e-05
1.32454 2.76096e-05
1.32455 2.73366e-05
1.32454 2.70636e-05
