-8.38631 0
-8.09581 0.290497
-8.05637 0.172296
-8.05019 0.121983
-8.06142 0.0951435
-8.05997 0.0776941
-8.06567 0.0659065
-8.06325 0.057134
-8.06088 0.0504515
-8.06201 0.0451431
-8.05796 0.0410342
-8.05667 0.0374767
-8.06182 0.0348657
-8.06095 0.0322846
-8.06099 0.0300589
-8.05872 0.0282135
-8.05859 0.0265025
-8.05842 0.0249853
-8.05957 0.0236714
-8.05922 0.0224486
-8.0576 0.0214132
-8.06184 0.0208624
-8.06202 0.0199441
-8.0594 0.0192662
-8.0583 0.0184946
-8.05882 0.0177895
-8.0595 0.01713
-8.06118 0.0165899
-8.06027 0.0160296
-8.05939 0.0155152
-8.05893 0.0150192
-8.05953 0.0145483
-8.05938 0.0140926
-8.05955 0.0136761
-8.06117 0.0133732
-8.0611 0.0129976
-8.05927 0.0127744
-8.05791 0.0124855
-8.05938 0.0122629
-8.05937 0.0119665
-8.05883 0.011678
-8.05974 0.0114375
-8.05897 0.0111874
-8.05867 0.0109193
-8.05935 0.0107058
-8.05829 0.01053
-8.05852 0.0102867
-8.05902 0.0100805
-8.05948 0.00988694
-8.05869 0.00972969
-8.05914 0.00955236
-8.05865 0.00937085
-8.05863 0.00918496
-8.05983 0.0090979
-8.05947 0.00892663
-8.05932 0.00878215
-8.05909 0.00863266
-8.05903 0.00848592
-8.05807 0.00838896
-8.05832 0.00826297
-8.05921 0.00817829
-8.0591 0.00802572
-8.05906 0.00790644
-8.05828 0.00782025
-8.05895 0.00772812
-8.05909 0.00760697
-8.05904 0.00749534
-8.05893 0.00738542
-8.05864 0.00728486
-8.05906 0.00718586
-8.05927 0.00709606
-8.05891 0.007
-8.05887 0.00691301
-8.05886 0.00679665
-8.05925 0.00672762
-8.05908 0.00663679
-8.05917 0.00653948
-8.05931 0.00645096
-8.05919 0.00638654
-8.0589 0.00630017
-8.05883 0.00623013
-8.05965 0.00621433
-8.05938 0.00613855
-8.05924 0.00606368
-8.05878 0.00601994
-8.05911 0.00596188
-8.05931 0.0058971
-8.05924 0.00583312
-8.05954 0.00576991
-8.0592 0.00571495
-8.05919 0.00563819
-8.059 0.00558465
-8.05945 0.00553177
-8.05945 0.00548702
-8.05902 0.00542793
-8.05929 0.00537693
-8.0588 0.00535628
-8.05924 0.00531381
-8.05921 0.0052645
-8.05938 0.00522311
