2.80833 0
4.19148 1.38314
4.36436 0.817058
4.39459 0.578538
4.33484 0.452099
4.34095 0.369188
4.30909 0.313643
4.32226 0.271942
4.33176 0.240019
4.32223 0.214892
4.34058 0.19524
4.34573 0.178304
4.32065 0.16592
4.32598 0.153706
4.32498 0.143096
4.33556 0.13427
4.33553 0.126126
4.33719 0.118924
4.33124 0.112648
4.33138 0.106867
4.33915 0.101948
4.31743 0.0996012
4.31581 0.0951858
4.32732 0.0918565
4.33298 0.088288
4.33023 0.0848686
4.32637 0.0817562
4.31796 0.0792307
4.32216 0.0765648
4.32526 0.0740342
4.32587 0.071609
4.32232 0.0694253
4.32203 0.0672899
4.32124 0.0652849
4.31301 0.0639239
4.31309 0.0621226
4.32183 0.0610488
4.3279 0.0597308
4.32087 0.0586019
4.32045 0.0571195
4.32318 0.0557753
4.31807 0.0546701
4.32162 0.0535025
4.32305 0.0522918
4.31924 0.0512575
4.32405 0.0503618
4.32249 0.0493035
4.32004 0.0483273
4.31754 0.0473972
4.3212 0.0465843
4.31866 0.0457315
4.32097 0.0449027
4.32139 0.0440491
4.31573 0.0435944
4.31762 0.0428366
4.31808 0.0420667
4.31893 0.0413308
4.31874 0.0406131
4.32309 0.0401551
4.3217 0.0395036
4.31741 0.0390869
4.31779 0.0384522
4.31782 0.0378376
4.32162 0.0374335
4.31828 0.0370036
4.31767 0.0364439
4.31798 0.0358973
4.31842 0.0353682
4.3199 0.0348827
4.3176 0.034457
4.31633 0.0339922
4.31792 0.033554
4.31803 0.0330908
4.318 0.03264
4.31599 0.0322645
4.31701 0.0318537
4.31653 0.031441
4.31584 0.0310424
4.31622 0.0306491
4.3174 0.0302864
4.31774 0.0299122
4.31361 0.0298325
4.31488 0.0294971
4.31535 0.0291482
4.31751 0.0288847
4.31559 0.028611
4.31458 0.028298
4.31483 0.0279759
4.31327 0.0277032
4.31491 0.0274431
4.31487 0.0271407
4.31578 0.0268588
4.31369 0.0266503
4.31392 0.0263662
4.31613 0.0261811
4.31471 0.0259456
4.31751 0.0258297
4.31561 0.0256349
4.31579 0.0253749
4.31503 0.0251317
