0.61089 0
0.42792 0.18297
0.405075 0.10808
0.401336 0.0765152
0.409263 0.0597962
0.408454 0.0488301
0.41234 0.0414515
0.410999 0.035923
0.409669 0.0317091
0.410566 0.0283756
0.408299 0.0257666
0.407588 0.0235323
0.410836 0.0218889
0.410191 0.0202755
0.41016 0.0188755
0.40866 0.01772
0.408581 0.0166453
0.4084 0.0156944
0.408991 0.0148571
0.408734 0.014097
0.407612 0.0134558
0.410402 0.0131294
0.41054 0.0125464
0.408862 0.0121289
0.408112 0.0116578
0.40841 0.0112044
0.408775 0.0107876
0.409868 0.0104526
0.409311 0.010101
0.408791 0.00977238
0.408506 0.00945613
0.408897 0.00916427
0.408866 0.00888229
0.408978 0.0086178
0.410032 0.00843411
0.410008 0.00819652
0.408818 0.00806029
0.407978 0.00789016
0.408896 0.00773973
0.408971 0.00754416
0.408645 0.00736505
0.409293 0.00721674
0.408827 0.00706229
0.40859 0.00690393
0.409085 0.0067669
0.408428 0.00665071
0.408609 0.00651016
0.408908 0.00638016
0.409205 0.00625561
0.408708 0.00614933
0.408977 0.00603356
0.408664 0.00592458
0.408623 0.00581191
0.40942 0.0057587
0.409154 0.00565924
0.409065 0.00555801
0.408949 0.00546088
0.408976 0.00536588
0.40837 0.00530886
0.408521 0.00522182
0.409087 0.00516657
0.409001 0.00508331
0.408987 0.00500195
0.408471 0.00495007
0.408889 0.00489122
0.408984 0.00481744
0.408947 0.00474516
0.408888 0.00467521
0.408673 0.00461198
0.408963 0.00455486
0.409112 0.00449271
0.408879 0.00443603
0.408853 0.00437492
0.408826 0.00431546
0.409056 0.00426373
0.408901 0.00421011
0.408949 0.00415537
0.409055 0.00410312
0.408981 0.00405156
0.408808 0.00400435
0.408726 0.00395546
0.409243 0.00394095
0.409087 0.00389628
0.408991 0.00385082
0.408693 0.00381692
0.408921 0.0037791
0.409073 0.00373851
0.409039 0.00369596
0.409242 0.00365984
0.409015 0.00362609
0.409016 0.00358607
0.408882 0.00354937
0.409178 0.00352339
0.409195 0.00348576
0.408893 0.003462
0.40908 0.00343084
0.408754 0.00341092
0.409024 0.00338679
0.40901 0.00335248
0.409121 0.00332063
