-7.46997 0
-7.45393 0.0158673
-7.44876 0.0106082
-7.44819 0.0074799
-7.44752 0.00569429
-7.44729 0.00478416
-7.44716 0.00406575
-7.44675 0.00354034
-7.44638 0.00316442
-7.44616 0.00268431
-7.44551 0.00254656
-7.44529 0.00212327
-7.44557 0.00186997
-7.44566 0.0018765
-7.44575 0.00173126
-7.44573 0.00159472
-7.44572 0.00161945
-7.44582 0.00133983
-7.44609 0.00121799
-7.44612 0.00141695
-7.44619 0.00123526
-7.44624 0.00127862
-7.44621 0.00117778
-7.44611 0.00122176
-7.44614 0.00112764
-7.44621 0.00110485
-7.44634 0.00114912
-7.44638 0.00106315
-7.4463 0.00104399
-7.4462 0.00108806
-7.44617 0.00106977
-7.44618 0.000992188
-7.44608 0.0010358
-7.44608 0.00101999
-7.44612 0.00100487
-7.44608 0.000990415
-7.44604 0.00107963
-7.44594 0.00106494
-7.44603 0.00100193
-7.44591 0.000989003
-7.44586 0.000976562
-7.4458 0.00096458
-7.44573 0.000953027
-7.44578 0.000987853
-7.44572 0.000976562
-7.44565 0.000920712
-7.4456 0.000955097
-7.44565 0.000900909
-7.44567 0.000891476
-7.44562 0.000882332
-7.44567 0.000873464
-7.44565 0.000907071
-7.44569 0.000938251
-7.4457 0.000889792
-7.44573 0.000881515
-7.44572 0.000873464
-7.44567 0.000825346
-7.44557 0.000858003
-7.44551 0.000850575
-7.44554 0.000804089
-7.44558 0.00079736
-7.4456 0.000750216
-7.44558 0.000744141
-7.44557 0.000738212
-7.44562 0.00077204
-7.44561 0.000766079
-7.44562 0.000721239
-7.4456 0.000715837
-7.44563 0.000710554
-7.44562 0.000705386
-7.4456 0.000660277
-7.44559 0.00069538
-7.44559 0.000651042
-7.44562 0.000559944
-7.44567 0.000556147
-7.44573 0.000552427
-7.44575 0.000500966
-7.44572 0.000497702
-7.44572 0.000494502
-7.44568 0.000439487
-7.44574 0.000378221
-7.44579 0.000306904
-7.44575 0.000305027
-7.44575 0.000303184
-7.44574 0.000213103
-7.44573 -nan
-7.4457 0.000210611
-7.44568 0.000296132
-7.44568 -nan
-7.44568 0.000207031
-7.44567 0.000205877
-7.44568 0.000289551
-7.44569 0.000287973
-7.44566 0.00028642
-7.44568 0.000284893
-7.44567 0.000283389
-7.44567 0.000281909
-7.4457 0.00019831
-7.44569 0.000341726
-7.4457 0.000339995
