0.916335 0
0.641881 0.274454
0.607612 0.16212
0.602004 0.114773
0.613894 0.0896943
0.612681 0.0732452
0.61851 0.0621772
0.616499 0.0538846
0.614503 0.0475637
0.615848 0.0425635
0.612448 0.03865
0.611382 0.0352985
0.616254 0.0328335
0.615286 0.0304134
0.615239 0.0283134
0.61299 0.0265801
0.612871 0.0249679
0.6126 0.0235416
0.613486 0.0222857
0.6131 0.0211456
0.611419 0.0201837
0.615603 0.0196941
0.615811 0.0188195
0.613292 0.0181934
0.612169 0.0174867
0.612616 0.0168066
0.613162 0.0161814
0.614802 0.0156789
0.613967 0.0151517
0.613186 0.0146587
0.612759 0.0141844
0.613346 0.0137465
0.613299 0.0133235
0.613467 0.0129268
0.615048 0.0126513
0.615012 0.0122949
0.613226 0.0120906
0.611967 0.0118353
0.613343 0.0116097
0.613456 0.0113163
0.612968 0.0110475
0.61394 0.010825
0.61324 0.0105935
0.612885 0.0103559
0.613627 0.0101504
0.612642 0.00997606
0.612913 0.00976526
0.613363 0.00957027
0.613807 0.00938341
0.613062 0.00922396
0.613465 0.00905034
0.612997 0.00888695
0.612934 0.00871786
0.61413 0.00863806
0.613731 0.0084889
0.613597 0.00833696
0.613423 0.00819123
0.613464 0.00804885
0.612555 0.00796324
0.612781 0.00783261
0.61363 0.00774978
0.613501 0.00762489
0.61348 0.00750288
0.612707 0.00742502
0.613334 0.00733683
0.613477 0.00722616
0.613421 0.00711777
0.613332 0.00701294
0.61301 0.00691805
0.613444 0.00683234
0.613668 0.00673912
0.613318 0.00665407
0.613279 0.00656241
0.613238 0.00647334
0.613584 0.00639576
0.613351 0.0063153
0.613423 0.0062332
0.613583 0.00615482
0.613472 0.00607745
0.613212 0.00600664
0.613089 0.00593326
0.613865 0.00591154
0.613631 0.00584462
0.613487 0.00577636
0.61304 0.00572548
0.613381 0.00566883
0.61361 0.00560789
0.613558 0.00554408
0.613863 0.00548983
0.613522 0.00543912
0.613524 0.00537901
0.613323 0.00532406
0.613767 0.00528506
0.613792 0.00522861
0.61334 0.005193
0.61362 0.00514628
0.61313 0.0051165
0.613536 0.0050803
0.613514 0.00502874
0.613682 0.00498102
