1.6513 0
1.6553 0.00400467
1.65136 0.00456513
1.64637 0.00594333
1.65789 0.0124055
1.65919 0.0102119
1.65734 0.00882819
1.65405 0.00832121
1.65635 0.00768946
1.65556 0.00692291
1.6522 0.00710252
1.65022 0.00678104
1.64957 0.00627087
1.6475 0.00616429
1.65005 0.00627724
1.65058 0.0058963
1.6508 0.00554286
1.6505 0.00523441
1.64988 0.00498996
1.65028 0.00475104
1.64829 0.00493808
1.649 0.00476047
1.64898 0.00454883
1.64669 0.00491872
1.64682 0.00471964
1.64737 0.00456783
1.64857 0.0045571
1.64878 0.00439602
1.64921 0.00426372
1.64746 0.00447593
1.64825 0.0044008
1.64778 0.00428691
1.64831 0.00418892
1.64854 0.00407049
1.64993 0.00418725
1.65024 0.00408096
1.65014 0.00397031
1.65008 0.00386488
1.6491 0.00389073
1.64864 0.00381944
1.64778 0.00382294
1.64849 0.00379841
1.6485 0.00370903
1.64864 0.00362652
1.6485 0.00354801
1.64778 0.00354218
1.64771 0.00346689
1.6484 0.00346433
1.64876 0.0034121
1.64899 0.00335102
1.64883 0.00328858
1.64888 0.00322508
1.64818 0.00324031
1.64789 0.00319315
1.64743 0.00316783
1.64672 0.00319127
1.6472 0.00317118
1.64748 0.00312869
1.64767 0.00308122
1.64771 0.00302974
1.64758 0.00298277
1.64821 0.00300241
1.64792 0.00296839
1.64769 0.00293132
1.6477 0.00288589
1.64698 0.00293068
1.64703 0.00288711
1.64705 0.00284437
1.64738 0.00282234
1.64799 0.0028473
1.64806 0.00280777
1.64812 0.00276931
1.64804 0.0027325
1.64844 0.00272563
1.64856 0.00269167
1.64868 0.00265858
1.64926 0.00268885
1.64924 0.00265429
1.64927 0.00262066
1.64918 0.00258917
1.64947 0.00257306
1.65001 0.00259947
1.64968 0.00258982
1.64971 0.00255903
1.64892 0.0026512
1.64844 0.00266356
1.64801 0.00266675
1.64809 0.00263744
1.64856 0.00264987
1.64876 0.0026278
1.64872 0.00259906
1.649 0.00258568
1.64852 0.00260316
1.64883 0.00259423
1.64898 0.00257136
1.64909 0.00254687
1.64913 0.00252069
1.64871 0.0025297
1.64884 0.00250742
1.64857 0.00249681
