-5.45434 0
-5.45819 0.00384425
-5.45473 0.0041114
-5.4493 0.00615527
-5.461 0.0126378
-5.46215 0.0103819
-5.45997 0.00904011
-5.45652 0.0085562
-5.45877 0.00787541
-5.45773 0.00712115
-5.45409 0.00740058
-5.45195 0.00708401
-5.45129 0.00654959
-5.44916 0.00642834
-5.45185 0.00656076
-5.45233 0.00615602
-5.45245 0.00578381
-5.45222 0.00545819
-5.45154 0.00520737
-5.452 0.00496168
-5.44993 0.00515341
-5.45056 0.00495431
-5.45043 0.00473594
-5.44815 0.00507592
-5.44831 0.00487128
-5.44887 0.00471404
-5.45019 0.00472535
-5.45038 0.0045573
-5.45078 0.00441578
-5.44901 0.00461843
-5.44975 0.00452672
-5.4493 0.00440561
-5.44983 0.00430251
-5.45004 0.00417931
-5.4515 0.0043126
-5.45181 0.0042026
-5.45176 0.00408776
-5.4517 0.00397916
-5.45074 0.00399313
-5.45032 0.00391486
-5.44947 0.0039118
-5.45023 0.00389361
-5.4502 0.0038021
-5.4504 0.00372015
-5.45022 0.00364097
-5.44949 0.00363601
-5.4494 0.00355892
-5.45015 0.00356357
-5.45052 0.00350968
-5.45078 0.00344827
-5.45062 0.00338347
-5.45066 0.00331804
-5.44997 0.0033275
-5.44963 0.00328343
-5.44915 0.0032589
-5.44841 0.00328422
-5.44891 0.00326522
-5.44926 0.00322693
-5.44947 0.0031789
-5.44953 0.00312606
-5.44938 0.00307817
-5.45006 0.00310283
-5.44978 0.00306569
-5.44957 0.00302477
-5.44955 0.00297792
-5.4488 0.00302683
-5.4489 0.00298307
-5.44891 0.00293889
-5.44926 0.00291602
-5.44986 0.00293727
-5.44994 0.00289672
-5.44998 0.00285645
-5.4499 0.00281823
-5.4503 0.00280829
-5.45041 0.00277277
-5.45054 0.00273957
-5.45115 0.00277076
-5.45109 0.00273558
-5.4511 0.00270074
-5.45098 0.0026698
-5.45124 0.00264991
-5.45178 0.00267338
-5.45143 0.00266463
-5.45147 0.00263298
-5.45067 0.00272096
-5.45018 0.00273382
-5.44974 0.00273684
-5.44981 0.00270637
-5.45027 0.00271566
-5.45049 0.00269369
-5.45044 0.00266429
-5.45072 0.00264947
-5.45025 0.00266252
-5.45057 0.0026534
-5.45072 0.0026295
-5.45084 0.00260474
-5.45087 0.00257798
-5.45044 0.00258698
-5.45054 0.00256244
-5.45026 0.00255185
