1.10086 0
1.10353 0.00266978
1.10091 0.00304342
1.09758 0.00396222
1.10526 0.00827035
1.10613 0.00680796
1.10489 0.00588546
1.1027 0.00554747
1.10423 0.00512631
1.1037 0.00461528
1.10147 0.00473501
1.10015 0.00452069
1.09972 0.00418058
1.09833 0.00410953
1.10003 0.00418483
1.10039 0.00393086
1.10053 0.00369524
1.10033 0.0034896
1.09992 0.00332664
1.10019 0.00316736
1.09886 0.00329205
1.09933 0.00317365
1.09932 0.00303255
1.09779 0.00327915
1.09788 0.00314643
1.09825 0.00304522
1.09905 0.00303807
1.09918 0.00293068
1.09947 0.00284248
1.09831 0.00298395
1.09883 0.00293387
1.09852 0.00285794
1.09887 0.00279261
1.09903 0.00271366
1.09995 0.0027915
1.10016 0.00272064
1.10009 0.00264687
1.10005 0.00257658
1.0994 0.00259382
1.09909 0.00254629
1.09852 0.00254863
1.099 0.00253227
1.099 0.00247269
1.09909 0.00241768
1.099 0.00236534
1.09852 0.00236145
1.09847 0.00231126
1.09893 0.00230956
1.09918 0.00227474
1.09933 0.00223402
1.09922 0.00219239
1.09925 0.00215006
1.09879 0.00216021
1.09859 0.00212877
1.09829 0.00211189
1.09781 0.00212751
1.09813 0.00211412
1.09832 0.0020858
1.09845 0.00205414
1.09848 0.00201983
1.09838 0.00198851
1.09881 0.0020016
1.09862 0.00197893
1.09846 0.00195421
1.09846 0.00192393
1.09799 0.00195378
1.09802 0.00192474
1.09803 0.00189625
1.09825 0.00188156
1.09866 0.0018982
1.0987 0.00187184
1.09875 0.0018462
1.09869 0.00182167
1.09896 0.00181709
1.09904 0.00179445
1.09912 0.00177239
1.09951 0.00179256
1.09949 0.00176953
1.09951 0.00174711
1.09945 0.00172611
1.09964 0.00171537
1.10001 0.00173298
1.09978 0.00172655
1.09981 0.00170602
1.09928 0.00176747
1.09896 0.00177571
1.09867 0.00177783
1.09873 0.00175829
1.09904 0.00176658
1.09917 0.00175187
1.09915 0.00173271
1.09933 0.00172378
1.09901 0.00173544
1.09922 0.00172949
1.09932 0.00171424
1.0994 0.00169791
1.09942 0.00168046
1.09914 0.00168646
1.09923 0.00167161
1.09905 0.00166454
