-3.80305 0
-3.80289 0.000160415
-3.80336 0.000484398
-3.80293 0.000553793
-3.80311 0.000466844
-3.80296 0.000411167
-3.80264 0.000471623
-3.80247 0.000441316
-3.80243 0.000391447
-3.80217 0.000433297
-3.80188 0.00048895
-3.80174 0.000469399
-3.80172 0.000432029
-3.80166 0.000404812
-3.8018 0.000403748
-3.80175 0.000381449
-3.80165 0.000371258
-3.80171 0.000355435
-3.80166 0.000341259
-3.80171 0.000328986
-3.80163 0.000322822
-3.80157 0.00031546
-3.80145 0.000322834
-3.80145 0.000309125
-3.80149 0.000298065
-3.8015 0.000286676
-3.80162 0.000301115
-3.8016 0.000290594
-3.80157 0.000281939
-3.80156 0.000272988
-3.8015 0.000270305
-3.80152 0.000262832
-3.80152 0.000254782
-3.80149 0.00024821
-3.80157 0.000253037
-3.80157 0.000245917
-3.80162 0.000243465
-3.80162 0.000236979
-3.80164 0.000231884
-3.80168 0.000228408
-3.80169 0.000222935
-3.80174 0.000223819
-3.8017 0.000221442
-3.80176 0.000224486
-3.80173 0.00022201
-3.8017 0.000218425
-3.80169 0.00021398
-3.80175 0.000216278
-3.80176 0.000212002
-3.80178 0.000209395
-3.80179 0.000205369
-3.80178 0.000201454
-3.80179 0.000197824
-3.80174 0.000201035
-3.80172 0.00019871
-3.80169 0.000196834
-3.80172 0.000194951
-3.80178 0.000201897
-3.8018 0.000199504
-3.80182 0.000196922
-3.8018 0.000194357
-3.80184 0.0001955
-3.80186 0.000192722
-3.80188 0.00019162
-3.80185 0.000190829
-3.80182 0.000190924
-3.80187 0.000194102
-3.80187 0.000191234
-3.80188 0.000188714
-3.80187 0.000186004
-3.80189 0.000183707
-3.80186 0.000183541
-3.80186 0.000181092
-3.80185 0.000178765
-3.80185 0.000176597
-3.80187 0.000175694
-3.80189 0.000174322
-3.80186 0.000174366
-3.80184 0.000173639
-3.8018 0.000176013
-3.80177 0.000175224
-3.80177 0.000173083
-3.80175 0.000171984
-3.80176 0.000169945
-3.80176 0.000167934
-3.80174 0.000166523
-3.80173 0.00016488
-3.80172 0.000163471
-3.80171 0.0001618
-3.80173 0.000160547
-3.80172 0.000158841
-3.80172 0.000157143
-3.80173 0.000156157
-3.80174 0.000154654
-3.80173 0.000153103
-3.80174 0.000151755
-3.80175 0.000150198
-3.80174 0.000148883
-3.8017 0.000151842
-3.80169 0.000150542
