1.29584 0
1.29773 0.0018868
1.3507 0.0529805
1.38302 0.0494755
1.32476 0.0697289
1.32906 0.0570953
1.35175 0.0533228
1.36491 0.0480164
1.37488 0.0435056
1.39411 0.0434036
1.42355 0.0490711
1.43569 0.0464111
1.44307 0.0433265
1.45688 0.042422
1.45023 0.0400494
1.46011 0.0387459
1.45864 0.0364255
1.45789 0.0343504
1.46431 0.0331203
1.45695 0.0322706
1.46288 0.0312635
1.46009 0.029939
1.46236 0.0286974
1.4714 0.0289259
1.46834 0.027914
1.46523 0.0269984
1.45597 0.0275793
1.45751 0.0266206
1.45565 0.0257534
1.4612 0.0254905
1.45863 0.0247879
1.46956 0.0263745
1.46605 0.0258033
1.46889 0.025193
1.46598 0.0246351
1.46537 0.0239487
1.4676 0.0233997
1.4628 0.0232766
1.46771 0.0231964
1.46466 0.0228135
1.46786 0.0224787
1.46604 0.0220119
1.46483 0.0215282
1.46516 0.0210359
1.46699 0.0206445
1.47095 0.020574
1.47117 0.0201328
1.46714 0.0201165
1.46412 0.0199323
1.4636 0.0195366
1.46243 0.0191855
1.46275 0.0188155
1.46796 0.0191791
1.46876 0.0188375
1.47308 0.0189909
1.47612 0.0188946
1.47367 0.0187214
1.47233 0.0184441
1.47149 0.0181484
1.47105 0.0178488
1.47186 0.0175725
1.46698 0.0179635
1.46744 0.017682
1.46817 0.0174191
1.46805 0.0171494
1.4713 0.017197
1.46978 0.0170064
1.46778 0.0168736
1.46526 0.0168168
1.46211 0.0168722
1.4611 0.0166633
1.46175 0.0164431
1.46137 0.0162207
1.46039 0.0160303
1.46156 0.0158583
1.4601 0.0157157
1.45748 0.0157313
1.45922 0.0156262
1.46056 0.0154851
1.46127 0.0153067
1.45998 0.0151715
1.45855 0.0150536
1.46037 0.0149821
1.45869 0.0148972
1.46097 0.0148958
1.46357 0.014949
1.46584 0.0149501
1.46514 0.0147961
1.46339 0.0147331
1.46219 0.0146174
1.4626 0.0144616
1.46137 0.0143569
1.46398 0.0144411
1.46344 0.0142971
1.46275 0.0141628
1.46196 0.0140363
1.46228 0.0138945
1.46646 0.0143745
1.46661 0.0142294
1.46846 0.0142063
