-0.4017 0
-0.387214 0.0144863
-0.388046 0.00840425
-0.373428 0.0157805
-0.361617 0.0169972
-0.360001 0.0139718
-0.358991 0.0118515
-0.361511 0.0105685
-0.366299 0.0104782
-0.364285 0.00958604
-0.36806 0.00945726
-0.368649 0.00865338
-0.367764 0.00800895
-0.367907 0.00741629
-0.366948 0.00697039
-0.364794 0.00686682
-0.362216 0.00694649
-0.359003 0.00729496
-0.360254 0.00701276
-0.363928 0.00759969
-0.365219 0.00734327
-0.36577 0.00702327
-0.367103 0.00684203
-0.367696 0.00657738
-0.368193 0.00632841
-0.368707 0.00610186
-0.369627 0.005943
-0.370044 0.00574192
-0.370939 0.00561225
-0.371326 0.00543571
-0.373031 0.00552679
-0.374243 0.00548699
-0.375567 0.00548048
-0.376748 0.0054464
-0.378948 0.00572794
-0.380291 0.00572613
-0.379782 0.00559248
-0.380479 0.00548774
-0.380047 0.00536258
-0.379233 0.00528985
-0.379503 0.00516629
-0.38041 0.00512266
-0.380653 0.00500804
-0.381328 0.0049393
-0.38195 0.00486816
-0.384136 0.00523911
-0.384899 0.00518288
-0.384619 0.00508152
-0.384262 0.00498948
-0.383099 0.00502517
-0.382302 0.00498962
-0.381862 0.00491249
-0.379766 0.005255
-0.37846 0.00531968
-0.377871 0.00525512
-0.377491 0.0051744
-0.377551 0.00508314
-0.37759 0.0049949
-0.378182 0.00494508
-0.378035 0.00486421
-0.377738 0.00479298
-0.377759 0.00471506
-0.377642 0.00464111
-0.377866 0.00457351
-0.378568 0.00455699
-0.379596 0.00460372
-0.38037 0.00460006
-0.380254 0.00453341
-0.380353 0.00446831
-0.381353 0.0045161
-0.382085 0.00451179
-0.382651 0.00448461
-0.382938 0.00443202
-0.383567 0.00441679
-0.383639 0.00435814
-0.383923 0.00430973
-0.384356 0.00427542
-0.384244 0.00422172
-0.383997 0.00417522
-0.384341 0.00413701
-0.384095 0.004093
-0.383257 0.00412868
-0.382572 0.00413583
-0.381537 0.00421527
-0.380832 0.00422465
-0.380441 0.00419346
-0.37991 0.00417889
-0.379292 0.00417707
-0.378578 0.00419113
-0.377553 0.00426927
-0.377035 0.00425368
-0.376585 0.00423118
-0.376172 0.00420579
-0.375551 0.00420695
-0.374988 0.00420028
-0.374583 0.00417603
-0.374241 0.00414684
-0.373387 0.00419221
-0.372416 0.00426168
-0.371364 0.0043482
