1.78987 0
1.77413 0.0157314
1.77769 0.00975952
1.77007 0.0102771
1.76702 0.00852747
1.77198 0.00855538
1.77707 0.0088409
1.78485 0.0109152
1.79782 0.0161539
1.80503 0.0161453
1.81693 0.0188422
1.82459 0.0188272
1.83015 0.0181897
1.83636 0.0179488
1.84101 0.017346
1.84405 0.016507
1.84634 0.015675
1.8481 0.0148821
1.85407 0.015293
1.86302 0.0170435
1.8698 0.0175727
1.87526 0.017623
1.88159 0.0179919
1.88668 0.0179617
1.89186 0.0179873
1.89708 0.0180543
1.90247 0.0181903
1.90724 0.0181654
1.91208 0.0181855
1.91616 0.0180361
1.92204 0.018407
1.92735 0.0185975
1.93297 0.0188829
1.9379 0.0189707
1.94356 0.0192705
1.94838 0.0193379
1.95125 0.0190244
1.95458 0.0188149
1.95644 0.0184203
1.95816 0.0180361
1.96127 0.0178635
1.9653 0.0178918
1.96873 0.0178055
1.97241 0.0177801
1.97582 0.0177108
1.98048 0.0179382
1.98414 0.0179289
1.98691 0.0177687
1.98946 0.0175886
1.99126 0.0173266
1.99346 0.0171262
1.99589 0.0169684
1.99653 0.0166575
1.99789 0.0164022
1.99984 0.0162187
2.00208 0.0160846
2.00471 0.0160168
2.00734 0.0159553
2.0108 0.0160596
2.01369 0.0160529
2.01642 0.0160218
2.01947 0.0160536
2.0228 0.0161421
2.02624 0.0162572
2.03018 0.0164827
2.03445 0.016785
2.0386 0.0170443
2.04183 0.0171004
2.04511 0.0171668
2.04895 0.0173498
2.05261 0.0174919
2.05621 0.0176186
2.05947 0.0176788
2.06304 0.0178002
2.0661 0.0178244
2.06925 0.0178692
2.07266 0.0179616
2.07573 0.0179937
2.07885 0.0180375
2.08254 0.0181877
2.08573 0.0182435
2.0884 0.0182166
2.09114 0.0182019
2.09351 0.0181401
2.09626 0.0181357
2.0995 0.0182126
2.10259 0.0182666
2.10551 0.0182923
2.1083 0.0182999
2.11068 0.0182504
2.11347 0.0182636
2.11603 0.0182447
2.11856 0.0182234
2.12098 0.0181898
2.12329 0.018146
2.12571 0.0181179
2.1282 0.0181016
2.13022 0.0180297
2.13214 0.0179498
2.13394 0.0178603
