0.0518253 0
0.0489623 0.00286301
0.0498279 0.00186588
0.0496658 0.00132933
0.050219 0.00116887
0.0506158 0.00103357
0.0502366 0.000952259
0.0503303 0.000830028
0.0506666 0.000805543
0.0509357 0.000769136
0.0512915 0.000781408
0.0515336 0.000753265
0.051773 0.000733084
0.0519044 0.000691312
0.0519078 0.000643588
0.052115 0.000636665
0.0524188 0.000670812
0.052442 0.000632848
0.0527064 0.00065443
0.0529998 0.000686654
0.0533037 0.000720386
0.0533779 0.000690879
0.0535505 0.000682339
0.0534796 0.00065713
0.0535889 0.000639718
0.0535171 0.000618792
0.0537086 0.000625482
0.0538035 0.00061014
0.0538605 0.000591484
0.054271 0.000703578
0.054463 0.00070706
0.0546224 0.000702931
0.0549264 0.000746054
0.0549724 0.000725239
0.0550637 0.000710105
0.0551259 0.0006929
0.0551169 0.000673978
0.0552256 0.000664935
0.0551529 0.000651729
0.0551909 0.000636359
0.0553533 0.000641536
0.0554454 0.000632817
0.0554932 0.00061977
0.0556208 0.000618823
0.0557633 0.000621473
0.0558708 0.000617251
0.0559683 0.000611797
0.0559744 0.000598947
0.0561255 0.000605757
0.0562074 0.000599139
0.056244 0.000588408
0.0564329 0.000607119
0.0564141 0.000595841
0.0564759 0.000587967
0.0566143 0.000593544
0.0566806 0.00058661
0.0568269 0.000594499
0.0568653 0.000585418
0.0570283 0.000598064
0.0571059 0.000593113
0.0572231 0.000594972
0.0573343 0.000595766
0.0574259 0.000593339
0.0574533 0.000584642
0.0576082 0.000596067
0.0577668 0.000607997
0.0578403 0.000603352
0.0579849 0.000611731
0.0581488 0.000624715
0.0582615 0.000625939
0.0583834 0.000628985
0.0585255 0.000636258
0.0585531 0.000628087
0.0586793 0.000632276
0.0587789 0.000631684
0.0589251 0.000640239
0.0590559 0.000645259
0.0592279 0.000659763
0.0593109 0.000656628
0.0594844 0.000671158
0.0595974 0.000672392
0.0596913 0.000670749
0.0597927 0.000670333
0.059891 0.000669552
0.0599534 0.000664569
0.0601088 0.000674929
0.0601887 0.000671893
0.0603994 0.000696849
0.0604961 0.000695731
0.0605836 0.000693492
0.0607403 0.000703491
0.0608198 0.000700328
0.0608771 0.000695133
0.0609679 0.000693658
0.0610533 0.000691606
0.0611121 0.000686888
0.0612377 0.000691273
0.0613585 0.000694753
0.0614997 0.000702063
0.0615851 0.00070022
