1.19325 0
1.18276 0.0104952
1.18513 0.00650533
1.18005 0.00685335
1.17801 0.00568905
1.18132 0.00570475
1.18471 0.00589656
1.1899 0.00727874
1.19855 0.0107678
1.20335 0.0107644
1.21129 0.0125603
1.21639 0.0125502
1.2201 0.0121266
1.22424 0.0119661
1.22734 0.0115648
1.22937 0.0110053
1.2309 0.0104504
1.23206 0.00992234
1.23605 0.0101956
1.24201 0.0113627
1.24653 0.011716
1.25017 0.0117485
1.2544 0.0119946
1.25779 0.0119749
1.26124 0.0119921
1.26472 0.0120369
1.26831 0.0121273
1.27149 0.0121108
1.27472 0.0121243
1.27744 0.012025
1.28136 0.0122718
1.2849 0.0123988
1.28865 0.0125891
1.29194 0.0126476
1.29571 0.0128474
1.29892 0.0128921
1.30083 0.0126834
1.30305 0.0125434
1.3043 0.0122806
1.30544 0.0120246
1.30752 0.0119095
1.3102 0.0119284
1.31249 0.0118705
1.31494 0.0118535
1.31721 0.0118075
1.32032 0.0119592
1.32276 0.0119534
1.3246 0.0118463
1.3263 0.0117264
1.3275 0.0115518
1.32897 0.0114182
1.33059 0.0113127
1.33102 0.0111056
1.33192 0.0109355
1.33322 0.0108132
1.33472 0.0107239
1.33648 0.0106787
1.33822 0.0106378
1.34053 0.010707
1.34246 0.0107025
1.34428 0.0106822
1.34631 0.0107033
1.34853 0.0107623
1.35083 0.0108389
1.35345 0.0109891
1.3563 0.0111906
1.35907 0.0113632
1.36122 0.0114006
1.36341 0.0114449
1.36597 0.0115669
1.36841 0.0116617
1.37081 0.0117463
1.37298 0.0117864
1.37536 0.0118673
1.3774 0.0118832
1.3795 0.011913
1.38177 0.0119749
1.38382 0.0119961
1.3859 0.0120252
1.38836 0.0121253
1.39049 0.0121624
1.39227 0.0121446
1.39409 0.012135
1.39567 0.0120936
1.39751 0.0120907
1.39966 0.0121421
1.40173 0.0121782
1.40367 0.0121951
1.40554 0.0122001
1.40712 0.0121672
1.40898 0.0121758
1.41069 0.0121635
1.41237 0.012149
1.41398 0.0121266
1.41553 0.0120975
1.41714 0.0120788
1.4188 0.0120677
1.42015 0.0120197
1.42143 0.0119664
1.42263 0.0119068
