1.38817 0
1.38692 0.00119604
1.38964 0.00280496
1.39664 0.00728069
1.4054 0.010414
1.41198 0.0107522
1.41808 0.0109437
1.42334 0.0108385
1.43152 0.0125821
1.44074 0.0145505
1.44887 0.0154686
1.45594 0.0157899
1.46239 0.0158929
1.46845 0.0159152
1.47407 0.0158436
1.47925 0.0157021
1.48413 0.0155332
1.48909 0.0154644
1.49382 0.015372
1.49909 0.0155057
1.50458 0.0157379
1.50949 0.015788
1.51449 0.0158939
1.51899 0.0158676
1.52366 0.0159213
1.52837 0.0160055
1.53284 0.0160374
1.53719 0.0160537
1.54115 0.0159867
1.54484 0.0158794
1.54901 0.0159143
1.55311 0.0159451
1.55741 0.0160419
1.56116 0.0160082
1.56462 0.0159242
1.56809 0.0158615
1.57146 0.0157909
1.5741 0.0155942
1.5764 0.0153614
1.57893 0.0151857
1.58177 0.0150803
1.58489 0.0150435
1.58808 0.0150325
1.59108 0.0149904
1.59387 0.0149157
1.59634 0.0147965
1.59924 0.0147646
1.60229 0.0147722
1.6052 0.0147572
1.60816 0.0147596
1.61116 0.0147753
1.61403 0.0147697
1.61677 0.0147451
1.61943 0.0147116
1.62197 0.0146629
1.62459 0.0146367
1.62716 0.0146049
1.62975 0.014582
1.63261 0.0146167
1.63566 0.0146896
1.63868 0.0147611
1.64171 0.0148334
1.64515 0.014996
1.64837 0.0151071
1.65161 0.0152207
1.65486 0.0153363
1.65823 0.0154771
1.66158 0.0156117
1.66476 0.0157089
1.6676 0.0157409
1.67053 0.0157925
1.67356 0.0158641
1.67654 0.0159254
1.67948 0.0159818
1.68246 0.0160463
1.68533 0.0160919
1.6883 0.0161578
1.69148 0.0162635
1.69486 0.0164067
1.6982 0.016541
1.70164 0.0166936
1.70515 0.0168581
1.70856 0.017001
1.71197 0.0171399
1.71543 0.0172864
1.71905 0.0174644
1.72268 0.0176398
1.72622 0.017793
1.72973 0.0179378
1.73313 0.0180604
1.73644 0.0181651
1.73945 0.0182174
1.74239 0.0182582
1.74543 0.0183169
1.7483 0.0183503
1.75113 0.0183765
1.75395 0.0184042
1.75683 0.0184413
1.75972 0.0184816
1.76258 0.0185169
