0.0548606 0
0.0528335 0.00202707
0.0521982 0.00133168
0.051638 0.00109566
0.0503377 0.00155278
0.0494387 0.00155419
0.0492616 0.00132542
0.0489288 0.00119512
0.0481478 0.00131183
0.0476687 0.00126739
0.0476415 0.00114672
0.0477781 0.00105568
0.0479902 0.000993995
0.0486453 0.00112961
0.0493089 0.00124347
0.049552 0.00118828
0.0493698 0.00113097
0.0493414 0.00106667
0.0497798 0.00110009
0.050293 0.001163
0.0504591 0.00111862
0.0504599 0.00106657
0.0503784 0.00102239
0.0503513 0.000979243
0.0501258 0.000965929
0.0497845 0.000988806
0.0494273 0.00101632
0.0491359 0.00102178
0.0490218 0.000992499
0.0493202 0.00100419
0.0495218 0.000991966
0.049939 0.00104715
0.0505249 0.00117191
0.0507459 0.00115821
0.0507316 0.00112472
0.0507994 0.00109514
0.0508052 0.00106514
0.0507278 0.00103962
0.0506731 0.00101409
0.0504892 0.00100538
0.0502087 0.00101988
0.050108 0.00100038
0.0500743 0.000977423
0.0502758 0.000975977
0.0505293 0.00098716
0.0508527 0.00101819
0.0508878 0.000996911
0.0507934 0.000980477
0.0506187 0.000976011
0.0505244 0.000960934
0.0503683 0.000954747
0.0502903 0.000939453
0.050241 0.000922872
0.0502624 0.000905872
0.0502237 0.00089009
0.0501509 0.000877083
0.05017 0.00086177
0.0501828 0.00084688
0.0502199 0.000833226
0.0501403 0.000823079
0.0499708 0.000827022
0.0498792 0.000818714
0.0500806 0.000830402
0.0501546 0.000820665
0.050179 0.000808311
0.0502077 0.000796484
0.0504304 0.000815525
0.0505638 0.000814433
0.0508133 0.000840435
0.0511285 0.000886274
0.051281 0.000886916
0.0512982 0.000874681
0.051172 0.000871812
0.051025 0.00087242
0.0508677 0.000874965
0.0507038 0.000878787
0.0507362 0.000867904
0.0507162 0.00085694
0.0506154 0.000852002
0.0505614 0.000843016
0.0505724 0.000832615
0.0506687 0.000828015
0.0507517 0.00082218
0.0507535 0.000812335
0.0506627 0.000807843
0.0505695 0.000803819
0.0505676 0.000794528
0.0506963 0.000795917
0.0506502 0.00078827
0.0506071 0.000780653
0.0506534 0.000773411
0.0506518 0.000764959
0.0506347 0.000756882
0.050562 0.000752305
0.0505074 0.000746346
0.0505044 0.000738537
0.0504827 0.000731207
0.0504604 0.000724051
0.0503946 0.000719711
0.0503692 0.000712929
