1.21081 0
1.21446 0.00364573
1.21536 0.00229216
1.21572 0.00166053
1.2176 0.00227378
1.21834 0.00199989
1.21716 0.00206422
1.21613 0.00206177
1.21616 0.00181853
1.21568 0.00169423
1.21459 0.00188499
1.21366 0.0019563
1.21327 0.00184068
1.21231 0.00195571
1.21174 0.00190816
1.21227 0.00186215
1.21384 0.00234991
1.21519 0.00259606
1.21556 0.00248331
1.21562 0.00235655
1.21605 0.00228182
1.21623 0.00218359
1.2162 0.0020867
1.21568 0.00206458
1.21542 0.00199801
1.21531 0.00192235
1.21537 0.00185069
1.21568 0.00180917
1.21616 0.00181096
1.21614 0.0017496
1.21687 0.00184055
1.21724 0.00181952
1.2168 0.00181545
1.21667 0.00176671
1.21655 0.00171912
1.21576 0.00184831
1.21486 0.00201053
1.21392 0.00217274
1.21271 0.00243783
1.21174 0.00256538
1.21114 0.00257387
1.21036 0.00263011
1.20985 0.00261738
1.20906 0.00267755
1.20835 0.00271152
1.20736 0.00283184
1.20689 0.00281042
1.20642 0.00279042
1.20601 0.00276356
1.2053 0.00279917
1.20475 0.00279847
1.20401 0.00284215
1.20328 0.00288141
1.2024 0.00296141
1.20167 0.00299797
1.20108 0.00300321
1.20033 0.00304397
1.19979 0.00303865
1.19922 0.00304044
1.19892 0.00300437
1.19892 0.00295471
1.19899 0.00290749
1.19854 0.00289638
1.19864 0.00285232
1.19897 0.00282814
1.19949 0.00283282
1.19965 0.00279467
1.2002 0.00280753
1.20049 0.00278158
1.2005 0.00274157
1.20065 0.00270704
1.20073 0.00267034
1.2008 0.00263437
1.20063 0.00260375
1.20032 0.00258735
1.20002 0.00257105
1.19925 0.00265073
1.19869 0.00267687
1.1984 0.00265848
1.19814 0.00263825
1.19792 0.00261425
1.19766 0.00259567
1.19746 0.00257158
1.19739 0.00254179
1.1975 0.0025141
1.19764 0.00248866
1.19767 0.00246004
1.19739 0.00244814
1.19759 0.0024288
1.19781 0.00241174
1.19784 0.00238536
1.19806 0.00236883
1.19831 0.00235643
1.1987 0.00236503
1.19906 0.00236741
1.19928 0.00235241
1.19951 0.00233956
1.19968 0.00232163
1.19994 0.00231301
1.20011 0.00229579
