-0.404114 0
-0.409381 0.00526658
-0.41066 0.00329865
-0.411222 0.00239944
-0.414022 0.00336023
-0.415099 0.00294749
-0.413295 0.00307592
-0.411765 0.0030715
-0.411814 0.00270924
-0.411084 0.00253068
-0.409436 0.00282089
-0.408047 0.00292565
-0.407458 0.002755
-0.406026 0.00292502
-0.405171 0.00285411
-0.405989 0.0027924
-0.408349 0.00352847
-0.410371 0.00389293
-0.410918 0.00372264
-0.411004 0.00353268
-0.411651 0.00342188
-0.411925 0.00327415
-0.411875 0.00312897
-0.411095 0.00309558
-0.410699 0.00299544
-0.410548 0.00288188
-0.410637 0.00277452
-0.411096 0.00271272
-0.411822 0.00271628
-0.411792 0.00262434
-0.412895 0.00276741
-0.413425 0.00273153
-0.412789 0.0027229
-0.412579 0.0026499
-0.412407 0.00257881
-0.411221 0.00277267
-0.409863 0.00301962
-0.408455 0.00325886
-0.406634 0.0036593
-0.405194 0.00384632
-0.404289 0.00385908
-0.403119 0.00394344
-0.402365 0.00392388
-0.401176 0.00401385
-0.400111 0.00406559
-0.398626 0.00424424
-0.397926 0.00421161
-0.397232 0.0041809
-0.396613 0.00414123
-0.395551 0.00419419
-0.394726 0.00419321
-0.393617 0.00425858
-0.392527 0.00431744
-0.391207 0.00443756
-0.390115 0.00449091
-0.389221 0.00449963
-0.388104 0.00455898
-0.387297 0.00455178
-0.386452 0.00455303
-0.386006 0.00449864
-0.386018 0.00442429
-0.386118 0.00435349
-0.385443 0.00433668
-0.385592 0.004271
-0.386102 0.00423552
-0.386878 0.00424258
-0.387116 0.00418552
-0.387946 0.00420617
-0.388374 0.00416679
-0.388392 0.00410688
-0.388622 0.00405513
-0.388742 0.00400022
-0.388841 0.00394629
-0.38859 0.00390073
-0.388128 0.00387602
-0.387669 0.00385211
-0.386511 0.00397403
-0.385674 0.00401116
-0.385241 0.00398364
-0.384846 0.00395328
-0.384527 0.00391724
-0.384129 0.00388953
-0.38384 0.00385324
-0.383737 0.00380849
-0.383903 0.00376706
-0.384114 0.003729
-0.384147 0.00368603
-0.383729 0.00366774
-0.384034 0.00363912
-0.384361 0.00361325
-0.384416 0.00357375
-0.384735 0.00354905
-0.385111 0.00353073
-0.385709 0.0035439
-0.386245 0.00354713
-0.386567 0.00352465
-0.386914 0.00350535
-0.387166 0.00347855
-0.387559 0.00346564
-0.387807 0.00343972
