1.4121 0
1.4123 0.000202017
1.41239 0.000142793
1.41236 0.000103176
1.41238 8.09856e-05
1.41242 7.63414e-05
1.41244 6.99103e-05
1.41243 6.16654e-05
1.41242 5.47552e-05
1.41244 5.23273e-05
1.41245 4.73796e-05
1.41244 4.38704e-05
1.41245 4.13285e-05
1.41244 3.90017e-05
1.41244 3.63509e-05
1.41242 4.06628e-05
1.41241 3.8706e-05
1.41242 3.73157e-05
1.41243 3.62778e-05
1.41242 3.44678e-05
1.41242 3.33678e-05
1.41242 3.22202e-05
1.41243 3.14539e-05
1.41243 3.01365e-05
1.41242 2.902e-05
1.41242 2.80111e-05
1.41242 2.70231e-05
1.41242 2.61477e-05
1.41241 2.54147e-05
1.41242 2.63355e-05
1.41241 3.05022e-05
1.41243 3.57911e-05
1.41242 3.61443e-05
1.41242 3.50854e-05
1.41242 3.43537e-05
1.41242 3.33864e-05
1.41243 3.34719e-05
1.41242 3.36218e-05
1.41243 3.32154e-05
1.41242 3.41254e-05
1.41242 3.32837e-05
1.41242 3.24838e-05
1.41241 3.18435e-05
1.41241 3.11446e-05
1.41242 3.05427e-05
1.41241 3.04004e-05
1.41241 2.9971e-05
1.4124 2.97973e-05
1.4124 2.93558e-05
1.4124 2.88822e-05
1.4124 2.83157e-05
1.4124 2.78075e-05
1.4124 2.72975e-05
1.4124 2.67938e-05
1.41239 2.72237e-05
1.41239 2.69324e-05
1.41239 2.77243e-05
1.41239 2.74136e-05
1.41238 2.8354e-05
1.41238 2.82388e-05
1.41237 2.85199e-05
1.41237 2.845e-05
1.41237 2.80872e-05
1.41236 2.88409e-05
1.41236 2.88714e-05
1.41236 2.84477e-05
1.41236 2.80356e-05
1.41235 2.82321e-05
1.41236 2.83295e-05
1.41236 2.80386e-05
1.41236 2.76483e-05
1.41235 2.73319e-05
1.41236 2.69963e-05
1.41236 2.6977e-05
1.41236 2.66751e-05
1.41236 2.65908e-05
1.41237 2.72752e-05
1.41236 2.88278e-05
1.41236 2.84606e-05
1.41236 2.81177e-05
1.41236 2.77975e-05
1.41236 2.74704e-05
1.41235 2.72947e-05
1.41235 2.72494e-05
1.41235 2.69464e-05
1.41235 2.66421e-05
1.41236 2.72907e-05
1.41235 2.73622e-05
1.41235 2.73448e-05
1.41235 2.73165e-05
1.41235 2.70482e-05
1.41235 2.67543e-05
1.41235 2.65467e-05
1.41235 2.62815e-05
1.41235 2.61455e-05
1.41235 2.58748e-05
1.41235 2.56216e-05
1.41235 2.53657e-05
1.41235 2.51133e-05
1.41235 2.49166e-05
