1.81622 0
1.82168 0.0054686
1.82305 0.00343824
1.82359 0.00249079
1.8264 0.00341067
1.82751 0.00299984
1.82574 0.00309632
1.8242 0.00309266
1.82424 0.00272779
1.82353 0.00254135
1.82188 0.00282749
1.82049 0.00293444
1.8199 0.00276102
1.81847 0.00293357
1.81761 0.00286223
1.8184 0.00279323
1.82076 0.00352486
1.82279 0.00389408
1.82334 0.00372496
1.82343 0.00353483
1.82407 0.00342273
1.82435 0.00327538
1.8243 0.00313005
1.82352 0.00309686
1.82312 0.00299701
1.82297 0.00288353
1.82306 0.00277604
1.82351 0.00271376
1.82424 0.00271643
1.82422 0.0026244
1.8253 0.00276082
1.82585 0.00272928
1.82521 0.00272317
1.825 0.00265006
1.82483 0.00257868
1.82364 0.00277247
1.82229 0.0030158
1.82088 0.00325911
1.81906 0.00365675
1.81761 0.00384807
1.81671 0.0038608
1.81554 0.00394516
1.81478 0.00392607
1.81359 0.00401632
1.81253 0.00406728
1.81104 0.00424776
1.81033 0.00421562
1.80963 0.00418563
1.80902 0.00414534
1.80795 0.00419875
1.80713 0.0041977
1.80602 0.00426323
1.80493 0.00432211
1.8036 0.00444212
1.80251 0.00449696
1.80162 0.00450481
1.80049 0.00456595
1.79969 0.00455798
1.79883 0.00456066
1.79838 0.00450655
1.79839 0.00443206
1.79849 0.00436124
1.79781 0.00434457
1.79796 0.00427848
1.79846 0.00424221
1.79924 0.00424923
1.79947 0.00419201
1.8003 0.00421129
1.80073 0.00417236
1.80075 0.00411236
1.80098 0.00406056
1.8011 0.00400551
1.8012 0.00395155
1.80095 0.00390562
1.80049 0.00388103
1.80003 0.00385657
1.79888 0.00397609
1.79803 0.00401531
1.7976 0.00398772
1.7972 0.00395738
1.79688 0.00392138
1.79649 0.0038935
1.79619 0.00385737
1.79609 0.00381268
1.79625 0.00377115
1.79646 0.003733
1.7965 0.00369005
1.79608 0.00367221
1.79638 0.0036432
1.79671 0.00361762
1.79677 0.00357804
1.79708 0.00355325
1.79746 0.00353465
1.79806 0.00354755
1.79859 0.00355111
1.79892 0.00352861
1.79926 0.00350934
1.79952 0.00348244
1.79991 0.00346952
1.80016 0.00344368
