1.57093 0
1.44044 0.130484
1.51241 0.104185
1.55281 0.0840232
1.5505 0.0651247
1.56032 0.0540728
1.58329 0.0511473
1.59804 0.0466879
1.61272 0.0437124
1.6225 0.0403032
1.59266 0.0471129
1.5763 0.0460147
1.56448 0.0439444
1.5576 0.0412622
1.54761 0.0396922
1.5597 0.0390495
1.55924 0.0366837
1.5686 0.03583
1.57148 0.0340138
1.57039 0.0322867
1.5717 0.0307387
1.57391 0.0293909
1.57761 0.0283276
1.57666 0.0271383
1.57469 0.0261046
1.57731 0.0252173
1.57424 0.0244587
1.57351 0.0235802
1.56491 0.0243227
1.55751 0.0246373
1.55603 0.0238751
1.55596 0.023117
1.55341 0.0225497
1.54637 0.0229815
1.55094 0.0227782
1.55371 0.0223085
1.55482 0.0217255
1.55543 0.0211549
1.55673 0.0206465
1.55978 0.0203527
1.55929 0.019856
1.55647 0.0195814
1.55085 0.0199313
1.54759 0.0197434
1.54732 0.0193016
1.54488 0.0190336
1.53789 0.0198957
1.54666 0.021363
1.54782 0.0209542
1.54406 0.0208714
1.54107 0.0206757
1.54273 0.0203421
1.53802 0.0205028
1.54339 0.0208229
1.54258 0.020457
1.54345 0.0201074
1.54343 0.0197516
1.54387 0.0194131
1.54254 0.0191279
1.54216 0.0188102
1.54255 0.0185035
1.54291 0.0182061
1.54018 0.0181204
1.54033 0.0178356
1.53725 0.0178277
1.53576 0.0176178
1.53132 0.0179137
1.52971 0.0177212
1.52793 0.0175529
1.52689 0.017332
1.52507 0.0171823
1.52341 0.0170237
1.52327 0.0167894
1.52096 0.0167212
1.52071 0.0164987
1.5184 0.0164438
1.51687 0.0163004
1.51575 0.0161294
1.51508 0.0159378
1.51407 0.0157696
1.51227 0.0156779
1.51119 0.0155234
1.51007 0.0153758
1.50682 0.0155353
1.50867 0.0154629
1.5078 0.0153069
1.50879 0.0151622
1.50723 0.0150702
1.50671 0.0149089
1.50786 0.0147877
1.50941 0.0147062
1.50799 0.014615
1.50684 0.0145023
1.506 0.014372
1.50753 0.0143024
1.50788 0.0141569
1.50779 0.0140104
1.50585 0.0140016
1.50439 0.0139367
1.5038 0.0138088
